2500
4 20
13 25
9 26
42 50
15 55
69 94
5 96
54 100
10 102
57 103
24 111
77 114
31 123
65 130
91 137
117 140
87 156
134 161
34 162
149 163
63 167
106 168
47 169
66 171
88 178
76 181
132 188
30 196
95 210
27 211
73 212
75 213
209 216
129 217
119 218
39 219
150 220
121 221
2 222
198 226
186 231
145 232
38 234
136 236
60 237
61 240
201 241
227 242
155 251
172 253
32 256
147 259
260 262
200 264
101 265
249 266
144 270
261 271
252 272
58 279
92 281
194 286
71 292
148 295
274 297
104 302
244 304
90 306
233 307
107 308
124 309
68 311
86 313
284 314
78 316
300 318
235 320
293 326
294 328
317 331
276 332
208 335
143 341
52 342
21 347
152 348
278 350
19 352
105 356
289 358
321 360
125 362
197 365
228 373
305 374
46 377
245 379
349 381
138 382
166 383
59 389
333 392
380 393
192 394
339 396
203 400
357 402
8 406
330 407
361 409
139 412
370 416
405 418
267 419
214 420
388 424
36 425
397 426
243 427
6 435
215 436
312 438
12 440
430 441
97 442
359 444
275 449
254 450
133 452
179 454
154 456
193 457
250 458
439 462
79 465
390 466
429 467
355 469
445 471
324 473
463 476
67 484
80 486
398 488
375 492
434 495
468 497
115 499
315 500
182 501
84 504
428 505
195 506
461 509
399 512
7 516
43 517
3 518
513 523
93 525
464 526
432 528
280 529
83 531
110 533
72 534
199 538
371 539
334 540
404 541
474 542
447 543
527 544
343 545
329 546
89 552
151 553
522 556
301 560
369 562
45 563
554 572
570 573
290 575
367 581
37 584
299 585
353 586
257 587
174 590
508 591
530 592
291 593
180 594
273 599
603 605
128 607
386 608
51 610
496 612
606 614
255 619
164 620
475 621
480 625
503 631
142 635
408 638
571 640
611 641
485 642
622 643
205 646
157 647
629 652
346 655
376 656
391 658
74 661
588 663
600 664
277 666
344 669
423 672
176 674
670 675
455 677
624 679
507 681
33 683
678 684
636 686
40 689
564 691
644 692
378 693
662 694
579 695
433 696
247 705
223 706
688 707
239 708
131 717
460 718
627 719
690 720
191 721
246 723
569 725
710 730
479 732
453 736
248 738
685 744
28 745
183 746
372 748
99 749
731 750
703 752
81 753
700 756
727 757
287 758
724 759
716 761
651 764
494 768
366 770
146 771
722 772
202 773
754 776
415 777
650 780
22 781
177 785
417 786
698 791
298 792
502 793
411 796
628 798
767 799
490 801
566 802
108 803
604 804
48 805
384 806
483 807
702 808
699 810
634 812
187 813
387 814
737 816
582 819
704 821
701 822
648 823
98 824
410 825
787 827
515 831
676 832
815 835
559 836
557 837
637 839
519 841
789 843
431 847
762 848
340 849
630 850
671 854
49 856
682 857
790 861
532 862
715 864
175 866
165 867
477 871
368 873
535 874
714 875
649 877
189 878
818 880
11 881
834 882
741 884
654 885
876 887
868 890
609 894
728 895
729 899
520 902
820 904
618 907
602 908
743 910
446 911
632 913
760 916
561 917
914 924
613 927
206 933
595 936
811 937
17 938
482 941
763 942
645 945
855 946
779 947
283 948
282 950
889 951
944 954
739 957
549 958
893 960
794 961
337 965
905 968
898 972
85 973
922 975
263 976
842 978
765 979
735 980
971 983
844 984
897 986
41 989
909 991
923 993
53 995
915 997
800 998
901 999
713 1001
153 1004
939 1011
966 1012
740 1015
345 1019
583 1021
687 1022
401 1026
680 1027
859 1031
955 1033
338 1035
845 1037
900 1038
969 1039
964 1041
238 1042
487 1043
783 1045
1028 1046
830 1048
478 1049
778 1052
23 1053
555 1056
185 1058
1047 1062
858 1064
935 1065
860 1070
413 1072
1010 1073
1005 1076
788 1081
1080 1082
659 1085
988 1086
967 1087
568 1088
932 1089
982 1090
921 1091
883 1093
1055 1094
826 1095
829 1096
510 1098
926 1101
269 1105
1099 1106
653 1107
580 1108
514 1113
1059 1114
1000 1115
354 1118
985 1126
64 1129
303 1131
1083 1132
959 1133
949 1134
918 1138
170 1143
336 1145
44 1147
747 1148
596 1149
82 1151
930 1152
16 1154
1111 1156
351 1157
1127 1159
1 1162
173 1163
403 1164
1060 1166
994 1167
774 1168
657 1169
14 1172
1044 1173
852 1174
511 1175
325 1178
1002 1180
1153 1184
940 1187
853 1193
879 1195
62 1197
1092 1200
481 1201
919 1203
639 1205
230 1208
795 1209
1185 1211
1104 1212
422 1216
1146 1217
891 1218
1103 1225
1119 1226
576 1228
1066 1229
363 1238
1123 1241
782 1242
1068 1243
1183 1244
1109 1245
751 1249
1009 1251
1170 1253
1100 1255
943 1257
1215 1258
395 1259
1254 1260
1233 1262
626 1264
709 1265
521 1269
1140 1270
1017 1271
159 1272
896 1273
1117 1278
524 1280
268 1281
838 1283
1236 1289
574 1291
443 1292
1287 1294
846 1300
1214 1303
323 1305
952 1306
451 1307
1206 1308
1250 1309
1207 1310
109 1313
1054 1314
122 1317
116 1318
953 1322
775 1325
992 1327
1213 1328
548 1330
1130 1334
1003 1336
1189 1337
1237 1339
1075 1341
1247 1344
578 1345
1276 1346
668 1348
1220 1350
1030 1351
1252 1354
35 1356
970 1357
29 1360
1198 1362
1329 1363
1182 1364
1122 1366
1020 1373
1024 1375
498 1376
931 1379
1014 1383
1191 1384
558 1385
1331 1388
987 1391
1084 1393
615 1394
1102 1395
920 1396
1365 1397
1353 1399
1063 1402
726 1403
1323 1404
755 1405
160 1406
1401 1408
1125 1410
1013 1412
665 1413
1161 1415
1078 1416
1171 1419
459 1421
385 1423
865 1425
1277 1430
1302 1432
1381 1433
870 1437
1274 1438
928 1439
1319 1440
1077 1443
1120 1444
1275 1446
1340 1448
1293 1449
1231 1450
1409 1452
1427 1453
809 1454
1165 1457
1456 1459
1429 1460
1188 1461
1311 1464
1284 1465
1179 1466
1316 1467
70 1468
962 1469
1312 1470
769 1472
1079 1476
1389 1477
1441 1478
912 1479
550 1483
929 1487
906 1488
925 1491
1489 1492
1298 1495
1006 1496
1321 1497
872 1499
547 1501
1150 1502
1414 1503
1484 1505
1422 1506
1297 1507
364 1509
623 1510
667 1512
1490 1513
1266 1519
1463 1521
1371 1524
589 1525
224 1528
1338 1529
1139 1530
1367 1531
1482 1536
963 1538
1511 1539
1542 1545
1025 1546
258 1547
981 1548
1447 1550
1549 1551
1034 1552
797 1553
1527 1554
1486 1558
1067 1559
1368 1563
1378 1568
1295 1570
1372 1571
1142 1573
1194 1574
1333 1575
1543 1580
1500 1581
1286 1583
1071 1585
158 1586
296 1587
577 1588
1418 1589
1522 1595
1332 1596
1555 1597
1230 1598
1518 1604
1434 1605
1069 1607
977 1608
1532 1610
310 1612
1557 1615
1177 1618
141 1620
1386 1622
1435 1624
537 1625
1431 1626
536 1627
567 1628
1335 1631
1023 1633
1196 1634
1057 1636
892 1637
598 1639
1377 1640
1040 1642
1222 1647
1110 1648
1074 1654
1186 1655
448 1656
1635 1661
863 1663
1567 1664
1651 1665
1417 1666
1343 1667
1584 1669
1630 1670
1355 1672
1613 1675
1097 1676
1540 1682
996 1685
1592 1686
1641 1688
1566 1692
1516 1693
1677 1696
1577 1697
956 1698
1301 1705
1649 1706
1290 1707
1036 1709
1141 1710
1320 1714
1673 1716
1678 1718
1471 1721
1662 1725
1722 1728
1609 1733
1726 1738
1369 1741
1192 1742
1644 1744
1632 1745
1190 1750
1603 1752
1398 1753
1202 1754
1565 1755
1720 1756
1601 1758
1561 1759
1689 1760
1121 1762
1534 1763
1268 1765
1724 1766
1732 1768
1400 1769
1267 1772
712 1774
1739 1776
1515 1777
1593 1778
1204 1784
851 1785
1288 1786
1227 1787
1564 1788
1671 1789
1050 1791
1436 1792
1279 1795
1623 1796
551 1797
1611 1798
1781 1808
733 1811
1643 1812
1475 1814
1560 1815
1537 1826
1790 1830
1032 1834
784 1836
1442 1838
1621 1839
1018 1841
1481 1846
1807 1847
1802 1848
1387 1850
1695 1854
1821 1855
1426 1856
1390 1857
1793 1858
1650 1860
1638 1861
225 1863
633 1864
1223 1865
1840 1866
1029 1869
1805 1872
1374 1873
1810 1874
1653 1875
1794 1876
1520 1878
1668 1879
1832 1880
1591 1882
1112 1888
1843 1890
1544 1893
1862 1896
1704 1897
1370 1898
1715 1901
1646 1903
1347 1904
734 1905
1799 1906
1683 1907
1124 1908
118 1910
1877 1911
190 1912
1719 1913
1407 1914
1764 1915
1680 1916
1881 1920
1248 1921
1892 1922
1144 1925
1359 1926
1917 1927
1681 1932
1299 1933
1824 1934
1936 1937
1451 1938
1498 1939
1326 1940
1473 1942
1740 1943
1829 1945
1687 1946
1944 1950
1674 1951
1947 1952
1717 1955
1176 1959
766 1960
1730 1961
1572 1963
1734 1964
1699 1967
1833 1968
1181 1970
990 1971
322 1972
1751 1973
1219 1974
1845 1980
1261 1981
1909 1982
1767 1983
1954 1985
1828 1991
1822 1993
1779 1997
1617 1998
56 1999
1658 2000
1445 2001
1458 2002
1976 2004
491 2006
1702 2008
1735 2010
1900 2012
1713 2013
1775 2014
1990 2016
1827 2018
1234 2020
1296 2021
1629 2023
1930 2025
1994 2026
1899 2028
1747 2031
1541 2034
617 2035
2027 2036
1953 2037
1315 2038
1816 2041
1455 2043
1562 2047
1886 2048
1884 2049
1986 2050
2017 2051
1576 2052
1556 2054
1820 2058
1116 2060
1806 2062
1708 2066
869 2068
1657 2073
1599 2075
1801 2079
1746 2082
1978 2084
1885 2085
1232 2088
1887 2091
2057 2093
1989 2094
1594 2097
1849 2098
1867 2099
2059 2100
1694 2102
1342 2104
2045 2106
1727 2107
1358 2110
1844 2111
1889 2113
1979 2114
1712 2115
2032 2116
1813 2117
1361 2121
2015 2122
1969 2123
1780 2125
2040 2126
2103 2127
1782 2128
1984 2129
833 2132
1239 2133
1711 2135
1474 2137
1493 2138
1825 2139
1660 2140
2029 2145
886 2147
2101 2148
1235 2150
903 2151
2071 2152
711 2153
2077 2156
1803 2159
1851 2162
2033 2163
2112 2165
2144 2167
1535 2170
1995 2171
1480 2173
1988 2175
1818 2179
2009 2182
2030 2183
1263 2184
285 2185
1948 2189
840 2191
1957 2192
1051 2194
2072 2196
1606 2200
1859 2202
2080 2204
1852 2207
1729 2209
2136 2210
616 2213
2198 2215
673 2216
2188 2217
1748 2218
2166 2219
1965 2220
1956 2221
1016 2222
2076 2223
1684 2229
327 2233
2195 2235
1600 2236
2067 2238
2003 2244
2225 2245
1061 2246
2240 2253
2211 2254
2022 2255
1894 2260
2201 2261
1941 2265
2263 2267
2190 2268
2227 2269
2065 2271
2203 2272
2206 2274
1523 2277
414 2279
1928 2280
2259 2281
1645 2283
1918 2284
697 2285
1837 2286
2250 2287
2164 2290
1987 2291
489 2292
1324 2297
2296 2301
2134 2302
319 2304
1891 2306
1817 2307
1831 2309
2089 2310
207 2312
2142 2313
888 2318
1690 2319
2061 2321
2252 2322
1526 2323
2232 2324
1352 2326
2081 2327
1619 2328
2325 2329
2273 2330
2180 2336
2276 2338
113 2339
2096 2341
1616 2344
2039 2346
2320 2352
127 2355
2130 2356
2343 2357
1569 2358
2169 2361
2005 2365
2197 2366
2333 2369
1962 2370
1701 2371
2340 2376
2187 2377
2303 2379
1902 2380
1757 2381
2382 2383
2161 2385
2230 2389
2247 2390
1691 2392
2349 2393
472 2395
2354 2398
2181 2399
1411 2400
1494 2402
1771 2404
1382 2405
2262 2406
1590 2407
2391 2410
1392 2411
2228 2416
1659 2418
1533 2423
1770 2425
1842 2426
1679 2428
2157 2430
2155 2431
2305 2434
2373 2437
2298 2439
1749 2440
2289 2441
2168 2444
2299 2446
2374 2448
2146 2449
1919 2451
1514 2452
2069 2454
2414 2455
1723 2456
2193 2458
2258 2460
2294 2462
2064 2463
2378 2464
2353 2465
1996 2467
1871 2471
2421 2472
2243 2473
1424 2474
2019 2475
1883 2476
2241 2477
2350 2479
2387 2481
1975 2483
1199 2484
2480 2486
2308 2489
1853 2490
2359 2492
2105 2493
2494 2498
1929 2500
1761 2502
2368 2503
2397 2504
2497 2505
2506 2507
2337 2508
2466 2511
2517 2518
1504 2519
2131 2520
2514 2521
2234 2523
2334 2525
2386 2526
2108 2527
2415 2528
2522 2529
2270 2530
1703 2531
2264 2533
2424 2535
135 2536
1935 2537
1210 2538
2442 2539
2208 2541
2348 2543
2074 2544
2501 2545
2070 2548
2372 2549
2433 2550
2257 2552
2083 2555
2413 2556
2436 2561
1136 2566
2186 2567
2109 2569
2482 2570
1517 2572
2557 2574
2095 2576
2412 2578
2141 2582
2055 2585
2332 2586
1737 2588
2342 2592
1428 2595
1700 2598
1582 2599
2553 2600
2282 2601
1949 2602
601 2605
2597 2611
2432 2618
2316 2620
2351 2623
2568 2624
2461 2627
2583 2628
2450 2629
1931 2631
1380 2633
2315 2634
2565 2635
2554 2637
2429 2640
2470 2641
2563 2643
2445 2644
2532 2645
2178 2646
2562 2647
2626 2648
2616 2651
2580 2652
2579 2654
1868 2656
817 2657
2512 2659
1285 2660
2649 2666
2226 2668
2607 2669
2547 2673
2485 2674
2063 2675
2571 2677
2120 2678
2086 2688
2698 2699
2314 2700
288 2701
2224 2702
2417 2703
2251 2704
2690 2705
565 2706
2694 2709
1349 2711
2124 2713
2367 2719
2667 2721
2587 2724
2621 2725
2499 2726
2560 2730
2242 2731
2613 2732
1158 2735
2716 2737
2693 2740
2676 2741
2686 2745
2625 2747
2401 2750
2546 2753
2443 2755
2748 2756
2590 2762
2697 2763
1924 2764
1977 2765
2288 2766
828 2768
2591 2770
2388 2772
2331 2775
2160 2776
2670 2777
1614 2778
2751 2779
2024 2781
2696 2783
2685 2784
2231 2787
2687 2789
2752 2790
2457 2798
1743 2799
2177 2801
2214 2802
1958 2804
1420 2805
1221 2807
2619 2808
2803 2810
2754 2812
2729 2816
2394 2819
2636 2822
2671 2824
2744 2826
2794 2827
2792 2828
2589 2831
2736 2832
2509 2833
2795 2834
1256 2835
2683 2836
2814 2837
2658 2838
2347 2840
2691 2843
2558 2845
2573 2847
2577 2848
2771 2849
1160 2850
2638 2851
2584 2852
2650 2853
2665 2855
2447 2856
2823 2859
2662 2861
2495 2866
1246 2869
2739 2870
660 2872
2860 2873
2788 2874
2791 2875
2615 2876
2453 2877
2639 2885
2712 2887
2488 2888
2681 2889
2857 2894
2782 2899
2813 2901
2680 2902
2723 2903
184 2904
1602 2907
1809 2908
2862 2911
2205 2913
2868 2914
2742 2915
1835 2916
2758 2918
2718 2919
2042 2920
2867 2921
2879 2923
2825 2924
1966 2927
2846 2930
2317 2933
2800 2934
2932 2936
2408 2938
2510 2942
2865 2945
2007 2946
1007 2947
2905 2948
2118 2949
2780 2951
1819 2957
1804 2958
2046 2960
2746 2963
2249 2967
2922 2968
2727 2969
2559 2970
2929 2973
2886 2974
2749 2975
2842 2980
2172 2981
2955 2982
2952 2983
2821 2991
2940 2993
2524 2994
2986 2996
2817 2997
470 2998
2237 3000
2684 3001
2890 3003
2820 3011
2581 3012
1992 3014
2728 3017
2976 3019
2632 3020
2056 3021
2988 3022
2534 3023
2928 3024
2655 3026
3010 3027
2734 3028
2608 3029
2011 3031
2793 3034
2999 3037
2743 3038
2278 3039
2964 3040
3004 3041
2689 3042
2972 3045
2984 3048
2987 3051
2978 3053
2293 3055
2884 3056
2158 3057
2672 3058
2796 3060
2176 3061
2653 3062
2603 3064
2551 3066
2786 3067
2396 3068
1895 3070
2695 3076
2692 3077
2496 3079
2199 3080
2954 3082
3078 3085
2895 3087
2513 3090
3084 3091
2143 3092
2275 3094
2478 3096
3030 3098
2078 3099
2630 3100
2360 3101
2087 3102
2717 3105
2663 3106
2943 3108
2679 3109
1240 3112
2809 3113
2642 3114
126 3120
2931 3122
120 3123
2403 3129
2893 3130
2965 3134
2959 3135
1135 3138
2956 3140
2295 3146
3139 3149
2961 3150
3002 3151
3116 3153
2311 3160
2409 3161
3018 3164
1579 3167
2858 3169
3033 3171
2420 3173
2896 3176
1870 3177
1783 3179
3124 3183
3165 3184
2757 3188
3009 3192
18 3193
1282 3197
2540 3199
2720 3202
2995 3205
3128 3207
3194 3208
2897 3210
3206 3211
2962 3212
2971 3217
3013 3218
2515 3221
3181 3223
2300 3224
2364 3225
2604 3226
2575 3227
2174 3230
2880 3232
2944 3233
2419 3234
2422 3235
3137 3236
3005 3243
3086 3244
2881 3246
3204 3248
2612 3249
2878 3250
3131 3253
2892 3258
2966 3259
1578 3260
3185 3261
3119 3262
2622 3265
3203 3266
3198 3267
2844 3271
2239 3273
3074 3274
3228 3275
3089 3278
3133 3279
3214 3280
2950 3281
2935 3282
1155 3284
2610 3285
2738 3287
3220 3291
2909 3297
3255 3300
3054 3301
2912 3302
3145 3304
3107 3305
3035 3306
229 3307
2459 3308
3141 3309
3296 3310
3241 3311
2937 3312
3072 3316
2926 3324
2882 3326
2044 3327
2707 3332
2979 3333
3180 3334
3331 3335
3329 3337
3276 3338
2925 3341
3222 3342
3006 3344
3132 3349
3239 3351
3148 3353
3215 3356
3168 3358
3294 3361
2767 3363
1224 3364
2363 3366
1008 3372
2248 3373
2811 3375
3088 3376
3371 3378
3345 3381
2335 3384
3314 3386
3322 3388
3247 3390
2469 3391
3277 3392
2839 3394
3256 3395
3097 3397
3396 3398
3367 3399
2797 3400
2487 3402
3323 3405
3152 3407
3156 3409
2090 3410
3283 3416
3245 3417
2708 3423
3393 3424
1304 3431
3050 3433
3343 3434
3032 3437
3330 3438
2906 3439
3406 3441
3263 3442
3289 3443
2773 3444
3369 3447
3264 3448
3047 3451
3413 3453
3368 3454
3044 3455
3290 3456
2785 3457
2759 3459
3118 3467
3348 3468
3295 3469
2863 3470
3170 3471
3216 3472
3238 3473
3420 3475
3015 3479
3387 3483
2596 3484
3339 3486
1923 3488
3095 3489
3403 3490
2977 3491
2345 3493
2733 3494
3237 3499
3320 3501
3195 3502
1485 3503
3352 3509
3052 3510
3495 3512
3412 3513
3500 3514
1128 3516
2900 3517
3481 3520
3504 3525
2606 3528
3292 3532
2375 3534
3073 3536
3478 3540
2989 3541
3196 3543
3522 3544
3081 3545
2761 3546
3347 3547
3182 3548
3538 3549
3476 3550
2053 3552
3189 3556
3419 3557
2542 3559
3445 3562
3242 3563
2468 3564
3115 3565
3560 3567
3465 3569
3418 3574
2149 3575
3430 3576
3460 3578
2119 3579
3125 3581
3121 3583
3325 3584
3144 3586
2435 3589
2516 3591
2614 3592
3463 3593
3126 3595
3477 3596
2806 3599
3213 3600
3317 3601
3389 3602
3461 3604
3474 3605
3065 3607
3527 3608
3321 3609
3566 3611
2941 3612
3554 3615
3415 3617
3143 3618
3252 3619
2154 3620
3531 3621
3315 3622
3229 3623
3257 3625
3414 3628
3587 3630
2917 3637
3449 3638
3577 3639
3466 3641
3529 3642
3526 3643
3175 3644
3231 3646
3359 3647
2990 3648
2898 3652
3542 3653
3251 3654
3303 3658
3629 3659
3240 3661
3174 3662
3511 3663
3634 3664
2830 3666
2815 3672
3594 3674
3485 3677
2256 3678
3590 3679
3507 3681
3446 3683
3650 3685
3656 3688
3036 3693
3219 3694
3667 3696
3270 3698
3298 3701
3452 3703
3482 3704
3669 3705
3603 3706
3651 3707
3187 3708
3354 3709
3631 3712
1731 3715
3518 3719
2992 3720
3083 3722
3299 3723
3380 3727
3436 3728
3610 3731
3505 3732
3063 3734
421 3736
2384 3739
3627 3740
2910 3741
3555 3742
3328 3744
3336 3747
2939 3749
3582 3751
3680 3752
3665 3753
2818 3756
3155 3758
3700 3761
2774 3762
3724 3763
3411 3764
3524 3765
3570 3766
3357 3767
3713 3769
3404 3770
3293 3773
3159 3774
3684 3775
3635 3777
3624 3779
3754 3781
3687 3785
3075 3786
3726 3788
3340 3792
3690 3793
3649 3794
1800 3796
3530 3798
3692 3800
3645 3801
3580 3803
3498 3804
3401 3805
3795 3809
3743 3811
3508 3812
3103 3813
3127 3816
1137 3817
3771 3819
3365 3821
3807 3822
3422 3824
3377 3825
3043 3827
2854 3828
3383 3829
3691 3830
3142 3831
3778 3834
3802 3835
3162 3837
3657 3839
3702 3841
2609 3845
3362 3847
3745 3848
3711 3851
2891 3852
3209 3855
3154 3858
3782 3862
3450 3867
3268 3870
2427 3872
3860 3873
3655 3875
3462 3879
3787 3882
3318 3887
3783 3888
3868 3889
2769 3892
3869 3893
3440 3894
3859 3895
3776 3901
3810 3902
3861 3907
3843 3909
3046 3910
3668 3911
3166 3913
3492 3914
3759 3916
3558 3919
2710 3921
3738 3923
2212 3924
3844 3925
3884 3926
3598 3927
3158 3930
3632 3932
3806 3934
3521 3939
3849 3941
3515 3943
3200 3944
3874 3946
3938 3948
2864 3949
3883 3950
3790 3951
2564 3952
3737 3953
3573 3955
3922 3956
3716 3957
3904 3958
3905 3962
3049 3965
3931 3967
3966 3968
742 3970
3497 3971
3853 3973
3789 3978
3797 3979
3899 3981
2682 3985
3983 3987
3147 3990
3838 3992
3823 3994
3710 3995
3877 3996
3254 3997
3007 3999
3912 4000
3871 4004
3355 4007
3814 4008
2985 4009
3561 4010
3670 4011
3864 4013
2883 4014
3432 4015
4002 4016
2617 4020
3319 4021
3606 4022
3850 4023
3553 4024
3935 4025
3571 4026
3163 4027
3110 4028
3464 4029
3928 4030
2594 4033
3633 4034
3898 4035
3458 4036
3636 4039
3963 4041
3725 4042
3535 4043
3272 4045
3718 4051
3982 4055
3523 4056
3689 4061
4031 4062
3986 4065
3900 4066
3519 4069
2871 4070
3961 4075
3408 4076
3568 4077
3697 4079
3936 4080
3435 4085
2722 4086
3640 4092
3172 4093
3866 4095
3791 4096
493 4104
3976 4106
3385 4108
4101 4110
3660 4112
3917 4114
4052 4115
2491 4116
3906 4120
4038 4123
3104 4127
1736 4131
3382 4132
112 4133
4046 4134
3960 4135
3918 4139
1508 4140
4071 4141
3933 4142
3676 4144
3506 4145
3111 4146
3537 4148
4006 4149
3897 4151
3686 4153
4125 4154
4064 4156
3313 4158
4060 4161
4155 4163
3954 4164
4012 4165
3846 4170
4082 4171
3947 4173
3614 4174
3682 4175
4068 4177
3746 4180
3878 4181
3157 4182
4074 4183
4109 4184
4126 4186
3920 4187
4113 4189
3136 4191
3071 4193
4122 4194
4059 4195
3876 4197
4198 4199
3815 4202
4111 4203
4044 4205
4073 4207
1652 4208
4032 4211
4090 4214
3856 4215
4001 4221
4088 4222
3671 4225
4196 4229
4206 4231
4121 4232
4098 4233
4172 4234
4047 4235
4150 4236
3780 4239
3972 4240
3991 4241
4178 4242
3942 4243
3854 4247
4100 4248
597 4249
4220 4252
3772 4254
4227 4256
3729 4257
3750 4258
4244 4259
4083 4260
4089 4261
4136 4262
3069 4264
4105 4267
4218 4268
4117 4270
3896 4276
3964 4278
4040 4281
3093 4284
204 4285
3714 4289
4217 4290
4237 4293
4129 4297
4274 4298
3915 4299
3286 4300
3891 4302
4192 4303
4228 4304
4128 4307
3675 4309
4255 4311
3760 4313
3717 4315
4271 4316
3908 4317
4273 4318
4167 4321
2438 4323
4310 4326
437 4332
2715 4333
4058 4334
2829 4338
3616 4339
3721 4340
4019 4342
4067 4344
934 4345
3890 4346
3969 4347
4099 4348
3980 4349
4053 4352
4314 4353
3799 4354
4253 4356
3840 4359
4213 4360
4143 4361
4223 4362
3959 4364
4107 4365
4265 4366
3374 4367
4048 4368
3903 4371
3733 4373
3820 4376
4370 4378
4078 4379
4325 4380
4382 4384
4238 4385
4137 4386
4102 4387
4072 4388
4210 4389
3836 4391
4377 4393
4226 4397
2266 4398
3863 4399
4337 4400
3572 4402
4396 4403
4392 4405
3993 4411
4160 4412
4351 4413
3808 4417
4209 4419
4306 4421
2760 4422
3551 4424
4162 4427
4204 4433
3755 4434
4312 4437
3929 4440
4435 4441
4283 4442
4430 4443
4185 4445
4277 4449
4330 4450
4224 4451
4301 4457
4329 4458
4410 4459
4394 4461
4063 4462
4409 4465
4188 4466
3757 4467
3818 4469
4383 4471
4049 4472
3833 4473
3988 4474
4418 4475
4401 4476
3998 4481
4057 4483
4124 4484
4395 4485
3588 4486
4322 4487
3613 4488
3826 4490
4425 4491
3178 4495
4097 4496
4054 4500
3008 4504
4341 4505
3425 4507
4423 4509
3117 4510
3025 4513
4280 4514
4489 4515
4508 4517
4357 4518
3977 4519
4448 4520
4482 4521
4358 4522
4269 4523
4324 4528
4363 4531
4406 4533
3984 4537
4335 4540
4331 4541
4037 4542
4428 4546
4179 4547
3059 4553
4532 4554
4343 4555
4550 4556
3699 4558
3842 4559
4536 4560
3768 4561
4320 4562
3626 4564
4190 4566
4529 4568
4438 4571
4551 4573
3288 4575
4436 4577
4503 4578
3480 4579
4381 4580
4374 4581
4544 4584
2841 4585
4230 4586
4452 4588
3885 4589
4328 4590
4493 4591
4431 4597
4216 4598
4596 4599
4574 4600
4138 4601
4557 4603
4552 4604
4593 4605
4275 4606
3945 4607
4130 4608
4576 4610
4292 4611
4118 4613
4525 4615
4477 4616
4414 4617
4479 4621
4408 4623
3989 4627
4511 4628
4492 4629
4017 4632
4152 4634
3865 4636
4530 4639
2362 4642
2661 4643
4200 4644
3940 4646
4538 4647
4460 4648
4176 4650
4350 4651
4527 4654
4614 4656
4166 4658
4572 4659
4415 4661
4609 4662
4535 4664
4655 4667
4506 4668
4592 4671
3937 4672
4087 4673
4390 4674
3539 4676
4622 4677
4447 4678
4594 4680
4295 4681
4635 4682
4549 4683
4612 4685
4657 4686
4372 4687
4669 4689
4446 4690
3487 4691
4336 4693
4625 4694
4429 4696
3421 4699
4497 4704
4570 4706
4675 4707
3191 4708
4426 4712
4633 4713
4710 4716
4327 4717
4670 4718
4587 4720
4698 4722
4719 4724
3585 4725
4480 4726
4355 4727
4721 4728
1462 4730
4286 4731
3673 4732
4439 4733
3880 4734
4416 4736
4287 4737
3975 4739
4692 4740
4201 4742
3370 4745
4478 4747
3857 4749
3784 4750
4744 4751
3428 4753
4263 4756
4709 4758
4688 4759
4494 4760
4291 4761
3974 4763
4563 4767
4534 4769
4319 4771
4543 4773
4453 4774
4752 4775
4404 4776
4702 4777
4526 4779
4653 4780
3496 4781
4602 4782
4660 4783
4711 4785
4746 4786
4288 4787
4159 4788
4084 4789
3346 4790
3269 4791
4272 4793
4464 4794
4649 4795
4766 4796
4420 4797
4502 4798
4595 4799
3350 4800
4618 4802
4620 4803
4784 4806
4498 4807
4294 4809
3426 4812
4094 4813
4637 4816
4665 4818
4640 4821
4641 4822
4499 4824
4219 4826
4119 4827
4539 4828
4762 4829
4768 4830
4741 4832
4748 4833
4805 4835
3832 4836
4764 4837
4369 4839
4840 4841
4005 4842
4003 4843
4845 4846
4282 4847
4645 4848
2092 4849
4801 4850
4444 4852
4815 4853
4697 4854
4701 4856
4735 4857
4703 4858
4470 4859
4814 4860
3427 4863
4168 4864
4765 4865
4266 4866
3190 4867
4050 4868
4700 4870
4855 4871
4844 4873
4729 4874
3597 4875
3186 4877
4663 4878
4250 4879
4880 4881
3016 4882
4714 4883
4018 4884
4823 4885
4454 4887
4825 4888
4679 4889
4569 4890
4638 4892
4432 4894
3360 4895
4524 4897
4831 4898
4808 4899
4792 4900
4463 4902
4838 4903
3379 4904
4456 4906
4212 4907
4817 4908
4147 4909
3881 4910
3735 4911
4251 4912
2953 4913
2714 4914
4772 4916
4169 4917
3886 4918
4081 4919
4811 4921
4819 4922
4245 4923
4246 4924
4512 4925
3533 4926
4869 4927
4896 4928
4861 4929
4684 4930
974 4931
4695 4932
4743 4933
4723 4934
4501 4935
4279 4936
3695 4937
4754 4938
4920 4939
4705 4940
1823 4941
3429 4942
4305 4943
4876 4944
4308 4945
3730 4946
4091 4947
3201 4948
4624 4949
4901 4950
4862 4951
4804 4952
4157 4953
4582 4955
4516 4956
3748 4957
4893 4958
4872 4959
2664 4960
4626 4961
4891 4962
4851 4963
4954 4964
4715 4965
4915 4966
4296 4968
4820 4969
4834 4971
4970 4972
4468 4973
4757 4974
4375 4975
1773 4976
4545 4977
4905 4978
4652 4979
4631 4980
4810 4981
4103 4982
4886 4983
4548 4984
4770 4985
4967 4986
4987 4988
4565 4989
4778 4990
4407 4991
4567 4992
4666 4993
4630 4994
4619 4995
4583 4996
2593 4997
4738 4998
4455 4999
4755 5000
