499
1 15
21 24
12 29
13 31
11 33
5 39
4 41
19 43
8 44
28 49
3 51
37 55
26 56
34 58
30 60
2 64
16 65
10 74
47 75
48 76
42 79
14 82
7 83
81 85
84 90
94 98
17 99
25 100
80 101
6 102
71 104
27 107
68 108
86 109
73 111
67 112
38 114
88 119
105 120
32 124
116 125
57 128
63 132
35 133
130 134
52 135
70 136
61 138
115 139
22 140
131 142
89 144
137 146
121 147
143 148
118 150
122 153
154 156
141 157
77 159
40 160
92 163
129 164
54 167
145 173
23 174
117 176
20 178
179 180
96 181
162 182
168 183
169 185
113 188
166 189
177 191
190 192
155 194
193 195
165 196
186 201
69 206
184 209
175 210
36 214
161 216
93 217
152 219
149 223
200 225
187 226
198 227
158 229
53 232
204 233
205 234
208 235
203 237
97 243
66 244
170 245
202 246
230 248
239 249
9 250
228 251
213 253
241 254
211 257
231 259
199 261
172 262
197 264
240 267
207 269
242 271
95 275
255 276
212 277
252 281
268 284
260 285
282 286
280 287
256 293
292 296
59 297
294 298
270 300
299 302
236 303
279 304
289 306
288 310
224 311
295 313
265 315
278 317
312 318
301 320
272 322
316 323
309 325
274 326
258 332
290 334
314 337
328 338
329 339
305 340
324 341
307 343
273 344
346 348
331 349
327 350
330 351
247 352
238 354
78 358
221 362
359 368
361 369
308 371
336 376
355 377
126 379
357 380
127 381
356 384
263 385
283 386
364 390
319 392
103 393
151 394
353 396
395 397
383 400
215 401
389 402
342 405
378 407
399 415
367 416
388 417
363 421
403 422
345 424
425 426
365 427
412 428
419 429
387 431
375 432
418 433
423 436
366 439
398 440
438 442
333 444
123 445
373 446
374 450
370 452
441 453
408 455
454 459
406 460
449 462
456 463
448 464
321 465
420 466
372 468
291 470
411 473
472 474
409 478
471 481
467 484
410 487
413 489
430 493
477 495
494 496
486 497
404 499
382 500
220 501
485 503
475 504
480 505
507 509
457 512
511 513
506 515
414 518
482 519
106 522
492 525
498 526
520 527
458 529
266 530
469 532
335 535
476 539
435 540
491 542
548 549
533 550
517 553
516 554
451 555
483 556
524 559
531 560
561 563
521 564
534 567
552 568
502 569
360 573
490 576
171 578
574 580
579 581
551 583
545 585
514 586
584 587
571 588
582 591
461 592
508 593
528 594
575 595
599 600
479 601
447 602
557 603
566 607
572 608
604 610
589 613
558 616
605 618
544 619
609 622
615 623
570 625
510 627
629 631
596 633
614 635
626 637
632 639
624 640
606 642
536 644
643 645
543 649
590 652
612 653
541 654
638 655
222 656
648 658
657 659
630 663
611 665
565 666
620 667
634 668
647 669
598 670
597 671
661 672
628 680
674 683
646 684
18 685
687 690
636 691
686 692
681 694
673 696
621 700
699 702
617 705
651 707
704 709
443 713
703 714
46 715
110 717
689 718
347 721
722 725
716 727
708 728
537 729
664 731
547 732
706 735
710 736
711 739
701 740
650 744
720 746
733 748
675 749
676 752
662 753
660 755
437 756
730 758
678 759
698 760
734 764
747 765
682 767
695 768
763 770
742 771
719 772
766 774
737 778
726 780
677 781
745 784
762 786
679 787
741 789
779 790
777 794
577 795
769 799
776 804
538 808
791 810
806 811
697 812
775 814
546 815
801 816
803 819
796 821
824 825
793 826
807 828
724 830
798 833
818 834
805 836
797 837
831 839
641 840
820 841
750 842
832 844
751 845
738 848
847 850
827 852
783 854
853 855
792 856
218 860
754 861
523 864
823 865
782 866
817 867
788 868
869 870
809 872
802 874
849 877
761 879
875 881
871 882
843 883
858 885
562 886
688 891
757 892
857 895
813 897
723 899
878 902
862 904
901 905
822 908
907 909
873 910
894 914
880 917
921 922
887 925
911 926
924 927
773 929
888 930
928 931
900 932
913 933
884 935
890 936
923 938
829 941
743 942
915 944
939 945
785 947
943 948
898 950
712 951
434 952
903 954
940 955
912 956
876 959
957 960
889 962
916 963
958 964
918 965
863 968
893 970
966 971
838 972
969 973
906 974
859 975
949 977
934 978
979 981
953 982
896 984
967 985
391 986
937 987
919 988
693 990
946 991
983 993
989 994
992 995
800 996
961 997
835 998
980 999
976 1000
