283920529
211093935
629325093
888986734
536835077
110246836
340857113
390636123
612924854
979415903
980581403
98941507
668328361
22000854
961608108
318292936
960206692
876636201
269666899
272637319
525052618
889311587
416957359
62450699
522600656
485656394
777168919
733292416
870791906
383343183
994346821
325291735
840005184
99878694
130837215
207589608
2972215
377425308
463415301
143956841
959426816
165694454
712135276
994739220
306788252
356771725
664088877
183815661
930700506
631181224
365520703
899172715
977403060
971651671
501886699
932635358
599486132
162214649
580309825
351742785
804152595
418364187
515921062
966367305
384262999
144130620
407395438
679672762
783798895
479117118
5447416
874691085
546389869
506885257
906992826
853274845
726450555
759313774
76085713
764459072
228684914
8954130
79555443
10265327
107551450
403163287
344109726
999584319
811500079
452423793
430694575
609187504
373216964
935316569
701772309
561702809
735647653
288353347
82847529
59423242
975306967
405475975
917600087
817328424
614627329
968039700
68943177
797479387
97640255
532155161
518319948
332520805
429499023
267909589
965152309
85603843
14973264
373478641
301389730
606141885
886219541
462442431
2211886
604972962
845262037
862625992
768693474
322902504
763319493
128060185
233115947
819009616
171462289
120827477
579716452
184237058
681469590
243137342
871523182
140015934
915887750
620883680
308798498
229763544
111758112
568922759
783546270
162603226
132771473
474836177
957732242
697924415
491095751
128276298
943694467
685671650
170127981
460258256
576943571
416324833
361117651
599838513
413823454
658481776
660157955
273485499
671600917
198885174
917445086
535510561
560449280
97527046
755144174
6317981
528958010
447518226
511857579
684962791
349637538
542424535
925733242
120207025
453753255
398929607
294363508
122850661
713849194
954739589
778763181
981765152
880965555
156405610
473925192
725201090
70502104
628822655
680352294
966232101
793399727
634308156
815286556
47468997
74544059
983657368
787299930
70419567
681680745
734081211
668997509
592287365
306534769
683805335
947250099
837885862
843468012
660462921
710356576
392313425
371476712
369516755
934781097
391891932
727380648
354957014
566842824
732012205
403368762
982349233
3855626
721158486
816478341
632882084
360370983
758401233
496547754
304296229
675756273
748768407
549308038
488180203
563518384
324448935
69166347
714370962
811368772
912042480
695613175
628482020
402728372
345695833
164917373
190413257
473824358
485799950
674478108
276274809
620517467
50853769
693282741
549776327
535353965
539447035
281951839
862474288
191194871
154053789
860228797
519572289
199095771
659690724
910541263
717887138
242221754
957816898
163257984
456787281
669939527
557560472
972935692
959258465
217723108
549913051
653798553
37353141
658365726
548601016
701929841
595340395
205982560
857909702
136704036
527756565
325676502
49047174
757202949
235532581
164713771
372849680
786543208
405854963
917194194
374328668
40595138
681271143
710445603
883920988
604989569
685133127
93419497
178696349
169426395
236474703
374920897
916821760
631663178
866887908
41642974
124990622
628790911
372297430
47588198
343824354
969548946
115191414
588243655
835191283
190394434
243231179
405580320
359296678
904903532
183461814
630355704
154343198
320514670
410431225
596818147
738111626
591161287
32562952
678340107
423622690
129368391
412241739
553324884
560585743
606763828
531730120
992569713
752863706
859355209
832414708
222094407
530163331
441740037
230608936
177055077
558188471
992209416
620762223
935650927
282477912
352013813
929592658
4312613
268105369
534074643
871946249
164134125
573177726
539452686
474902520
699722417
905811814
999220057
521171246
661412534
682287756
262503967
450180344
22280697
344737133
838246457
416812613
605969475
55780135
922042947
294395972
912531780
536461614
967549814
208172526
767001719
759256584
540581
371916728
21894435
530130468
1441820
271397015
973537686
894485872
644344260
725885432
860705179
440549539
739730806
732383629
594932368
251523672
97306431
816253901
469334105
53476826
927154553
526936979
845066648
543193277
925803758
677255666
137266283
428905811
125698463
668025531
21143520
389590687
100468061
263999217
744579376
205523592
651342144
820467588
82217856
426608021
600037240
479922530
263875206
78815441
749690514
462998164
800761811
119561666
932244528
534870828
858595533
83622778
922470311
596926768
389960606
572082058
171350235
860513715
65361201
372109239
881066377
983958311
3327421
23177380
499490966
280567500
129595729
151348166
21861460
836032747
47864476
510352072
857512960
255217239
914580542
783142626
21950800
666274110
649424699
881242316
931117581
388967817
330114219
870980098
850376298
167066346
972022712
795776747
388654032
42717815
304349400
112625462
798471402
987065411
647298814
219841866
551583864
232031003
426287812
192966102
537276230
49900593
33141196
4541106
821166476
532134264
220869468
427094647
609599913
383428805
140573990
811671725
173254286
343861329
178620581
815253284
575790309
861522208
400190117
826704881
707451977
776069245
498417238
87115095
655781450
269828845
210454895
610471087
701638170
809259823
938233946
401299329
10431487
914849895
826660056
63533249
692310924
257342238
427206925
306753041
911621278
132403506
302603661
697669106
508327032
45674242
652581590
980785874
714542315
186739499
290244377
895644596
715792170
47174362
772773471
520147048
13928140
493194197
302776683
946194894
790860608
241716897
753652006
823993807
136337212
485273046
529692507
569294685
983054354
789581556
348693759
859474812
50398704
544500243
329764582
40392492
32157779
845771847
988209044
362298716
304471212
857956877
145187344
110362109
792387294
619713420
820214629
401905114
365048621
626576363
76687635
113276306
424543437
750337322
186178430
758706215
535903989
86069476
211624044
611810115
251277705
126305592
782333476
412871149
478241464
513488961
188382250
407893960
496401912
156193421
173049989
788420927
348706850
328249451
408612767
747872184
945118657
83237600
559785498
353258094
181944135
338520181
539569752
895865566
896822298
434042531
184689688
460279857
252092402
24703780
497934989
370738197
635957033
886985456
543358245
234044560
583467426
672980618
117977148
111840667
724209219
272723649
935928860
474763320
882527707
524287705
793136072
713748400
104220716
445320435
405269684
771167740
571627671
150189982
520146114
804358012
487689754
516305968
340436903
78711924
110909976
376792527
128946179
210895607
757070211
829983184
845470773
491711612
758187832
208306238
738479372
54344357
210961882
41896626
259675289
438018113
827864482
410158171
867213820
982858337
470794629
381504571
747843497
529747418
440839761
208904783
243430113
967067134
802932141
659536307
473324015
789942717
478198690
945672259
817365705
730905212
990231451
762927101
653550788
778579117
773503851
290188225
846669579
744141537
914188739
422205702
297456146
541591517
167941889
298665825
306309941
657556138
715959504
164508202
919978437
891442909
12762372
998892831
21910678
240782685
116218941
680298700
603284948
374431756
141833209
323952452
563429005
540683527
778272718
640200212
568533766
777616434
99796985
206723529
261217114
979049078
296791319
292574042
900501937
638477714
700643203
2507044
893275254
573542566
759865027
698358423
379173638
191776495
186344184
222916151
200872734
576005464
974318196
656515243
882015121
852990298
975081882
776054568
597096991
974265800
962990797
196086195
251455756
549998325
548955249
593244338
574568594
497304128
635781733
346794883
398054422
572317289
54056812
405866929
855774557
288614891
591410202
167005817
157429747
876042904
637071258
806118836
836876079
510649624
704196900
807800968
13925700
979869562
652805201
186755254
933039605
579055262
830025607
750504325
881571950
74274275
979102054
407354264
808244668
80995615
299158842
526137001
888892474
85927678
206010127
726492119
203488503
158637936
773448964
150215038
780840091
295967709
132441875
372533647
942049772
161385776
391384452
925650258
109274616
266727619
938949190
743096970
459547202
643481705
881969821
647884151
295705176
154830005
646124650
841203309
613194801
88360061
945956750
347142451
620425380
884061834
282112850
682630666
411357023
737592797
961946736
38264890
620887851
276151728
329240679
559327680
984268388
409200263
90865123
735638112
250094398
655015782
990688644
749563687
915962638
825341895
953947925
64545697
14541565
43544070
775567499
122729518
908797389
162078751
910983073
748235973
418979490
554366322
468600647
595863943
829827289
176713513
889845509
718124403
738517173
848470362
713635112
522861412
177572511
484989937
518638955
352988751
364729155
643365155
833986732
326896796
544597240
96773092
587547339
148130852
92432062
68067802
995620007
467313559
888267395
999462286
491578670
772419777
122666066
268125759
901888920
573900498
863999998
936401269
98301979
740451297
790482975
874682297
100760157
520568986
448910745
352133028
783369508
278010401
161507928
472154994
138393871
248491865
820429203
608302038
443228886
933169534
699225607
832570503
420040795
307795076
526035399
772354442
260068387
225792483
761852418
84587210
936144395
790294137
548173229
229483876
780232734
539171565
958913223
536009817
867475014
832556864
452255811
292662068
340127762
161278107
817855435
341940631
328455197
404150212
236709194
264708812
324751134
310187033
450544094
866214374
826702686
724715739
277148722
303983954
465158069
4759118
236358284
698274022
416789203
236130720
270014574
127461403
465319921
38171680
821298780
975723884
27539387
458684316
255941122
759953148
676096118
417958038
205210028
13747801
764827404
729641047
536323807
472044060
579041482
677922542
732578994
416473558
587945049
920899624
469554031
689936350
217768018
758163322
474931151
997043802
664184345
370055501
348766233
178129952
943430805
155935306
573347542
63710425
428876157
820157264
783535896
44243795
232926118
100712865
994246992
204971656
365498606
863180636
310906515
581411000
926729483
95380402
140528612
599629859
375110314
33321185
109200856
72778686
201985870
654018664
367806729
703789300
189904873
342092182
49097465
752511307
746043910
828012625
874744309
350008967
468942678
557711985
154087858
930862367
229300305
640196495
765494861
589526142
669835623
783889268
4616567
853166418
35054462
704798164
873207665
990637133
655170025
259928319
571002846
364741984
646292539
466079247
800981978
294618714
222833655
967355892
196118734
286712300
386022164
213051583
835820636
85786096
881258941
863898275
62794480
12655372
311224898
387448637
907223823
370994278
503949822
485247316
931596932
182220957
207899116
943323161
474207941
489143800
721211048
193724823
939497523
92748907
23215444
917249878
430872353
226893100
686342203
998434738
942773161
906045919
341407755
381748376
978150652
530584767
597542448
675243273
193662867
148375628
101056576
70576652
411010175
343910280
413969500
685497309
398807219
115961340
354551920
122121346
309378797
920034299
407222748
986608867
138291380
74569033
746864778
930512514
664697396
273962129
22157235
156987538
982909520
321605015
865755429
17019178
702730026
885690722
796372775
546643285
770093930
13758757
115566107
607286984
169815100
797294308
564930989
97757242
102189600
355765752
721013662
435408765
327493647
97979574
341072634
864314341
742427940
400394364
105652708
928333981
470036361
302401621
711191665
964221699
493073441
801055697
322115347
742317064
615431979
241434414
559280378
749098102
518735855
867149736
429810895
595326098
324247484
823414088
137807620
300884763
963413896
382325436
716711926
267735306
12018051
273205724
489105402
922340656
831179613
932550499
281525553
361810664
177296761
820316464
748195331
63346693
249068529
951458297
299384360
843689032
14224910
182216524
154294862
787959158
491413394
687922813
706805008
282024694
289506746
50980709
163482062
176341601
943754604
195960391
699981147
659408880
267717982
531873869
303151663
10694443
957063866
102272975
627506219
875501948
318532323
389947006
679851534
805490496
766984502
104996884
479816600
132934609
338075336
400057262
487591285
783225679
394400489
472355309
978633259
521819792
96822440
573088043
930191121
61751016
565703489
904480412
593118132
410450554
525112870
637504961
845702979
721908948
635524406
142298677
803687656
403660873
725895836
381040619
131926520
578464775
634573673
124858493
338918676
28482666
259449294
638422735
556807851
15206416
149390891
579911384
570506877
123637297
974522869
261505140
431007192
833938638
682304660
589340791
245146175
597129431
932097913
885261574
206455493
957129292
912841923
551888139
126163233
11962151
919411193
449978787
672495016
572392812
700479902
951518119
141443272
394540426
876339041
569639986
939492684
57369150
978607738
337566412
330220610
748746565
266326433
897153689
606874632
448677311
902212967
261386897
983180616
357954486
540794374
538100959
519806951
5384472
586605139
626722045
763735671
675903819
550432926
121340142
951042122
549995378
755596316
637162453
875496907
936608642
229680554
638669763
95542828
679738035
645460191
441070713
758736038
722078235
130660180
752866020
213068916
529538819
689750588
388832974
172602099
631656258
179098766
804706104
595590365
300061874
354193637
745097677
82489622
788866140
572494538
769461132
110525086
896919592
384790972
693065763
475253792
654764082
295074190
850695157
769635078
561376763
65430126
964704021
894119699
838559580
527799107
4392470
953127692
740524274
141253662
623843767
931401430
182781394
907499373
86805008
134196063
614353015
294201309
928973676
798882488
958571154
127821031
462017669
974996540
139750965
33799659
24859659
375245160
978808633
936163682
201480985
878826233
278320501
908205149
403511144
700784996
347130209
207551780
805049385
111481122
722223565
835455109
523864358
330435646
705901268
943845595
555102658
676814378
747861941
567562043
521969250
828640505
479033431
861648538
862888285
381461241
906105885
47510152
109820147
354481781
399595307
148830239
538517763
352879125
391627882
147108148
566002701
37867593
255873497
642510688
689610571
689229035
70269343
129409640
212600526
376786224
799143634
350405039
562056961
170209230
991288884
5178172
399887840
279484198
758566239
868859537
695862330
139778372
969411348
884061830
986608594
303221462
162634858
865693049
23176783
683557442
670798484
492224682
121029037
812724160
334900320
839441427
55154958
209594073
878644098
532939986
132592040
165695981
997056868
899383704
491241621
108323409
712361888
29456585
545160250
792617588
374853344
393539811
866153378
699612836
763431413
337906832
388146868
972939889
177320021
742833481
309587431
434750778
875621140
141728428
505986250
776577519
755242430
669512625
663836081
808795151
951431123
963368638
791060824
211819049
447409171
587143109
805881786
61146473
873805611
450841501
535575745
794243178
886267637
387989208
340331781
176798404
110132677
717720620
321031519
64095871
52256090
943224639
603979448
820839519
501449316
350334876
404447427
579132701
53465168
73961951
338754506
813299379
773878999
852821600
567976191
542699927
738810486
993136506
802113304
516980932
639257754
469375757
314738694
369367063
555840926
621060045
448260850
593191079
885087100
68971706
284170931
513979733
159520836
908691343
851478229
398539327
268225273
954721346
815598896
483381967
310733682
407818429
355027976
619321808
14968180
976171856
869771803
629792164
768181781
215484171
664629429
147098512
365536352
580752331
303972248
99263525
883506487
865453193
268454273
220072076
583271554
373993693
786859974
379012788
720914607
544665177
83093785
914942806
440024211
341091547
338614959
230522859
347495544
348615465
479141457
760045540
273984417
226687546
129324180
236786747
395462987
89903421
929033494
299964992
217956592
369295478
709395847
155059768
387567044
128738366
484584511
916396779
664907204
631617175
742792878
580124376
545083729
706326327
744202582
36122426
528803666
139747432
704677932
237278831
419544089
118607730
193865614
50767095
925975465
437313038
372624541
465678062
541169113
779181321
790374889
168106368
257718998
961400887
651467356
335168716
550972670
761299434
365229722
534375581
458676768
523689868
167379314
12483952
120104620
140179477
69972690
814680626
924791969
333916100
450929736
305355193
715175601
806901767
83244513
210703276
738255120
161184687
449954356
267300332
681407861
294136672
159836377
279796626
803972485
814496882
224968883
176427507
188543493
848362455
637374532
338321388
560268908
732409778
760891389
364530147
462085701
229652587
392965858
39856430
100494044
147465496
530999319
477916482
118649074
800462450
904672418
884027639
125158925
992481741
820133432
194103768
76401571
854482454
170569197
493046695
605184559
495382388
678143505
28362788
696415469
707086205
821387153
711086823
971975410
505692270
348908513
581904609
883874967
422711174
610728182
513664894
940202547
565563882
6496300
242567177
342340680
593008383
443106792
521617840
736711328
317112218
586618043
694446017
204119639
748086474
875625429
592288154
571719661
850072392
435576899
256691095
106506637
131735765
992268076
424981037
574219148
524640027
127380542
705664049
353786370
908138279
932303201
473470770
368401229
462868701
744618653
306895033
711706421
946617949
812382520
10009155
246929607
538491360
310332439
365152066
850787171
696551926
833113788
221365003
631964065
640618659
91173415
880939132
894972213
950519273
37206153
500006352
487199247
72742618
848933390
339011539
348735945
861050188
435183844
776849335
190001365
725987107
291807579
891477033
958539057
136364081
961118344
868674844
943202661
759862803
230787722
630595662
179577701
381926188
679061933
104543221
794309709
258974790
375112905
428221836
67826990
992637992
975862130
410877421
613023020
537803432
645613546
43860003
112813306
447373227
237120049
253394194
813489710
328449073
454503470
335149557
513133474
183605808
622129605
181535501
441580351
438142005
899756002
662261611
7551699
274302629
700542
898923789
208392002
485747333
878753974
156251533
206848477
46926810
315029509
869864386
134724185
549500772
841825125
32005495
946028950
337610451
92936268
863268355
401516775
590393883
349688693
831745477
873487811
515823910
645165158
618872310
106481624
181467287
565346047
61062745
638192352
437301336
443644294
915349666
280496872
459078314
754259856
926446467
913318693
697391392
833080282
37367382
612773095
234625371
595279325
438052183
149922677
621998359
180882068
414323338
82321306
503126562
877443682
466113464
286789481
680803118
938878594
28421038
524387040
605431157
345540477
804818832
292829871
422357069
193505687
760930784
380183686
970194512
83041759
175039595
589435505
792906836
933275147
620764819
78489915
177574208
821454512
187976597
331249614
998497206
889824155
442798072
2913650
406422697
164975117
741496127
989966952
344915457
914823121
191711678
484707969
658302812
9179303
347028133
636167964
989092245
187846723
834384041
274873875
759890727
453803849
733729566
888641650
628691937
841583326
896188877
950721439
112217418
972373598
434211677
786266170
440349271
479791263
252285972
223273751
767677761
943783868
287648203
884247279
451666801
729694548
642071431
115061006
333073569
527484834
512248512
601216087
99888151
892023303
596553653
664720622
659319208
196822699
87448598
99768751
212893945
859175498
925329926
957449474
705100432
163211708
759364590
936689915
500358601
394359563
417313267
431850891
8017699
762247698
305011818
806330656
764501907
151655227
210529738
79127245
10297279
511479988
682325618
890551809
17915103
479297660
889729112
304772724
794388894
299865813
490992872
524590399
531392421
622752306
336617247
209421907
415821468
987333367
294471614
587526429
635516846
253404782
770253180
863966618
236631417
582904688
172106513
159564759
215493915
73765781
46948445
121952575
424535069
663310314
207520749
895986287
191785292
160871593
460168529
211786494
688000301
106809544
869259679
470763996
158765032
890313423
374276029
81743422
144301752
977031566
849958733
799791565
472683801
658375764
468743433
402477956
149697058
10866148
156864733
72750433
303599662
562030182
870745107
184152216
34893517
295815081
801960304
784435592
756908302
673968697
858874455
991665180
972274359
931353346
976054457
522183441
34663354
518077186
653779338
367430952
513823349
157830563
884760554
619830027
259505700
147732662
449824730
208945345
551412754
462071630
466368980
60573071
934437538
790460594
621885248
887324719
412495252
540437330
978697411
669758228
224731777
525779907
955883639
29018496
747473743
209178942
634434008
789259441
431299113
738609746
431773363
196932987
996009005
92221619
921728964
379536170
82972731
639977660
326617090
511450396
297611451
704775435
464462468
291950195
614773483
497237649
278970250
602556678
274019066
950015655
785380853
856606368
662802126
304835385
411847014
43159547
120662246
30986428
705730680
143172385
787793955
971348185
811787740
946567847
972356708
980718501
359868031
157076866
247201543
756009711
49257856
185391325
622134254
847675107
2046600
978815408
992919765
599942922
110955985
787112071
7179309
998468053
60455225
504598793
405780747
281590447
987358236
866105626
461002889
656544639
682308982
564319931
940145004
652212749
847976626
554167351
126236210
944065502
107738271
717308127
790263495
598197401
483281794
219667227
816299434
746998780
682704318
183696499
12164541
935985515
337926214
527810952
799513523
526611104
727247366
473076057
189112949
502563092
561482001
363553962
13410257
417427008
261267882
509367888
253306973
109256863
263714098
564313231
6261642
238550581
378685377
758705469
717762803
29922747
817717156
757344540
805681844
101302382
469706740
811376844
570449596
475451237
26647999
295047541
216318090
209800875
245146851
802500229
28891083
526552034
718688752
726134647
838823169
217743407
735462246
85628917
857707374
777796043
26715058
482271654
786035655
221317282
819865133
106282540
393584771
438130376
158580891
277666613
348505449
636723785
788901047
434691697
83479212
638851541
258902325
84540250
695363325
376895051
150315021
827230470
188552854
229712154
707105364
488989151
330232024
661251241
764390546
161791548
771557777
422797279
987170916
559206129
665652437
892776743
932490611
355594257
969550296
769580805
93043876
309000922
503540259
274930081
395318769
355802482
159056850
249889503
645799294
870305102
93411458
587926912
182725094
905539469
663064531
134321520
714150982
701723257
518787649
562087304
519979035
662751670
892314783
969565113
138504026
223780360
462023429
707614701
579745784
183586115
361611133
934878591
363305227
361471211
943711011
688974110
431009993
395877032
72215425
108006286
694126176
482217453
214968921
158104509
157170672
33461481
324019061
612728375
212627842
133162398
396761279
607109427
388809519
371868081
695639341
638166651
231686499
163650491
794188434
797948574
120758721
547110189
451578834
994749719
87773099
452753144
706338291
783942843
958226601
347241779
737630429
795771837
286782447
736596154
955223931
983870512
156967372
992154821
970941955
908674255
810453955
591470657
912639132
681531818
705560925
156431496
483061090
273022725
141086768
212883516
679072209
280652085
97361441
757248722
894965222
103249343
220586089
239917427
925009807
232941425
451637068
624872683
560048362
452056542
578360855
148631222
442958178
295630314
601898602
640036100
196293412
997132736
213807042
908760705
737639571
76267590
900135049
746570759
492147272
320023397
757922459
159864050
703622570
137429480
951965601
193894611
594367425
504536239
959196325
253547599
108572773
681024022
404129190
22591666
488368492
775853713
201952238
547056884
553467383
965174743
151981611
684494082
754934154
883017196
233740734
373602429
103353393
418438696
385301447
578748086
207934449
52718439
184397571
529679070
239855730
409830125
963867316
345477979
445932897
64528047
879206357
20427633
764004146
237790635
44426630
976271289
757673478
995597705
611370108
943817438
636189517
138379335
70994335
756316701
499433213
771404788
869513803
374657340
954078426
407211142
507180143
422679385
294075131
501011969
827920396
6613505
788290320
475516680
254305352
221631090
745673428
214673469
490374343
335594813
661919622
472211271
499502023
588636955
663888651
162662349
951764377
785011377
210841807
147472858
262584539
27197201
769973743
914867941
692964037
804396885
782171732
671722172
166910681
592914989
677810416
993391993
877731412
777826328
154069397
547580634
653425000
546780730
900348303
382145100
287920264
514837862
144422095
247584003
342628311
151524075
209989749
149265975
776298528
796125038
867254427
860120721
508780621
739357540
548954752
415132742
633892704
514484418
232291933
816014801
812812032
797747476
968826019
972956359
597470431
960459481
860620113
155221117
728821621
949429623
36081240
472111002
73430003
371508490
110882309
9649060
251256569
751699802
968557565
557177552
163428904
665496454
363751835
937792318
270549469
616900732
819329549
570285231
811710734
231220378
813554476
907186089
40063532
423418420
339586719
118894702
880677896
325927063
5630557
749902155
27284386
140960443
394134794
971439065
116062060
238599837
291100041
828064232
578385193
227028176
635461664
824708706
238301716
617365150
172234328
416609584
654823844
10196612
164784559
152293207
837744463
86220966
13759416
545741808
270193660
537585311
931727001
579998149
218733134
86890333
771901955
749911094
928174307
106962049
856843746
949397686
169938427
921934255
188311199
754471102
86268286
287165017
553344793
8837182
770952152
946369586
823452501
513676930
181761856
97278538
355356714
886283452
417728213
909843536
419868350
94298581
989354424
653798375
229923994
636514032
723183973
514316254
780547884
914897295
627591388
515105744
755307252
4222047
849049915
93556623
15672181
721731964
10435523
835739543
269889796
135740516
312054123
872282253
575258518
406321346
84721963
89352844
447011262
557310247
333052923
440454790
628201457
502500114
687432869
771975308
535706875
300794633
30545016
762719277
517566581
70692594
355235699
776768935
834211883
470742089
687832090
595744095
222780865
766343454
246546271
487447546
397616802
560358615
696246245
926224980
746801539
445541397
406132541
939585614
261496472
630976254
998776282
249978387
102678447
255817947
224944114
168846427
83650019
423127574
799452751
660719621
484692843
129909558
577060993
374296981
644841876
806085361
594834849
907495134
563650658
696081757
784053029
351279315
69033634
721860014
821372012
152198464
623740030
2787780
560325135
495327990
766160778
490055049
223890108
50330961
318089130
646193109
573002689
223684364
834885721
886261269
932761563
403554382
784078511
141687613
962941192
797545098
556840345
202914777
203617599
706893791
685836882
425573330
355085876
323568540
719137019
618396698
857829466
570728682
433743270
408639520
360149243
398921940
555320773
995842414
827304716
577788713
974985644
41406046
119330033
632875176
291047571
159627422
609778330
685498973
98896796
970760634
321665821
512530400
322904681
546035426
840681805
259722083
183228049
392362327
245068098
13764426
450221458
324124041
527292838
868278115
386337868
210868421
668624054
52296233
391472937
506336875
725480918
645038631
664140903
661900793
441190001
577354804
177191318
387673497
277898333
835981403
959281728
436000509
178366535
190318596
935132144
336062673
479413891
867971550
1396996
879894504
965880432
377560251
128733053
549732971
670183363
491771513
141873193
264444917
448624954
342785820
407728921
973065725
205955402
123097351
523881136
46652203
818139541
212860960
19701690
387435243
12348567
945297312
293729294
416550080
949484128
487892032
446517989
796899457
937213628
29398936
532480591
693004762
38576169
883931708
906472346
903586760
999986332
404993905
932342667
587886740
289373181
495072798
947269142
505972895
652773454
261469445
975777081
484639631
142801209
197353273
197472315
136698267
73651458
57279848
903287183
881138485
77704850
318120331
567038737
263695087
483973267
802566544
955723918
566295280
413594658
304156588
348387996
305507232
907033844
137584801
766872839
612871976
447547310
494062646
90153428
446749299
191356801
112225700
717026461
641677289
806682804
539077405
4230098
17049156
187984103
857836689
96199033
778816692
905766888
224331998
940966775
772719875
333940148
580015730
153372446
316762130
291934169
599480687
890082869
300064110
1330607
783909628
712805233
376227954
211702808
19330806
787076407
921987966
874212781
83590920
22574304
452759688
208960210
22808774
277222402
651244563
174875126
656119950
730960795
116300944
837538793
358034197
791244244
910354277
390652774
124421542
633215182
714118536
123162989
799362131
637844619
575999390
659898472
128311066
466239155
452537247
347220245
187924336
645680577
452913538
807296176
566579363
827323726
478527029
981251636
85938494
605693109
377613244
65189468
380409817
197705832
875178308
347668481
271989500
400101155
493874925
901736201
403751933
374807254
774333262
383889852
564693807
684714397
206482798
733172828
497285528
178157035
986354897
744034918
836179650
520117161
194859895
179901638
823315350
355683320
229462683
765374317
467386211
489198057
859339008
52817602
39121131
119128471
854219915
229353091
490334332
128043469
404432447
249906227
357548433
374895907
353701075
895922014
202172966
892377343
134261218
289950168
474639208
864604136
433733039
715478665
437100383
801577365
28765180
772922650
82595421
477361538
420924242
629560377
949002832
470388325
765419886
901118300
5179532
306723052
985148323
18009111
13831487
610461639
790258986
99498724
652927634
827581560
105039491
751084264
798647166
476612571
197516920
188043898
207592256
364399722
243682669
283693250
440825127
124076470
524433450
944855087
873927710
603902218
870657603
71548210
671796034
644334150
717103554
751064873
32261756
410907269
685359046
434768781
594474462
149198284
251243615
825833452
758223465
355830046
388446390
135228231
530846310
365069919
854279226
786152569
781527863
777780454
57789933
203382391
515237666
308502624
137005758
395476722
832113519
650127351
561993640
107738616
569393085
712198611
485322498
536183840
30333772
558006355
336132519
987925285
836392234
929556188
402918495
939271381
492678068
12071841
597977395
56460691
771658854
364680040
790159427
560149039
58611216
426746748
312651982
167776763
22404583
760849647
367551681
205943478
7315970
37088093
299744074
177597474
676761433
391866995
34106331
104042929
304859757
817291717
375417475
465542846
54632852
133061877
29102184
17735173
558867066
857202492
588927539
769566680
470691587
732464196
25877858
875887649
209254566
680453400
123871591
412868566
258893676
498891425
858402760
287458610
98567352
504058564
649868448
575987953
713273255
896318977
150454529
681222615
653855020
101014808
967917779
229911126
980278140
894836659
819010893
24368963
595135317
639960074
669981057
581175599
737221238
517184439
717153409
270106296
523028756
401564436
32071091
228524665
21440107
909067813
4193666
10619601
542759961
281978440
927761018
885127122
536091962
778721203
557888886
792874981
258721008
317001188
708466924
198831230
141919286
605622288
710387081
334619460
711624126
32915790
908199874
954294928
458777640
488183215
327146190
145658911
739528846
921146121
100726740
84689639
293488187
378537298
303300534
475752747
810508577
722890605
710169394
698621897
718064382
133864872
17369777
228097875
81887942
573097794
951340355
435927954
10988265
48729214
602514060
508757571
872327319
312989978
712091395
280886686
545860062
654796580
355029511
890816072
190616738
651711781
957049591
536399081
787059471
698599403
392423521
244740004
792012685
492758000
665836248
917425766
51334402
910949397
253497172
518951325
619539504
465783141
406803969
128403031
847782882
200313010
68661628
330914850
894056824
997416987
102014403
807752618
323934404
612603963
658699234
229861460
22629896
614301884
439402948
623444456
699720438
294879497
465416822
979463260
592639626
462620297
924479109
95505658
509056147
718951093
767291566
143859154
914146932
829757134
545935966
976850413
10049020
687654427
369620536
576718257
701770070
538155135
689299064
608267840
201705609
31581395
161703062
948523016
828570271
148963402
392511339
857362715
45940477
126064865
412394765
97656956
109772007
948005466
674436202
843304448
3286299
892391266
455730478
438875540
478181048
945972005
639501700
308310795
6536497
744811479
194758872
80806746
459344956
148478544
5781876
576374630
287482694
431825659
828124908
531205977
586042529
52450042
725305661
367892333
288116018
590957594
503092993
780888283
648921252
318397023
48606745
995256310
683579560
209584897
344003295
266963553
78131793
738368706
68488416
152440364
192449348
790934969
776348558
407835028
795933481
715743895
458478790
25347159
46662178
400530492
5441073
951874788
362089554
533540751
863475432
601094079
646410693
54038426
58944292
722611850
407600469
139374556
27144307
688449114
272164877
544630446
231035594
342933330
945733490
787971553
695125592
480055704
678203610
387188533
5747481
367530551
572105757
878261943
649617766
107923467
748904189
462755831
362642342
824015317
612729287
611580689
868933535
711635574
699216328
360432873
89370728
342573915
232851397
692549333
252397444
962087130
565874381
502101898
704975663
217254634
217261007
155340829
980901359
212649117
324818798
807756932
89788423
127167810
303207105
881594723
149800453
495329904
255100122
284434763
295120538
555394522
471957382
325983455
476448764
609466751
88005393
564640084
64697808
97339925
228052381
374735485
961675045
519700451
972073811
268191372
91532193
1991106
216183818
320948289
244668110
244820405
720486879
156487922
775630313
649524557
898996706
441406180
116287907
709985893
294627611
934193222
448412876
999801982
782401312
638173567
949082064
302396960
942072296
851411120
924441740
928659790
32254629
542900546
595145046
421106379
752966920
704388947
910878943
144276516
346422357
391383784
252870956
801300499
576562033
127675557
726824697
396201998
648960662
119872977
130993029
48175769
79009925
524299870
367099390
132970347
739766747
93680636
855082027
580646918
481970901
831286665
880900842
76736921
159036822
302739447
863246875
113435755
231248939
742094494
687927584
5841032
860718941
481519957
272075287
259948269
449587022
12621041
666735565
555247748
196557263
633099640
179853800
816932162
342539016
488559575
308035908
557748209
348928827
11529190
930700778
666305632
777588298
517220030
789835301
771605920
51661759
314439264
278557491
382382972
708283035
96523295
478374157
256136334
267668134
256968194
636262678
945948917
149596275
2765522
298270407
385818509
601880760
158283785
944783581
349311316
902817588
983995060
667573569
603138572
315455249
945051259
904013601
555804081
550138
271071178
386897807
554940030
174596221
589918447
178182097
349284882
615560105
875410976
122549418
435800949
637567666
252088279
651191002
570014627
330615558
542247589
844788964
583448378
299524648
184843619
930505691
953607183
420410805
974925458
738129060
751074303
14101175
614746458
416755238
258902870
515800520
404802232
32009991
339167848
504218791
294589385
730068987
396378352
770685392
554913764
840124178
666919727
997949662
704489553
728263980
607347293
668702403
507229345
374937383
98712043
964256020
57982395
211392663
798087730
347849715
972985463
296308144
61807921
784241857
71066172
178831837
441633190
64708959
43207725
728321183
737241500
405597783
836342159
424132890
78787868
519204241
288352704
524098742
469370937
74199400
163608840
712638438
825211060
379254503
414634523
816393374
661950590
493002032
235095914
263619266
896127324
532660385
653245552
973160608
410434856
583286118
218847292
21572907
291893325
320160334
975406305
873355423
447742311
963563322
967989033
81985218
858640343
85274583
892282973
770627370
47710121
448303385
189119702
599027619
838223817
552406328
709821307
560124685
657729682
229607776
208630926
101644136
289134437
475810586
460125687
515792426
725391905
508982081
36331429
194358900
451184275
772954970
906994969
523420426
645769915
567866780
824775447
988087502
718062517
929664497
264709018
909305573
284273365
65291194
661237955
151251176
339272841
453248893
367043986
136046023
297987829
246672021
639681465
8818071
195378014
384871807
902299060
970590605
406919318
443592528
479974536
14872952
408638098
298815081
367104948
822767057
427908106
780489197
788993838
280599743
708565393
447624020
186846450
472020642
18407526
351665687
634447883
195046854
404499379
402404256
750246001
583529352
594135688
544410361
370582281
408152527
806455506
37482196
650775436
818561630
746939438
815249865
57095092
851513417
813514361
292964367
345296139
357185251
231959224
839521784
894002604
532590457
416144626
912767515
878979115
557909337
132851301
946454968
562511794
766656061
127654525
655015973
104705885
835328172
75968746
787561892
598005592
175001090
644904987
308263914
758662684
682772295
171309511
6008576
440190313
928936765
886017082
190634479
818993254
271542371
976694264
336773502
33453078
558373002
255108726
757675477
527278914
660755752
157919455
787409215
974005290
163875369
508388026
515453036
910673450
384471878
381187096
65038417
85312027
874421496
418383042
37527242
723406546
564860371
954069284
374761460
817844432
202657517
780179427
389266744
496453163
41494171
921292032
792591025
830751770
293154251
213915728
442087205
790346454
778798716
392609588
211735967
506270940
304857647
242077696
625906065
325321034
538617508
123484527
514988115
354466048
466426941
975652468
335654588
151607033
311580027
823661545
43640942
545763025
904197922
736440251
638015720
458771172
965590563
715098337
895581714
495751955
771374389
152194970
19323831
398892581
39725391
801948394
352195953
617208443
283658924
822602181
967951584
845152128
305920971
323933932
164201324
862417686
107366201
341682687
665323534
714436637
940253367
301165667
950205999
421174749
209826535
104206937
31642769
484812058
37264736
831539739
629084000
735476284
543982803
428605760
206979845
225589703
582695197
430302433
64789592
147852420
856584473
506254557
944091513
318575232
921615028
340009427
753078462
285860784
626037991
602259592
516789289
753352660
306520688
765289087
392648771
307269695
510440649
507304740
545833915
584961692
614098989
280771343
686791052
575165437
832339822
384915346
57310007
399719583
504666386
174361921
235209811
535568045
359724726
868684251
719466777
615724968
461636317
41655767
622220667
477155243
599593793
275577567
597160225
374489036
720234885
90336838
536427117
517585566
313307994
850466180
660653898
996129045
60842510
624919979
634537537
177505769
913889645
202000501
457031932
640711598
743984637
921561298
142890317
103110632
636886950
13312193
341815155
552879107
973459046
136236675
674732078
985422613
224737665
372197314
743388334
50364930
769023423
746395888
299281667
116814923
804022691
421294943
845155801
904522497
834750432
636409032
756807367
991259870
387830916
768285654
341385206
362511126
503248895
970750219
319438802
130294124
593380161
112897870
721825456
399768473
375406263
453047852
846110435
51957446
215445201
456704516
858855362
519561067
599547752
448471729
231760339
675469624
267212574
78479398
784870263
332134876
210714899
179386195
606395976
940583314
250316412
9760541
806482748
702062012
385414978
564594258
564101159
314546260
209523171
337926175
633650155
208785430
23960033
709776043
432365192
646420096
613324586
734607821
286850436
290002106
538172698
784799540
618220413
180066561
970536759
331607059
972508298
476473583
54939187
425738248
641037882
305109082
249485418
612187675
876553590
864861583
703957125
130012712
387369618
930953325
479655483
343102608
765414176
762158685
832992087
588154317
303961213
856930099
195452475
829743938
52048133
867632370
790098189
387178297
735699240
513437298
676469115
386941841
1244359
356860848
209588904
468324087
52206492
673762343
382816630
669808
860607519
949421325
144257216
888570017
311462531
996092862
127037049
919983991
40040300
79351156
236401259
22760796
912724504
160092988
946216915
350925384
779217584
866961404
120745457
648060317
868371177
145251831
942078249
477328439
208101291
414951884
728462528
882321768
652175564
565323698
98750105
264100484
429063412
720697051
314744378
405874045
423482873
915394644
736429212
559070078
810330865
732891093
360996183
422498667
1703086
110124686
764458336
990671631
718671230
543444267
956958970
44532099
541216507
131124726
38737669
252013513
627978882
841979147
719241629
130713261
415628619
398938908
554447009
512727378
688210102
954351
74332604
112299260
193851095
29412943
326800338
337472094
485650717
970038248
484778648
141603435
815957053
175980552
393073579
81341227
647778253
847764803
247476138
934451255
49934163
587476551
325046629
283582831
126094284
422436260
214491965
723360270
159530199
762725357
674200798
650235070
158726136
314189738
123014958
594475195
176437839
168068103
179639002
961843367
49125507
578477954
472171220
916685989
858215388
427054588
102769702
149448697
320822838
649498402
575425246
288818514
689343832
777175994
839770372
351675156
298221775
533627640
495437497
686186544
454160361
3869943
55949891
218260365
643483471
56241733
378132536
420770992
701538502
925010192
890431037
772087300
595259495
983138057
840837655
631082013
904367552
222362928
368791187
356112775
620148208
801064554
101964964
265384456
602077640
654515623
897793181
373832175
706572880
465990963
402129236
966524975
194042234
230010207
862898455
672716387
838743041
209219336
414941666
39033532
263654565
680713913
371082344
749524992
969156928
68671081
397463895
715487512
39057731
78638230
524554036
67564184
287391081
543512702
933872166
886673168
380995448
583041962
68876047
536289918
448171949
708507346
761249030
539893730
510668169
854042474
67189291
542203866
64724725
32805482
469866546
100892868
208552474
247811658
343714691
996219053
439865733
222515626
524970299
699623900
759502603
686956043
899244209
600993350
681093204
657196086
510968701
650119534
433506079
88948205
304050922
986067892
305336234
875518662
596834803
739374501
859091808
482272418
66138048
604242233
335533483
470079327
581409718
752053794
256043206
234425632
72205455
203107733
9802275
137322957
45432038
705004278
888518000
782467552
162969752
451005623
555536480
477397938
102579760
931226669
748453633
345869310
842129827
83516856
577818544
701589866
916589406
287757719
22840351
663088313
758492445
269096184
395493007
344687511
19991937
106343628
657340527
892691087
911067912
894217544
24072296
973840134
331430205
209364216
499209988
519913631
843065037
447372460
786713387
476893251
665153575
854933600
394661074
674165623
983381845
467481941
434005052
175183870
197425858
896396694
421090821
399232822
293875941
620750322
165665016
655615338
833921855
609803803
922353193
244021373
743960224
576198127
453984101
430133518
725482244
962377211
682872378
806832200
730399812
91745224
943992860
810659165
915924696
47803331
748374291
234029686
636507011
320457514
552146796
678577968
649356421
288259861
527035967
175939775
736817593
61751239
989994997
553062791
279603160
747445560
448792207
36317700
27067462
620909651
732022910
388252990
827222426
488876728
380707281
684377913
594363607
780844999
874390295
630198642
99489784
163553127
488144850
561318130
858209842
535338297
192142213
90909108
209927014
758094142
464979947
5460470
185730032
980274217
255870366
3019197
74250155
432640692
347849534
136186732
647198947
744597507
764629288
606147302
454687819
697740559
770840300
547813538
765317609
226319408
665090802
258299673
914182256
708616373
320147779
904583166
4152900
427672500
966265543
249797703
857717157
128540750
865521780
181307300
408797756
120006495
801776408
712604475
651439038
369703093
198128236
786167921
571714600
420600061
5252195
320149181
552110598
847110681
753803391
593891759
505109797
208716185
20028904
430705831
119534213
257111193
601485031
39672407
494629867
105289237
343862403
426228372
907476436
866455125
451440555
760842732
627580221
828902907
581341611
311492718
735025418
500985495
231927195
119633710
526566410
42106448
788444056
116527807
149756490
199613306
286546964
284959056
334394564
719683494
724768142
314703935
9888097
380879467
75333255
200068848
799783767
969510413
326053343
675050556
90936946
835964192
990597421
909321102
985651514
369079596
370681127
546290858
629290960
157588965
649807635
589937205
444037738
216501102
137177256
99927052
405432940
51428710
881861656
409126888
282389593
843200122
74159519
158122953
524035505
72437816
414401768
749563048
254271313
348322031
7203799
599156718
670215288
448767013
859763406
603927868
615796321
305923944
786811038
325540275
145104185
159238197
322562264
174580722
881283390
97858405
921732024
159851582
178683704
915786082
873207312
423844031
287987306
381748301
596066588
978629246
664169958
277973464
613901513
55327734
165974719
213830344
450721357
651627521
339709316
765959966
152990872
971001201
987113609
113438064
173422018
451078779
718138262
731639712
903354098
354497326
850269582
344125789
86303047
764887597
815958951
140203085
901948834
451633253
414314875
232254868
195965617
903434760
152580594
500369004
948726584
756902894
909922160
535984518
400780864
945360623
456634438
61177688
61797463
792573570
285663763
350635408
466170222
326890835
88134004
356459645
490251161
73897060
833757142
87528184
690265216
614599460
891660245
752040416
961977463
905277009
981663052
226420897
504031215
678754196
541586022
515346138
1883412
190641489
616381962
499966299
765777243
603153236
607240080
154852324
349565255
147473475
568883681
650188273
907528965
613217959
173518810
675711505
9916290
50378620
544284576
510535059
66080126
61494820
627007428
980674903
804955178
32240003
795632615
876728774
71699177
919577488
911950419
431894532
62143983
718645433
653745298
634166205
489881027
297999212
357763337
70234222
789384222
780923342
684186832
784263306
912788790
321411777
798895613
524633745
337439047
254720351
148369950
809705187
491562626
220126245
170715462
120723137
44710056
876218134
818880785
630606
25807333
275527506
706504313
329851017
7132147
935697796
523828235
213568976
891406003
214611899
45372123
104594936
375783458
584771163
368334713
324044866
640434889
72651293
204494277
924628359
840931591
932512094
601840908
692050660
549396143
233126084
443051314
144121147
865094060
770953893
229304197
655977068
876844869
142328095
195634762
689291612
127604826
579109839
296562069
724740205
955583683
578886436
453094467
163647827
245929627
990115108
145157184
946912451
619431214
607525489
900747626
740619816
937063258
16174931
300945897
358008500
641667533
146574837
170178433
467642699
651287228
303072766
632846403
249531638
744444891
222811966
15617161
491384734
290928892
923211844
644885749
584999793
311721994
218813364
442574204
588210407
939452265
2849030
539617234
468577026
694317601
38776613
319863048
905225578
570438675
379826749
552460831
352070892
25719832
565935054
177165669
336897486
51918505
536141499
12024962
527507299
632845440
864993353
961485337
396687209
9053811
472976248
561169481
444050145
633127892
674986701
569069671
219975671
269449128
966752039
315386574
399433432
733849057
740091012
553740117
156963433
344230713
848180795
106794924
794545688
41818773
12446704
405807602
104765142
545187950
136441128
481585860
655383826
324418277
222896933
361612010
542616946
300758442
848050096
521387549
889630653
596200401
354654761
476835867
473598365
140484130
775346363
141255403
935895081
322533215
476015652
672131991
709739468
662464426
16125459
138286043
891658441
281355847
512200549
84703872
257637037
993449873
122298837
945740820
230591753
296066562
208044136
202063132
135545507
813702626
66014121
116071941
290640521
512613465
7471848
635473634
801918645
279014162
454609075
144220481
629983023
593650077
547660952
616482810
619494785
639936333
569600247
459851434
4251879
362357441
825551088
442349460
169258657
550260244
269645048
921037218
395885742
703768924
9412252
226727275
84620684
984809092
988446558
257901146
753016717
250784633
576170510
476084292
705046995
333681710
181512841
161627363
331780893
536531801
211654272
274294818
91373618
259928920
593177492
805407680
72279554
351685247
966638992
643377837
947902049
646583018
182109489
517319147
873737089
45295918
660396121
969308342
480218248
237668694
597552637
995571324
759809220
79994738
999535152
46574590
178111619
748650801
858818407
953465092
169860545
829770420
742023838
93391456
396713409
472583257
229607998
463551108
854231893
969716350
731084758
716403279
835140595
479824033
206839928
795600321
726237459
779853321
890927822
334542824
277899493
596283016
375567026
867879874
561037608
242857105
991681831
10061668
154143287
42129954
432362817
9878477
939352117
565840665
552833995
900767015
3127525
596334225
88764436
937847706
638168148
455978900
551931683
769965941
354791773
660903799
352318163
569775764
580404953
7859470
712831571
481383784
495479839
50152765
778633273
682679297
918878361
854244131
286709791
888165480
837296848
517117464
304672607
581628752
977655414
193212186
160062171
971556986
694271635
223161736
613679213
859552725
301476135
613621568
359269941
929428456
653385631
935219382
99466851
848114360
769358568
98258227
304597068
779264261
924976981
405516653
68360983
478800665
575370667
205689393
92785550
909911628
839096655
707460007
250197759
