157163
159712
142506
154600
164706
151620
153065
132711
149305
160510
153065
145503
147877
164706
172697
153065
159611
122495
149305
134060
150672
172697
152250
157163
164706
142697
172697
142506
172697
155409
166011
149305
125811
152688
139979
127691
172403
164706
157163
147866
157163
159594
158231
151008
120511
136190
159712
162222
148071
164706
152169
168501
149530
149305
141691
164706
172697
163400
163762
141314
152169
139979
172697
159712
153065
172697
159712
157163
172403
148071
149780
172697
167485
156859
158733
149305
164706
153065
155409
159594
147500
167485
163400
149305
148071
160510
172697
172697
149305
164706
172697
172697
149305
143225
138909
157073
160510
150297
172697
159712
125087
153065
164706
149305
163106
130835
153065
152688
172697
134184
145741
163400
142506
172697
148071
147015
153065
159712
159712
142506
140987
153065
124057
139674
154870
132801
142506
150272
149305
166011
164706
172697
167409
141314
153065
136202
157163
153065
144206
159594
155266
172697
149305
172697
140931
134414
152967
172697
144206
159712
159594
142697
140931
145887
153748
157930
172697
133254
149200
134538
155266
150272
127691
167703
163400
136316
143225
159712
153065
135401
152169
149780
144232
157163
143225
152169
153065
159712
154978
160510
159712
160817
132801
127939
163400
158733
140604
157163
163400
155409
163400
143225
167703
133771
145887
159712
141656
142697
150275
158733
134414
149530
159712
164706
146695
140893
172697
164850
134414
140893
168501
145128
159594
153003
148071
155015
153529
164706
154600
125811
139063
164706
143304
143903
142665
167703
160510
159712
150734
153065
149305
159712
172697
147866
139886
167703
164706
159594
145374
164706
155409
159712
148071
148071
158231
172697
172697
147877
152688
162222
162222
155409
172697
149628
159712
159712
172697
149305
158231
155266
157163
152936
153065
159712
142697
129457
157163
172403
153065
149305
149305
158498
167703
145350
168501
159712
159594
159712
172697
167409
148771
152967
150272
172403
153358
153065
164103
147500
159712
147500
172697
159712
149305
155266
163772
172697
143225
172697
142414
161151
168501
167485
149305
152169
164706
162962
164850
157163
160510
164706
168501
159712
167485
172697
172697
147500
147973
172403
157163
167409
153003
168501
164706
153065
130407
172697
144077
147500
159712
151121
172697
155266
153065
167409
155266
128634
149305
159712
167703
164706
159712
149127
146695
152688
149305
164706
164706
159712
172697
164850
152967
164706
159712
172697
168501
172697
163400
147500
133053
125811
159712
149200
164706
149305
157163
149200
152169
163400
158206
159712
167956
145821
147500
159712
164706
164706
143768
172697
172403
133056
142245
172697
152169
135532
172697
158659
126655
141314
154600
127691
140893
143225
164706
140893
103860
139979
134414
111497
149011
155409
159712
150782
157163
137298
159594
163400
153065
153065
139214
144206
159712
167703
152169
143768
149647
163106
164706
145887
143225
149305
157163
149780
149200
155409
168501
143225
153160
149305
164706
147866
154930
143017
159415
162183
152394
157163
125794
164706
152967
146370
160510
149333
153065
138774
142430
172697
167703
172697
131421
143225
159712
127511
159712
138599
164706
166011
145981
164706
147500
149316
138013
156859
151017
153065
155409
149011
161151
159712
172697
135234
157163
164706
159712
129396
167461
172697
155409
153065
168501
167409
143304
149305
137144
164706
160510
168501
147354
145757
152169
157163
145281
172697
152644
159594
132801
172697
172697
149305
156557
140946
149305
168501
155409
151211
172697
168501
163400
158231
154600
168501
159594
157163
172697
140893
172697
140524
147500
159712
167485
149305
163400
130679
152169
144077
149305
149628
157163
167703
148140
143768
160897
159712
159712
152169
142242
168501
164706
114899
172697
172697
168501
149305
164706
168501
156859
145969
125878
168501
135937
140711
164706
164706
164706
164706
172697
164706
158188
157163
147500
163400
152169
163400
164706
149200
149305
149305
157163
135937
149846
153529
135401
164706
148535
162222
152258
142506
122384
147811
141314
164706
141314
159712
172697
140011
136202
122495
124805
171112
155409
159712
159594
143225
172697
143225
149305
159318
164850
164706
147500
147500
163400
149011
135438
164706
143903
159712
122837
147500
159594
149305
134184
159712
167956
151008
127691
155266
172697
136202
149305
122315
154600
162222
168501
155409
159712
159712
164706
122833
164706
154399
133078
143225
132801
159712
172697
164706
147500
164706
159712
142506
149305
172403
153065
143225
142286
122495
159594
157163
152293
139176
159594
142506
152169
136202
159907
149305
150272
148071
155409
153065
127691
123969
149097
149305
152889
159712
140931
135234
132646
153065
155409
168501
159712
172697
142430
153065
164706
150921
145128
142931
159317
144077
141675
135401
163400
119242
153065
159415
159594
163762
153065
172403
147419
149305
164706
168501
149305
157163
148071
164706
153065
147500
134414
151008
145242
164706
153065
134302
145887
155266
161095
143225
164706
155409
134414
159594
155266
147866
159712
158231
160635
149353
164706
152169
131645
122344
164706
152436
153065
143768
164706
160510
150755
145981
172697
166089
146897
164706
157163
149305
159712
159800
168501
145218
158733
152169
167956
154399
145218
162962
164706
154600
164706
139087
155409
159712
168501
172697
129369
147500
158659
164706
148535
172403
152169
151620
126578
164706
156859
149200
125808
140893
149097
172697
140893
145526
172697
147500
153065
167956
154806
144206
157228
162222
172697
149200
159712
134318
132801
172697
141314
127691
128245
153529
172697
147877
135046
163400
143304
172697
148536
152169
153065
172697
159712
155409
159712
149953
148759
157228
159712
160635
172697
153065
148535
157163
127691
152169
155266
159318
164850
134414
152169
149647
138599
164706
163996
154600
149305
155266
161151
157163
167409
138203
172697
172697
153065
159712
163772
157163
153065
156859
146980
137536
141675
144093
143225
164706
153065
155266
147476
152169
162222
172697
153065
164706
144077
167703
163400
149486
153065
167703
147500
147500
172697
133034
159318
152967
172697
164706
172403
149305
168501
168501
160510
152688
152967
149305
162962
150656
142506
160510
134685
149200
145628
154600
138013
140711
172697
147866
139886
147500
105974
143225
145526
139286
167703
167956
164706
134414
168501
145735
167703
137309
136202
148140
167461
172697
172697
132801
155409
130148
164706
153065
164706
172697
159594
155409
172697
154600
164706
147973
151226
172697
167703
159712
161161
149305
164706
149305
168501
159594
149200
157987
172697
157163
141314
157163
141619
142506
164706
139282
144206
150275
144077
147500
157163
167703
164706
154174
149305
172697
172697
153065
125878
131645
160510
158231
160510
164706
154870
172697
164706
167703
152169
152169
167703
152688
148071
149200
164706
172697
147500
153065
155266
172697
135261
164706
142180
144206
164103
163400
155409
160510
158733
112251
152169
155398
159594
144206
172697
167409
162606
157163
159712
149305
157163
153065
149305
167703
148535
168501
153065
139811
162491
143017
149200
159712
120707
157163
149127
164706
140893
125878
164706
143225
159712
164706
147500
149305
142466
157163
152967
152169
135401
164706
149200
159712
163400
157163
164706
164706
151008
136316
152169
142506
131376
142286
168501
144206
167485
164706
147500
172697
125017
130679
164706
134734
153739
155409
145483
151226
153529
150918
140917
144206
133771
157163
149305
164706
164706
172697
152169
120531
150272
153065
159712
139886
157163
149305
149305
155266
132356
143903
172697
148071
164706
164706
154806
149305
153065
149305
136588
141656
142506
147500
172403
151620
147642
164706
147354
134184
163400
154600
149200
168501
151577
149305
147500
149305
155266
164706
152967
148869
167461
136681
172697
167703
124108
155266
172697
164706
141314
172697
147717
152169
153068
159712
143225
164850
159712
164706
153529
159712
144093
159712
129852
168501
152169
159712
153529
149436
142506
138203
153065
167409
144400
149846
155409
153065
139979
155409
149200
157930
151620
147354
157163
172697
149200
155266
150275
142623
152967
123495
164706
164706
159109
132801
172697
167485
138706
141314
127691
164706
155266
150272
156859
168501
164706
172697
134295
161095
130407
153065
157228
143304
120600
152169
151545
153748
158733
152169
152169
130446
152185
149200
154930
159594
149305
172697
152169
154399
126142
136898
159712
129463
149305
148071
168501
125811
132784
160635
138203
159712
154600
160510
164706
149353
143225
126845
159712
164706
168501
147717
167956
143225
153065
168501
144589
164706
144206
158733
149305
120511
159594
172697
159712
159317
167485
145526
164706
118578
157937
162222
122784
172697
159712
157163
164706
172697
131663
143225
134071
152169
155266
162962
136590
152688
149305
134414
154600
164706
153065
141314
164706
149305
123579
172697
168501
141310
132592
147500
164706
149305
164706
157163
167485
172697
157163
139886
164706
150272
164706
164706
153065
164706
157163
124198
167703
172697
147877
151365
159712
144206
172697
167409
153065
164706
140987
144077
164706
168501
168501
139653
159712
139979
164706
143304
164706
142506
164706
152169
159712
164706
172697
155409
166011
150910
172697
172697
156859
155409
164706
164850
124108
155266
113470
172697
147866
139087
150272
141053
159594
153065
167485
144133
159712
151620
149530
153065
172697
147500
151017
145887
172697
163106
139133
158733
134414
143768
157163
154600
93138
140893
152169
160116
149305
133034
142506
151512
172697
159712
148071
159712
168501
151008
163289
172697
146508
153065
137138
150272
145887
149305
134414
147500
136241
119252
148071
144206
154699
135341
159594
164706
147717
160510
172697
153529
134414
168501
154600
153065
147500
131421
153529
157163
149305
164103
137027
172697
148071
164850
151623
168501
144333
145887
172697
143225
155409
141314
140931
147354
164706
163400
149200
153065
172697
141314
172403
147866
127691
172697
149780
131351
172697
134414
164706
147973
154399
172403
172697
164706
155266
148071
172697
153065
151620
150782
164103
149065
143225
133300
145981
152169
172697
144093
147500
153065
147877
164706
164706
145887
172697
164706
148535
164706
168501
147500
164706
168501
157163
154870
172697
161109
172697
160510
135341
164706
163400
157937
167703
143987
148535
159594
149305
168501
148869
149305
157862
157163
153748
149353
149305
141167
154600
152169
138580
122315
148071
96513
160510
141023
144232
144906
153065
159712
159712
155051
143225
159594
172697
140604
145757
146217
154399
158733
150272
172697
138909
118629
130407
159712
157163
168766
172697
149305
151545
142506
159712
159712
159594
142697
135602
135937
144369
167703
172697
137154
152967
151577
172697
93723
148071
167485
152967
151226
149647
164706
142506
147500
157862
157862
164706
161095
159712
153065
147642
149305
145887
147500
151008
134414
172697
159712
168501
141314
148071
167703
168501
139881
153065
164706
141656
161161
164706
134734
145757
164706
153065
144093
172697
141314
157163
159712
157163
172697
140494
164706
142180
159712
135234
153065
160510
147866
138599
167461
147500
136202
149305
144077
157163
149305
131376
133590
164706
172697
126465
130817
163400
148071
149305
159594
144077
159712
135401
155345
172697
172697
164706
142506
172697
153529
157163
145004
140893
148048
154600
168501
151008
106159
138040
168501
172697
164850
159712
119547
143225
147717
159318
140443
157163
159712
149200
157163
172697
172697
91519
157228
149305
147500
133034
164706
150297
172697
162222
172697
172697
172697
144206
164706
159712
122315
172697
163400
163400
152967
172697
172697
168501
143204
154600
167703
168501
156859
144435
158231
172697
159594
159712
141314
144340
164706
151747
172697
164706
151008
159594
143304
124693
135401
149305
150275
172697
159712
155409
163400
157163
151008
159712
133179
159712
153065
152169
164706
167409
154584
149200
139903
158231
155266
153065
140494
157163
155749
164706
136114
124108
172697
164706
130407
153065
142506
139903
122658
147973
149305
149316
172697
157163
157163
147866
164706
139224
143225
141003
147500
155345
159712
168501
149305
138909
172697
156557
148071
148071
159594
114066
172697
172697
128218
168501
172697
152967
126845
149305
143225
159712
152169
149305
160510
167409
167703
164706
154600
139118
128204
141314
172697
145128
148071
141314
172697
142931
144077
142174
142506
155231
167703
148071
135234
142506
160510
168501
172697
164706
152169
164706
129003
164706
149530
172697
138484
139886
159712
164706
149305
149305
141314
159712
168766
168501
163996
172697
168766
160510
155266
124108
150032
148071
164706
140893
172697
163400
152169
172697
172697
168501
157163
149333
149305
164706
164706
149097
164706
133105
168501
163400
149647
159712
153065
149780
126162
148535
164706
153065
145887
161095
143225
163289
157163
147476
159712
156711
164706
152967
130383
145887
172697
164706
147500
145887
149647
139464
145887
164706
159594
136114
152169
153559
155409
159578
153019
152169
164706
164706
142307
172697
168501
157163
157163
159712
154081
149436
172697
151620
162183
153739
163400
144206
151226
172697
131715
155266
143903
125246
164706
153065
142506
157163
164706
141262
136588
129437
172697
164706
149647
138365
142180
153065
164706
154399
159712
172697
118531
159594
108174
172697
150297
149305
92617
146732
172697
172697
167956
135234
152394
172697
152169
154600
143903
120935
149305
148071
149127
150215
147354
141679
160510
101557
149305
154600
149647
158231
167703
172697
164706
149305
141206
157163
164706
154300
172697
164706
148071
145796
134734
147354
172697
142506
168501
118028
153019
159800
149200
172697
152886
147500
172697
153065
151008
159594
147756
172697
143225
159712
143768
157163
136114
134734
152688
167703
146987
172403
147887
159594
141314
138989
148950
127491
161017
164850
134414
153065
115970
167703
161151
163996
131645
149647
167703
164706
164706
172697
167703
150714
157163
164706
168501
155266
144206
130407
167703
153065
154711
118849
172697
142506
152169
142506
152967
149846
160510
141675
152169
164706
153065
154870
164706
157163
159594
172697
124450
145526
159594
153065
135234
149305
160635
132761
143225
145927
149780
141675
159712
167409
127611
164706
135308
172697
172697
157163
150272
152967
149305
172403
159317
164706
131975
168501
143903
157189
172697
142697
172697
172697
117804
152169
164706
164706
167461
149305
148071
134414
163400
149305
153065
159712
152169
153529
151545
121067
172697
153065
168501
167703
148071
126890
145706
163400
153529
164706
164706
141314
167956
149628
164706
164706
154870
159712
140946
164706
159611
154399
145887
159712
167703
167703
172697
146079
167409
135234
153065
161017
164850
152169
159594
160635
140893
152169
149082
151747
152169
172697
160635
154300
135234
142506
144935
155409
130021
151008
159594
172697
149647
159594
157163
134414
155409
160510
153065
172697
172697
140893
142286
153019
159712
131744
159712
159594
157163
155266
152688
153065
146370
139903
149305
134732
172697
163400
164706
164706
130407
163772
148181
155266
151121
147866
138203
136681
152985
157163
164706
143225
142506
125972
138203
150240
172697
172697
136544
139903
137815
142506
172697
138909
164706
157163
148275
123546
172697
149011
159712
135713
151620
145969
134414
143225
159318
153529
142619
141314
149200
167485
164706
147354
159712
149305
151577
135401
164706
153529
145887
159317
135341
159712
126085
172697
162183
159712
164706
144206
163400
131376
150507
172697
154699
152688
114916
159712
168501
135234
168501
168501
148869
152169
159712
149200
159712
172697
164706
149305
159712
153065
118217
167409
149305
160510
141314
145981
168501
139979
145887
153065
144093
149305
164706
172697
142506
147500
140987
155349
159712
157163
148071
126938
140494
159594
127239
135234
155345
153065
117270
149011
172697
157163
135234
147500
149305
136202
147500
143225
159712
159594
168501
149637
159712
147877
125365
164706
159712
163400
141314
167485
154600
99709
154600
157163
157930
148071
149647
159712
148633
155266
164850
157163
159712
160510
121577
132801
149200
127819
153065
164706
149200
159712
150507
133034
149305
149200
160510
164706
147354
144206
152644
155409
152688
157163
145981
125087
159594
168501
159712
153065
153065
143225
148071
154600
159712
172697
159712
155051
159469
147954
164706
159712
168501
140711
152967
150275
138013
168501
163106
139979
138013
153065
149305
159712
157163
172697
142307
149305
153065
172697
137154
164706
164706
122360
164706
157163
157937
145981
142506
141314
146370
148071
164706
157163
149530
151008
135401
159712
153065
143225
146267
141310
138909
142506
154399
164850
118646
172697
144206
168501
163106
157431
152967
137815
167703
159712
153595
164706
163400
143225
164706
172697
168501
164706
157163
144206
172697
149200
155266
157163
141314
125811
153065
164706
152169
142697
153065
147500
135401
157163
147500
167485
130467
149305
153065
172697
152169
157163
147388
172697
164706
159712
157163
149647
134414
121674
162491
149305
172697
164706
141314
138599
141314
144206
143234
172697
164706
144077
172697
172697
166089
172697
159002
160510
168501
149181
154600
172697
160510
138599
164706
140931
153065
130148
168501
172697
137044
159594
141656
150272
172697
172697
139118
157163
139979
147354
155409
145483
155345
141314
164706
167703
153065
153065
167956
159712
167703
135234
141314
153065
153065
152967
149127
153065
149647
164706
143903
134414
131538
140893
157073
167956
157163
127691
149305
153065
145004
152688
168501
151008
149305
163400
143225
149305
143225
132378
158733
157163
157163
159712
144077
159712
158659
153065
149127
149305
102067
159712
135595
172697
143768
159712
145887
167409
164706
163400
150272
141314
120047
159594
152688
160510
163996
164706
155409
163400
153529
156367
149305
167956
155409
151620
155409
172697
164706
160510
147500
157163
92753
143225
148535
154930
131975
144232
172697
153065
125800
152169
172697
164706
150656
168501
116370
159712
160510
151545
127099
147500
153065
133771
164706
172697
157163
149305
123965
149127
153065
147500
141314
154600
172697
150240
158733
167485
149305
164850
149305
150297
151008
138013
132236
164706
163400
172697
141314
152967
164706
157163
153065
164706
159415
163400
143225
149305
149305
156859
159594
125808
159712
164706
152967
149305
142506
158188
132647
157163
143225
153065
164706
140162
147866
159712
151008
136354
139063
150272
152169
149305
159594
172697
148071
152169
155409
164706
127491
155409
172697
164706
144206
134840
141940
156167
153065
157163
136114
172697
163400
153065
153065
153065
155266
154584
149200
157163
168501
147866
168501
104600
155823
97084
155266
119730
149305
141314
134414
153529
151620
172697
150272
152688
168501
149305
163106
158231
164706
149011
159712
150272
167703
137603
164706
136973
144093
142226
148071
164706
172697
144206
164706
164706
155266
152169
163400
155345
148071
141314
159594
157163
138909
150275
134774
138599
154399
149305
172697
159594
151226
154930
159712
140920
141053
152169
149305
161095
138599
152967
164706
147500
152169
149011
157937
152967
159594
172697
164706
164706
142506
157163
172697
168501
152688
153065
172697
132918
153529
152169
159712
153065
159712
149530
150272
147500
139282
171112
160510
163400
172697
167409
108933
172697
135234
172697
135556
140893
155409
136588
172697
149305
120935
172697
152169
159712
149200
157163
159594
150789
142506
153065
167703
155266
172697
157163
151008
147500
166118
163400
153529
157163
158231
151620
155266
153065
153065
149200
148071
159594
172697
164706
150275
172697
172697
149305
140604
142506
145757
152688
159712
153529
155409
124831
154399
130148
149305
145242
159712
164706
168501
168501
153065
138501
152967
152967
149305
145662
151620
158733
172697
172697
149097
153065
132911
172697
143225
153065
135234
159594
164706
149305
142174
157163
162183
143225
172697
142697
172697
164706
92863
149628
167703
172697
153065
172697
162222
159415
151226
139513
159318
164706
164706
153529
147500
153065
172697
172697
164706
172697
172697
147077
164706
172697
130122
168501
151008
155409
151620
130407
134414
153529
151545
159712
155266
153739
145757
172697
147077
152169
147500
152169
134414
164706
172697
140272
164706
172697
159712
122970
152169
149305
168501
164706
153065
141314
164706
151121
172697
152375
164706
153065
153065
143225
140893
154600
167485
153065
135937
135937
164706
167956
157163
144093
149305
144455
168501
172697
150275
159712
152967
164706
157189
167703
149846
157163
145112
168501
172697
164706
143225
172697
141314
166118
140494
159712
147500
131421
159594
135461
147973
100898
159712
153065
172697
149305
143225
149200
163400
153065
154600
153529
134414
153065
140711
157163
160510
158231
164706
152169
172697
163400
152967
168501
143225
143903
172697
137513
142414
172697
143804
149364
157163
172697
149305
140931
139294
163400
161095
124198
156859
134774
152688
164706
172697
146692
144077
172697
147973
157163
137342
172697
157163
157163
149647
168501
172697
150734
163400
153065
164706
164706
144232
172697
142506
153065
138013
116111
152169
146550
159594
152169
158733
164706
163400
153748
148071
140060
172697
140931
155680
