153766
140998
153766
144719
154709
155977
153229
129951
107604
114393
149487
146759
138530
147680
137609
154709
145559
158684
140998
124342
157123
140998
158684
138981
136319
113033
129153
157123
143798
148705
110072
150622
144011
134950
155977
158684
138134
144011
150622
141404
156898
142612
137487
149487
145559
157123
140105
157123
141508
150622
158684
132138
141404
144719
163927
140998
114346
142567
142150
158684
131205
157123
132207
135399
132495
154709
140998
163927
145801
119998
157123
141404
155977
167902
158684
152976
140998
158684
153229
158684
158684
155977
154709
155977
127829
154709
155977
144714
158684
136319
150622
147680
150622
136319
155977
104736
158684
155166
155977
137316
156639
155166
155977
144011
154709
146759
155977
155977
144011
138592
150622
134364
141404
131848
157123
146919
157123
150622
133707
150622
141404
141404
154537
150622
150216
144858
120756
145559
155977
131848
140998
138981
136275
158684
155977
158684
144895
158684
158684
148004
153766
150216
150216
147729
150216
157123
132207
157123
135640
144616
155977
157123
155166
120193
154709
144858
116208
123122
163927
144719
157123
163927
116174
150216
158684
131688
128033
146759
138172
167902
138592
136959
122665
132118
155977
155977
158684
163927
141404
155977
133184
113812
150216
141801
146759
138483
150805
150216
158684
158684
155977
150216
158684
115841
149534
133651
144616
153766
147680
140998
163927
154709
140592
122225
147680
158684
145512
131205
158684
123582
146759
144719
107832
154709
155977
145021
154709
158684
137257
141404
150622
145559
158684
112566
131563
154709
147680
156898
154171
158684
144719
155166
135640
131024
147284
162984
140998
155977
156639
131198
150216
139097
158684
158684
155977
155977
150622
141294
143533
147284
129177
138953
151721
138953
119194
143043
139359
142036
140998
150216
142567
158684
158684
163927
141404
150216
154709
155977
150216
121460
127101
141404
140998
155977
144714
146759
150216
150622
136599
137562
132138
154709
156898
158684
144361
145013
134437
154709
158684
158684
144011
123334
144293
117904
144719
154709
154709
150622
150805
145269
144858
158684
155977
150622
167902
126443
158684
142539
158684
154537
155166
142036
137562
154709
158684
155977
119834
139097
136148
158684
144011
158684
157123
132254
155977
149256
150622
137562
144361
136181
150216
158684
158684
150622
157123
134035
157123
146534
132138
151782
150622
150622
126443
150216
158684
104046
130389
146759
162984
143798
163927
146759
149534
138443
139359
158684
134589
132254
155166
150622
130534
146759
157123
140998
145239
162984
157123
134861
163927
140998
142612
158684
158684
138530
146759
133656
141404
111618
150622
89452
155977
117373
154709
124545
154709
147680
141404
142957
122665
139034
140248
158684
135640
155977
158684
150622
138592
158684
139875
155977
158684
150216
129831
144011
150216
142150
150216
141404
141404
155977
150622
138953
141404
157123
155977
158684
118647
150216
135498
153766
131801
157123
154709
150622
149458
154709
136681
143859
97263
142567
141356
158684
155977
156898
145512
154709
158684
123334
132207
154709
153766
146759
158684
155977
155977
143293
153766
109267
153766
158684
144011
144719
117068
138592
141404
139097
150216
154709
147680
131710
142612
121418
87999
120940
157123
155977
155977
156540
123901
147976
143798
157123
145559
150622
125586
157123
143798
157123
150216
158684
155977
158684
148335
158684
155166
144011
158684
137316
145149
140755
134941
142612
111884
150216
143798
157123
150622
150216
141404
158684
147284
145948
131710
155977
158684
163927
136851
163927
142567
150622
137609
144719
137562
136598
141404
137562
158684
145559
119029
157123
131710
135237
144011
153766
149487
157123
149986
149487
129104
158684
158684
133414
128644
150622
150622
158684
142567
155977
147680
163927
156540
158684
143859
149256
141356
116174
158684
150216
146759
147680
140596
154709
144175
146759
137880
138530
155977
150216
158684
156540
145109
140998
155977
150622
145239
153229
141094
163927
142150
158684
158684
150216
137562
122487
153766
140998
157123
155977
158684
142612
150622
121969
140998
131848
157123
144011
138592
138172
131198
136275
145559
154171
156639
138530
137577
154171
144858
156540
151235
134211
137562
155977
150622
107667
152865
128677
155977
146759
138125
154709
155977
142567
138037
140476
145512
115846
146534
149534
129416
158684
155977
144858
147680
158684
153229
157123
162984
138037
144858
144228
155977
155977
138027
144714
163927
113718
141404
141404
138542
156898
154709
155977
142612
135174
119382
109487
145512
158684
155977
144011
155977
138037
138592
155977
155977
135640
158684
110984
142612
149986
121043
152865
120193
143798
150216
147322
158684
139573
143647
111618
142567
142574
155977
137257
155977
147680
155977
152789
150622
144011
155977
155977
150622
142567
162984
155977
140430
126527
146759
158684
141404
142612
157123
144569
154709
121833
158684
163927
138172
142567
155977
167902
158684
125840
100034
150622
156898
155977
154709
138172
148199
150805
136275
148335
113217
154709
157123
145559
158684
155977
137514
142612
158684
140998
155977
145512
140998
131848
146759
135174
140596
149534
115759
141882
136851
136275
157123
154709
147263
150622
145559
150622
144571
158684
158684
136851
155977
154709
150622
141404
143533
155977
157123
158684
133406
150622
140998
153766
141404
153766
124137
141404
163927
144858
155977
144714
136319
157123
138053
155977
148542
155977
106683
155977
156898
163927
158684
141404
157123
124918
155977
142612
154709
157123
156898
146759
153766
135677
141404
146759
104533
133045
158684
142567
163927
139323
147322
145512
109437
150622
146919
134814
149487
158684
145559
150216
145559
149534
158684
150216
155977
158684
157123
155166
142925
138530
158684
138172
148324
153766
135039
142150
150622
153766
155977
140998
158684
162984
158684
157123
142612
154709
121710
136319
138053
140998
126963
146759
138873
150622
146759
114838
142612
123334
150622
155166
155977
143798
146759
140998
154709
128915
135640
153766
138873
158684
141404
145559
105342
155977
158684
157123
156898
111884
158684
155977
158684
158684
155977
133414
150622
139097
138592
150216
150216
138981
132254
138172
150622
136275
138530
149487
150216
137257
144909
153433
155977
145021
114464
150216
155977
158684
158684
141404
144205
150216
119441
158684
157123
155977
145635
137363
163927
136319
157123
158684
122621
138592
157123
150622
138172
150622
141404
150622
141404
150216
142567
135640
141356
122937
135640
110140
140998
158684
154709
143571
145559
140998
140998
158684
157123
137562
154709
149458
158684
131801
156540
140998
158684
155977
158684
150216
158684
157123
149534
156898
154709
122665
158684
156898
140998
144616
158684
145801
140998
163927
155977
148705
158684
141112
143349
141404
141404
158684
145559
119954
147680
153542
141404
144719
117756
155977
154709
150622
155977
158684
145635
150216
154709
149534
144011
146759
150622
151782
150216
145269
155977
158684
155977
155977
158684
155977
158684
157123
155977
155977
155977
157123
155977
158684
140998
157123
140998
154537
126490
163927
145559
141356
136319
150622
138530
167902
140998
138953
158684
123122
130870
150622
126316
149487
141508
126490
137609
144361
129104
158684
158684
150216
163927
150216
124881
158684
158684
150216
153229
154709
156898
147680
158684
140998
155977
155977
139359
130389
142071
131848
155977
150216
155166
154537
155977
155977
162984
155166
146759
137316
140998
158684
156898
154709
135747
154709
155723
138772
158684
117824
145559
142612
131801
141356
147680
150622
142564
149487
137562
138530
145512
155977
144858
145109
140998
142612
147680
140998
146759
124748
163927
135640
140998
153229
120756
155977
157123
138530
150622
154537
163927
145948
158684
132207
147284
136225
150622
131493
130666
147680
158684
155723
154709
148705
128119
158684
132297
155977
150622
122941
158684
150216
155977
144011
158684
150622
141404
147680
158684
144569
144011
138746
155977
153229
150216
155977
153766
155977
127423
158684
158684
128762
156898
145559
144616
155166
158684
110697
140343
144858
157123
138953
158684
155977
157123
158684
144537
142612
142150
89452
156639
140998
154171
153077
132254
136240
150622
118647
155977
158684
151741
154709
132207
142567
138530
158684
148542
143043
135747
162984
150216
129951
150622
158684
140998
155977
129561
135640
145801
120049
119834
129481
137649
132386
154709
157123
141404
138592
167902
139359
144011
149458
149538
110697
110039
158684
158684
150622
150622
157123
150622
135498
158684
127203
149487
150622
139097
142925
155977
143647
140998
155977
150622
136851
148705
155166
158684
129831
149619
143533
158684
155977
129784
158684
150622
144858
131801
140998
158684
154709
155977
137110
158684
158684
138417
137257
154709
118794
154709
158684
146759
121043
150216
137562
157123
145559
150216
158684
153766
155977
155977
140998
138485
135640
158684
157123
155977
158684
137851
156898
155977
156898
155977
158684
154709
158684
158684
148335
145559
146560
145512
158684
115562
158684
146759
141404
100875
137257
144228
147680
157123
158684
149534
137176
163927
133694
157123
158684
124190
158684
142957
136275
144011
127894
150622
163927
141480
153766
152178
122665
156898
135835
132254
158684
149534
158684
146759
155977
140998
140998
128979
149534
143043
143647
163927
138772
155977
150622
157123
147680
150216
133632
149986
141404
137562
140998
143175
154709
157123
135809
130463
150622
136275
140998
145559
150622
155977
158684
156898
145559
158684
135640
156540
153766
124881
157123
139247
141404
150622
140998
127101
158684
158684
141404
155977
153229
154171
125783
131801
127365
121810
138953
158684
155977
119947
132138
137257
141404
150622
131198
153766
147729
136851
150622
135890
146534
154709
154709
150216
132207
162984
141404
150805
139359
149534
156898
155977
155977
123334
146759
144858
141404
157123
136275
158684
141356
142612
157123
127355
150216
143571
155977
158684
140998
144714
155723
137901
130514
154709
144719
150216
155723
155977
155977
146759
148884
140697
157123
158684
153766
163927
133659
150216
144858
130761
155977
147976
157123
157123
155977
150622
121114
158684
138530
137609
163927
150216
136275
156898
158684
137257
129831
132138
146759
135498
146759
146759
136181
156898
144616
144719
127101
155977
127101
150216
157123
167902
135640
155977
138592
155977
124881
149256
131205
134143
155977
133000
146759
97263
125333
154709
142612
135640
145512
142690
134861
141508
138530
156898
142957
146759
127423
138037
143798
155977
125023
155977
141404
137562
154709
150216
154171
154171
154709
154171
155977
157123
153766
146759
120593
135640
141404
150216
150216
158684
153766
141404
163927
126143
158684
155977
138592
119290
132254
158684
139681
158684
128875
148542
132138
153766
140998
150805
158684
142150
154709
152789
141404
158684
147976
162984
144535
146759
150216
150622
150216
121654
158684
167902
158684
158684
145559
154709
126606
158684
146560
142036
158684
141404
123334
154709
158684
158684
138322
158684
136275
157123
157123
144645
136959
93262
123334
158684
136681
144753
150622
136275
142150
156898
141404
158684
158684
150216
132207
131848
150216
154709
141801
154709
155977
145559
132118
147284
150216
155977
141134
126963
155977
155977
124602
141404
131876
149458
158684
136332
147729
144719
154171
139106
141404
155977
156898
150622
105342
158684
162984
131030
144361
150216
158684
156898
155977
150216
138592
140998
132254
147263
133462
154537
153229
150216
151368
158684
155977
127291
158684
155977
141404
158684
140998
127989
155723
142612
150216
115593
142567
150216
136275
143647
150216
163927
138758
128418
138530
155977
118647
158684
158684
141404
157123
150216
150622
135835
150216
158684
154709
138592
137257
149534
137562
133000
150216
140998
154709
144719
156898
135640
127829
158684
150216
156898
150622
145559
146759
150216
158684
128461
146759
163927
157123
98031
142564
144858
157123
150216
140998
147680
158684
155977
136275
131801
123334
158684
146759
118647
157123
135640
147680
150216
124881
147680
150622
124594
144858
156639
145277
132846
135640
143567
148705
141404
150216
137901
142150
144228
153766
149986
119340
147680
155977
139573
155977
158684
149487
144791
139695
138334
157123
150622
154709
121834
144858
142230
158684
123122
158684
163927
146759
155977
140998
158684
158684
155977
150216
157123
146759
158684
167902
145559
155977
145021
147976
141404
156898
141356
155977
158684
126135
137562
163927
144011
144858
154171
127227
124748
155977
127101
153766
121043
136153
145559
136851
155977
150622
131801
140998
150216
145559
155977
144858
150622
117813
156540
137257
147680
158684
126963
144714
150622
138592
131848
137562
111618
114432
128883
155977
127101
119871
142564
152261
147680
158684
144011
147680
144323
144569
142567
131848
150216
150216
150216
141404
143533
158684
141356
150216
144011
124881
150562
136181
150622
138530
140596
163927
135640
147680
149534
118669
151368
155977
138530
157123
148324
150622
156137
153229
133088
137649
153685
135677
138172
150216
158684
150216
124624
138530
154709
154709
118647
145277
145559
131563
141404
127101
158684
150622
150622
158684
127101
123122
143043
155977
133355
122665
154709
149534
143798
136936
147680
149256
149534
138530
155723
158684
155977
142567
155977
158684
150622
150216
155977
156898
158684
127894
125512
154709
150216
154709
157123
150216
156540
154709
139323
138530
153766
153766
140998
112540
158684
140998
155977
158684
158684
141356
124814
132254
144293
157123
135835
158684
144011
154709
157123
158684
158684
158684
156898
158684
131848
133355
148335
157123
139523
155977
155977
154709
124087
143798
105310
158684
142150
158684
156898
122941
144909
135640
142036
155977
131198
152789
137363
155977
132138
156898
158684
150216
138592
150622
110653
138592
150216
131056
141094
156898
157123
155977
150622
119290
129104
147284
163927
156898
155977
146560
157123
158684
155977
150622
150216
132207
138443
158684
153229
142612
137562
158684
163927
142612
146759
145559
138007
133184
143571
158684
155977
158684
155977
138467
153766
158684
141404
140998
132679
141094
138443
117318
158684
158684
144011
153708
146759
141404
140998
97999
155977
163927
125840
146560
154709
154709
162984
144228
158684
155977
145559
136148
143533
158684
149487
93118
154709
158684
140998
127153
142612
133694
156898
158684
127327
144361
158684
145559
145559
154709
155977
167902
131198
140998
163927
155977
144569
145559
150622
157123
131563
158684
155977
155977
156540
155977
156898
150216
128762
158684
131703
158684
149534
147680
158684
158684
133843
138530
158684
153766
107949
158684
142612
158684
117068
150622
158684
154709
155977
138592
154709
142612
144324
142612
133707
141094
158684
144858
158684
158684
141404
151368
131801
140998
158684
114208
139780
150216
130484
158684
132207
150622
145635
129831
141404
123866
89113
138592
150216
136751
163927
145559
150216
146759
158684
158684
146759
155977
146534
158684
144714
144011
138322
150622
150216
155977
140998
155977
157123
155723
158684
155977
158684
158684
138530
154709
156540
158684
141356
146759
135640
145559
110072
153766
155977
155977
143798
156898
101616
158684
155977
142036
134941
126963
114116
142564
153766
153766
138037
140998
149487
150216
157123
132118
163927
141404
154709
146759
158684
138322
158684
158684
150622
157123
158684
158684
158684
146665
141404
146534
139097
136833
137562
132207
155977
154709
140998
155977
137257
155977
135400
154709
138592
110072
148884
108495
150622
156898
138530
110039
123579
125950
158684
145559
131876
134566
154171
157123
153766
144858
155977
142429
150216
157123
122102
158684
158684
145512
143798
158684
155977
131112
158684
157123
145559
145104
138772
141404
136959
146759
147263
157123
141404
132207
158684
152680
139034
130840
138322
141006
136681
150622
154709
146759
141356
145559
148199
153766
119383
145559
118147
145559
155166
150622
150622
167902
154709
156137
158684
157123
155166
137257
163927
136851
138592
154709
144714
167902
124342
131848
146759
157123
154709
162984
133694
137609
144011
158684
155723
125840
158684
137257
137562
157123
150216
131848
149534
158684
149534
155166
132138
143903
149534
127101
118647
132138
136959
155977
128516
114116
134861
158684
158684
141404
149534
154171
144719
150622
150622
155977
158684
158684
148898
145512
150622
144011
167902
150622
147322
153766
157123
158684
145559
140998
155747
139359
153766
163927
141094
127423
140998
158684
142612
138530
118658
97999
146560
124881
157123
143043
147680
158684
136020
144569
143946
144293
135747
140998
162984
143155
158684
157123
154709
158684
141404
153766
147284
155977
155977
138530
146759
144011
138592
158684
140998
96960
144537
163927
158684
158684
145512
153229
135640
141801
132138
146759
129216
145559
129416
157123
121834
146759
146759
119774
127944
136275
141404
157123
146759
109118
155977
135640
148765
142567
145559
145559
158684
158684
139812
147976
150216
149256
158684
155977
146534
145053
154709
157123
129267
131024
158684
146534
154709
122913
154171
137562
146759
150622
148541
156540
145559
138530
155977
155977
149619
140998
145559
163927
141404
149458
127729
147322
155977
123666
157123
144858
155977
149534
158684
91715
155977
155977
147680
154171
136851
138530
127101
158684
140998
153766
157123
139944
158684
155977
150216
136851
150622
150622
144858
131848
142612
157123
118647
129104
142564
158684
136319
157123
147680
150216
146919
155977
119262
155166
144569
158684
146560
146759
144714
135640
158684
162984
138959
139097
147680
158684
127628
155977
124881
158684
142574
121450
158684
154709
158684
132254
154537
109713
158684
154537
152664
144858
140998
156898
136851
156540
155977
163927
158684
110072
145635
157123
158684
143647
129831
143043
145053
155977
138530
148199
157123
131438
118647
158684
145021
150622
145559
103357
148791
154171
144569
150216
158684
140998
150622
141404
141356
114116
149534
148884
144175
131876
145559
157123
137316
141404
155977
153685
131848
131604
158684
153766
154709
148705
158684
155977
150805
117904
157123
155977
154709
145109
142612
138530
144569
154171
146759
158684
146759
142612
110984
141404
158684
155977
158684
157123
126257
146534
155977
141404
131801
141404
150216
158684
150216
163927
140430
154709
119290
157123
162984
158684
158684
134414
145027
158684
118147
158684
111914
158684
157123
141404
158684
158684
150622
154709
138087
158684
138592
141404
143647
149534
150622
147263
140998
158684
138037
146759
146759
103549
158684
158684
132679
136275
135640
158684
155977
154709
155977
136319
150216
135339
137257
140998
117924
117373
153766
108529
142564
150216
138530
136319
154709
138530
146534
125040
155977
118147
113664
146759
110634
158684
156639
138322
141882
136948
155977
145269
141356
130642
152865
158684
162984
138037
141404
141356
158684
157123
146759
155977
148199
156898
158684
158684
155977
157123
137464
141356
150622
117301
150216
137257
117068
155977
144011
155977
144714
155977
137562
155977
158684
112670
163927
145559
150622
150622
136751
141404
158684
157123
143571
150622
141094
136181
158684
157123
158684
139008
157123
142612
132207
129104
158684
138592
142564
123114
145559
135640
157123
131848
103763
136319
158684
143533
143647
133184
150622
154171
150622
163927
156540
150622
151368
150622
149986
135640
155977
119304
144895
157123
144011
140723
144858
145559
137649
158684
139249
137562
153766
141356
158684
142564
155977
155977
154709
143946
155977
114116
154709
148542
155977
158684
140998
136833
155977
141094
163927
124881
93728
141978
150622
145559
157123
157123
157123
158684
132138
150216
150216
144011
154171
135835
113526
157123
143798
150216
144361
154709
155977
136959
119954
158684
138322
158684
141508
109118
147680
149534
136275
131167
140998
125971
142036
144557
153766
150622
158684
132764
163927
150216
135640
150622
146759
127101
154709
155977
142612
135640
141404
120756
132207
127423
148542
157123
158684
158684
158684
138981
155977
158684
132138
140998
144858
158684
146919
158684
153766
121800
141094
141404
145559
134941
135640
158684
137316
133109
138592
158684
156898
153708
142567
138530
156153
158684
149534
153766
140998
136275
145559
154171
154709
158684
127365
144011
155977
158684
135640
158684
131848
155977
156540
129416
125618
140248
111215
137316
158684
140998
140998
162984
158684
158684
137901
155723
144569
155977
131876
144858
150216
141404
144011
162984
158684
144858
157123
141404
140998
138483
155977
158684
163927
154709
141404
156898
154709
156137
142680
147976
128875
149487
155926
138953
136319
158684
131604
145053
158684
163927
155977
140808
150805
136319
152664
158684
154709
150216
155977
143155
131801
158684
156898
155977
145559
158684
138592
158684
147322
144535
163927
141404
158684
101137
157123
127101
150622
133802
131848
141404
158684
158684
123334
158684
138434
155977
135640
158684
142567
148884
157123
136319
147524
140998
156898
136851
155977
129831
153766
158684
141094
158684
155977
136275
142612
150622
142612
119988
127365
154171
157123
112200
147680
146759
155977
158684
158684
158684
136959
155977
157123
163927
136851
154709
157123
155977
138530
156898
154709
137562
154709
112447
