155321
138625
154316
146603
150245
157121
149689
165410
156921
165563
140903
165410
155321
165410
155782
150296
162830
143090
153758
145548
155321
157121
145421
161152
133188
155474
162050
154715
153338
165563
150245
150477
145421
162830
154324
157121
143090
132494
162050
155474
146603
145118
135892
163366
145252
151575
157630
159853
162830
155321
162830
153608
138625
157121
140984
136514
137899
158667
145271
146603
158131
157121
157121
152741
130726
141835
157121
165410
162830
157121
159853
155474
153608
162830
157121
155782
162050
142538
143090
155474
155474
155782
153758
149992
162050
145957
158131
152422
131280
158265
153608
153758
119396
145271
141067
153608
152222
150245
159853
151575
153758
150664
156921
140879
126090
143090
152115
149434
152868
150592
159444
159853
156675
159853
157121
155321
157121
155474
159853
143090
157121
162830
161152
152422
153608
152868
137899
156921
137949
154576
158131
155474
138625
162050
163366
163366
153608
159444
153608
162050
146603
165410
150225
153608
142665
162830
162830
165563
157121
120278
157121
153608
153608
165410
136514
165410
141904
165410
136514
156921
157121
155321
152422
143090
159444
158265
153608
157121
156904
162050
137259
140815
153608
141412
139029
150245
138859
135892
136514
152422
155474
162830
152422
149413
153608
153758
154230
155782
162830
159444
162830
148154
165410
153758
152422
157121
155382
162830
154576
145271
131323
153608
159966
157121
165563
165410
157630
165410
145890
162830
156568
162050
150245
152222
136514
155671
145271
125552
159444
140204
165410
157121
147857
157121
128073
153203
165563
159317
143090
153608
137899
145118
155889
157121
162830
159444
157121
165410
153758
155050
156103
132384
153408
122459
155474
162830
157855
152482
157783
145271
154069
155321
156921
146423
153608
145978
162050
155474
162050
155474
148062
152422
155474
136514
157121
157121
153758
153608
162830
162830
141904
153758
156568
155474
157121
157121
156921
160081
150245
154324
165410
157121
149059
146603
165410
165410
155321
157121
149775
161778
155474
157121
152422
136514
129227
156921
155474
153608
157121
153758
165410
154151
162050
157750
159853
153608
146603
157121
165563
162050
145271
157121
157121
145118
152635
157121
153608
153758
126738
157121
147557
153608
155321
141412
165563
162830
156921
165563
138892
158131
155321
153277
162050
162050
157121
146549
150245
151575
165410
161152
153608
157121
138472
165410
146832
163366
156921
165410
149816
150245
162830
141032
155474
150259
165410
155321
156904
157121
138958
138472
152222
142538
162830
162050
145421
135892
165410
162830
142876
155321
161897
162830
158131
157783
152222
165410
162830
145788
150259
162050
157121
142538
145337
157121
146603
143090
148969
143669
135642
162830
153608
156921
165410
158265
155474
165410
157121
157121
162830
153608
154676
162830
165410
150245
158131
155321
141032
145271
159444
162050
155889
136761
141412
153758
151689
146603
143090
162830
165410
150245
127193
153758
157121
155671
149579
141904
161152
149059
155122
159853
153408
162830
157121
155474
162050
149059
126820
162830
144714
146832
133478
145271
165410
133412
139029
153408
148969
156921
157121
153020
159444
153758
157121
162050
157121
156904
121021
159288
150245
162830
143090
155321
155321
148528
155889
150245
155122
139512
152422
139512
155321
145191
154316
162830
157057
153758
146603
157121
143090
135216
141412
150245
152482
157121
152482
147871
155321
142425
130414
150245
157121
135892
165410
159444
163366
157121
160864
158131
155474
143429
155321
142542
159853
159853
140296
158131
165563
157121
142095
154230
153608
162830
165410
152741
163366
165410
158265
143090
148615
153608
157121
152222
162050
155474
162830
162050
140879
145337
159317
153608
153608
162050
146603
136514
149059
165563
155573
113317
153608
162050
162830
148829
157121
153608
162050
137899
153758
162050
152422
154151
145271
154237
162830
156199
162050
157121
154944
162830
157121
164665
125137
157121
148615
129758
146034
157121
155321
157121
165410
165410
162830
153608
157121
150245
153272
165410
137899
150245
162830
138299
157855
146828
149059
145118
153758
155321
148936
159444
135048
162050
153608
143090
161152
153758
137293
156921
145271
140879
157121
119415
162050
149579
148001
143090
157121
155474
140879
146549
162050
145890
123719
165410
143848
161152
155474
156921
162050
155474
150520
143090
130248
155782
135729
165410
154606
150245
156512
152422
158131
157121
165410
122577
155782
162830
162050
148154
150511
160081
162050
157121
159853
161152
162830
139512
155321
155782
148415
139512
158131
155474
155474
138625
144588
157121
152741
150245
157121
157121
156921
152422
157121
155474
126820
153608
138375
152741
141412
124303
162830
162830
133302
162830
143837
153758
162830
165410
165410
156580
130183
143090
150245
153758
149059
159853
155474
137899
153608
149992
145271
152868
143090
165410
157121
165563
165410
147744
145118
155474
146603
154036
144246
140879
155321
146234
155321
156921
150245
165410
138998
162050
143669
161778
155474
144626
162830
138574
162830
124456
157121
165410
162830
162830
155321
157121
155321
132590
156769
162050
145934
146603
145271
162830
157121
158131
162830
124003
141412
155474
161152
157121
137130
159444
146603
145271
162830
162830
153758
135485
165410
165563
150245
155474
119853
153277
146603
165563
162830
143090
145271
141756
150245
155474
153758
139812
165410
159444
150673
157121
162830
130183
152741
151083
155782
136514
157121
137899
153758
149579
143090
137899
141904
162830
157121
162830
150245
157121
157121
143090
150245
131323
157855
146603
155382
157121
136514
162050
165410
142538
162830
150245
155782
157121
138299
161897
153758
162830
148062
162830
137549
163366
155899
162830
145271
162050
157121
141032
162830
150245
165410
141412
146603
147643
123190
128216
161152
165563
153758
158131
150245
162830
158131
131591
153608
109959
156904
132590
146603
153758
152422
138483
161152
146603
147744
165410
153608
145118
150520
152364
155474
152868
159853
155474
156921
141032
150245
136713
155474
165410
155321
138892
147534
161152
136829
136629
155474
158131
159444
138625
152868
138421
155321
153608
158131
155474
162050
155050
156921
153758
162830
152301
159444
149992
152741
155474
159853
153758
146603
152741
162830
157121
153758
153758
158265
153608
165410
160081
165410
126108
162830
153758
159444
162830
157121
153608
152868
158265
141904
143090
165563
150259
153758
161897
157121
157121
155474
165563
157121
160864
141904
162830
136514
161152
150439
131280
149059
146996
155474
155474
150245
165410
143090
153608
150641
156173
141412
157121
162050
146627
151164
145118
165410
155321
156921
153758
143090
162830
155321
155321
146832
165410
143090
165410
116014
153608
152868
162050
153608
162050
147757
143967
157121
151813
149743
165563
156921
150245
146603
150245
155782
146376
155474
153758
165563
157783
165410
157121
156173
126738
154036
153608
165563
153338
162830
142052
131323
153758
152788
157121
147032
154606
154715
154316
157121
162830
162050
162830
165410
129011
146061
115956
143036
162830
143036
140151
151575
155474
159444
157121
156921
162050
132590
160864
161152
151813
163366
155474
157121
136514
142665
155474
145191
142542
132461
162830
155419
162050
157121
140048
154206
162957
157719
150846
162830
156568
162830
165563
131323
165410
157121
165563
145421
153758
153608
140219
157121
157121
159444
153020
161152
157121
153758
156921
149059
150245
160081
152422
153758
157121
157665
135892
165410
159444
145271
124456
157121
153608
152482
155782
153758
143090
156904
162050
155321
162830
165410
154324
153758
150245
155321
159444
137899
153277
153608
161152
155321
165410
157121
150245
155474
153608
141904
143090
152422
162050
146603
155474
154703
143669
153608
150245
152269
165410
152422
141412
157121
146603
147534
157121
161897
159444
138472
162830
145337
162830
132590
146603
157121
162050
157121
155474
143090
152422
146603
156921
161897
141412
160081
156769
161152
157121
157121
157121
153758
165563
162830
156835
147926
157121
155782
155474
153608
162830
155474
136035
165410
155474
155321
157121
153758
145118
161152
157121
152269
145271
161897
152741
157121
153758
141412
153608
153608
162830
152741
151363
162050
145118
165410
165410
162830
155474
155474
162050
152422
147534
146627
138472
147870
153758
162050
153758
157121
157121
162830
158131
150245
160864
159853
150477
155474
153758
165410
155474
159853
138789
158945
153608
155474
159966
165410
155321
162830
149059
134896
152422
143752
161897
153758
153758
162830
152422
148154
136975
165410
149141
153608
157121
165563
152422
148327
142808
157121
153758
152741
165410
157121
157121
159444
155474
130385
161897
146549
143090
148327
143090
156921
153758
162050
165410
165563
122459
150245
140024
149059
159853
162830
137899
162830
165410
162830
144928
162050
162050
162830
157121
133965
120523
155321
156769
165410
162830
149059
136514
162830
153608
162830
160892
143090
136514
140245
150259
149992
157121
134288
165563
162830
145978
162050
157121
157121
158265
138472
141607
132896
142222
136975
157121
155321
165563
155321
162830
158265
144853
139029
147557
162830
132190
157121
143090
162830
150245
154576
157121
153608
159966
162050
146549
150245
155474
165563
161152
153608
146603
155340
165410
146832
162050
165563
161152
135514
144928
150245
157121
152868
156921
162050
162830
162050
149059
155474
130947
162830
155474
120162
151813
165563
138672
138299
149341
157121
138283
149639
121587
120162
165410
131251
157121
157121
161152
165410
162050
157121
152741
162830
124060
148033
162830
149059
162830
158265
147032
146603
145271
157121
157121
141412
149992
156921
153608
157121
153608
158258
156921
158131
157121
155671
165410
153608
156199
165563
143090
155321
153608
162830
165563
155474
146491
138299
151575
150245
149689
146603
155321
158265
135668
162830
155321
161778
141032
150245
160081
145987
161152
165410
144801
162050
149341
157121
141412
155474
153758
150245
155474
162830
155321
157121
153758
146603
158265
155474
120262
162830
132590
157121
162830
157121
144454
165410
165563
153085
155321
155474
136030
153277
165563
149676
147851
155782
133437
165410
155122
155321
157121
154576
142538
143711
145271
142393
150477
153608
140604
145271
158667
153758
164405
153758
149059
162830
162830
157121
136514
162050
154233
153758
165410
157121
140207
146828
162830
146549
143090
158131
154316
162830
165410
162830
157121
165563
155340
153608
141032
156568
155321
157121
153608
157121
124303
160081
162050
153608
111793
165563
153608
143090
148233
162050
162830
158667
162830
165410
148615
131370
162830
149546
151624
157121
162830
143672
153608
165563
150664
143000
153408
159317
143090
159853
153608
149059
130183
158131
165563
147534
159444
141904
145271
141904
145252
162050
141486
143090
159444
157121
157121
162050
148136
150245
156199
145118
157121
162830
133026
153758
153608
155782
146603
161152
155474
149992
138097
136541
155177
159444
165563
162830
165410
162830
152741
151575
159317
156921
157121
159853
165410
147744
153277
148911
155474
155321
162830
136514
162050
165410
155782
146180
153608
161897
153203
123351
146603
133219
138299
142004
165410
157121
136514
155122
153758
155321
155474
154036
152741
155474
145271
165410
148136
155321
165410
162050
145271
148327
159853
162050
148233
154606
142628
136376
155321
165410
161897
155474
158131
162830
140879
146603
153272
159853
153758
135973
165410
148001
162830
143930
153758
162830
165563
143090
138625
165563
138375
161152
157079
155782
138625
124637
157121
157121
165410
155474
152422
155474
155474
162830
149095
162050
157121
155474
141412
150245
157121
165410
136629
153608
157121
146603
147800
123794
146603
147757
146603
130251
154889
153608
136629
146603
157121
155871
165563
143090
150245
162830
99819
162830
162050
162830
145191
157121
141192
145118
162830
128271
150245
153608
149992
155321
157121
153758
136829
155474
162050
153277
154223
153758
165410
137837
161152
153758
154151
146603
164405
163366
152868
155321
157121
145118
153758
150245
162050
152422
152422
162830
155474
150245
146828
149676
165410
152868
154676
146603
156921
160081
138426
149825
144346
155321
138892
154324
162050
149992
152422
150477
138448
142628
130251
155321
134976
132590
162050
131323
162830
152422
155321
155321
146603
147783
163366
152422
157121
153758
145337
165410
156769
154991
153608
132590
162830
155474
136936
143575
157121
150245
162050
164665
149413
143019
155474
150245
140879
150592
162830
152741
137540
162050
152269
153608
165410
162830
165410
150245
155474
145271
162830
155382
155321
156921
147447
136829
138472
157121
162050
155474
142231
153608
150245
159853
141412
155474
155474
158131
162830
150673
157121
155474
155321
155474
155474
149059
161152
153758
141420
156904
162830
146603
150245
157121
165563
162050
162050
162830
150245
162830
161152
132453
142052
165410
135309
153758
157121
135485
162830
132129
157121
156835
153608
162830
155474
155671
148233
156921
162830
153608
160081
145118
143090
150245
155321
141904
165563
153758
155321
156769
152482
150245
162830
152422
145271
157121
159853
153758
157121
157121
146828
161152
132390
156921
157121
158131
140689
155474
146603
136514
162050
142425
159444
124303
162830
160892
135339
162830
136293
155474
139203
163366
155782
153277
162830
157121
138265
161897
162830
140815
160081
146603
153758
157121
138112
155474
141032
155474
162830
153758
162830
150245
150324
157121
161152
145118
143090
162830
159444
157121
160864
157121
157121
162830
162957
143669
158265
153758
157121
153608
153608
152741
157121
162050
145118
153758
162830
162050
162830
153608
153408
165563
145271
162050
155474
137899
158131
143090
153758
140879
156921
151689
157121
143090
156512
151689
146603
153608
143090
152222
165563
146603
152868
146603
143669
157121
146603
158265
161152
141904
153608
127500
157121
155474
157121
155321
141904
152222
158265
141412
156921
143074
158131
150245
159444
159444
151497
152741
161152
153608
150245
159853
123798
154316
153608
151813
159444
159853
157121
151136
155474
155474
162830
146603
152868
138472
137949
155474
148233
162830
141486
155321
162050
165410
162830
159853
153608
149064
157630
158258
157121
145118
149345
153608
155782
163366
148467
150245
151575
152741
135892
159853
157121
143090
156716
160892
165410
155321
150673
155474
149059
143090
155340
156921
155474
157121
144994
138625
162830
153758
157121
157121
155474
141412
138472
153758
135485
150245
165563
125552
150245
156835
117583
127388
156921
156769
165410
165563
157121
154324
157121
155340
142809
154230
153758
162830
162050
162050
153758
162050
156921
155474
165410
157121
155474
155474
145118
165410
142817
162830
150245
153608
162830
148033
162050
157121
155321
157121
165410
143090
155321
162050
155321
153758
150245
162830
136713
141904
157121
151689
150477
157121
150673
153156
149059
155474
155474
157121
155321
157121
136514
142714
149457
154324
155321
155474
137727
149059
162050
134840
157121
155474
150245
162830
107230
157121
155321
142538
162830
153608
162830
137143
130726
162050
144609
141412
134976
161152
156029
162050
162050
126254
152984
145252
155321
153758
154230
145118
159966
138625
162050
150245
149341
138299
145271
162050
157121
155321
155474
162830
126738
143090
127376
141412
162050
149095
157121
146828
157121
127443
148014
155474
165410
157121
162050
154230
165410
155321
152868
138625
152422
165410
153466
124456
145548
157121
155474
155474
155050
157121
146603
162830
138625
155321
155097
125131
154324
142538
150245
152422
151827
133004
135892
149546
147953
144800
146603
157121
157121
159853
162050
165410
165410
155321
143090
157121
137899
146603
146423
162050
159853
157121
155474
157121
146050
138625
145118
157121
155474
155321
144800
155050
141039
141904
128806
153758
158131
143090
155474
155474
163366
143090
143669
157121
153608
165410
137899
162050
155474
136514
153758
139725
158258
162050
162830
141412
141412
155321
149059
147032
155474
157121
159853
150259
158265
150245
152194
147661
155474
165410
152422
158131
159444
136514
155321
147534
161897
158131
161152
154324
141904
156159
155050
144801
161897
150245
151689
157121
162830
143074
149059
154576
162830
155889
144907
153608
155321
150245
123318
123719
153758
145118
157057
165563
155321
162830
162050
132390
155321
157121
156921
159444
143930
119395
155474
164405
162830
138625
151689
155474
162830
154576
162830
157121
145118
165410
139134
150245
153277
162050
135578
147757
150245
155321
138625
153608
157121
157121
151689
155474
147381
152422
145890
159853
156921
165410
162050
135892
153608
162830
153608
155474
143036
145890
157121
165410
148415
162830
157121
165563
157121
162050
146603
157121
150245
155474
157121
162830
162830
155474
162830
143090
138472
153758
157121
158258
155340
165410
156921
162050
146603
157121
151575
135234
161897
144800
162050
162830
118499
157121
162830
141412
125552
157121
150245
155321
152579
152660
149341
153758
155321
155474
153758
165410
153608
155474
157121
155321
150245
162830
138472
150245
152422
115814
153758
165563
150245
153608
140599
141412
157121
157121
162830
162050
155474
155321
142633
162830
149452
154324
162830
162830
153758
148911
159317
155321
157121
161152
158265
161152
152422
150245
162050
155671
157121
165410
146603
143090
141412
157121
162830
162830
146603
123406
142876
165410
161778
155321
153608
165563
139304
157121
127414
162830
146603
162830
165410
136019
157630
159444
126820
150245
165563
165410
150245
156921
153608
161152
153758
165410
124456
156159
155474
146423
146549
137899
145271
161897
165410
146603
145118
131323
147940
152579
165410
157121
150520
162830
162830
162830
141385
153758
145625
157121
153466
162830
150245
155474
145191
165563
147931
158131
152301
157121
161152
146549
138625
155474
156675
140134
156921
141032
157057
138892
157121
165410
155474
157121
153758
150245
162830
162050
153608
157121
158131
131370
153758
157121
131848
155474
157121
158258
162830
146603
137727
157121
147661
145118
157121
156921
156921
148528
162050
155321
155474
153608
154036
152868
155474
155474
158265
136514
130251
159444
136629
148856
162830
161897
150245
155474
162050
157121
146603
150477
141622
149059
150245
143090
157121
153338
140983
153608
148154
135048
135892
150245
162830
155474
147032
154576
149342
157121
141412
155321
159853
165410
162050
160081
153800
126194
165410
141904
153608
155321
135485
150245
157121
140815
154502
124456
153460
139125
155321
158131
162830
153758
162050
162830
160081
160892
157121
162830
157121
150673
153277
153608
157121
153608
157121
153608
129983
147256
146997
157121
161152
162050
157121
162830
163366
156921
150245
152422
162050
153408
153608
157121
141904
162830
146603
153758
165410
157121
165410
157121
135106
155474
155474
165563
155474
153608
162830
146603
162830
130812
153608
162830
157121
150245
157121
158131
149992
151497
157702
159853
155321
138299
149059
149095
151689
155474
155321
153608
157630
157121
148002
146603
156921
143669
165563
156512
127867
165410
158265
157121
150245
157121
138038
155321
148615
158131
153758
153608
158131
146603
158131
162830
163366
162830
162050
151125
159966
145588
142511
157121
153608
165563
159853
157121
154230
149546
162830
156921
154676
152660
165410
152422
141904
148233
165410
154576
149059
138835
153608
162830
148154
149341
137899
129983
165410
157121
159966
155474
162830
149992
157121
153608
135929
165410
152222
159853
146603
162830
150245
149992
157121
155474
157121
162830
155321
157057
155782
165410
162830
159853
165563
155474
162050
157855
162050
156904
162830
157121
152422
121723
162830
155474
155474
142471
141904
150245
153129
149059
152868
150245
138625
118670
150245
152269
138625
163366
72219
133215
145041
150245
161152
153608
147667
159853
160081
157121
153758
156921
154860
142542
155321
155321
162050
150964
144095
153608
162050
155474
155321
157121
164665
161778
137727
157121
146876
162830
155474
165410
146603
158131
135270
165410
150245
162830
146828
153408
157121
165563
157121
141412
155321
145118
138299
157121
159444
141904
157121
155122
147534
162830
131251
140879
165410
144801
162830
155321
163366
157121
153608
148476
157121
149992
151643
142222
159444
153758
153277
157121
152422
155474
165410
138625
155474
150245
165410
145118
155474
140903
155474
155474
159444
149059
140223
157121
142920
155321
150245
155474
156921
165563
150245
162830
153408
162830
162830
158258
119665
165410
149059
141412
157121
153758
138868
153758
155782
161897
161897
159444
162050
162830
141412
165563
155050
150245
143669
140879
134082
145271
157121
148030
153408
136829
139304
153408
155474
156921
153466
149059
159853
143669
152868
162830
148233
158258
148062
142150
143036
153608
161897
154502
136761
143090
141412
162050
133429
155782
162050
153408
149426
157121
136915
155321
151202
153758
154230
165410
165410
159853
123190
150245
138435
153608
157121
150245
136035
157121
162050
142754
162830
152422
157121
142231
153277
157121
152422
149992
136035
154324
143090
155474
153608
157121
145752
150225
153758
162050
159444
149846
146603
150245
155382
162050
115087
140045
143120
161897
152868
157855
157121
155889
162050
153466
165410
155474
155474
128927
150511
