146945
128408
139812
128559
120671
149999
142836
149999
137237
131025
137237
141268
141268
143497
146945
137615
130636
135656
144317
127903
149999
132473
135574
116305
141263
140291
141938
147549
137769
135604
147398
147398
102730
112836
146945
135458
142467
146945
129606
147398
144748
146945
124879
149969
130636
125598
130636
121750
142467
146945
140847
142467
149999
137706
142467
135604
146945
146945
146945
149969
139066
149999
142467
149999
141716
138690
137769
146265
135356
137769
115703
135458
139812
142467
117361
142467
133003
130636
147549
135359
149999
131392
129421
133868
120593
137769
143497
146945
146945
127377
149999
136841
146945
135066
149529
137690
110099
133003
146945
142467
131082
142467
140486
115422
130636
135458
128243
118925
121420
146945
153231
150457
125384
142467
139812
139066
131538
132759
149999
135458
123783
142467
102933
118213
121202
144539
127425
138690
91074
141268
133868
149999
150746
141263
137615
137769
119790
142467
146945
126293
144317
135066
153231
141303
147549
143044
138690
142467
137769
142467
147398
135604
135746
150746
140291
135604
143044
143613
140307
135604
117361
137914
127903
144317
135458
136785
133868
149999
135604
139812
145768
149999
110879
133163
132550
122682
141485
147549
123374
137769
137769
135458
149999
127903
146845
134351
136785
130636
140432
146853
146945
135604
101760
126358
142467
142467
144317
135428
139812
132404
131082
110099
135746
123808
128365
128365
150457
135604
92854
142467
138013
132087
118620
137769
136205
127418
138690
139812
144748
149999
110831
137253
128077
150746
153231
138690
146945
121429
137769
142836
118493
105328
142467
138690
132759
142467
144748
149999
149999
130636
124879
142467
126358
147398
121969
149999
105553
135604
126293
143816
123617
103910
149999
102730
135458
126983
144539
137706
149999
132404
142511
144317
135066
146068
147398
130636
135458
137690
128976
115870
135040
142467
149999
143614
143473
135604
115703
137769
112588
119820
135066
147398
137914
138690
142467
135604
149999
149999
131545
144317
142467
135066
137615
137769
133377
142467
142467
119139
127377
143324
92619
123617
130636
143816
147549
135574
147398
122907
128438
135458
142467
137769
137769
127133
100550
125384
144317
137769
144317
137769
142467
146945
134682
143613
149999
130636
135604
144748
143649
139720
116861
128976
138134
125384
146945
143044
142467
117125
131392
147398
142836
123061
137769
135746
114819
135066
144748
143613
144317
137690
124879
139812
147398
136785
126044
138836
141263
131159
135604
140307
139795
143613
137615
141268
146945
135458
132404
126358
132309
135458
147549
138690
125912
132316
130669
132857
149999
121717
142467
138690
146945
135604
146853
135574
135458
135066
141716
127903
136841
127377
122679
139887
132857
147398
132458
138836
144077
140265
131538
144317
142467
137615
128365
116249
125358
123808
128365
142467
142467
133491
144748
128365
135574
135604
125837
146068
128365
135066
124879
123175
142467
142467
144317
135458
143539
137615
149999
142836
127217
147398
143044
149999
132316
124572
144748
149999
144317
137769
142467
135604
137769
137769
137769
133868
146845
149999
125837
139979
130636
140277
135574
123221
130636
137769
135604
122452
138690
137769
126573
130636
144317
132857
149999
149999
133491
139066
116143
135604
143044
142467
135066
143613
125358
140139
129421
136351
141592
130636
147398
134476
146945
142467
127469
135746
141263
141263
142467
136785
133491
137769
144748
126983
137769
146945
149999
136841
136785
137769
150746
142467
109992
128615
137769
149999
146945
142467
141038
139774
142467
146945
137769
142467
135916
146945
138690
132404
138690
137237
142467
142467
130636
142467
131538
137769
126293
136127
150746
110048
116796
146845
138385
105328
137769
146945
134907
140139
126671
125384
146945
141263
144748
128408
129094
138013
137769
141171
146945
146945
130636
146945
138344
110853
142467
139756
144317
129365
128976
135066
141385
130880
124879
142467
143613
135604
118566
142467
132759
120007
137769
143613
149999
146945
142467
143044
144287
135458
135604
135066
126293
135066
125374
135604
137769
145628
139812
143044
117125
135604
137791
134124
147398
109953
147398
122726
149999
127706
150746
142467
132550
146945
144748
144287
135066
130636
149999
135458
135604
141716
132979
144748
131640
132857
141263
125384
136785
149999
139066
149999
144748
130636
142467
143044
135066
149999
123374
125912
149999
140307
137769
135604
127903
149999
120007
121079
117361
142467
149999
146945
142467
116520
153231
137615
146945
137769
153231
127469
124879
135458
141617
146945
142467
146945
150746
135458
141263
127903
135066
137769
135066
143044
139812
134124
132087
142467
127903
149999
123061
135066
150457
142467
143044
133868
141716
127469
126358
130636
137237
124376
133868
140307
90682
142467
139812
135604
146945
123187
144317
136351
143044
132775
120593
126358
140307
138836
135746
146945
142467
132404
135334
149999
139812
147398
146945
137615
135656
127903
143613
140847
133868
126358
142467
112568
137769
133491
119316
140291
146945
125358
142467
137375
143539
135604
136351
142467
137769
121743
141263
146945
135066
149999
135356
135066
138800
142467
130636
138902
147398
142467
135604
126983
102808
120671
132775
129421
135428
111144
144748
117116
149999
149999
132979
124271
117873
112619
138690
135066
135066
144748
135458
132550
144317
142836
146945
149999
133868
137769
140847
138690
146945
141263
141707
147398
145477
142467
139915
115388
146945
141485
127903
142467
125568
137699
133549
107417
149999
149999
142467
110831
118657
139066
149969
125912
119614
129658
129590
130636
149999
135066
107682
137769
135604
138690
144748
130636
127903
135458
124879
146945
136127
118575
146945
142467
137769
134351
142467
130636
142467
135066
143044
135066
149999
135458
137769
133491
102584
117125
125912
113824
136401
124481
142467
126017
143613
135458
135066
135574
108127
143044
129275
140291
138690
105005
143613
129606
103617
146945
135604
127903
135501
133868
135066
142467
153231
121105
138013
144077
132057
114623
132550
120893
146945
136351
136785
129606
146945
131640
133868
135066
140847
143044
138690
125626
140261
140307
149999
146068
144748
139151
147398
147398
150746
135066
126983
149999
133491
130636
149999
142467
129384
136351
146068
149999
126293
150746
119833
149999
130803
133491
135066
135604
139812
138134
133491
141171
125384
142467
149999
129481
125384
144317
109382
137769
133868
126057
138690
140847
149999
138836
136698
138690
139795
137615
132979
149999
140291
140291
135604
129606
128976
117125
116758
142467
143613
138690
144077
129708
146945
143497
143613
137769
133868
147398
123374
138985
142467
135604
132550
149999
138220
137769
130636
146556
149969
130803
130636
132087
119716
126358
144317
136431
138134
136785
135066
110099
136454
146945
143491
120593
147398
130636
137769
131560
149999
150457
138856
141268
120961
147549
142467
138690
107160
136841
140291
147398
115703
138013
133491
134188
141268
138690
137769
146945
137769
142467
137769
111667
141268
142467
123374
131834
137769
130636
119675
133491
138344
132087
124879
121969
142467
125379
135604
138013
143613
136785
132087
130636
144748
146945
142467
144748
135066
120808
127809
149999
135908
97941
135066
126199
129590
124879
146945
137769
135604
140307
147398
128854
138247
142467
123314
146945
120460
136785
143044
146945
131616
139812
138690
136199
136580
132404
135574
137769
137791
142467
130636
139774
141038
138836
149999
135066
133868
142467
135574
132312
129606
138690
117528
139482
133868
123257
147549
144748
115529
124494
146945
139812
144748
135066
144317
130353
137769
135429
130636
128408
124879
130636
120079
149999
123374
144317
102730
138836
146945
121559
137615
128976
116878
143473
123061
144317
141268
144748
147398
135574
130580
144317
141268
104152
135066
130163
123617
146845
131845
146945
142467
146945
144317
118673
121429
114441
130636
147374
143044
147398
135604
129606
138575
142467
134879
143324
141716
135604
149999
150457
131082
137237
145933
127903
128365
135066
142467
125340
146945
147549
137769
135066
149999
147398
149999
125332
143613
135458
120460
149999
115529
132833
140456
135384
141393
135066
133491
149999
143497
130636
141263
117842
142467
149999
135604
130636
137253
146068
135066
143613
125379
128061
139812
149999
138836
140307
141640
135428
149999
142467
142467
138836
145477
113268
140432
135574
142467
142467
146265
142467
132087
129185
146945
133868
140291
112461
137769
140815
138013
115151
142467
153231
142467
123061
142467
144317
135066
130853
120525
135066
128072
122682
126311
147549
146945
135334
144748
135458
136841
138690
133868
129606
135604
127903
110697
146845
144317
135604
140307
123374
119820
143497
131430
135604
142032
136451
140291
149999
130636
127903
135458
110099
146945
127903
132775
139979
124270
142467
149999
140307
144317
149999
133003
130636
130636
133930
127903
121523
117361
144748
127903
149999
146945
142467
137769
135594
149999
139812
143539
135604
132404
149999
138690
135066
138690
139457
122682
138013
137769
135066
127903
135066
138836
137253
147398
135066
142467
142467
135066
133313
124879
144317
124879
149999
135458
143539
146945
111930
139812
138690
124784
139812
144317
139663
137769
107800
142467
132404
124494
137769
147398
149999
133868
145608
146945
139979
133491
135157
119675
141263
130636
126293
133491
138836
126358
129103
142467
122907
137769
129606
130636
137769
149999
135040
137769
149999
133868
142467
130215
138902
142467
138690
142467
133491
140307
146945
137914
146945
142467
149999
149999
132404
142467
135574
149999
116267
123228
141268
135458
146945
137769
143044
146853
124879
147398
140265
144748
123228
142467
144317
139812
136785
130636
146945
137769
136380
149999
143613
132979
144317
143258
135066
126358
138690
137769
149999
146945
149999
142467
109992
144077
150746
135501
135458
142467
138836
137769
146945
129384
140291
142467
121523
122682
149999
144539
144748
149999
139812
118493
124879
149999
132087
142467
137769
130307
133868
146945
149999
137769
147398
140241
146845
135604
136841
149999
128976
142836
150746
127903
135604
127706
142396
138690
133134
144748
137769
135604
149999
135574
137769
137706
135574
146945
135604
147398
133868
146945
135458
137375
150746
120007
121717
142467
143613
142467
133377
142467
142467
144317
138690
126358
142467
138690
132473
129384
142467
121750
136683
147398
138690
143033
149969
147398
141171
103394
146881
149999
126057
140307
138836
136205
127469
124281
150746
143530
133868
125912
142836
135604
153231
146845
132404
146945
129590
149999
135458
138985
130636
146945
135604
147549
137769
120671
144077
142467
135604
120593
124886
149999
118420
135604
132087
146945
127903
135458
141263
146945
149999
120671
135066
141268
136127
137237
128061
146945
135458
125384
119096
135458
127245
135066
149999
135066
147549
117224
126358
138013
143613
143613
138690
135458
149999
143003
135066
133868
144317
146945
120593
140307
130636
129421
143832
143816
132940
135458
123374
125340
149999
149999
142467
146945
125912
135458
153231
142467
135066
122438
141485
142467
142467
139812
141268
135066
131959
142467
124879
149999
144539
140749
146945
149999
141303
115870
130636
143539
129590
142413
142467
153231
142467
136117
142467
109992
127903
120336
140265
147398
142467
139928
123374
149999
143816
135066
149999
142467
138690
135458
144748
146556
137615
129997
135746
111472
146556
149999
106683
128996
144317
133313
135604
128964
123374
137769
146945
136831
140847
149999
137237
142467
149999
134457
146068
144317
144317
130636
142467
144077
129606
144077
140994
138690
144748
143044
143324
146068
147398
143539
146945
142467
146945
147398
143613
142467
146068
141640
147398
142467
124740
149999
136205
127754
146945
133491
149999
131430
143033
142467
143816
142467
149999
139812
132404
142467
137769
142213
129250
141385
130636
126358
117125
141640
131392
135066
137007
149999
140847
142467
137769
149999
116753
146945
150746
123061
120671
146945
132759
150746
125402
146945
132404
138690
147398
139812
138143
137237
146945
124161
146945
142467
138985
130636
133549
141485
120906
129303
139867
138836
129590
149999
128438
147549
146945
143539
102730
133491
124879
142467
131082
142467
146945
117361
149999
138902
137769
135066
136580
135066
133377
140847
135604
121429
137769
135604
120007
144748
146945
138690
135458
149999
142467
149999
143044
123228
123374
129590
138836
120671
147398
142467
130636
107117
149999
149999
140432
135604
144317
142467
123187
117810
140241
141263
149999
149999
123374
149999
87209
140307
136127
123228
146945
142467
144077
135066
140291
135458
137769
136205
149999
149999
138690
142467
149999
135458
136205
149999
128976
137615
146945
137769
146945
135574
135066
136831
140847
120671
122907
140307
133868
146945
128438
146068
136785
124879
138690
121248
136238
122446
119211
123228
147398
138690
120007
120671
146068
120525
137769
137769
131067
127903
149999
109992
118418
150746
134112
135428
142467
129903
146945
137769
112933
137237
135604
141592
133868
143044
130636
127903
130636
139979
121012
110099
138690
136431
129020
129421
127341
142467
142467
147398
140847
130636
139812
104042
142467
135428
142467
144748
134170
110171
127013
140307
140291
142467
144077
147549
143613
135066
149969
132550
149999
143324
149999
142467
115529
137237
130636
125912
127903
142467
146945
137782
142467
126060
137615
135066
120671
146068
142467
138690
140847
149999
124053
137769
135604
125912
128365
120906
138134
146945
138030
144748
135066
147398
149999
142467
133003
142467
144748
138836
137769
131504
112431
139979
136351
132833
121770
127903
109903
142134
141268
146945
144317
146945
137769
136580
137769
143044
147549
150746
149999
147398
132617
150457
135604
142467
138800
130636
135428
142467
142467
141171
95730
133868
127903
147549
138690
140139
124424
142467
135066
146945
143613
135066
149969
146068
149999
137237
146945
146945
135066
149999
149969
138811
153231
126293
149999
146945
133491
142467
142467
149999
106818
142467
130636
150457
144539
132940
142467
136841
146945
141268
116937
144748
137769
142467
120671
130636
129185
146945
149999
149999
135604
104120
135574
112217
143539
135574
131948
137769
146945
135066
139812
135604
137615
119675
147398
135746
153231
132404
147398
139812
146068
133868
128976
143044
132404
121523
138836
135458
149999
96302
142467
149999
136580
123374
144317
142467
123472
143613
140307
132940
124668
139915
138836
150457
142467
133491
125974
135458
121523
127706
123374
132312
149999
142467
130636
142467
103259
133868
135066
123228
144317
149999
137615
135040
144748
144317
138690
119614
149999
104920
138690
146945
102730
139812
142467
117361
135604
132833
122177
136785
142467
126358
129606
130636
137769
142467
133491
144317
136785
119096
146945
91181
141716
133491
142467
146945
145477
139457
137615
130985
132087
135066
146945
133868
123061
129658
146945
134351
134879
141268
149999
141716
150746
146068
149999
139812
147398
133868
130936
141485
139066
126167
144287
137769
137769
142836
137769
137769
150746
120525
143497
141268
144748
135066
135458
135066
153231
144748
125384
142467
127150
138247
137769
132404
100719
146945
144748
149999
137007
127099
132404
121202
135604
143613
142467
120906
130803
123303
130636
135428
111930
153231
136779
147398
147398
135604
132617
147549
146945
137769
112551
144539
117125
127903
146945
149969
146945
130636
141303
143316
137769
132404
150457
141268
143497
123315
113206
144077
125332
126570
142467
142467
127903
136785
129997
113824
149999
126768
146945
147398
137769
125384
146945
122679
139812
149999
116796
137224
135604
133868
135604
101244
124879
146945
120043
135574
136841
141716
144317
120671
124879
146945
142467
119232
143613
130636
142467
109903
138690
138690
137769
129903
129303
135458
126293
140847
136683
135066
147398
130603
133491
142467
135066
118012
126358
141268
135066
128031
128383
143044
144317
125358
142467
136205
123228
142467
143613
142467
144748
142467
136351
149969
137007
149999
129421
137769
130636
143613
125332
124879
130353
137769
125332
142467
150746
139066
135785
149999
135066
146845
137769
126983
142467
142467
142467
144077
142467
149999
138902
135604
140139
146945
136351
142467
127903
144748
146945
142836
149999
135066
105328
144748
142467
129275
109992
149999
137769
128899
150746
133868
142467
124494
149999
135458
140847
121750
142467
141268
149999
134106
125837
130636
142467
142467
135066
137615
146068
146945
135066
146945
133313
135458
142467
135604
137237
130636
136683
153231
132087
128408
133006
131392
138566
129576
139720
149999
153231
149999
150746
133003
124416
149999
138836
137769
149999
132404
143539
128976
137769
141268
135458
128615
135066
149999
146945
137237
134599
149999
118523
133270
146945
143613
144748
125384
129421
146945
137615
130636
123867
149999
130239
144539
133868
137769
146945
144539
146945
143613
138690
131538
149999
149999
146945
138836
135574
146945
121858
132759
144538
139066
135458
138690
133868
129007
142467
142467
138690
142467
133491
150457
126293
146945
138690
137769
149999
135458
130353
135040
142467
137769
134879
125384
146945
144317
135604
136127
146945
135066
146945
135458
97672
149999
133134
146945
144317
144317
150746
122679
129170
137769
136785
116314
138690
138690
138690
143613
150457
141268
133491
138836
137237
132404
143044
146945
149999
147398
138690
135458
143044
149999
142467
125384
132404
118069
132857
141268
136238
132550
124787
135574
137769
132404
135746
147398
146068
147398
130636
137769
135066
137769
132404
127903
142467
131538
142467
138690
149999
149999
149999
137769
142467
139812
150457
135604
108128
133868
142467
146945
137690
149999
132087
132759
120306
144748
147398
144317
126057
146945
143613
135604
135604
146945
128365
141268
129708
142467
142467
149999
146945
124879
130207
127903
125384
120671
142467
135604
141716
142467
149999
123411
146945
142467
135066
128061
141263
137224
144748
146945
137769
146945
133174
124337
100027
124895
146945
138690
147398
120906
146945
144748
144538
132550
133868
144748
137769
144317
136062
133491
112408
138013
137769
128976
128976
142467
137769
144077
138247
142467
149999
136351
142467
135604
135066
135066
139066
140307
146945
127469
143613
143497
140307
142467
142467
132759
149999
129590
142396
125384
135157
137253
149999
135604
142467
123617
124879
147398
142467
120007
142467
134652
129239
113409
149999
123374
143497
121429
126983
136785
144317
130636
143613
142467
138013
112659
146945
142467
149999
143816
130636
137769
149999
117343
150746
147549
149999
146945
135458
139812
135066
140307
143613
126358
149999
135066
149999
147398
130447
142467
130636
133868
135604
149999
144748
126293
121523
147398
131180
128733
132404
135278
140432
142467
129606
146945
130636
150746
132808
142467
130636
133868
137769
124494
137769
150746
117708
138836
137253
144748
135604
147549
130397
150746
146881
137253
142467
135458
139812
150746
141263
146068
146945
132404
149999
149999
128966
126358
146945
149999
137769
135066
131392
135574
146945
147549
149969
136351
138690
147398
130101
135458
122591
144317
105781
146945
149999
126983
135066
146068
147549
142467
132404
122907
133003
138575
138836
140291
135458
140815
146945
119034
130636
149999
124879
114441
142467
137769
146945
141268
120671
143044
135604
135458
149999
142467
145064
142467
125374
135604
142467
117361
133868
142467
128680
150746
142467
119309
135604
139812
144317
107853
130636
135066
132404
136779
142467
150457
147549
146945
150457
126808
137769
146945
146556
137237
142467
137769
130669
146945
137769
138836
142467
135458
126293
99159
141263
135604
135604
129708
150746
136054
128061
142467
143613
149999
106307
135331
144748
130450
146945
128438
138836
143324
126808
140815
150746
132311
140291
124070
137690
146945
127903
114651
123783
134847
128365
146945
144539
120336
149999
146945
142467
142467
136841
135458
142467
149999
135066
125332
149999
135574
140291
138013
128539
146945
135458
144748
137769
132775
146945
138690
135604
147398
147398
133491
107570
117361
146945
137375
130450
133648
149999
149999
144539
149999
137615
110099
146945
136205
149999
137769
144748
131082
114457
149999
135574
149999
135066
141263
135604
149999
130353
137769
143033
132404
142467
140307
135604
142467
146068
149999
142467
131576
133868
126057
123228
133491
121301
135066
142467
149969
125384
149999
130636
149999
146945
149999
135604
132579
124494
150746
143316
130636
130636
126969
131159
136351
125332
132979
146945
134652
142467
135746
123187
149999
135066
123783
135604
135066
137769
142467
142467
142467
144748
131763
141485
128408
146945
147549
135604
137769
135458
146945
135574
133868
112445
153231
138690
135066
132404
135604
141263
137615
146945
121429
138690
146945
142467
141268
133491
137615
137237
138690
130636
146945
137615
131659
130636
135066
146945
150746
137769
94179
117502
135458
120671
150457
142467
137375
143044
136062
149529
141385
120007
144317
146945
128365
120671
149999
144317
149969
124002
142467
138690
143044
146945
128989
137769
136351
142467
127903
131616
133868
144317
146945
143613
146265
132775
133361
143497
133868
143613
137769
137769
137769
146945
