156447
157073
171469
165296
148892
156447
150377
163274
174751
155824
165296
146899
168309
165296
167580
165296
157320
143156
171469
139550
157073
154031
152021
171497
156447
174510
174510
165296
140078
152719
154768
158099
162239
161944
141295
157073
158920
164678
150132
150548
140342
152041
165296
143077
169687
171469
144364
163486
166630
169687
141067
156447
157073
160638
165296
161944
146969
169053
164723
156447
166901
163486
163486
162648
165296
165296
152021
168309
174510
165296
174510
142691
168309
163486
145851
161070
156834
165296
174751
167306
172335
154089
159868
174751
163486
150303
161381
156447
143156
157073
159052
174510
172974
169053
162648
164723
154768
149133
156447
151926
158876
174510
152719
145796
174751
166773
167427
165296
156447
167580
167580
171469
171497
165296
174510
141146
174751
158254
174510
174751
148891
156447
163274
160638
152719
142691
174751
168386
172335
163486
144117
139118
142460
155087
162648
163486
171497
166630
165296
171497
159868
156315
163486
155027
161070
163486
156315
168309
171497
163486
171497
142546
163274
166630
156447
171497
169687
137914
168561
174751
158099
142691
142646
168386
154939
152758
174751
147266
165296
163521
171497
171469
156354
163486
134134
157320
168309
154939
171497
138994
151446
174510
169687
161070
146498
163617
174751
161807
152021
152719
157320
172335
166773
162648
157073
145796
157121
163486
167580
169053
174510
161807
165253
150955
168835
154561
164723
164723
144364
157320
169687
157073
174751
174751
156203
155112
149469
166773
155541
149912
105186
156354
155039
169053
152339
168309
116329
158632
149623
153938
167049
153029
161944
146374
166334
157320
154437
142838
157073
174510
163486
154031
147062
156354
155641
154939
164723
150438
154939
164723
157073
157073
174510
136125
169053
150303
163486
165296
165296
171469
157320
168309
174510
157976
169687
149623
169687
161070
155768
163274
152719
146820
159106
157073
141012
149011
174510
163486
157073
163486
171497
169053
174751
149623
164723
157373
165296
163617
150082
163274
174510
174751
165296
171497
169053
168309
163486
157073
174751
161710
165296
159205
163486
171469
158236
169687
165296
158931
156447
168309
144364
158713
149623
154437
171497
161396
165893
152719
174510
167883
172335
145851
163486
165296
154561
163521
145319
158178
163486
156354
164723
141012
151926
168309
165296
164723
146563
145898
152021
140790
174510
166630
163617
139550
146041
158178
158931
174510
161460
169687
174751
150548
151926
139857
174751
161381
156730
149912
165296
174510
171497
163274
174510
144884
163486
166773
168309
168309
174510
151003
159052
168309
152719
169053
159900
172335
166069
157073
161070
122977
145761
152334
165296
158099
174751
174751
169687
149623
161070
168681
171497
163486
146374
161381
163617
165296
168309
152719
151040
163521
166630
165296
122467
142584
157073
146374
165296
158920
171469
163274
154437
157320
174510
158920
174751
156447
164723
156447
163486
135559
171497
154939
163521
171469
171497
143380
164678
174751
163486
143156
156317
163486
157233
144297
174751
157073
174751
149893
168835
163617
156293
155112
174510
154939
161396
151033
165296
163486
157320
158099
149912
171469
170204
156447
147210
174751
165296
154437
164723
174510
157073
161381
168309
174510
169687
161404
156315
163888
162648
137445
174214
152719
163486
168309
136702
168309
163486
157073
166630
142838
145796
166773
152758
174751
154939
146354
152719
174510
163274
156315
161034
163486
162239
171497
174510
152758
168835
171497
161944
163486
164678
145548
168309
171469
157452
150303
162212
160392
169687
174510
148892
153487
175036
161710
156447
163617
174751
161807
150851
154768
157073
161381
158254
154437
156347
171497
150303
144364
147350
162648
154722
161381
171469
160705
135723
149623
174751
169053
152719
174751
162648
157073
149623
165296
154939
154787
165296
152719
157940
163521
163486
161944
169278
143221
146899
162648
137999
157073
142691
169053
154031
145097
166630
168309
174751
165296
172335
161710
152090
150132
149912
161396
157073
155070
149623
163486
168309
168309
154939
168913
145796
145796
161807
169053
168013
165296
158290
166773
161070
163486
163521
162648
171497
162648
168309
174510
157073
174510
138036
171469
169053
169053
156315
143156
171497
133091
150303
166901
166630
152719
171497
163274
156447
154768
172335
154939
121755
158920
169687
154657
161608
158178
159226
156447
163274
167599
174751
133091
146622
161381
153633
142691
170204
168309
163274
168309
156354
161070
166630
142691
156315
166069
153633
160842
162735
134754
166630
157073
146889
167306
171497
157073
162212
154437
174751
145840
158920
131979
141146
168013
172335
154437
154939
157073
131158
163486
149623
151621
177670
156447
160639
161396
154765
169687
171497
161070
174510
169687
171469
168013
156447
174751
172335
151241
174751
152719
160392
166630
163274
151394
154643
158099
155908
149623
174751
174751
165296
163486
136594
174510
101156
164723
171497
171165
143950
157121
174510
145851
153734
163486
164357
174751
169053
163486
154657
142691
157320
164723
171497
163274
174510
143156
139105
171497
160638
172974
132268
132505
163486
164357
142691
157320
139550
142460
161710
163486
149623
169687
162648
158178
171497
149422
163274
152719
139349
174751
161381
174751
158099
169687
150303
169053
174751
159834
158920
155465
171497
158920
149562
160705
163274
151040
171469
164723
152719
157073
156447
154768
169687
141012
145510
157320
157073
157940
163486
146899
165296
150985
168309
158920
119837
148892
132105
149623
161969
166630
174751
171497
154031
156447
163486
167580
168835
118907
154437
152005
174751
145796
165296
166630
162648
156315
152021
160705
174510
156883
169687
149623
169687
161944
167306
165296
171469
171469
174751
169687
154939
174510
171497
169687
163486
172335
157073
161070
174751
163486
154437
153413
139428
164678
168309
150116
159226
152719
168309
161807
157073
157121
171497
163486
151040
150132
174510
165296
161710
171497
174751
169053
154939
131158
131226
171497
163486
146899
171469
154437
146268
174510
152082
154437
156447
167599
155039
143156
161710
169053
169687
171497
174510
164455
145850
152021
165296
151997
147000
160638
154939
162119
165893
154939
169687
144364
152339
151997
142699
163617
168386
144518
171497
153555
169687
174510
165296
157073
158920
166630
164723
153072
158920
151889
174510
154437
174751
163617
168309
158254
153487
168525
163274
171165
164678
151997
174751
165418
126742
154939
166773
155631
174751
174510
165296
169687
177670
161807
165296
156447
166773
158099
174510
150303
144364
161807
163617
160859
139428
158099
154437
174510
164455
163274
174751
163486
131923
161807
171469
169053
145795
143361
164723
161710
162648
170204
144963
165296
171497
165296
141028
146899
157073
169687
174751
168309
156447
174751
133889
161944
159900
149469
161381
157073
145840
170204
168309
156447
155641
163486
174751
143077
155987
165296
168309
142838
142691
165296
152719
157320
174751
174751
139428
151889
174751
174751
161608
129991
155407
174510
163486
152861
157320
154008
133091
165296
158178
154437
152021
148376
154437
163617
174751
165296
149623
168309
147739
163486
154031
165296
161807
171469
154657
143156
174510
163486
171497
174510
168013
142691
143495
150303
163521
153487
160139
168309
163274
149657
174751
168835
150303
158099
163486
171497
153072
154437
161070
163274
162880
174751
162648
162880
169687
154437
146306
174510
177670
125472
174510
154768
174751
174510
174510
163617
159217
163617
157073
169687
157073
152719
161381
172335
174510
171497
154657
150377
174510
159900
162239
165296
171497
156447
171497
156447
147266
169053
132426
164455
171497
160638
157073
158099
163486
165296
161381
141146
154643
162648
168309
171165
163486
163617
165296
157073
156447
157073
154555
141218
174751
146899
154437
158920
170204
144143
161710
165296
157320
144884
157073
163274
145796
154437
163486
162648
174510
174751
171497
156447
153936
154939
162880
174751
146584
171469
161807
165296
161381
169053
160135
168309
149657
152300
154001
147266
157073
165296
174751
154939
119711
142392
159868
163486
165296
151933
152719
139118
165296
171469
158713
166630
157073
158920
169053
174510
174510
160705
163617
155394
166630
162648
166316
152719
168309
165296
163486
146354
174751
169053
169687
161807
146374
152719
174510
124140
145796
159052
147988
171497
174510
157073
163617
158920
168309
155544
144364
156700
161381
165296
174510
144364
152339
166419
163486
169687
144980
163486
161070
164723
162648
174510
146794
158099
142691
161070
168309
163274
171497
163486
158099
171469
153413
154939
143156
165296
166618
165296
143077
174751
163888
171469
165399
166630
164678
157320
166630
157203
154031
164723
167306
142449
167306
155027
162648
171469
152021
160392
147493
157073
171469
168835
142691
172335
171497
158099
165296
147266
152021
157073
153633
163486
154437
154939
157121
172335
158099
159900
154437
171497
145193
153029
166630
152719
172335
156447
165296
171497
144315
156447
171497
157073
163274
147988
157320
147373
155088
131979
165296
152719
146498
147266
157121
164723
157073
153487
169687
168013
171497
150303
146649
152719
161944
146962
174751
124868
157320
152339
169687
169687
147678
165296
169687
174510
168913
172335
149133
161807
156317
154768
156447
165296
171469
174214
165296
162880
141146
149303
164723
163617
147241
163486
168309
156913
163486
154939
163486
163617
154437
156447
147207
159052
165296
168835
155768
180952
154722
154939
168835
169687
174510
164723
156447
174751
154031
163486
174751
174751
166862
139702
161710
141146
169053
160638
146041
158540
174751
158236
152021
171497
163486
157073
169053
161710
165296
168309
142838
144884
169278
136332
163274
151997
168013
136040
174751
159900
174751
174751
163486
174751
130205
154031
163617
151997
169687
166630
156447
157073
165296
149912
174751
162119
161070
131367
174751
160638
156447
164723
155612
153413
161710
168309
163617
162648
162880
158099
174510
161381
162119
164678
158125
174751
127355
154437
157073
145187
161944
158178
154939
165296
166630
142691
152719
174751
142307
164678
156447
163486
165296
157073
137294
171497
142646
163617
165296
174510
154768
174751
177670
174751
156447
161807
165296
163486
150303
153633
164723
174751
161807
157073
167580
145796
158178
174751
125023
154437
163486
171497
159599
164161
165296
163486
156447
175036
171497
155018
156171
149361
169687
164678
149623
160638
151926
163617
159226
165296
158099
140275
163486
174751
162648
172335
154437
174751
169687
147266
174510
120308
163486
156315
162648
143156
162648
168309
155027
114345
165296
152758
168309
128397
174510
163617
165296
108700
149276
148412
169053
177670
169687
171497
163486
152339
154939
169687
177670
163272
152080
158425
157016
143380
162648
161807
177670
177670
156447
174510
162880
131926
158254
149912
126525
165296
154437
163617
154939
141231
152196
160638
163486
174510
165296
174751
145851
140275
157073
161608
172335
164723
156354
163617
163274
150132
161460
155018
171497
136104
163486
174510
162648
162648
171497
174510
144051
157073
163486
158236
150442
150881
153758
160392
162880
166069
171497
174510
146889
163486
171469
174751
163486
158099
156315
169687
165296
158254
145851
161070
163486
174510
174510
156447
163486
151926
154498
157073
154939
147988
152861
168309
160842
171497
170204
163486
167580
157320
162648
156730
171497
165296
138455
149623
152861
168913
111017
142691
143156
153487
174751
159052
174751
169687
138036
150116
135394
131594
157320
161944
162648
151926
149923
153072
154202
174214
152719
161381
174751
156447
169687
165279
157073
139118
156447
168309
174751
163274
169053
156315
172335
161070
161381
165296
157073
157320
168013
158099
168309
151040
174751
171469
153938
157692
174751
155018
174751
157073
169687
163521
163486
168309
171497
165296
165296
157073
168835
174751
156447
154904
157073
171497
162078
145548
158099
149698
171497
160638
168309
171497
154031
165296
169053
149623
174751
149623
156447
138036
174510
145193
171497
171497
155824
156447
165296
148573
171469
136684
152719
161944
163486
166630
158099
169687
171165
174510
174751
154641
146374
174751
144364
174751
163274
158099
164678
174751
153050
168309
169687
174510
153413
156913
158099
154498
157320
141855
161381
162648
156315
165296
158099
160392
165296
168309
168309
152719
168309
157073
166630
145851
145089
157073
171497
174751
174751
163486
161710
136040
160767
174751
154939
165296
171497
159226
154939
155544
132426
137315
171497
174751
153413
174751
154768
158236
160638
169053
169687
163617
169687
110912
168309
146263
169687
138700
144884
165296
161381
169687
154437
151887
174510
174510
161070
174510
168309
169687
166618
161070
152021
174751
163486
163617
175479
174751
169687
145796
165296
163617
163274
157320
156447
166630
157320
157073
151926
142691
143077
157073
157073
166630
163884
157073
158125
163486
174510
174510
171497
145796
163486
154437
147000
161944
163486
158370
151926
157320
163486
174510
154768
151003
170204
154437
131440
155818
146899
167049
140275
128838
154031
154722
139229
147259
152435
147588
165296
154939
161381
158099
171469
131594
169687
156447
158920
157320
157073
145840
157073
154437
158099
174751
175036
154031
150144
157073
163486
156447
165296
167788
156447
163486
169053
145796
168309
174751
174510
157320
157073
165296
156447
141028
153302
157121
156447
160842
149276
163486
156447
163617
158099
161381
154437
154437
150883
166630
167580
158236
164723
163617
174751
145796
174510
151040
165296
149657
163486
171497
145796
167049
154031
162648
166069
161381
170204
163486
161460
159424
171497
151217
122125
159052
169687
145089
157976
174751
157073
165296
163486
149912
171497
171497
162648
174510
146819
174510
174751
154939
163486
163486
152089
158099
152719
163486
168309
156723
156447
161944
150650
144117
161070
169053
142525
172335
174751
155112
152021
145796
159900
162648
156315
163486
133091
158254
162648
163486
165296
152719
144692
158436
153367
163617
159052
157073
174510
156447
163486
168309
158540
149738
164723
159106
174751
162648
159878
174510
145796
163274
157121
166630
157073
174510
166630
163617
174751
152758
151926
156347
153487
171497
144364
152719
153413
148892
162880
165296
152021
163617
171497
127440
151926
163521
161381
174510
171497
154939
162648
160638
156447
163486
149623
154939
165296
165296
162648
149133
156447
158425
164678
164723
157692
174751
154294
156801
168309
137294
142452
161381
166773
145851
170204
155882
162706
177670
145796
161381
167580
174751
174751
169687
169687
141171
166773
161710
161807
154437
157073
165296
158125
174751
161070
163272
163486
159106
169687
137999
150303
169053
171497
157452
161710
170074
152991
151548
163617
157073
157073
156447
161944
171165
148892
154939
174510
126882
169687
168309
158920
154939
138625
169687
160638
157073
149010
156447
174510
153367
171497
152719
162648
169687
145796
161070
163486
164014
174510
157073
168309
161944
163617
148334
154939
128859
143380
165296
167788
154919
171497
133091
148215
153147
160638
162880
162078
169053
146037
147000
165296
135501
154939
163617
171497
161807
151564
141164
172335
150132
163486
171497
145761
141003
149912
163486
169687
163486
156447
166773
174751
174751
157121
163486
171497
161381
161807
160058
149133
152719
145864
159900
138583
153072
157073
157073
169687
161807
174751
161460
171469
121800
163274
135030
164678
165296
154437
157692
152719
174751
142855
163274
161381
150303
157320
160979
152719
172335
142691
165296
161944
145796
156447
166630
145796
166901
170074
139118
165296
156447
165296
165296
171469
174510
153413
174510
174751
159226
171497
168309
134008
163486
171497
169053
141146
163486
171497
138971
157073
162648
162648
174751
168309
145231
148573
156447
166630
171497
165296
171469
160638
156447
141012
149469
163486
154437
163274
165296
145851
161381
174510
167788
165296
163486
152124
161944
163274
156447
153413
152785
134390
156447
169053
180952
145851
155818
152719
168835
144347
142691
158099
160638
171497
142691
163617
166773
169053
164723
152719
166630
174510
165296
163486
150132
157233
171497
174751
155465
145796
173507
158099
157073
163521
158254
167580
161943
155087
174510
165296
139352
174510
156447
171469
161396
171469
161710
158254
162648
158920
140769
158425
157073
165296
171469
139105
163486
146899
145796
148662
164723
165296
151997
149623
161944
165296
162648
152719
145796
147207
149623
157073
171497
163486
161710
154437
162648
129321
174510
157940
157073
155087
174751
150815
149011
138542
153487
145555
164678
152719
154437
132638
150082
165296
174751
136104
143028
166419
163486
160638
161944
172974
158099
155112
173250
132426
161807
167788
152719
177670
174751
169278
146899
169687
164890
163839
165296
163486
154657
171497
157073
158920
161710
146640
174510
167580
163486
137294
163486
157073
174751
154939
162648
157073
168309
151926
165296
156447
156447
161070
162880
155824
164723
174510
146899
160638
158099
142838
169278
168309
145796
154641
150116
134754
174751
174751
157073
169278
148876
174510
156447
174510
154768
139205
150851
165296
146899
156447
171497
171497
165296
156447
154031
172335
159868
167049
154939
161460
163486
165296
160638
174510
162880
146899
169278
165296
155544
156447
161710
152758
163274
161745
149623
161807
174510
165296
163486
156447
177670
177670
142838
159900
165296
161807
161381
155112
158099
165296
164723
156447
152339
169687
148892
163486
174751
149403
162648
162648
164723
149623
159205
139118
168309
142838
169053
161070
166630
154768
174510
165296
166862
174510
171469
128838
146467
163486
152758
155027
171497
177670
152719
163486
174751
150303
163521
161519
153413
160705
163486
157073
157073
142691
163617
161070
162239
147892
150303
169687
154768
174751
172335
171469
164678
153022
163274
162648
168835
161944
156447
152719
174751
139349
152339
165296
157073
174510
154768
156447
120145
171497
163617
156447
169687
162648
162648
169053
157073
154031
174751
155544
163486
165296
163486
160638
177670
156447
177670
133091
163486
169687
171497
141146
167306
161807
164723
165296
165296
174751
169053
165296
152719
165296
174751
161381
159052
174751
174751
163486
162880
163521
154946
152719
174751
162880
152719
154437
158254
155544
166630
165296
161710
113657
169687
166630
126294
156347
139452
174751
168013
169687
157073
163486
149623
163274
165893
150303
158099
154768
157699
163617
146037
161944
142037
156447
152339
163617
163486
174510
154939
158099
165296
154437
154031
145089
145796
148215
150303
164357
164723
169687
161070
118765
165296
163486
161944
165296
161944
155394
171497
169687
139627
161070
162648
163274
161945
165296
169053
171497
166593
144347
162648
174751
144364
168309
152719
139048
163274
165296
157073
168386
174510
174510
169687
171469
144388
154939
156447
159900
171497
163274
152719
171497
163486
163486
174751
156447
174510
169278
147525
150883
143403
136104
156447
152089
150303
174510
174510
153734
163617
160638
168309
158099
158920
156447
157073
163486
174510
165296
163486
156447
156447
166630
174751
154031
144591
163486
174751
149623
169053
169687
162735
171497
168309
174510
141146
158931
156447
168309
174751
161944
157073
156354
164723
165273
169687
154657
163274
160063
151926
145796
163486
164161
156447
154657
169053
155987
156447
165296
157320
162645
171497
148199
170204
144266
165296
161034
163486
159900
169053
174751
139328
145796
165296
165296
171497
163617
174510
168309
171497
168309
151997
150303
161945
158931
163486
135723
174751
142826
174751
152719
174751
168309
171497
142691
168013
162880
169687
156447
174510
172335
171469
159900
152021
162880
154939
153734
156700
147944
168309
161807
163486
165296
174510
161944
165296
174510
163274
177670
145796
151923
164678
161070
158920
169687
145796
152861
158931
171497
163486
169053
161070
161807
163486
174751
167306
151470
162880
161807
155112
164723
163617
174751
163617
156447
152021
164678
163486
164678
171469
165296
142838
164678
161396
165296
154768
171497
163486
171497
163486
158099
163486
145548
153449
169687
165296
174510
161396
155394
174751
169278
174510
172335
174751
157073
158099
149276
174751
163617
131158
142691
169687
154437
152339
171165
174510
174510
154768
160638
160638
154939
174751
171497
164678
152316
157073
174751
152080
143024
156447
138314
154643
156447
169053
152719
150132
174510
171497
167788
158099
165296
174751
169687
175036
156730
152719
153734
161807
172974
168835
171469
161003
165296
157073
154770
171469
154768
174751
152719
171497
174751
168309
134899
174751
168309
161807
158920
160638
157416
165296
156447
154768
156447
162078
174751
153683
163617
157073
166069
163521
165296
161070
157073
157320
149472
165296
165296
138625
162648
168309
167580
161807
136160
155583
139349
169687
157073
169687
157121
166593
165296
169687
142398
159900
149469
168309
165296
161003
161003
156447
174751
157976
151040
160638
163274
156447
144364
163486
171497
163486
136332
156447
150708
154437
141471
171497
144117
174751
174751
161807
157121
152944
168386
163486
151926
169687
147247
155087
168309
174751
174510
168309
145304
171497
165296
149912
153403
147525
174510
154939
174751
168309
156976
154437
152719
164723
174510
165296
