128701
127141
114271
129676
119350
130421
117988
90231
121016
135076
126459
121270
93149
126459
126459
123659
109567
105685
128701
128701
130421
116138
126459
123659
111842
110036
112882
105685
119085
137003
120712
129676
119085
112961
126459
103995
130421
132429
132429
126459
128672
130421
127141
106749
113051
126459
128174
117748
137003
124377
122814
119456
128672
111104
130421
128672
106342
128701
126952
130421
116923
108379
126459
106530
119962
119872
137003
126459
118684
120752
120712
116138
81684
126459
121910
134250
132429
123659
99541
116138
113051
132429
103995
114171
105007
124377
126459
128672
121885
117681
125806
111104
119085
94664
126459
126459
111104
126459
116138
116138
126459
129894
92187
89994
121577
97206
124070
121885
116138
105685
130421
93789
134250
105663
111104
129894
105663
128701
126459
108974
130421
126459
128701
134250
129676
121885
123659
105663
105685
119085
113051
128701
128701
123505
116550
120230
120712
97606
128701
119456
130421
120712
128701
116492
116696
128672
101111
105685
121270
124070
126459
120712
123505
129894
134250
126459
120712
130421
126459
111104
91158
126459
129676
121885
105295
119456
121016
130421
127141
126459
102590
126459
128701
111104
126459
126459
129676
116138
127141
103581
93104
109355
113603
81347
120752
120712
103995
111104
134250
132429
126459
121270
121885
126459
111104
119085
127141
129894
120712
128701
118746
127141
126459
121885
129676
113836
124710
105685
121270
90277
119814
119350
118934
119188
130421
130380
121885
126459
120712
126459
120712
113603
126459
113709
127908
119456
106576
109328
126459
132429
103542
102002
110890
119350
128672
126459
91960
118746
103995
121910
116696
137003
139650
120712
126152
127247
121885
128701
121885
128701
134250
120752
126459
109328
120752
105685
128701
120752
123659
98373
126459
130380
119456
137003
130421
119456
132429
128701
126459
116600
128701
129894
111736
132429
130421
118746
130000
126459
120712
111104
121270
129894
137003
96872
119456
119085
103995
126459
92187
126459
126459
126459
125847
130000
128701
128672
128701
120712
120712
121270
126459
111104
130421
126459
135076
121885
120712
107480
129894
124710
83486
125207
105498
82868
132429
129990
126459
126459
128672
97606
134250
128672
123271
113603
126459
100694
95540
118684
126459
128701
116138
121885
123659
117105
128672
105685
112961
126459
116696
57112
119350
127334
126459
117119
123695
105685
116696
116138
111799
82212
121270
126459
126459
126459
104923
124127
137003
118746
129676
132210
124377
97606
126459
121270
132429
129894
123494
134250
130000
126605
120712
116138
124377
128701
126459
124127
126459
120712
124377
124483
121910
121509
99625
121270
126459
126952
128672
126459
123659
124857
120712
121016
123659
112961
119085
116923
116138
101089
84024
115656
129676
113709
120752
105347
121899
139650
114171
126459
129894
99487
126459
124377
124710
128701
101111
124710
120712
120712
124127
130421
105685
121885
116696
118746
132429
128672
130421
119456
120712
125101
60852
105685
126459
119350
129990
116138
108696
120712
128701
126459
126605
134250
124710
116255
127141
129676
114161
126459
128672
126459
129676
105685
121885
90383
126459
115976
108064
99553
101939
126459
84712
127141
121885
126459
130421
116138
124377
128701
111606
109119
135076
132429
126459
86742
90835
128701
126459
119350
105685
123659
126459
121885
108308
132429
123258
123312
120712
99843
126459
130421
116138
129676
119521
121885
126459
129990
126459
132210
130421
105685
