97905
99484
91223
108917
100632
106779
99484
109179
93578
100632
109179
100632
96852
100632
80742
82146
74102
96486
100018
94911
95713
91865
104123
94742
100632
103275
87850
79737
86886
94990
98494
75357
69619
75315
103275
103809
61050
103275
97456
108917
105388
85628
96852
89620
88240
101111
84510
100632
100632
100632
87084
99484
92732
88526
99484
87687
108917
104123
100632
109179
106779
100632
85619
108917
100638
97905
91606
101111
103275
59719
100632
103275
100632
100632
88240
96145
108917
91865
100632
98494
90494
51650
108917
88303
100632
83535
77334
100632
94509
98655
94742
100632
89944
100632
86543
95586
105388
112683
91865
88879
91865
91865
93045
85619
100632
83535
95586
108917
104123
100632
98494
104123
90686
95586
100632
91981
91205
90494
79737
100632
98973
82054
88240
95469
111041
105388
89319
92812
77893
103275
74102
108917
86463
91523
100632
103809
91865
105137
94990
96117
85619
85764
88949
103275
81528
91865
98494
100632
109179
95838
97905
99484
99484
100632
101111
106779
100632
100632
58975
105388
95469
98494
80625
109179
94990
106779
103275
94742
88240
91865
100646
99484
103275
106779
100632
89007
97905
88109
100646
98655
100632
88240
90236
114821
105388
77501
99484
100632
114821
106779
85619
94875
91223
100632
84009
74102
88240
100632
91806
100632
97905
100632
91702
94509
105388
77871
69799
108917
94990
91865
75172
105388
106779
97905
94742
104123
108917
102049
98655
108917
100632
104123
101111
94742
91205
96852
99484
89626
103275
100632
86384
89787
97268
96852
97905
86384
100632
88085
77340
99484
77334
77690
100632
100632
100632
109179
96852
105388
94742
85619
94742
97905
97268
100632
94144
97905
103275
94742
106779
100632
78648
88240
93045
94990
79785
98655
99484
96852
94996
103275
114821
96145
96852
93045
104123
109179
105388
88739
85619
86725
103275
100632
96486
100632
77200
103275
82432
85619
100632
100632
91199
100632
103275
86223
100632
101111
100632
94742
101111
106779
104123
82944
111041
82887
94990
55837
106779
100632
88475
77334
91865
103275
98655
96319
103809
100632
100632
100632
108917
101111
103275
70599
100632
88240
88085
114821
111041
87687
88983
106779
86223
77334
100632
85619
108917
100632
91865
95303
94990
81243
101111
80552
96517
74854
99484
100632
81201
111041
85619
96852
108917
75584
100632
99484
97905
86886
100632
99484
100632
91466
100632
99484
94990
91199
72820
88571
100632
74102
88665
94990
91865
61719
71452
99484
78210
92136
99379
104771
81397
84480
81237
109179
76570
78884
90236
98655
97623
100632
100632
98494
99508
94742
106779
99484
96852
86384
108917
73167
82887
103275
103275
100632
98494
79755
90624
96852
94911
87194
111041
100632
91678
78357
100632
100632
96317
98655
104123
111041
96852
104123
100632
100632
89776
97604
108917
91523
94144
94911
103809
90494
100632
96852
108917
98494
106779
109179
100632
114821
87071
94742
100632
97268
100632
74102
103809
99484
90826
91865
99484
104771
100632
108917
103275
72523
85619
82547
100632
91865
99484
100632
99484
85619
108917
85194
88557
91205
86384
105388
105388
94213
100632
84858
99484
95586
99484
91865
91865
100632
71458
95872
114821
100632
103275
100632
88240
109179
100632
100632
100632
98655
76408
94742
108917
102049
84031
100632
92136
82887
72737
78357
