152795
128377
138049
143378
156216
153012
127803
144663
120124
132432
123828
153007
149573
127803
138409
149573
143110
151929
148508
116320
132430
156216
135636
135636
121656
139957
145286
143110
151661
135636
140174
149573
124239
116582
151661
132215
135636
142678
128993
143378
135636
144487
139474
103359
128993
129785
151929
161447
141613
156216
142410
143110
127866
135636
120124
98495
127541
156216
149573
116111
143378
96133
142084
132551
141204
151929
151929
135636
144176
151661
117923
143691
122304
152795
151929
143378
128993
143378
135636
146364
143110
142678
131953
149573
149573
151661
142678
152795
156216
127783
136735
131005
135636
140174
145935
139257
102058
95147
152795
141742
135020
116899
151929
142678
119616
142899
119616
142678
141742
146364
139957
105168
132432
132186
145297
143110
150819
149573
123748
142678
143378
127173
143378
139957
101734
143378
137214
137727
143378
135636
144270
134752
151929
135636
151929
149573
124444
129502
146364
135636
116130
139035
145286
128377
136735
126645
143378
153007
135636
135368
140196
130254
143378
119616
143691
134426
143378
143378
132215
135636
146029
136735
161447
156216
151929
161447
153007
120052
117430
135636
135636
137504
143378
140174
143378
140094
135636
151929
142678
146364
145900
142410
137554
135636
121792
142678
112425
127783
151929
136149
140174
142678
158026
139257
138409
152795
156216
149573
153007
143378
143378
131314
135813
127358
140174
136832
156216
127166
142678
141631
143378
136735
128993
156216
142678
142678
149573
151929
135020
135020
145935
134426
145935
135020
115591
145286
126633
143378
134173
151929
128993
142678
142678
136132
136735
139474
153012
145286
127358
139474
143015
139474
151661
142678
120110
139353
116899
136735
116596
114744
111097
151661
138880
143378
144487
156216
138430
141816
143378
131005
145286
114419
139957
151661
142678
143378
111321
142678
144176
153012
127803
143378
125400
143378
140704
140174
143378
143110
138409
143378
132116
151929
130425
135020
137448
161447
146364
148725
143378
143378
127803
151929
132179
142084
139474
134426
154804
135020
135368
142678
142410
153012
151661
140557
104808
136035
119578
135636
135636
151661
135020
113677
134173
142678
136735
143110
125622
124833
154804
143378
143378
145297
142678
117105
125248
108622
139257
142678
135636
129785
156216
143378
152795
135636
161447
135020
151929
132790
139257
132215
143691
146364
117830
143378
135813
141742
151929
156216
139957
140174
138025
151929
138654
116670
151929
145900
134752
140174
158243
145029
128993
122982
136735
151929
146029
134173
127641
123768
142678
135636
115785
142410
139025
135636
131262
146364
156216
143110
140557
156216
138409
139957
143691
149573
142410
131340
142678
156216
131168
132418
151661
135636
143378
142820
131486
143378
148725
151661
151929
154804
133191
141742
143378
135636
156216
154804
156216
154804
130328
115385
142678
123909
152795
128377
118648
143378
135636
152795
136035
143378
138460
143691
143378
105331
158243
128993
143691
130688
142410
143110
116811
149573
156216
135636
142678
146029
142678
140704
149573
142678
130911
143378
151661
145286
143378
153012
149573
143378
127068
142084
142678
149573
143378
152795
121179
120320
138409
136035
135020
137136
132215
151661
143378
156216
143378
143378
141631
151661
131340
102564
127783
125320
143378
151661
139689
142410
126728
142678
127541
121448
134158
123768
132432
148084
130313
143378
149573
151929
141742
143378
141441
142678
151929
133763
151929
156216
131587
125449
142678
149573
153012
151929
135636
140174
161447
105348
124700
116347
151929
146364
139353
126728
146029
143378
143378
142678
142678
142410
143378
124444
139035
135622
143378
143378
143378
126662
137092
138460
132432
139257
145935
151929
116582
146364
110847
143378
115082
143378
142678
143110
123307
143378
127783
106415
134752
135636
113876
151929
151661
149573
128377
132491
143378
151661
149573
117264
135636
146364
127783
143378
146364
128834
117116
142084
117880
151661
161447
135636
151929
143378
143378
138654
135636
119551
119551
141613
149573
156216
135813
134536
156216
131710
117116
141204
139474
131340
143378
136035
143110
132215
149573
141441
125354
148084
143110
143378
135636
142678
153012
140704
125449
134173
148389
121034
112315
135636
152795
143110
143378
120994
134239
156216
153007
142188
135020
143378
158026
141742
143691
143378
143378
149573
142678
156216
138430
134426
117880
136035
133012
126591
135636
121597
130328
135020
128993
151929
110217
146029
128993
149573
151661
161447
143110
149573
156216
153012
138409
143015
152795
146364
127358
122598
136735
151661
143378
143110
143110
151661
127166
129540
140196
142678
123154
142678
139257
126881
140174
135020
153007
129967
154804
143378
115385
153007
135226
149573
151661
149573
110924
143378
151929
151929
143378
151661
135636
141048
136035
146029
135636
151661
153012
131816
135020
135636
146364
143378
148084
151661
151929
142678
135636
135636
112346
135636
122598
146364
136262
135636
127296
142084
136417
142410
135636
135636
151929
106078
129935
151929
122459
149803
140297
129180
146029
145935
151661
135636
145286
143378
143378
139474
128377
126510
151661
135368
128993
142410
142084
142410
138430
121478
142410
133191
156216
135636
138409
142678
142678
139957
127011
139471
151929
149573
143110
151661
135636
139353
151929
143378
143378
143378
146029
135636
143378
134505
148084
142678
121792
153007
140704
151661
141631
141204
153007
117937
134426
143110
151929
142678
153012
133012
152795
129226
120124
141816
140174
138409
139957
143378
135636
135636
151661
145935
156216
146550
127424
131855
149586
143110
120946
140174
141816
137504
119983
143378
149573
139353
149573
135636
135636
153012
122441
146364
113073
143378
143378
126944
148084
143378
143378
110372
134426
149573
156216
139035
142678
148084
143691
148725
135636
117097
133429
112360
149573
151661
133763
116868
128091
138663
151661
135636
114047
131816
139957
132430
125354
146364
143378
121034
146029
148725
147280
133012
151929
139957
119231
143691
143378
135636
135636
149573
135636
133712
127166
139257
132432
147691
142410
135636
135636
149573
149573
135636
146364
156216
149573
149573
154804
135368
140174
132215
136417
139957
135636
153007
161447
145052
140174
143378
144178
134426
124619
143116
120666
138521
141631
148084
142410
127540
153012
127011
142678
130254
139689
134426
135020
151929
127369
136392
149573
143378
151929
135636
148725
125119
152795
149573
109255
98669
135636
142678
124813
161447
130852
161447
145286
136035
92088
86826
135636
143378
143110
142678
143378
151260
141742
113987
127231
143378
153007
142678
136392
143378
145052
131314
136035
151929
143378
113636
138457
156216
116582
135368
143378
135636
152795
156216
148725
144176
142678
139689
131486
161447
135636
135636
99199
149586
128993
143378
126728
135636
148725
153012
148084
151929
149573
143378
135636
139957
151661
149573
125732
135636
138460
139257
152795
140557
143378
138409
119662
151929
134173
135368
133012
126833
146364
143378
134306
143378
131599
148508
152795
134158
146029
143378
156216
128091
139257
154804
143110
146237
132432
140174
151929
134865
126390
142678
142456
146364
143378
143378
126728
118209
131599
143378
139957
136417
148508
131262
117880
123598
142678
142084
149573
158026
128993
143378
141742
142678
134426
121034
120124
152795
133914
143691
97048
122097
141742
128091
117880
146364
125354
151661
141742
132215
124911
156216
143378
149573
142410
135020
135636
151661
156216
143378
100854
142678
139085
145286
143110
110654
136035
138654
133628
151661
143378
156216
131816
131262
134273
135636
134273
154804
116844
129935
143378
135110
108613
154804
101795
142410
143378
120320
156216
133012
136735
128993
143378
133191
130640
151661
143378
131262
140174
134426
125354
143110
101795
153012
143378
105667
139677
139957
128993
143378
136035
153007
135636
109674
151929
149573
154804
143378
146029
128993
151929
143378
140969
141441
142678
134770
143378
142678
135636
148725
139252
143378
109545
142678
101233
151929
135020
142410
116950
143691
153012
148084
143378
140174
136417
149573
121160
149573
129191
149573
143378
139257
145935
135636
139957
135636
135636
151260
135636
124753
143378
145900
141613
101810
143110
139474
126845
132432
119551
143378
143378
144270
149573
132430
149573
117880
143378
142678
117201
135636
149573
149573
152795
114163
63039
139257
145900
135020
144467
135636
132215
143378
96727
139474
136735
136735
135636
139035
154804
143378
128449
131262
152795
151929
143378
149803
135020
127296
154804
143378
144176
138460
149573
135636
101233
151661
116670
147691
126055
135636
151661
124208
111216
151661
156216
151929
127296
135251
142188
142084
152795
140174
125320
142678
129141
132215
149573
135636
143378
146364
135216
135636
143691
135636
142678
135636
128993
115417
135636
125648
155948
151661
136735
143110
119181
136035
142678
138359
146052
138409
140174
125449
143378
146550
120052
115542
142084
142678
135636
135636
142084
139252
143378
115721
142678
146364
151661
151661
131816
142678
135636
156216
151661
140969
151661
143378
130747
126728
115568
135368
156216
144176
135636
143378
149573
123598
148725
152795
135020
146364
143378
109466
132215
142678
146029
140174
142678
135636
151661
153007
143378
149573
136735
142678
138409
146364
149573
151929
134536
144176
148084
156216
107253
151929
145935
137957
139689
140174
143378
151929
145286
132215
135020
142678
151661
149573
142509
136417
140704
126728
151661
131340
138460
129180
154804
127823
142678
128377
142678
139035
139957
143378
142678
161179
134158
139257
143378
125648
142678
143378
146364
143488
151929
140174
143378
146364
135020
154804
124239
149573
151661
136735
131599
151929
156216
151661
126885
136735
145286
146029
117616
143378
135636
142678
143378
135020
142084
151661
146029
149573
149573
156216
143378
142678
131816
150722
135636
153012
149573
135020
139957
140174
122449
135435
129277
135368
135020
135636
131599
141848
109322
143378
128377
151260
142410
151929
146364
135636
133785
142678
145935
143378
139474
156216
100887
135368
151929
140174
145286
139474
143378
143378
140174
151661
144487
142410
127296
136417
143378
136735
143378
135636
134173
125622
151661
119846
120771
123154
134273
109128
152795
132432
135636
135020
120432
140704
124610
135636
119846
155948
134426
139957
135636
143378
142084
104942
128377
134426
88325
142678
112272
139957
136035
135636
139677
135020
118360
153007
132215
127166
149573
151929
153012
143110
143378
143110
120320
138209
108622
135636
144663
134173
150819
143378
113677
127823
154804
140174
144270
146029
140174
88435
135636
127770
138654
143972
136035
151929
108739
145935
143378
125449
116582
116868
145286
153012
143110
152795
145297
149573
136035
143378
131599
143110
143378
135636
149573
145029
114026
149573
135636
143378
143378
135636
120124
134426
117923
156216
151929
149409
146029
142678
143110
135636
154804
135636
142678
135636
151929
142410
135636
135636
142084
143378
140557
128029
135636
143378
151661
143378
125467
143378
142678
151929
135020
143378
151661
134173
143110
135020
131361
97397
135636
143378
135020
122363
127758
124833
143110
123159
110372
156216
135020
154804
151661
145029
133860
135636
143378
127166
142678
156216
128993
143378
137590
135216
126658
119016
143378
143378
138430
146029
111306
111240
142678
149573
156216
151929
132116
135020
149573
143110
141848
123910
128993
142678
152795
149573
143378
161447
143378
135636
125970
149573
143691
143378
143378
128861
143378
127541
151929
151929
143110
136035
125970
149573
135636
125996
135636
151661
137554
149573
120320
140196
135909
140174
145286
120994
103704
141048
135636
139252
140174
143378
158026
142678
142084
149573
131340
146364
143378
143378
128174
135636
109939
136417
151661
135636
136417
139353
143110
131262
111784
153007
151661
142678
123768
133191
120320
140174
142678
103257
140174
149573
129913
136035
156216
131599
146364
135636
135636
139957
144176
127361
143378
127558
135216
134752
143378
144176
145052
156216
151661
132179
143110
143378
151929
123154
143378
125970
153012
113703
132215
127314
135166
135636
139957
119616
129935
128993
151661
135020
140174
127823
139353
120320
116763
141848
143378
152795
143110
135636
144880
133161
156216
142509
149586
143378
120052
135636
131340
151929
151661
142678
151661
151929
139474
147691
143378
102472
153007
135020
145935
135020
139353
149573
146364
116934
134426
154804
143378
156216
142678
151929
135251
143378
117116
134426
119924
120320
142678
142084
112291
116130
141742
131816
143378
148084
143378
150819
143110
143378
143110
143378
120283
135636
142820
143378
143378
126728
130808
149573
142456
138460
136417
128377
156216
151929
130994
143110
125449
153012
135813
143110
143378
151929
135636
113677
100446
146364
132710
152795
123768
154804
125648
135813
156216
135636
143378
139474
152795
134426
120320
143378
151929
153007
136735
151929
130254
121803
135368
151661
123676
140174
142678
151929
151929
143378
136035
128834
146550
126885
124997
151661
136035
117228
151661
142084
146364
143110
127837
140557
143378
146029
140174
135636
128993
149573
146364
116899
146029
149573
153012
120124
143378
154804
135636
135636
134426
134173
138409
143378
153007
119076
153012
139957
135636
143378
143691
151929
151929
143378
132430
128993
139474
142678
143378
135020
151661
151929
141048
143378
135636
140174
146364
156216
128993
148725
151661
156216
135636
135636
144178
135916
151929
135020
131314
134158
140737
113347
154804
153012
156216
142678
153012
135020
149573
134426
125449
161447
120320
130758
151661
107999
128243
143378
137329
135020
134752
141631
135932
151661
117097
143378
156216
131599
116582
117116
140174
142820
138619
142678
136035
142678
151929
139957
140174
141228
135020
149573
141742
135020
109364
118486
145286
117880
135020
145286
134273
143110
112373
156216
142678
135636
145286
143378
142678
149573
154804
139957
134426
139957
126728
135636
158243
151661
151929
143691
151929
141816
137092
134426
146029
120066
136035
140174
139474
142084
135622
142678
143378
135020
151661
125449
129540
141631
135251
143378
142678
143378
151661
151661
138663
143691
147691
129540
135721
151661
145643
151661
156216
120320
143378
135636
153012
139689
139957
133712
135916
151929
148084
140174
134158
131340
143378
135636
126107
138430
151929
135636
151661
153007
103922
142678
146364
130066
151929
135636
132572
139257
156216
120320
153012
135636
153012
143378
135636
135636
145286
151661
128993
143110
154804
132491
135457
116899
151661
135020
136735
151929
143378
143378
109486
122364
142678
144270
151260
136035
141441
135251
151661
140174
120320
129935
143378
151929
136035
158026
142084
135636
135636
140174
139677
133816
110133
142678
143378
151929
151929
143378
121624
142678
142678
143110
143378
143378
143378
151661
136735
117880
141742
113677
127358
143378
143378
142678
140174
143378
145935
149573
139677
143378
135020
139957
117264
139957
136035
127221
146364
140174
151661
132259
140969
119616
142678
151131
116582
113677
140737
128091
136417
128993
123487
139957
153007
144176
143110
120320
140174
139257
138460
153007
137504
120320
128993
142678
153012
135636
142678
155948
151661
126811
135020
141742
116102
111315
151929
143378
135020
141742
108626
143378
112942
128993
141742
151929
132991
105085
134426
144467
145286
131716
140174
143378
116844
116899
143378
156216
143378
135700
119000
143110
146364
143378
104989
128993
108739
120320
142678
143378
143378
141848
151661
134426
146029
137957
154804
124922
156216
133914
128993
154804
121075
147691
137504
161447
135909
135636
125149
142410
135636
142678
142678
136035
149573
134173
142678
133062
151929
142678
140174
149573
120320
151661
151929
149573
156216
144270
135636
142678
138409
135636
143378
143378
151661
146364
138409
143378
118859
125449
143378
124911
141742
161447
135636
161447
128993
143378
136035
120320
142678
142678
143110
142678
142084
143378
132432
142678
126216
134752
143378
126153
126944
129935
135636
161447
135636
151661
151661
143691
151929
143378
136735
129785
139957
151929
142084
143378
136735
131262
128993
140704
156216
134173
132215
135020
143378
158243
134736
135813
153012
153012
156216
131816
142456
135721
128993
153012
133012
143378
138409
131816
135636
141742
143378
113161
136417
117880
146029
143110
151661
146364
137554
143378
152795
143378
143110
149573
136035
129540
140557
109920
137495
141613
142678
142410
151929
142678
151661
143110
151929
139957
124911
112375
151661
130254
134426
156216
133062
152795
135636
128993
151661
143378
142678
132362
140704
135636
135020
142410
133058
140704
148725
143378
149803
151929
132215
156216
140704
127085
151929
153012
117264
143378
131599
145286
117228
143378
143110
151661
139957
123910
140174
143378
139957
128993
149573
118727
136735
151661
142678
143110
132269
138085
142509
134753
142678
149586
155948
135636
133173
135020
142678
110420
117430
134273
143110
151929
143378
104404
153012
135636
132430
124126
143378
151661
151929
142678
151929
142678
156216
124421
122598
153012
143378
156216
140704
141441
97397
135636
134426
154804
107975
139923
129838
130241
151929
161447
131816
148084
144270
133012
142678
152795
135813
135653
143691
135636
153007
152795
143378
112277
151929
139353
139257
136035
135435
135636
135636
127783
152795
142084
137957
143378
142509
149573
135636
142410
136035
120124
145286
151661
151929
154804
143378
138728
154804
139257
139957
114047
133012
120320
128174
135020
143378
149573
140174
117880
135636
149573
134426
143378
142678
125970
151661
146029
135368
149573
98277
156216
152795
151929
156216
142678
107501
131816
156216
161447
143378
145900
143110
142084
129540
151661
136735
134173
143378
156216
154804
126350
136417
105689
128993
136735
142678
108278
137957
151661
149573
126885
136035
143378
151661
143378
156216
132179
121160
143378
135636
142678
104672
132215
142678
142678
135020
143110
149573
138085
149573
119616
143378
151661
138409
113952
151929
156216
116102
128993
124295
112898
151929
142084
149573
135636
139957
142678
143378
108545
135251
130914
135020
116425
143378
143378
149573
135636
149573
143378
136735
135020
135368
116582
151661
119586
142678
132215
122986
124833
139957
149573
151260
141742
129191
136035
110133
143378
142678
143841
142084
151661
138654
143378
125449
143378
143378
145935
142410
151929
141204
152795
126728
151260
142678
137554
116582
117959
143378
128840
135636
151929
144176
153012
153007
145297
141441
143378
153007
156216
120124
140174
143378
145286
119551
143691
143378
145052
145286
136035
152795
131459
139957
143378
143378
135636
142678
151661
119551
146029
139257
156216
133522
143691
139257
143378
153007
128377
126529
151929
143378
143110
127783
128993
142678
130320
141742
137554
120320
126728
128993
142410
137957
143378
161447
124911
135636
149573
143378
145935
141742
152795
142084
142678
128993
129935
142410
127011
117880
143378
158243
130328
154804
117880
143378
136268
146364
144270
140229
143110
151929
135636
126829
133012
156216
135636
138654
136735
146364
116314
132186
143378
135636
135435
142678
154804
140704
142678
145029
120124
134426
141848
118800
124676
132215
153007
142678
156216
145286
134426
151929
142678
143378
139353
144270
142678
148725
151661
136035
145286
144176
156216
127166
156216
149573
151661
119508
128377
138085
143378
143378
113161
152795
142678
143378
123748
138409
156216
124833
138663
131816
136735
123487
135636
142084
129877
109939
149573
117228
137329
138085
124700
135636
156216
149573
149573
139957
143378
153007
139957
146029
135636
149573
149573
143378
139257
138663
135636
143378
161447
98857
131412
139353
139957
136832
118406
138663
147691
142678
129935
138409
142678
143378
145052
148508
143378
143378
128993
123487
143110
136035
127342
140174
135110
156216
151661
151929
112612
146364
84338
148084
138430
145286
146029
119616
120124
140174
143841
143378
138654
134273
135636
147398
147816
153012
151661
128993
147691
143378
151661
113677
142678
136035
129540
149573
107262
151929
152795
152795
138460
117264
135636
142678
161447
138460
135636
142678
143378
153012
139677
142084
142678
143110
151929
128993
131816
135216
143110
131599
142678
151929
139474
146364
143378
148725
146364
128377
148725
137495
124619
136987
143110
153007
128993
128834
121792
138430
151929
154804
129534
143110
117873
128377
128091
132432
143972
143378
124110
127783
135636
143110
143378
154804
131340
143378
148084
142678
124239
131262
143378
126728
131459
135636
130103
148508
136035
109939
151929
135636
142678
116844
151929
161447
138409
146364
135020
106149
134158
132215
151929
108098
128564
126385
123487
142084
123480
142678
135636
142678
154804
136735
109229
115966
135020
115219
151929
149573
151929
143378
125138
141848
135636
127541
151929
127166
143378
156216
134173
131599
143378
143378
154804
140737
156216
142678
149573
135020
120980
139257
148725
116318
143378
135386
125970
151929
143841
121358
120124
147691
125449
126743
151929
151661
142678
134426
122365
151929
120320
113408
142678
161447
139957
115378
151929
161447
141742
134426
151661
149573
144176
149573
123748
147398
135636
109881
148084
137554
112315
