127591
95506
95094
117154
118090
117154
114484
116260
101257
118011
127216
101844
111187
109855
117154
101257
127216
114484
104016
97592
108517
108517
108517
81796
104391
87775
104391
107262
94821
114484
99920
111187
113518
127216
118191
117154
108517
124921
119151
124921
111187
109343
117154
109811
81397
127216
92056
83847
117154
124494
103661
118191
124921
117154
117154
100616
110848
124546
106250
114484
103661
117154
78339
108929
118090
114484
97455
127216
114494
114484
104996
124921
111187
117154
117154
127216
112601
118191
117154
116687
114484
115195
127591
108517
119151
114484
83780
87874
111225
124921
84461
116312
101707
117154
76227
96572
117154
92919
113143
116687
104391
111187
106250
114484
127164
103661
103250
103661
127216
127216
103792
108517
114605
101162
94859
127216
114484
109811
117154
98396
96584
124546
104016
94252
127164
116687
117154
106250
115195
124921
113518
108517
108517
117154
102415
80058
86430
118191
86139
116687
108517
111187
109343
103081
127216
124921
114484
117154
108517
127216
111187
101257
118191
85960
127216
94092
101162
98988
111187
117154
108695
113091
117154
127216
118191
102326
111187
124494
114484
106331
109811
89631
127216
127591
108517
124921
117164
108517
127216
114484
106687
112144
118191
77498
93954
94821
104016
127216
111769
108517
113091
118191
117154
116312
111187
127216
124921
106669
91731
102326
124921
110848
93297
114484
95427
113818
111187
81593
78228
107262
114484
106331
117154
89358
124921
108517
96447
84461
118090
79598
104016
102326
119151
90613
96615
73480
117154
116784
96002
113143
118011
117154
127216
114605
108517
117154
111732
117154
117154
114605
103727
117154
118191
106331
109304
93187
97481
109339
104391
114484
127216
94047
111187
119151
98439
103661
84875
113818
114484
91850
111187
124494
106331
124921
117154
118191
106397
102326
108517
108517
116687
116687
114484
102326
124921
104993
101162
114484
92258
116312
86257
113518
116687
127216
83993
116312
85063
106331
119151
108517
117154
90923
124921
127216
124494
117154
113143
114484
124921
117154
112111
127216
114484
111187
90378
117154
124494
113091
101707
117154
119151
115195
127216
94756
115195
100022
109811
103844
111187
111187
97114
109343
103927
117154
102326
124921
116687
94047
117154
114605
116687
92798
103903
107637
127591
103844
100323
117154
103661
114484
117154
108517
106331
103727
113518
116312
100770
116784
103661
118191
117154
116687
103661
116312
124921
102326
114484
108517
94665
102415
97592
117154
117154
117154
106250
117154
116260
114484
104391
113518
100283
94649
87987
116687
101257
117154
101257
127164
86383
111187
113143
117154
103261
89859
106250
108517
111187
127216
118191
102326
124921
127216
117154
97560
100283
117154
127216
90923
76659
103844
113143
111187
118011
103661
117154
108517
114484
118191
104278
117154
117154
100788
104391
103576
96002
117154
108517
117154
100026
108517
112144
111225
117154
111187
109339
117154
86745
124921
111187
113518
114484
114484
97653
117154
108517
127216
119151
108877
127591
115195
127216
124921
110848
117154
124494
118191
111187
127216
124921
111187
117154
113518
124494
104391
116687
113518
100787
100283
115195
86257
100616
109811
127591
127216
102326
85565
113518
127216
117154
106066
124921
86383
117154
113417
100283
104953
97653
127591
106673
124921
117154
98435
109811
119151
124921
124921
104016
118090
114484
127216
109777
103844
127216
96584
117154
102564
114484
63121
85233
127216
