129563
134835
118005
121510
120307
120307
118962
116489
118962
117458
111416
123286
120307
116755
106838
107354
100948
111416
132628
116489
129563
116042
118963
115936
93895
118962
124545
123286
117698
120307
132628
110761
120307
106104
111776
114266
90834
127591
88019
120491
106063
123286
107098
83190
90733
113146
120307
132628
115990
123286
132628
127551
121510
103912
132628
94428
108494
127551
113690
118962
123132
118962
115878
111774
116522
122970
114366
116755
120307
118005
121480
120307
125549
114000
127551
120307
88060
117458
111846
107937
113690
85866
105907
132628
103090
112291
107937
123286
115760
120307
112291
122319
113966
132628
113151
105637
127551
115686
121510
116755
95786
132628
118005
100046
116755
120557
127551
104132
118963
111416
123286
116458
108189
122535
112291
107019
118962
119523
127551
113207
113151
119098
110129
134835
110761
127551
127551
107312
118962
116042
110181
112291
129563
116755
120307
96210
118962
125549
118962
118962
118005
110725
120763
120763
113151
125384
125549
94375
98527
88949
129563
127551
120763
119098
115686
122535
106682
108869
113690
119523
132628
127551
127591
113151
103489
125549
127551
117458
112291
91508
103912
107180
99285
127551
111416
118962
132628
134835
116755
110181
112291
126752
116755
118962
127591
118729
113151
127551
112291
123286
127591
134835
109209
111416
84037
118962
113151
113151
118005
113690
116042
111846
129563
115436
127591
118962
132628
102609
109209
120307
124742
118729
132628
123286
112291
118962
132628
132628
120307
125384
118962
134835
111421
118005
120307
124545
120491
110762
90267
117698
118962
116755
125549
99266
127591
132628
129563
109406
120307
118962
117458
118963
117698
129563
113207
132628
123286
116032
108869
118962
129679
132628
120763
97126
127551
132628
111416
97846
123132
113690
94194
93203
117698
112291
129563
115158
116755
127551
85955
106144
124742
113690
111759
106486
118962
116755
115959
113690
111344
118005
90339
123286
118010
78150
108880
118005
111678
99129
90012
113690
123286
127551
132628
118962
132628
123286
108880
134835
118962
134835
124545
122970
120307
105907
127551
116042
112291
111759
112795
112291
63436
118962
129679
124545
127551
105007
115629
116755
115878
97136
125384
98636
120307
107519
93294
116755
116042
127551
129563
132628
95585
111416
115878
120307
118962
115436
121730
123286
110761
120763
103454
118962
127551
108675
120763
112291
120307
94302
105907
105007
134835
120123
116042
120307
97614
126752
123286
111416
120307
132628
113151
127591
116755
123286
127551
126752
132628
122319
114000
120307
104900
122319
105771
112291
103054
132628
123286
134835
124407
116755
115221
118962
110606
97278
123286
122535
127551
120307
116755
132628
99867
127591
87579
110687
117458
116042
134835
119523
118962
100297
113462
113151
111719
105007
118962
119470
129563
113151
113770
129563
122720
127551
105695
118962
127551
118005
113193
111416
118962
112291
116755
101486
132628
119468
82393
134835
113690
129563
127551
120307
120763
123286
116755
129563
120307
127551
129563
117498
116755
123132
95412
126752
116755
118130
118005
116284
129563
108594
108869
118962
120491
113671
111678
116755
118962
116042
118962
134835
111928
113151
116042
117458
112291
122645
95988
132628
123286
111678
123234
115203
113207
120307
123286
108869
108869
115878
110129
132628
127591
124545
116480
127551
134835
129563
127551
95283
85704
113457
95283
127551
106144
116042
127551
125384
126752
129563
113690
120763
132628
118962
