82521060
38486490
31437235
93205337
68366348
245479655
506905260
235273521
224831148
47038883
310117352
13417843
81497976
97153119
243844214
104890669
51236269
138878265
135566141
209640132
147865347
399072480
90247637
171487145
24298055
31749315
14605
18529590
321980655
3313225
315673136
80367985
95754557
12887860
194039737
65193811
62867125
541293087
118581940
284747326
224155288
98899098
221687770
41556588
104282752
17126990
100908747
156031259
290084136
142156821
83639529
137377354
9125815
99682547
242989121
88850654
174280309
46830363
579549
576721
15789959
75672941
163945931
36034347
248445055
184711932
105693095
180183276
213199079
313734057
27918308
58235500
83316836
7861369
65887660
203336608
12266248
180912023
221060322
183521957
555958632
186136053
20437067
286601217
344224483
157986546
29195200
340559176
54612042
503158632
345921578
76972911
12506270
14643132
554377036
377056312
190763961
213553787
185578491
97475120
65333021
533709939
24673111
43493098
4963763
243016828
71932436
114159660
395914630
96604907
482101906
15275666
279439699
177563310
35840761
97703581
449255553
160237074
68422555
134947125
43599371
17463874
26463997
38234758
43540199
83108904
444059436
248163836
28596993
77712348
217176886
397255843
268414132
448445347
80317422
14462279
478411274
66960304
50035139
23043764
5849637
107153937
342275128
396516722
180706295
444569156
27358736
292099809
188064050
87680519
197353614
124897863
213443753
3307436
12466971
365455208
23010679
50469063
113166938
161384711
63803211
199367215
254083770
172746823
45232724
470516667
4046893
61225000
143700388
10509092
33072655
559360601
216121326
151442562
452608705
406151053
217827062
46665740
84971686
304511657
155050969
240032793
219561154
85966836
274795678
23841275
126757298
105023078
217786057
74694641
23452434
213942745
265657482
224996736
393890953
168612720
192245053
30958697
311601003
7636457
111718195
40944168
4584598
384689608
45098379
48624317
19675143
149875410
129107956
52103576
2991666
468633183
84625227
142376527
81889023
188163725
101640270
11428091
193088531
11741352
6525634
64676768
220672145
599704095
146382034
1315912
24605339
117518824
538619639
245222779
306888029
486756140
4452095
61666775
56699739
312199009
321077387
24520861
27267593
96767160
133275825
293891225
329010877
89678571
203650272
42011342
532150619
583684256
73374556
19060531
172877433
581878388
85993369
457319635
89538453
9003521
3048925
42358991
126107533
231444491
187153883
176879385
33832930
149001682
65630834
230881809
392169865
264808
29060078
270447845
17350511
23314818
103579577
426565673
281631346
221073992
33264687
125706704
101085544
135582569
148222539
321463271
26287515
130659244
250354133
98417193
78006083
638332
158482635
128606392
1057715
555393778
194081974
218884398
86591726
75247434
16475502
34890899
114514899
227583386
68382425
113121246
46930716
438467254
37308549
157608467
1298315
109543956
189078034
91295682
221859013
96716345
14560742
117555392
4486313
473664157
256898703
192405501
815287
176319649
48057634
144310844
98234361
112705772
187378694
80321601
77292517
236544704
363410920
75427649
49129102
484862684
405091998
170511540
400774407
249652661
548063563
349350325
10811086
410539850
63232940
497576620
232078039
3611397
142751148
325740915
63321230
18585531
4130281
163732267
83725950
2292031
70847643
48010264
426495773
579428934
2001349
212140141
41711166
5939619
279963462
358925319
63931113
221975991
82317752
13660769
277640720
139364082
6517974
381165654
50558491
7173164
15674151
34620458
312639
13654971
205058366
60311731
398953808
181290180
290577161
94106295
81213787
281871267
11415022
147109475
167615070
471485911
73902655
77709412
167742300
42500285
197983691
237730931
38915904
274896728
44670920
361274162
96710609
314986041
98765252
164957677
159338544
59852106
91948902
123572414
40101485
114013410
230192257
71583955
52804422
234971304
494531351
100867641
170323762
108139439
266791038
191172857
3872408
69146711
187965814
237748243
106914172
460311209
48969183
152301154
22864294
6279291
11155114
270167581
9502957
23520198
78531491
44332676
261996156
315382521
52422649
74895445
7299009
381854667
183193252
150572384
174165927
441232499
70240385
459761547
32078084
248135151
194888280
12512995
291325430
14350211
155902643
19068314
124796342
135361672
410089067
24105213
74481741
44820852
194257688
352428490
14056233
44931151
629172801
55631194
44353935
1586676
514835909
321213538
142560826
103148908
317422148
185973983
301357658
129945128
297100848
262590490
304275796
332797655
145879697
326430902
80202325
130888897
210399596
117874359
106958991
171675236
29846094
204643553
187841316
4627039
42182930
28919265
23963604
97188956
87820227
9835365
192264534
487935804
72812574
116951360
259786550
320997229
215231323
89383513
316452668
174686529
188330328
261253448
183168324
1225262
239522894
50784256
17238428
138702960
17909667
319370108
29367411
243147877
13824072
603144042
105452092
284762847
308445176
69968282
268199920
55178998
397357611
42274103
233714931
11686042
310206647
524931262
96769929
201868022
50608676
317329943
49830463
67317641
632675343
301258923
85082572
192452
14937298
231431547
143302988
397428732
469513414
100542062
220265846
25257901
392192999
37301057
411627301
43358799
144962266
168668300
308465932
21474897
310738344
119246469
1674812
163022096
276942600
97272078
280806272
66344592
54502121
110829407
74421913
378417812
12894966
344694653
93621545
84371308
194681277
53217174
283774765
203371003
303832192
570821458
161746460
181514779
240657875
18275990
60101243
257101350
559241227
109876400
99423678
1574289
27454838
12320066
157269451
14034706
421179456
85957266
222995501
460759510
217355541
242910199
85004887
232209188
222020688
152698606
2092590
36474534
331960378
31440608
80467128
335734334
38361080
187708475
464054618
343675730
68887955
550465258
445827484
38477284
546674539
19199664
2310697
4309115
4372212
27309062
176506625
253015012
322214160
31824298
70575280
140817790
13861240
217202323
506831464
15445531
118697910
137836410
5258445
142425494
98897346
54258306
323684317
6011637
46463794
12474394
67839389
102355050
108098498
184035499
19082127
3836318
266192084
544947239
23602729
12758454
52582286
159652959
364286773
358043802
121003990
15782543
136801149
274816460
257594183
304930379
38509595
130388159
608772082
542062702
87732328
151947916
38617008
434395562
468466630
20055920
134558944
148007300
133101025
147813704
374200023
145937162
105480254
153441646
282964963
367536751
156410808
116304093
76919853
192452657
17211901
139856045
41774659
34031267
371381813
194332054
293766071
59001530
285238392
34736275
95730290
27840735
1080490
133584466
55772281
76264983
55608595
401485127
14426828
353490945
199461680
42687603
15060131
227347938
3890802
473367704
341572567
766831
108428227
101472446
40701873
89804457
32404443
162117564
262178002
9905314
214467359
450129908
264613447
52965473
473831967
107187251
58564961
379898394
309905119
505486326
137121429
11503725
46136535
268580122
245230861
91202488
514150720
65934317
74200117
34338105
97865570
35851705
403103690
34619862
192386745
21590306
317364712
451721973
377144178
123835498
18981340
8662129
198762485
139945364
37140750
103662006
440525438
399824798
242406773
53369609
5047145
215180994
190104851
244685655
40133331
29026461
125008085
153427461
79673000
17084950
229778457
24407802
222253192
57723674
201045514
70477030
133229689
403514284
129793264
415280264
47857102
125758927
14076822
9811169
167950100
28717683
259492671
418341174
303186735
22995542
433749446
106764472
63362914
71427370
329464824
218657309
270366978
521475666
499349922
171083160
17999537
289730984
386214683
310802952
330915802
302395337
228001243
14652249
132908437
516211342
330894150
179317370
45934284
1059350
178605966
25406178
40609288
343672298
22466264
192965685
213668214
294931810
159447905
64426227
288074521
2103572
238823575
162606652
30476705
593118306
184240750
194611142
66994252
18182575
192820973
4801175
22712185
95986095
87746354
418253592
519547176
50665947
132796808
223184860
179275681
52263962
43625928
335585594
431373262
468481074
72010518
187813881
322056954
92042492
174233210
78556696
175353013
79160803
29208806
16368285
23749176
37725997
219100612
14315214
230944973
56150161
217675300
8632370
507476419
110644247
117057925
30993253
9964825
341245149
8338516
355395656
445884095
4365851
146434516
120462028
14568307
96842639
32951242
11161742
121371423
80237302
75963689
565810297
223229627
436280734
72175024
254044048
341018081
5648627
157042222
214792633
132108685
85768276
91751385
138758057
242829682
74470506
54411752
28791693
412113263
246197072
33418021
36127983
239890425
80372264
36015168
299980206
423735714
565717566
55752983
1974052
12230376
51262973
185525809
491743374
117163421
43170265
326761622
28118697
36419067
34485694
220570065
36919427
196955786
373146924
39196545
145158266
368782914
179631674
332256379
14074739
34343424
233226641
94310008
239131389
248619720
2623171
128616158
70906152
1029737
7287138
448275824
10013178
455137220
291076597
4935434
102946702
372242747
28798974
174728733
235719444
409642440
133282585
446128257
25442416
46241782
375479905
277027318
179217405
76019010
3428668
58780136
44347705
263932103
129482696
43385606
202857626
13936417
52205412
246365825
353132431
474149695
21585974
348885266
1467700
143136761
365596437
196355472
51119697
6044558
77271841
380808617
18228044
112012724
226595701
71260119
282745637
618968912
29564586
18816089
191349562
6078269
123145483
422079458
60579542
50238799
163597706
97826543
245947285
343120535
378964530
9476192
369961664
367986002
241148331
218883707
99346064
53283227
28085507
267376801
187562833
2609404
47293555
49133378
136849958
21460725
29907722
309230277
261932297
44741025
200547418
218724887
30308311
26861116
36591635
91530240
189299168
73534912
16549787
150827692
99154941
124922474
23611730
72052566
53303198
37522264
7100403
141541686
133268600
275935302
203473331
8873651
9827165
394332297
241517492
41505852
43620712
3983500
43651993
258368498
387876028
80654191
120547
20946907
9931653
18776334
79805920
6324940
255752991
11117820
36531721
227282348
190698517
463370007
215781517
214985354
251129143
33874552
407869570
36369396
8689927
409362124
223902297
125534594
92820503
5932031
538087396
593994199
195412960
139265148
237677038
222974215
115564033
153568963
77379104
156192831
309935387
180649894
31128959
170102770
228178246
423247352
235623494
62588474
73707484
51419783
5261988
382857374
22291887
266657915
149377652
347953080
212767424
102453316
456693958
105686945
287778627
4443030
515893237
387330515
182458658
76397306
233128341
34278645
129806275
88165371
5101751
55316795
58329544
146358593
4162725
103360386
49100777
157402879
274731918
33134642
143661871
109230337
42909964
134794270
18101597
171679665
191923148
241258240
160732262
272620551
1790190
11068020
460044353
62873133
134079235
101901970
301529682
158225626
150368306
127220953
337568125
251392634
170593203
187475445
147238933
154780678
64209959
378551957
93418213
435706369
345576028
121184423
52421914
484015312
48796406
429756719
424118879
3869417
46696434
129838868
37426507
428085
284005284
218534193
365043776
63275410
24193349
154588034
462470604
331592819
112743716
51372441
155637255
136445553
17554040
130290058
205195012
114081276
115005784
28349517
36224030
500788129
22365767
334010453
212070086
73683603
42194342
31778253
235167289
129027244
37074783
175100144
234251527
90967015
182649988
91486041
69594827
539743657
60451825
242751981
25295883
183699908
115004112
153202397
66448126
206189028
416009946
36989095
123467068
403891190
90647061
474565969
342724468
401342040
45448194
55531114
19602033
159188906
427024395
451509530
125917592
394618066
748294
39805321
84877477
421818340
274405016
351464543
471215894
108114703
53795188
102831050
107238698
217908596
401155997
372163779
114330974
19903276
7432584
284909126
89123416
149360929
83723733
61852648
87994210
251030991
11885403
11113328
26470382
144042928
47757370
38194357
113924328
177088391
348234550
53850258
157399948
4976825
262798597
318614364
326131553
18848592
486106118
106392770
353503711
110929888
109473014
30250496
78377643
77709849
179502241
19127106
14006182
33023456
19258598
275082971
1887921
231710719
60198605
138694271
142175302
30552367
62030160
333608508
372306858
6596656
212311030
209468878
279515560
251501951
96410487
532869053
25444662
197346440
410507460
53698051
97523135
418582758
506667634
8155779
338192214
591855
121167574
195963434
5039904
14946719
396214921
220515877
209274384
16898872
144758412
433333643
142344743
293541866
144991724
89121414
26782746
52227958
87209344
14673807
108999958
82036572
165652324
39361501
501908029
127609322
608837064
234545045
90522892
309241973
169524943
119331341
1165760
257730986
65569676
20562918
366409633
14113630
182868684
213499889
6612090
231017431
29367030
89868429
56571999
260057590
8529359
29613369
460667652
326913072
19742216
19186172
369294338
312576760
13990854
19545771
34690037
15342141
358547125
135245536
150632128
359716322
225152563
110318308
83218725
210220839
132725063
118619099
38566779
209209795
43765919
551707293
35919841
118468367
164682046
74270973
105797677
57586300
34888907
266144938
458352564
136794845
373134863
72038337
92400840
64122469
13765330
103948183
276103765
65578749
154047045
341040811
1203003
5887508
25728012
225292164
206772988
42737347
436849770
325631801
200042931
216879730
454665864
2283426
176207981
341066554
293982908
39251115
87149930
72413736
174355487
176788126
205363608
375343300
66099083
78310994
112428935
13366813
190308463
3485405
247052380
1961866
155016059
278295827
178002671
36301489
148601726
206931979
12940844
93654570
9367962
310399304
326475401
37958996
6485290
309114253
301619705
261319385
2248729
66987022
64477221
59684155
46107306
184298851
226030318
27519274
115455015
102419686
260125881
348633542
183531307
188016678
127772688
2966914
69164700
134582346
32524708
202414872
16350225
142140475
1695108
248030889
19614973
56231783
20448817
284451442
79494074
90415872
119817626
22172200
8250085
248457707
265305100
66295236
115182338
46804383
135938809
101551254
79380691
246252085
372972929
176175787
108732473
95725451
17273195
195502077
193013484
13113058
111450387
98263873
33193923
531074100
493762
8840975
55638380
312774649
432075630
34242303
405375218
19793804
60425614
61761886
304858974
375059809
315335379
74582759
6079814
441205446
507839826
601291414
89126705
187400948
9836645
94216139
488100119
20898750
44295596
20878212
457414012
82661969
46155804
121992180
68238342
16426885
1717831
163165866
253443713
95002938
50290711
35410227
28019810
133207004
120237809
7354473
186945108
416936728
37329913
128338732
243760866
65223226
26377777
53234751
27081763
396117018
22701270
984063
16684339
6610641
73101742
43817142
58683003
160448449
27189929
420837067
365164379
61799004
74468908
132903177
65231826
52670615
199236156
5740639
163922421
56894244
126496230
29767467
5508703
45937481
206220120
49763262
284897350
47269381
125267548
230179137
395703701
108548401
34905176
348517793
120102554
46968976
46862783
51719881
72350503
307788768
166370827
183384086
295106495
161449728
13040280
177772544
428093055
102377000
504913972
39689529
58797993
219447635
153811313
55314163
19446997
171003313
252825546
143334474
274919560
246904575
282965677
99260185
252163684
297052986
84746701
113745377
221293
45651981
174165950
463705997
69863401
356916337
26037016
35266643
143256410
10228262
269161762
71878699
10596918
162559457
6390679
379803527
579652920
27105203
243817780
48444002
313282173
261046462
86368806
165713011
120900384
265990647
134185953
126857567
167737952
261964257
21853273
253272436
607788034
9276208
159263368
2469258
104534145
46616312
10281200
612235672
187190593
96859573
184278808
147175001
338221677
103286210
17432335
11722579
49527021
2955044
150071128
165437086
150208751
168716532
261270702
236578886
123423713
302971
282694351
117677950
2597577
69279370
108631205
45154010
114451923
166800203
111816572
333399845
91702365
254040982
248292744
342940550
31018889
14375835
502095830
234161034
82063185
128026780
116798020
165094412
310709624
4686186
138472635
76939595
115062847
84929236
82460309
190065828
170696723
116609371
357702054
81769355
29504609
89281249
17917294
128566449
117217850
3429733
321499351
25480857
309732096
348603364
203131862
493588429
107481990
176392447
495078960
421445740
409539947
43957327
67744290
198032093
201040629
517249035
6367590
7172643
44021278
428303714
26681464
76244017
168049906
39307292
355259156
266943763
27393738
64222022
7542592
2250752
15492849
165692722
299777974
3206367
34444790
324704402
107860218
155871783
553892603
392809799
573215552
22749389
78620715
55659386
26983510
35573396
340284424
324861693
288769707
80031036
150769863
103320399
23868816
17442859
429290899
254943478
95644690
160579129
89170671
242596652
151714430
273689350
172553718
11103379
428803417
90924218
282735602
20300462
236717901
301135555
175852766
130872046
41104619
489789718
20604248
47671926
299368190
204781497
174472262
309085905
99931760
38285426
158187774
562591974
234885348
75316118
22029120
15888763
28597966
53071470
117270636
140031470
415283448
424290118
412680138
67572268
472927118
13195384
316970209
44674759
181927875
205274921
66049524
325525188
15444125
130720408
45507841
357797185
434403026
38034207
50641212
145987316
454545339
254009070
197677980
20569775
209024128
288867400
196224131
9516834
2627123
39653290
8673163
35254437
170816830
156363198
86751938
212450587
289819321
492421203
299785414
189967207
129267469
66132886
5383729
52871083
224565920
45009448
63808905
19343761
110625255
142424124
234978124
181949177
324833556
155628091
201110197
30562280
48614820
27399053
414574996
11691549
35951881
348744506
262386156
82146322
243770642
8005403
146402213
162346524
283165299
126005701
150525902
340536860
348966972
84840190
194726905
17120472
182624127
325272294
184515171
285177909
445059419
107662726
7359941
44651249
68454326
192040269
430985419
30593539
124876081
140967125
30620124
34315976
161975838
7355223
148484476
105766776
69096755
552404516
247669549
92088532
34552822
334294489
269615407
26738977
424442554
9584719
248447693
171083815
422084728
289843914
341862263
454132261
53077418
29915389
25029073
133839956
495159800
455105919
27022510
185196203
368387970
292612573
3565295
321646431
95429548
92967951
493306342
92056680
24261440
73716729
54354884
109677006
271613912
413550408
17429682
155044579
147506306
113579671
336342810
60263449
63306661
122341755
265795332
48489475
18706418
504291701
374638523
175333984
478496552
98486583
248271859
297001287
25997116
166015293
204207500
178658401
204868796
63216435
494811203
123062546
490744806
5878326
117967224
13002780
419531971
58599125
11099282
417959424
12633946
118519852
300680266
119066603
96177085
266315003
345942482
241285568
140776931
178418497
251459355
89100205
382312725
249563093
96091249
441658845
59374113
410426401
56386894
46535428
237038547
153470310
67629999
104684901
355585975
385642167
51768649
186303750
147024102
64814690
66465825
95813714
4292890
494562359
494878874
89257843
99306535
118775834
409442847
171580812
84644395
46361474
11782888
252573549
13550196
454027566
21512530
137741583
659461
566947570
13227845
285548074
379925040
47062869
61395110
469197467
388390271
96626977
391028122
253233276
388547945
167580153
9182521
74492586
70917256
360105215
8283201
262820972
359921557
82476592
13855433
23143530
117838806
89387071
31335671
85259510
28666065
353792236
119940292
66703419
215331314
213948031
95787102
34159809
55435013
20360292
440543128
42998498
26238676
107539368
309554805
230480624
413144479
561050420
151468803
44688121
181271771
22950207
397276673
104620449
298786012
228781525
119678416
35014154
11829870
91531179
302228922
8428637
180516477
132959538
124757313
113806917
65025023
15589015
353192034
235370485
439342737
626435
23238954
221443013
138958425
51026124
64746027
104476090
116995840
306451385
556960046
465868863
271384233
435019087
381187750
386363593
21037972
294401568
342649
46993683
455702607
332263654
69278338
6237355
415321324
208396155
420030067
11984854
12396000
480050772
289533562
515791298
58814825
30750343
740928
182089032
128576322
10847205
94602056
40588273
38243552
47021364
129686116
171781587
249977895
348605518
76983116
36923072
7298610
30073201
101145301
114862021
73979531
7929862
436792202
24874492
14549458
25576534
37266260
369384011
180349591
30329033
10659237
324771580
293192737
156347473
306951494
122644627
102415503
322838886
505298957
2140954
115170443
11167986
39490527
21347435
242891610
203776265
173716592
25337904
30036516
74164231
98018559
4623877
312496834
452954254
265349159
391223244
15588085
131463011
55825322
54512148
283880233
184597206
1165954
1417641
396092239
119218018
38046521
76850080
49580170
60775704
7562777
64326891
33784139
399354238
171234027
258554766
301710191
97400350
66096425
278226386
110373261
551430956
197312729
121689085
1684598
369157760
70808512
114585149
195253794
172004609
5199418
70012348
76096341
5616873
116613673
43996566
307725123
221995688
152751513
228487937
4637908
197279503
60417943
49427854
79716772
226875423
206848165
339713230
215110144
477674343
377300973
171395220
240199353
207239848
59691256
267936580
67726329
180387495
14043742
2508457
446035002
28622485
427245111
307394765
19584216
67453000
476614358
100749737
27948012
276387178
259860173
82744926
76949684
285450721
26210778
278419850
78670624
396613479
396790728
73533170
266698511
150983896
132317209
293785529
5146699
66710206
16782560
42500267
134728841
22276253
163552457
156677401
25192844
289812627
64127370
8068182
142421821
47016089
53048250
558064622
360162333
317657322
258738673
266880219
261668818
402422204
124434432
146906171
21208698
121472483
138464774
81917929
443876095
149267407
83321509
187821344
337164022
191284105
35070446
3212688
33986245
50854660
129490504
239879969
200954449
8139985
5558255
338971446
110591944
189766090
180261591
156067831
246110855
97813261
439705530
436528335
34713012
217133561
223122804
9149527
313713448
485138759
219174571
16635843
82657097
185329324
126622635
6086226
101191884
88491313
13229010
17658740
160043518
38251826
170179787
353087363
463842992
9030102
352519705
288542360
54347134
55718205
21488542
51756592
328724242
2775890
169828274
195927661
160616266
11386757
52761186
394339087
27750671
129734433
161552705
126889348
52104486
232829229
311356717
145853732
63690684
45078610
214264941
64545822
274422479
108285317
51716978
111282755
73986104
193622121
82998770
132841082
45421663
262808342
445580409
476110965
21004698
99219988
4504732
1238440
510101440
221196011
393257650
342736897
43760060
498153944
143672108
25884534
45231208
420118312
16800556
7415629
84167434
40685764
26199577
51685819
185355180
65538096
111467061
1591096
116629279
427372873
272011700
223956942
26657057
371103038
128220665
54509798
129136074
44039470
117910735
286163109
224303306
16431
175219076
12804910
88194779
26937411
544613303
485013036
440962005
21732491
259569303
67455709
58083636
66712691
308869720
91888979
195688208
57222278
205700477
137652397
84296850
186193239
357626921
329225497
510320701
12619645
2954303
58050041
58515820
184732204
4550942
378918666
311722860
245769557
267788886
11293387
587755193
298305018
299306999
299230290
14058812
258981631
195915698
1347948
369716762
201380254
16025430
280940417
89207589
16022588
105154603
434611387
413067557
117843070
262860679
599244432
110446093
179093278
158356149
535769533
117788248
4139185
406974572
496238129
7405309
67919659
87280080
85201794
62042232
387148557
177353082
44113390
434475212
137880440
156156114
49328408
128005655
49382577
54331116
330892484
16550638
236609602
23359253
359556369
440795104
198883622
5400810
59543340
128306958
66470214
11885587
31490427
135085876
116117245
101750265
221748709
106068039
214814634
230997464
279729185
187269103
285114962
197802211
382209184
165285250
12995594
185405219
25748483
132312438
94701305
230867549
32912051
278903836
111647395
182791631
67193842
54881644
141235434
5324535
1499870
13036057
106583174
14718676
100888111
80966955
66360506
142041887
206077604
120867264
279281866
323686801
166806448
124358592
102327222
166734678
299284474
12950374
284978029
470197602
260878437
61380158
5552885
72858429
436571442
246852816
381288363
14626357
403433369
66634791
515220555
18745569
71297953
168821349
44997001
139290016
166813046
223071090
20291531
38854692
480663039
43897348
361515351
150296093
559852707
176183173
23726340
10457541
83504146
109716460
300677367
75990379
93051317
27088594
55201201
176558
81681534
149386824
24094987
18706765
8437211
170029917
56563210
499841189
278609460
78949689
133308627
78606833
24665548
436995240
220516572
466359502
223313522
6574256
123909
49133918
98384480
162947568
187221999
37236006
52707727
21018781
282826636
5383003
120268243
181563307
178440630
228110061
103109094
207245107
71496826
9807481
125539702
427929920
70272316
39348483
190223313
121121988
388764065
38327536
113608384
36844767
39134812
34626953
103527415
56060426
204690229
322928464
167872221
36068524
322927857
10809900
480960377
408660924
9786210
38737228
71010975
447450318
89018128
59014855
39030073
6596885
31881570
314274822
549317162
168644699
427533240
90966818
11146021
87534474
169962831
52051995
252830201
112080601
289872
24407740
81724700
86108810
635297958
433367533
92856947
234461691
209221306
77737225
102236438
401035203
422134436
142617919
225274000
241924832
217667495
220653842
206818
27682570
245398848
184753691
8557975
15486328
1837370
172310971
65159983
92327554
156642828
79447035
299345513
276041544
27040303
192854395
6472002
125352264
5218932
203230337
14212319
73580298
27153101
14502702
245335348
77181300
324495316
49665245
96525219
364619138
8374458
468939189
102462784
152034905
7296129
66787048
251745218
105765842
423325331
117597998
71126017
397297792
31125731
50085502
253333929
517995916
19645085
14791754
332393943
338643961
496103396
1926880
37694009
43160166
104318502
166820748
8536311
70003143
58388087
4847032
137489988
236710687
207510203
72174573
127344336
281796714
16213264
41891386
4010271
389801525
275884375
436452354
144773743
111680120
3149476
15942003
19113986
134883617
73202589
128069056
41760538
392643667
135410086
187446035
306807207
348786601
88531117
429825929
103547165
244584168
355074285
35563909
64059564
175111000
232417434
112155477
387080573
563989385
141066094
131705239
6602300
48008836
9919805
146560065
416326006
338445347
65772407
412321733
213732234
416249020
2569004
32221656
105401811
201668539
196289974
107306853
49716403
443019857
407291190
56377662
76138718
37598305
212366588
221431410
83840034
64600996
478839676
135219153
172851104
173494672
327844569
81442810
25386163
155152786
214769296
77546330
577334523
114539828
54641704
174102520
38448312
21400135
249309141
336587074
165643698
56495256
128217612
87620599
89010769
64352000
135831175
205199129
124851143
192234260
259821829
143622594
324448768
145023827
160736637
197527764
25918561
158310661
533493613
333979893
73696714
168359264
518925262
22095045
49150475
253939467
7458200
23905851
76025444
10063554
257354566
52737565
33252585
344315671
94530926
51746173
45606369
262745928
1010977
428720553
294954731
519797409
139042685
42388476
237861496
307608270
258507883
3073942
18249862
196735271
249085163
138648560
62852561
21069229
34879365
39230633
186018064
117455292
287185379
74355881
91785461
52709628
19906370
177770753
123680511
62631758
88697772
210264352
354026222
259883998
76079996
48556318
378283222
6747860
4150415
110460505
10851949
132885075
68305188
143617678
450368500
222573290
242688091
106790527
360251936
4345123
5083644
59656198
340749
56422537
312653594
321610999
331490165
328174685
161625814
23790123
296732813
265104179
546761965
103184486
152336262
202503355
119481223
238396654
41051443
214123583
204607138
13377734
204437703
170259082
146271448
304227861
411774376
133103451
107330862
168912019
368339441
439578271
119732925
66830095
21022789
405305517
46416864
218806968
47902093
12178431
192131687
66143249
131800668
61412736
250742267
153608436
287635238
168740566
30466035
109400776
463747179
286132468
185829689
29784558
68822845
127618435
43064576
244987403
1501285
604980
211443332
162537890
29429649
171523503
199995546
17845813
6329722
36688631
207381586
55506735
13370997
180012289
63473135
32845277
21985717
201921184
19387689
77906725
85393407
246948402
9525658
36734311
173900881
5498383
36495250
16632589
18781226
103465147
230913452
418173144
35266079
304709035
406380824
101601591
61040678
278558776
285016138
53983587
67831915
353925835
333319327
38153781
140021665
247746537
76179773
242016160
24491946
123681714
98444474
102498791
303972354
37802367
282787487
47874990
213056293
231591829
20165812
29585176
75430061
39940978
155827609
127497867
28716619
337944923
260516408
143915049
86383902
215512210
440746775
431705155
360697797
205541883
330384710
15655946
194089601
4213569
139556564
145774558
16529011
245865894
160516854
271692315
37537331
94023526
163322935
266401750
36143772
350642013
412355316
214992782
175938714
79695352
88772549
34244345
470536748
218878637
340649329
121699443
133692126
237196318
292158617
460062194
436140009
388739786
39820484
11890599
330673224
153904266
38820203
200714816
28534754
2958286
4743614
31161308
264612295
189466638
290476601
88548834
56477223
88851492
53093403
97873327
362222892
26483217
418817152
22604739
24081301
231938599
246377476
2453624
32682060
6860491
70706421
47269562
17067207
281343229
5672880
152586627
315259289
200409137
464076229
101725751
168884033
55654221
114526119
58099358
174826494
10677699
255912712
162634547
37750691
62188959
17255833
143311269
133032895
9318676
154918842
140900361
126702573
130454758
1283020
57598899
328237779
135684308
579096556
183033346
10795883
337556763
74807560
437374622
237366534
80661621
27123776
16545702
227554031
6451257
142693384
62770928
108744784
146722947
215450910
102056640
141492032
356430023
26720670
26465818
107964984
58514065
299662817
23456298
152489426
55225078
423935
11070000
190544865
317444342
188253608
28338463
288968080
308227851
179562242
319593232
124262334
6528903
151024129
3124495
182352087
154448146
508926371
376006906
235713824
214080935
258214106
44169988
73477922
27284310
11207399
120162182
42917164
427517883
84128240
30421058
19010277
25636187
286508770
66863519
77732761
112933922
35657579
49720898
1947837
142556583
420153382
199071758
136206673
80956298
346474212
478992454
127390096
124263064
94854314
114824646
41490618
145770336
61725055
356196972
580831924
264793873
19723714
11824201
123741845
494731446
29216873
215128764
287623521
275638477
153060615
235783987
381844880
114345926
36601638
25924206
286484749
545727240
219731741
314709205
536865835
86035298
7557399
92522665
329335554
2954510
51851663
460355795
41974351
115106283
22862969
148301898
92326021
77007686
391734818
138241793
47718476
11752862
393076562
14952543
184637326
44180388
100583465
119703118
42006091
54855951
284573
37961397
241740044
97382545
164193337
148547927
203324855
132027367
277508699
67443193
265052319
111288353
240116712
497544068
13003543
43306837
390352588
86247483
151962995
32009554
217841223
143435260
4964259
23962306
185444756
93123889
234842949
211707778
402173976
137670631
424854295
2412463
78808031
106690050
196959569
367167770
757780
57987680
271662068
181454752
87883639
291082244
94350049
42389594
162813529
103577741
208562734
355520463
2453596
27531651
68949249
54232827
51571292
60248881
123588029
345477087
69668888
58200129
40965763
25130490
21875565
44093403
249292020
306635816
26670438
251340906
148782996
26214878
106467309
175305418
59616949
158194525
178821411
222352071
220200601
5407724
193636590
363040710
326042147
340515140
349639305
169106831
234450228
60124491
30518550
5529401
166410579
8713654
383583973
132537388
21419005
360439449
131551793
4667819
476021
274226620
27254890
393758
282327881
220387796
192337744
5027704
6479543
396263114
24793571
4826379
496393696
338795407
26579681
65289841
351117447
38803077
188224103
260722229
68919575
34416256
204753699
134192834
224495977
20760761
67465255
560080266
149415396
304631563
143807984
272003322
113576795
69458853
139173285
15785187
207907996
45572802
418709283
145891621
122161991
201385770
29388970
94110437
71184667
182102116
245703191
50164478
247928655
345657267
248097327
50832446
240599451
2648235
112812487
498560677
39680362
61802235
90361987
337818899
372444757
69989637
97226895
97818184
43774781
276789869
36835258
53631305
97562085
46729715
378341120
23109050
159472697
25766303
10740332
10747175
194857060
538385698
1419158
270358
227018843
121784801
375162424
118101874
225289861
221277931
207096705
289922976
304206514
18467811
169214697
21918774
258204614
219891291
116485568
38351843
82807079
28970672
162308700
569787386
27484667
138166617
4999613
35088465
224029162
38820353
6027106
72241838
323443420
102510193
320976929
82401453
448179706
35682867
527056162
92405897
62027572
74990117
136733623
331683690
510318328
76298507
340905351
27568694
290929975
486264010
275944765
42169576
165112118
260230
52047512
39613367
240411128
22482229
32093410
395210442
476078006
80318559
318556568
21928417
46280903
314945011
415107929
69846609
26765371
341446938
1068976
177651391
157936069
587667907
215321666
473802971
71450384
189122013
171437062
6646970
242486851
531825436
180327577
188226727
5069084
21218853
86353899
301646682
388789576
52083713
250053198
397683700
47374961
62682955
101875596
329361133
285417858
14700484
257820275
420405747
3556290
24157525
23490842
322600792
411299514
113956220
297761025
21574943
289565022
34504491
323406939
408786818
84273410
201247525
32710299
573172816
197157536
158072661
20763088
175530306
17726467
28474990
5321047
14684820
214588624
203356919
39131177
81097596
22850932
112009661
177868490
214240890
59718453
482981008
402678088
56706824
258511404
5997555
173698146
49559986
106692733
307026269
27566182
208169261
393438156
62898666
32688568
107369225
339883872
319589313
222093054
67974265
163110591
381008173
9897183
38960581
421688400
66783865
125068585
56921282
178838793
343539298
538264264
310645137
29164189
468521270
25856426
195888055
12909378
78976103
332671854
94967811
113578984
84187264
53238640
481913306
11807616
156152769
31283716
16380887
396326090
236188061
187521167
369905935
75349071
34660313
589627660
17426622
237140494
8855786
2808347
64557392
434965461
152841224
98872925
70017067
97528209
393519248
469231685
217661435
18807221
56254524
1032748
303047098
63561278
48419222
165017495
132899395
48096837
90398151
112212316
159704197
54853659
191279332
5978381
323520103
257152987
8072159
134096660
105708925
1568926
591791335
301820927
135190091
232144941
67979683
352017953
76582215
37358711
3875382
15537797
2022166
187893524
140101302
129394398
31669359
81929030
256446068
226592403
48274185
5363572
491789321
11827130
631593
194903691
9429325
23057611
215195123
102986029
19297701
358888797
131796534
395719926
155792
46117442
4184361
302394831
88752056
95155943
27951754
299044893
74077140
22834798
90178654
182799486
79259820
25097239
126114518
441530816
9063593
52287143
202539863
310067198
437630409
23280083
130597325
41348820
53374562
263951530
423521426
17294675
26162972
16087572
25304647
6099178
62229199
9302037
295078160
149501381
210398826
228436684
51434338
5456608
25650843
77921489
95408420
262267879
153230746
38627241
170792141
137183402
39842219
7457968
113892849
81838459
183410137
45432187
503245547
13276987
575666523
75284866
227521634
572016136
26340991
88052455
212479128
66469498
6681029
59260612
151445599
279357218
60493244
73169650
435834215
14886945
111684432
114510540
81885432
154074989
17148923
15050297
128342894
60409157
116506389
192954036
109190589
15266850
221722180
73151441
351476373
85304438
132151950
228834487
523082381
344903012
3891609
79733651
23931194
18377274
49649692
222933950
34988510
440744948
105549489
17747702
318706851
152673190
516558707
30619162
108385407
32579015
151415804
236872366
330942277
462312993
264217038
232180738
17300841
65420067
267571488
311820828
45875985
405652737
126248449
12793179
177424331
321771310
201874968
6700274
30358380
307949843
22302047
18226362
35685710
173958480
343583159
164182852
89204940
227106385
48589076
378075758
18094743
358972547
119806436
236730383
276800180
346107698
63231639
86733999
466598839
522082160
191266513
77645362
24752916
365609958
4537212
95204218
94909455
162261923
83557278
187672309
150215068
9062341
1233259
208631298
221902535
216418940
10568599
16081044
261914530
53700752
546893323
238159640
186999932
6366010
22779977
35525277
302284174
40196984
457565185
299029112
24168514
55578581
53293674
219137166
232539628
162608125
140567422
359512992
23878828
385668597
40883454
1600698
3297980
226241109
316996180
112707689
90512399
505992391
142437335
121257376
68564088
179865360
268961554
173940065
62660774
31527071
68031544
414785735
9904899
113195067
130902655
78126298
11269339
273424331
191966269
7354299
481251877
238688733
24063794
191690513
255883804
86947655
14681150
220029206
232262116
33771200
163110293
448022998
198028496
220200776
1092342
17684257
72909989
138116343
278546895
198396049
39382419
489572999
204191212
345019063
63956058
206776152
160150185
31811740
118957891
217430450
96562264
107609716
44755503
46610493
95874010
97675928
393634056
118876887
89496199
154375050
53013842
378667073
59043029
104728968
5224292
61762559
100380184
163625206
106057600
13035704
219214605
1287215
25729761
49252957
79483435
260773937
23174360
275098983
185233732
87911167
27936263
6834285
169812407
290406897
122593361
164078171
64979522
22919444
125931431
187785142
41293097
89111391
182135054
99932049
219733165
394904766
160880505
438954027
5546140
110973478
16630880
22962738
635234162
14477033
302373
427242160
118648738
384054362
203898613
57712668
33957292
44504234
366383186
230093257
130491372
101604028
73752984
114466697
401733667
367226623
461127025
113407640
30504494
29381740
325072122
119378966
90051477
185026294
289318161
166476380
161423188
3383414
36648863
202365075
4125868
13319880
8902715
118859668
70224817
235512606
35179779
187118755
165580683
21739476
84829019
93406239
518491158
196648977
1972200
387162541
271952559
43129487
120381056
1543632
19089452
24178306
265859297
62973882
335519985
58859041
20392464
201407484
133964619
118072780
16020851
76732967
50045734
217366960
86053967
526642552
347135125
415064206
330363291
353508633
24620309
244339894
285092953
65708665
843888
105550857
50194414
162918917
44456279
112864537
52710296
203879509
21127661
255060930
4005821
69076889
188434624
18416373
174978112
195745309
207456049
14475007
13441935
47187482
67972278
291013924
137557420
22721729
28877271
135800641
306474762
30663848
342829256
353312957
30678874
6805761
493594293
138703854
89326171
50896965
166748753
343131676
51035956
441131172
115223468
200814382
94310716
57894070
453161483
69260044
110943566
17083499
137909075
24142820
211306699
437417060
114029759
157875624
107809502
136271478
399238031
296047410
13313833
28908924
85078452
253561958
86752973
331220262
11144730
132510308
15562932
24530261
432299383
86188651
314741819
66947969
256529341
231680037
12023270
102002565
38229445
44664740
221816948
186955966
126515195
236501127
56813318
240037281
193608595
313384940
310978581
5366030
35898222
173624705
31959818
23335578
211603154
31048584
126920326
524584358
116976302
595154417
342342838
54894442
20572426
72528778
97168277
45294677
52451790
88504959
109800786
90418399
446109166
260250710
369005040
283001001
103719790
156342239
45034805
6749829
386337348
476128431
46016273
47181203
14924614
52897988
39390018
12411297
283261537
271299499
379799985
277367353
204687154
127153109
219058455
143279380
17962175
128477726
56775183
16271700
118917122
170975315
428840017
74443116
14594607
207254714
375750482
298280552
138677933
4486732
48759614
8753134
16919643
143989237
124635480
127463459
452576195
6316359
979494
416784335
147616677
167094948
69729605
10279647
36851340
4698748
13205459
186883761
22054401
228417532
19946815
47058265
69871449
221811783
189816517
252002108
129630889
270088273
45409129
14087464
1391837
14410768
262621519
228204130
26370812
139052848
152835563
49551342
304330870
195242800
47037170
101360317
526003772
146421086
352578690
78712828
483331813
2154749
189764947
281352204
148082913
216313974
136530717
215185622
12396786
454438390
105099447
38157
1866716
22883353
55839868
11421268
50803841
205063193
58569454
111584680
16639030
33292136
127490587
20050318
78968726
406460744
42984966
194691527
43116538
160601313
553278
290921043
35159948
36222109
133146019
159449036
348617015
470114694
88623181
8171136
195054323
2413426
11739050
69643585
81561633
6156408
276429983
95717254
263990907
12703553
9810652
2969721
8240559
60544236
159529412
11132844
15750946
367927444
41951814
80331133
33501051
66866687
420755132
71807264
77718129
375385708
531243399
312427060
105877462
191331342
211205515
54106704
8240025
430901090
51776531
203810989
145188934
47278353
23100645
317798966
74757432
436154262
33696036
219956291
34546607
146574564
254869743
128806062
43855128
224252117
102746541
121200667
412700126
274927469
380275294
52647547
29996885
384270679
24281672
8772114
47081977
90292529
261688992
130489786
31198918
77711732
58692390
505902402
196828929
4584630
150421499
600206081
4212246
11817916
152966321
399312386
74320956
30967104
182087797
18960233
14175541
474666046
17200837
43334858
17317650
328249127
43548458
11750910
207423810
107248130
471865239
521880737
221207680
78645100
180306298
25310848
5841105
80761425
37423501
93909234
85376679
361714347
496010751
383382763
137615832
45151377
30261460
37008004
37261344
30379716
483845337
396116436
492982629
244621835
61501186
439803109
9790691
172260492
490871198
32901953
424317934
152100038
2684176
4069651
154960016
13837106
204950559
41535673
246316086
178076495
349895584
290987098
53989113
239199209
211350123
399043251
13891060
376570138
303968814
16970395
59784197
203436100
336112531
80577698
24993185
16703310
75886880
40885785
133374981
1294177
31548649
425125966
376373926
60680879
461323267
228797011
185300254
62534415
295355226
77926912
394578527
521502377
223066989
493141964
133023327
3180600
196322274
232279550
44308007
370519024
181927750
270030812
134337338
67145343
163642907
117298619
138946058
113388381
411472411
203936776
359770
26606444
374949766
53337268
53228194
116242979
23980210
150381711
140897302
95277643
289010379
23677504
244668094
229332874
38648856
185837705
22918733
6376274
226683286
1517207
70413456
98014818
247643388
73813559
49987592
303544715
17472638
262367493
40192869
209533965
100769613
22271742
3464061
173585757
48025928
5361367
442436265
46475601
31882665
74008778
13398296
53173112
62629146
50195219
103132682
28170187
264921001
42945699
118767998
3641520
284182627
163804621
230680024
482645
475824221
358696763
331444759
32073055
14258937
362507942
18802861
23612456
31217693
286989124
308968766
13329556
441645462
863331
277871192
371320642
215185433
351208428
58333881
68226561
65441296
324327625
453277336
104863010
185163765
61414462
243832059
45407236
1571176
5407524
57393464
1958716
153402414
2071253
65203794
155859789
79025825
88207229
21228414
162082237
127205245
305230952
477390737
4689957
104752742
10109918
253505151
3449545
100755713
29026520
412517984
304171069
256821948
474890970
34825363
404545582
471728573
74701981
403099037
67658479
6577354
49182098
127621099
152968640
239086461
53931187
6475941
332102453
251727026
8564376
222076070
1714
160743987
84723513
124839590
38060417
557769302
19784896
19472852
117242410
65227749
355236507
16922830
82424657
68086632
89929332
212564020
553304251
82259750
286747091
228679712
62975323
349338886
58746838
338159358
5150486
80552492
350384275
31435225
73587208
28311489
302222163
35399211
61193629
49401566
402014758
268324604
164004158
347177137
256334492
198659120
42750392
313205640
188332283
429866659
70094582
321455393
185093122
346316037
119603563
159733526
216203656
201762522
126568952
39718274
5745676
248293642
75461546
480736371
471749877
208638526
257678330
67964154
1199363
63375488
1057965
217679720
2678724
125121
426411097
575541816
3097319
4004259
9105289
17153713
85065624
189353672
69920148
265506264
50506270
14254726
116845630
307966666
11555383
32688284
34984375
194255981
184244598
560424159
76776850
295624558
36891109
438235907
6555459
91952829
87622438
37727127
67091798
28225108
435538407
157511251
80673152
61283624
213114553
165397479
204110113
210200484
50670360
45154911
7685835
123119856
46466986
137860961
121721654
283469355
129459472
255703396
432565932
35148201
237982304
167193715
117060550
12796057
175920729
3457904
112024854
66735832
17055292
191495059
376374473
13260184
289594949
158022213
375597670
334157563
593170569
49848571
89705139
108779575
87663486
52761078
26150427
131583004
321587969
343066550
60152064
45919688
34141006
180312084
425854057
485747451
64586139
19608001
522690954
222004274
143284153
156551708
63542585
313444043
40237991
252502507
135272842
2828033
316558364
441817901
239605676
198501255
64502250
16273124
118307902
478686624
29023885
97416449
125974369
445196933
221264679
23442830
73863260
178206676
137252190
77759814
28028680
230839340
285060196
37243530
116006519
86869109
161552198
294207488
245616507
111027062
19473243
45625252
125003751
474142887
160425278
83484048
148126318
15113929
80228534
224384631
246396327
3358351
135740538
409789312
1387130
119364903
221779684
94504771
16768581
254125090
57444062
313869857
87541908
183319315
513844843
245286218
6246524
164039314
48650091
247969331
200847536
256179841
112646345
100252736
102468646
333467169
13715979
135339471
23007769
7185389
124193577
130763746
46895842
66089672
129918006
102524938
302219351
1703680
340583073
121814886
202229718
182247697
81897632
332431601
480039672
230607776
315126445
139837412
24135061
19820711
180431166
259720467
468047067
186728867
274515342
67940424
320301806
35110311
97583023
121429583
2558461
294103382
467600968
19721769
35932458
37079845
22543135
89658082
132843397
40308210
34128662
190859930
36083342
143025867
19650833
458218258
201387383
190666850
12004070
44184708
13987339
574902366
284182801
173056256
48330445
19091782
82038987
51498163
89647862
148007129
55794709
396728807
122280880
433319522
288841830
242433665
137078688
243934086
264454943
6611569
298190494
55548223
257507194
155762376
43841785
140949846
121239604
81296563
389812271
39464474
182532225
425988177
16737061
513826554
520858365
77417449
187693055
45394857
12105896
186950261
271905366
129942880
147852819
371520936
39928402
178205426
6356881
49880893
16440209
86058049
172806740
159280561
115499827
195694834
153167939
327780129
7727682
40498916
6164198
456556841
133237764
203327034
19843804
151458628
412955933
274446727
54899173
4435165
362649447
330464894
204860454
227108884
8395885
545802746
38531577
323520667
312659737
127173228
121378572
497749855
44773228
65645011
113834010
76285756
52021537
275716406
264772752
121509490
116653515
128574726
495842809
59482297
128223954
170608248
278205469
63511128
13272932
203875719
195290546
20533388
202989892
54255250
115428279
71059765
75879270
103354520
24042991
168689950
796692
33487763
