30930831
68056112
315150044
398749212
576635044
13878867
205527019
337822957
156499213
32558365
9496725
60636719
1244635
576368462
378679359
37477354
377037093
183203673
475599556
746399777
19185169
146131166
25059045
87263518
239607058
374197345
334512072
12908610
301437332
31209976
65408092
516542560
212905149
398641
410488221
76305740
351284108
91144210
937495622
332674207
355317733
40929775
85581300
266001356
17004117
572378647
81614291
403139550
7243402
265403278
234014856
573997220
358941965
268361184
28126144
82100950
579418154
530249376
216848441
313628006
246778382
105912243
617950917
181767979
38396539
336126611
514698134
495647819
437566254
307659838
91917726
705514384
211765194
420300949
630338880
31298509
22883923
98249926
24235246
374544148
474084966
2439947
296102602
21190956
223636626
149132807
22252224
9949314
378628352
861728656
255811517
672669485
271743121
61060843
233517284
17597747
271579030
76850527
101081085
422166964
789346727
654160324
78311099
466287809
324569769
460274573
772345808
296523217
307721115
69911796
169494687
260850992
226787298
559324867
208337416
88483746
358891007
189984911
467322
362189844
844831439
355948571
2715212
343116620
22982377
118306294
274130516
29233157
259472490
267032256
353139824
24464924
141962246
24734342
204404865
467090748
309989768
786505077
394426795
164287570
147679713
216642150
6635231
68348886
846944457
284411857
66793571
306816281
122705784
72841756
715136054
127011844
275568804
401424669
486073046
58037943
380920378
294957685
117183807
447116825
104053054
632129711
638509743
367486663
216006031
182318865
160958091
386807749
300656202
356896641
16685872
148206461
37075465
223908098
85117042
490708655
148417563
267490422
61611481
136320873
22113017
379396844
238672123
272163123
35771962
101280535
192601896
205969190
318996135
10305823
330376058
488121971
391506290
679587359
378573906
64589088
72671648
309929468
769808154
276748347
535792864
562872929
461620960
124368360
95049479
911491961
276245258
624945862
366054958
22203836
182977497
215770959
136570647
482459148
387713373
206326757
226348583
573938312
458129532
775327878
515858075
216234078
78080219
518602563
180687351
219527764
443044764
26213597
138499334
594565933
14777347
342645015
108335078
397864132
525361159
88028936
96976183
44536168
271911077
523774435
506169856
593731493
303286717
309392605
653038564
251852461
624405534
404159427
359371852
259252011
304928812
41827264
358775918
223242831
106347734
277124345
217303304
553142736
369047299
142292938
32034258
83856359
293838912
31369916
198061968
359035987
865497601
175659612
268489274
43653666
71261580
243438495
7254857
601723470
197143848
2224040
134390981
58892040
875816622
616963242
312765951
356985179
350507639
357546876
117898141
367337175
346927502
536204036
33713037
88855572
277174668
72353185
186244014
353953770
589019650
66546180
74772670
323859
718370914
387557780
56188110
42371244
362529069
134942396
16797908
716413261
78762427
389951815
57889537
1419989
219541816
73643796
117029403
680696540
41206773
479799583
252650112
78229374
356664495
104857850
92706328
478573920
161759783
102032936
224071284
216062387
973245544
481837502
925921878
853779087
3672941
184721291
79191088
459153544
221244430
119309862
196463804
679420696
144893287
37127167
361118039
508588832
3347761
115716142
863703958
303605845
365260550
2146529
520881798
52980306
400025331
263981627
17906855
11257806
19180350
12114384
224074000
704650599
46219985
39687635
152576955
856837569
83974982
69811173
97647940
16951879
975970957
20746180
404858316
161910456
9312236
693396334
18503894
157283355
178372210
75699048
171304587
408670029
1626196
54233243
170010112
350795211
37786726
219414066
332018374
143035666
358229723
772764806
13798405
44060373
875128488
596721024
144208654
121466533
17935890
572443637
84178950
13661747
22070944
482728568
182313574
201887009
864175779
106299949
201953432
474519520
355721502
286041503
157633094
1942732
576867352
112238147
40163246
103408618
153593557
304941121
934723625
601421262
285359613
114993172
230556241
60064319
126325496
459669384
216337694
174921200
298755351
125997947
237634643
30722040
29939625
37550782
216485467
785382644
187881154
393871355
720373941
559816603
408662037
353392315
754320236
6988927
103409007
45360493
167194950
529497136
166931591
300970055
366536291
28474303
115535295
416872400
36738053
26134831
65791373
705614304
11622663
333555828
187153342
426293958
29538864
267050862
192589450
120812367
203920909
269940000
526890617
242135053
210273492
121982532
458444137
14063021
544278660
656818057
4684951
336460166
55975290
24307626
257519076
415493572
509072663
280363750
163506896
118798964
556573767
30450728
46525327
242202605
98649390
189069020
350695046
219244748
117385521
484443231
88758622
533211192
116954718
381962808
765763
121152972
473934260
832698039
2699311
151838824
515799145
121754983
80032862
244711047
498365739
296368344
700078818
745627672
597868720
187506594
298332015
6382434
182145910
59206479
36229452
554282208
798715831
137900575
706983621
301151634
260319164
170798128
36841796
585972670
127781599
456492582
38760412
371381446
122088943
34689647
773813747
445033601
159455445
102325762
22009056
288207322
40214982
26868089
647392121
420003334
1757939
8456311
25243876
273332278
407629294
30970690
207390494
54328354
88718974
235656025
430358697
118136463
320525158
327189515
160181373
96869765
1028858734
31339295
69696007
104417211
136393044
74919052
19541709
128475129
244494002
494455624
8446636
205749296
95422251
158414022
475840915
906496342
134404592
40140686
729407878
265384637
27907940
641491117
128366645
55471112
18405110
80361192
503825529
246200157
3117233
289831073
655887187
592180653
190977932
238684311
145519146
144957488
463532552
251267994
898523500
212885991
87545328
250606834
221483990
509072720
94308351
92272817
89441751
240713516
154938384
259370939
206992935
253393831
9464308
76608774
546387588
251513416
272023157
963104784
219326056
129883889
232354133
578214585
321081279
71071986
91955286
173967554
197567641
13265462
121328116
20264220
48847047
13220386
181869865
243423725
82236430
360314199
149273879
122971935
244932776
598461043
418769916
327321789
41887170
286773777
289625069
197882689
39576247
527937920
32392423
777677379
61875735
46849843
72586696
204998296
90880643
528278062
117306885
158333059
185488750
1009001535
7070409
77338606
560612736
12817944
684278040
360765149
500087712
361397163
346247353
622364745
364400397
260838320
348862695
686571535
71576636
448916259
199443482
354499603
282302562
242548591
579280216
176301546
459702062
15321661
115823977
195637241
251334959
194585261
49503570
47778513
531255105
592542011
114092349
103524191
210091268
242737970
11255618
47081981
28114200
386267358
13119993
471277290
196492536
33828150
356825772
393278094
581242016
95684743
17384380
2679322
418036842
262286776
337909707
119774220
154185557
285850239
113168622
20869479
16063455
284556561
306406158
113888212
173435321
284913138
139507126
65992575
486344182
995231338
41664952
7895410
135202333
428526526
230818971
178707066
246942678
454351905
85433431
108909102
544841506
178388120
214996228
479015355
296225531
176216054
526681920
544120703
20687574
143266224
360429365
740798230
549855004
674553811
184154393
184284077
15424311
361838474
240531413
14273431
115187560
35053070
18111347
21141808
39561072
77560857
120688730
554010184
168178588
470155409
20888480
81480815
641192876
643842643
243470640
25024956
31667639
23636032
196115741
25880986
64829622
198478945
30166155
35580014
118628520
153219336
610702248
336830121
273664599
229207887
43770034
129191163
44513731
64918749
435844509
146958773
141525325
140084982
129309164
68760137
88387979
40336253
245782414
153673873
263690166
50127102
823460158
52373265
370310705
218369309
154736049
128973599
547986826
23801119
23573745
307169277
349831952
100768069
599938574
227545519
55749758
822410534
195016360
46824088
56028279
7164242
96705081
210128134
844157147
198251492
122380560
75922889
131472517
339559966
121724765
150870133
507816113
44537738
275590060
228423466
452384022
190914071
491406460
84428941
317264000
664360197
392118597
249033520
44164944
70245839
4538780
33798344
739717704
324274762
534579552
51340711
12816221
48539355
64856337
47841423
212402175
314701224
254338380
293762141
291711023
4771861
195195969
21860
523814525
468864657
435016245
32360715
258384011
104930673
440258094
696888668
383687907
18042117
58314100
230609015
15064225
113365852
385502823
144491162
154056618
51695668
463319825
361500426
203530666
109693125
155323200
22006748
93713821
605707999
281042344
176536280
493032578
427829239
901120427
30786121
755653808
617837254
60986952
48319403
163293408
245326576
100664222
236685387
279059612
113902535
529900989
176292309
56857150
27120690
427856808
893155212
239776064
284585227
227768409
468207278
110020560
322183831
215539354
308529903
141883734
354315860
532194864
36922329
108117622
475128199
7085170
71675518
267560177
207687234
185309170
71909450
9755934
65928401
791083815
254153004
753945632
259837037
200278487
304521161
345949278
56818857
160501956
4268568
99081062
155943823
312708937
13212037
80082958
113956099
15713988
44501635
470725115
142935060
246443835
108609121
826126729
194813497
601411551
346419509
265482320
223925140
9943311
82911724
862389742
916255
467060445
191935984
443768950
19248802
340695219
867316275
134364668
81772111
9395989
237994417
430414354
229580521
5622355
164282732
440696132
23610637
8296797
742912123
241998979
262385026
232939388
449360730
5147903
122887823
117826237
330330367
244427695
214649514
183878630
404210049
252291575
335245124
354952
61658339
506538672
2053378
238902575
517516089
101108345
299686405
188781189
122813604
656981773
88317195
45249608
113666650
744159314
213391284
149515146
117759449
37003474
50970684
282571043
357283892
535903727
7647054
547671259
37490016
175474151
175183596
467877804
98197234
148986840
30560939
5450562
97639202
222949839
238313689
157334404
118305814
2718583
9866488
395925482
18169099
83156974
91441035
51835142
335994515
137315737
224072796
17003109
77062144
513341110
462708672
287012996
199841124
42500253
171091551
142310462
748199575
110853835
315250543
156003394
510036627
426688406
652808132
28593613
192130046
423805122
245938438
24499227
409990237
66775969
140403501
358123296
331949460
601059325
75723030
218891284
15444542
77931391
15905799
336162757
41225617
332302351
100318143
365300885
115680392
485592776
103180493
403522547
108262529
366778894
147876113
23390404
79595821
126709730
128442708
263087991
346256100
59805538
109857370
385328952
389453636
188210624
179787871
84915172
171785629
18819058
235515300
535796184
215980554
54012764
170538337
3213200
67000088
31580993
195784519
90022062
111122266
530370443
684267079
464300690
169345145
365359692
26193738
47055204
242236949
30735663
284080289
255803134
55340461
238289974
56775425
135534386
160168272
525898568
109146130
178031961
90891233
39679128
28557811
243131421
108283224
344235691
23492081
16185725
467855465
269654572
423874511
239867658
435015764
7567544
610639087
60477047
127408380
77527841
258181075
56285110
23744247
582583579
31640902
4295499
400860352
78013548
156264236
41228332
2768780
200994598
23898482
455515929
256420618
537795891
48825403
335217042
110131840
403523791
154179798
212221165
121527158
65171526
104993307
130363487
37324158
885545986
204544816
13467577
9647856
47268504
30799255
750647856
408481748
378751863
46810986
63846894
607056277
15966560
37660668
19720574
32092075
353337885
15181568
210933007
343167644
498946263
295903030
12674221
75911685
5720492
278888216
41718909
120898114
280532130
735639395
387114865
47343905
93403306
98049239
202043182
34716095
272286143
27991128
384958039
553170455
349085665
102153200
118638326
30093951
573240644
407833544
681191284
342501728
189431915
136734762
40077713
195478421
148326382
315283364
196485522
10300327
103977472
159697749
16424495
9701628
425325541
177721857
127203293
170880577
803099869
339864768
79348992
190518992
849457990
236745074
25884776
4615809
501747694
626347957
72903514
350920152
840963758
213517764
34519673
40608945
282568731
169510121
804302732
228151165
954749425
402303687
507866265
16281176
475854750
204166895
201758954
74059713
146981050
19349459
750040074
415330202
531960467
111625931
65504090
442791025
332150312
547360369
528757635
66514358
31510459
382420461
336767515
257962223
59314809
81306543
32509083
264409059
944229
22062715
500349634
34635309
110100251
68691534
106789709
13254258
535109436
3162338
423606996
210158931
615034652
187543741
45294666
555603292
218976048
596485388
4697251
625869622
609177270
791310135
556095373
16460265
339343281
786463647
741256714
134443797
41156118
317509659
752499048
82224189
85587094
286603217
1837653
342480137
78376988
25351484
13810492
16554579
556505426
235595640
44085503
801576747
71599897
183740293
194083390
303349558
35891465
595958014
14561588
465934323
266284895
586222455
117294104
256466801
165108627
201228601
137972544
396840465
476063419
229626805
663134644
176476976
572440106
529887612
9218209
103524678
143821707
5642342
22601498
202005596
23092655
447513624
775895188
582831576
437841267
480461835
78350176
348846
284603317
499948561
206798482
444030992
133537209
601232796
86752312
707421463
198901415
405611324
43778013
97418793
389125171
310073111
3253380
319978695
15421697
242917472
269497307
174586180
38164950
129515283
747573266
273726553
243552152
156960084
470564382
622524
18154853
15780577
14161444
280439295
15842342
126239055
4680454
403606850
384478645
16831206
198064139
219990942
798270905
150365865
451249028
64875086
167629105
334271422
192925176
126867898
467709701
710635
37143832
359031408
54606813
157636347
326377726
111582678
299839481
4747770
84960571
297471165
230330099
732219565
211435539
79367999
1587870
78085269
233906623
60949439
763319910
237100444
563988358
59684297
297437844
148877236
389152657
129432779
503922201
140968330
80833102
654476992
64449585
723715578
160290134
731389454
307773503
24413771
458182872
573293018
39436784
326448279
19355544
3155677
289365412
297972727
101963085
732906177
145240628
62752123
72230543
97024149
253294704
99017869
231886091
391724393
27055312
744824795
74322134
232842669
355496289
62213234
315691878
276993718
412204390
218436648
124540259
136944436
587022124
196100844
287552786
583846221
546520316
557614201
40054748
455010159
112440062
82094218
710149151
152308970
76983414
351671000
25410752
744394927
670542433
252994371
211801515
68265191
32427173
591916227
145588095
68879349
173542048
522421638
7483775
17452269
195425763
61054328
132219720
268269263
369830520
27228252
187621176
734443254
98209463
103822644
58388669
155666335
606801998
416627850
752755451
776712200
81462282
368505511
6098008
46200120
85840367
203063472
8541577
71495204
1916613
445577338
116796231
74739617
17470435
172589876
182228452
300014280
219697281
45714868
92289294
1050171254
58663271
427020957
87857255
744474815
692682063
228409011
83922234
166299886
535993552
468261072
9069245
400156273
420223505
54730102
859355880
62157644
491322112
401273345
64641495
165527866
971012548
4896975
714154193
20219468
629599028
207647956
168175185
357055123
128785799
398333123
465022922
39721758
862912054
320806932
25159032
24262595
286360707
608855997
425008085
314859143
43770265
153772278
5636985
176038288
139254147
726544018
938634656
10285489
140427871
242908740
264961975
247870030
316680390
462971600
46315422
167109606
1020690818
369562044
506557282
117086275
8266823
368042413
120130612
91109718
246508422
45888448
24211697
405574968
639453440
252626848
70902744
261620543
337755368
417940947
447636884
107955522
305983979
509288095
70804790
11150088
126338496
80687142
690761715
321317173
415333885
377034054
781829928
754814469
77339028
35725524
221009617
71972798
324890214
14040770
332714792
10376301
26697714
164382477
321774698
415310245
320546699
257144033
357959325
17448933
30725939
31249789
30959228
360528741
742156199
34107083
31703784
112352954
112062891
184919917
15577309
24881957
26611061
805870739
397431092
386330332
263110268
347702691
95233685
48296608
107297082
557073481
139361329
129922794
331159087
264291824
278437248
65808149
71696913
30220204
260302580
112986453
10420620
191309395
725596158
148047914
724168764
11453414
11082122
494026870
7505054
96350549
335841645
106456664
73435776
168262957
714025982
589343339
243870258
190901840
470789993
137903176
702843603
239769949
236772464
107220113
130989279
74156664
30823434
264183336
59671598
131736213
315214309
44776396
216305940
308336200
100761722
190972281
426885770
836216663
508272260
333977651
75389200
556384977
158591878
36626743
407516590
207477425
23913567
221653854
57645684
441555428
380566650
10085061
182147474
494666826
631349280
137155670
390288087
353927588
172300457
82097403
894303103
77370538
78512060
668769308
376312982
72731988
196276274
310267397
781742282
396639699
342078946
49454515
561001591
262615028
12476525
18689481
183146692
266487892
457138953
563951732
629084295
9345490
459832699
175177737
169806935
249692072
311532005
77670204
148790261
561571497
583792733
188698716
144163729
496673624
785928646
290276429
266387268
230724850
328443952
653710727
311886020
37235939
188505224
103911017
159238643
411519010
546456458
67336372
498566020
344155740
169247413
120344833
22070168
91908502
349107172
524579693
536930136
39274986
301769818
569108454
79514647
175376046
6336720
108871496
710237353
11848801
208491098
791017048
132739458
155154429
41015303
508880944
113414170
110055717
565164432
50832658
343743346
636517
223022282
85487348
52656888
30732980
470351759
448439973
292290922
404144213
201164872
697040426
349307065
14745557
75697991
112301586
249478839
184905580
18578898
173050260
95727680
112075828
203215588
257945489
1004255
263015727
15753123
383941753
29773973
40590050
455995461
424040854
58215171
35052112
445480776
425623444
205586275
91502337
190652029
248185174
237312086
34761832
101811276
352937345
122236635
450740455
220337158
813556149
2271159
58637017
242336578
8382681
344147838
297889520
384078973
226775400
132544033
86747232
846531813
79464704
428746826
126259851
49429145
17498245
83252728
725455268
663459299
568498688
449682924
143857686
673386667
236400881
518966769
300482651
32340026
222755627
598502396
21877479
638568570
702545238
28501974
921289728
790492095
519063223
151532495
217424150
735493211
424105588
585484794
155346375
1040851
35856125
531686423
58456000
687122039
100108867
465674495
33836799
180410976
65423443
712559544
572630778
173732114
459171233
41774842
28096869
230960282
52396662
167337151
179983057
427976952
436275390
150486886
528299609
162840482
183621092
14456877
17579279
174749936
491539836
207087144
228071088
116166782
256931763
641502444
268118502
595046558
342661374
55807449
268615713
122489443
25015727
7239028
516340895
62647405
18039227
25598556
423048684
547966828
55896748
117264169
849373657
40159012
529076312
80658512
188590025
290110787
852210542
542588875
1249029
110071047
405937372
447481364
53092344
592217922
257355567
311801578
399269971
586030664
122438509
146458552
225146080
68940353
579884219
334619916
659834
395407865
725628391
321036837
12894844
61009673
154287378
50264453
321834464
736924166
130860548
167818230
9613177
13551357
616212038
54815089
176417662
288731970
29361296
260669700
633301235
947857391
145821312
285457500
78242411
99262853
27702560
517652260
298334229
198512182
526090105
155391316
97699672
46858280
221142442
133094937
76395189
288332082
192681447
77455711
39128201
47845124
235842981
411562337
91081999
106459845
62740413
416839619
822125234
86554110
163094609
295638516
39332664
175571890
130775101
230601413
1357415
70275029
36436781
18075904
193668610
42405805
37308499
8904415
831502556
45060487
292369662
66486937
105590785
96418234
238994056
296031189
165571250
65441262
318102131
97720137
217150600
753654848
117127252
15032672
64304663
219658024
224720829
132079469
490617460
302463296
162188303
262223880
271993200
29162825
28617302
5196810
46016664
340248501
5368698
109036898
129152340
135490520
287112306
329625480
228729669
333862390
2721975
295229660
671501345
364707047
42359830
366610647
69574942
223551801
63334425
134466350
27663567
301403602
119549897
424815343
128843666
68290978
131700563
29993453
37466030
204308360
507196290
320881428
103568211
34684495
33501061
73677935
134657264
11647918
387327084
103291341
244679825
452275905
78245611
431224401
737374968
410175912
157614500
598244281
322843215
239749174
391334397
177561067
654623240
138697690
115932418
200924199
45260358
32047267
337995372
89427029
384303515
19603185
9940466
104796225
114703246
47204936
116440659
132199919
379548370
346656577
215284972
15071382
4502497
587541177
29561335
287022118
809269877
4642427
378386115
515448220
101043653
352988092
511306106
509308140
69425101
48436714
182192476
149449204
107864796
122512603
141869743
55745482
37689925
287523621
14185036
84507213
108615423
566044119
230269305
414413815
209602896
222207517
35215626
1659816
681975917
150808754
24019484
51848850
61583156
326881877
63812212
349543816
88143595
892090650
155114731
63531740
266567426
215503852
72228990
342821527
14930323
131193270
8604690
142388992
780041328
85911467
299502476
554547621
157341409
95981701
841923457
23441588
88482350
531548608
243831933
292038447
27695414
1019500966
631150411
70362
790751980
350840013
187591056
505280829
431059499
300211178
433677801
393464498
322075602
242037824
798757628
432019767
18032989
586473062
29747258
4130371
78239852
81948479
474946008
313062261
37411890
296083322
232958239
132300802
270147408
66005881
185894082
80757974
84137186
77494652
37978237
191439469
274879153
58681398
113897330
189037916
436483354
99267930
459840215
243880230
179347853
18338034
289521770
9098134
79914306
337640034
139331685
63346034
24554613
670910121
166032293
508520748
10271400
22147649
356513471
63060182
187800833
530266810
33307149
48741713
95883835
243483044
126506281
500111609
438870855
432816590
837810279
127147607
3357077
439167339
31020609
304439907
194363914
219198703
254052305
106996937
148546846
40145293
475396136
1780895
437856939
131331014
48475031
386002962
386372602
378799960
2988368
160699493
146626707
542793824
197855310
467665764
714999710
127198800
350551279
13440326
169853609
631216195
211049875
148502846
32087796
557637999
59565662
247478347
201790627
762919238
155300604
395646979
387195325
430002115
932371247
66146611
113285608
469769706
863637150
406383826
206761063
24799187
60057910
104003279
151387794
172191058
10600344
84042012
486671970
156296080
782613123
308804361
5172213
153587975
2868370
782041701
84099564
331196928
234319522
212318668
35299834
340218634
285420986
597553405
136112977
288560634
848708195
724533269
564917921
116776455
13629172
323098029
477484982
667875658
403663963
7897743
41584773
67677638
71134438
211719445
37159845
507753316
435576
327548542
419583702
5267291
222597921
180406347
26648120
57942528
237824154
377286531
78171983
166768087
258009699
65246327
227410732
497941448
234521432
260070739
171243709
316206029
126860225
102418098
153371957
436777611
33608875
71188852
18180740
543811226
31016006
233546667
112954539
180803802
375006225
599476478
281005250
1031068389
167385200
27824530
203136228
43347538
22431150
102004648
384652195
62017467
149951480
87468219
87210529
153484489
221700492
188534706
79365
669406632
100975499
127220497
25912852
29518537
95814329
87145472
6401181
150379885
11133379
2122007
286171472
423232424
620881655
501176430
566697158
112037
89490970
50562496
170819
670869479
28577982
927250126
552260002
16600952
10602024
254219856
122957265
103196933
919593932
482876793
30389622
106962786
413001423
37252511
43174934
12184225
677962458
28620138
98623883
600918471
129754671
61447119
56486870
127864206
164878080
103313994
235700799
338152032
50851549
437045159
108329757
248396702
104690360
90882685
15072607
161194535
176396251
178561579
236326511
28427987
122818746
771225916
198607667
311985217
11320320
481418488
49839609
835435627
417092079
253788000
157533978
1989944
167137740
71225262
1011703009
246937772
322627979
48674742
20163024
463985775
544925742
128743265
50403202
504361999
185582988
74474618
25220582
321649286
160337608
390250473
440187086
107558302
424119956
290162519
2467400
632665759
7164280
37672407
46366786
65347337
96710456
289062183
138153238
1516619
352513577
171758579
289928217
758744140
78582228
37171066
442738649
344541430
369464
36824577
349106416
17036912
70547339
236368897
2900215
190618451
340174864
850498068
97159068
378037577
331703590
190270211
147925413
88146200
312356924
1106840
176034096
3181512
120384776
420717895
418682730
897798384
654257427
112194942
18385394
384150452
96678067
721180443
111812812
644853241
55757449
195186443
93448216
277321594
300607024
117777198
124336504
45027347
26375233
33660694
19870148
209872156
6619169
11726056
914366733
50532822
522129976
23069870
145004571
22178905
208851982
254603067
223783852
112170675
101355241
104351603
356037040
199074672
426120674
3078713
224033154
29902678
67035268
206042942
551146112
299415490
370795604
128368003
362526532
145149296
154533475
434244861
28899072
504398530
353731538
8784163
716064285
54921981
173989465
573630709
154866082
89056851
256092111
49736357
3202629
141353572
309660133
777000782
731845831
108564333
785287724
26251340
4540242
339733379
62031322
38873090
25915223
77126184
41242118
570021560
174120884
642573165
373478056
149414735
197195578
155905962
184764062
458070257
293500460
91097341
15260655
54230396
196293490
3907700
126743827
344868544
419180811
509703825
745263803
299251924
274325442
722067308
483520792
194168764
156322606
75304606
796555462
116570276
170966208
147422143
292904913
126247778
33847712
522542528
112814907
241829233
210058743
39487076
113173079
662677821
147702535
617203118
30531352
2831976
38700824
249918899
77503745
339506939
14249199
72860027
208567626
424357186
158149048
189146489
353834407
13248262
30345975
349802650
150860273
142471174
489298431
353426427
429740869
40709244
121635797
680817254
824772871
34230469
422566316
8860870
139645006
300369499
83969931
62093628
538455968
11460838
261392767
108515696
441177456
70772630
78843357
305282583
269870439
56854246
322512623
12513144
166235294
346666874
47311599
360617823
62430387
11665728
219598326
158272906
154380423
363043771
1666447
467156300
89288957
123798466
266460765
150413598
318505963
63261480
405441900
885609478
221461849
16103618
514772803
434818059
56325192
620990907
33260506
386204485
505624096
553871183
881657812
163384720
202307989
50204621
107273453
295236086
183440384
89498055
588350784
190628016
795943958
20504499
223490977
107077393
118079155
79839881
628606237
123890691
234615987
43244850
43214327
133129797
56622060
102869302
86991915
192978358
295008620
543830960
160841698
506471594
112556743
793801173
155486906
470261904
334465063
206053323
664274155
4919325
30963657
438076856
163493999
159050409
3786901
12986039
495012715
31510751
962163936
18654889
16761746
42703013
211194397
11347779
151654246
535058790
183861962
160767420
10317200
202692826
4619728
624394130
8619746
10152384
25406667
128978419
111963383
277618467
548025147
477872109
581400120
168323142
129258888
383698646
494886364
13678687
169854718
288194366
471207259
291837139
179904161
252669079
10926886
44302046
130282101
392378223
274806864
338554844
399199930
622115500
422910128
21357810
301165
230156511
152331638
331161436
350152226
53901446
519423210
72189044
33047576
554965501
321160890
125503184
162660027
27770007
401066338
103568862
66280777
23642108
560617885
317861978
84101580
106574759
40913741
275258
197724494
424720294
261986294
280676486
76026985
162134116
480607226
770086695
770300867
142896993
40552192
42540435
243678150
246714645
20125010
305524104
34464839
224504896
460097949
129446569
423557576
230725521
223532470
406573749
362794801
603326784
109543585
50278825
886895665
3894701
473267501
28042897
26868364
6854129
35203071
61135613
95059086
147565798
327357611
115582914
71480232
10469688
33730260
270534402
551663891
47746309
841816261
77744917
275841757
530195796
95944680
341072336
115274145
317246116
404647854
333283496
16164021
212812912
60054416
112497354
6392451
139178160
434011284
409871182
94965062
695670994
172404191
667693993
190414303
442198293
21036131
43090174
232243771
284203577
205089378
3791618
114511793
131012343
93008104
329746478
283209911
162714599
268425941
594272286
206450937
74679594
164353800
64709686
125724688
57193620
50400420
595374695
864082759
238727492
15393004
310052334
424278470
453243032
279546807
59122206
866177231
202300999
129154020
271769605
120494676
393549531
28014646
80802654
214974591
347856296
47704464
246373942
212941858
84989252
288573649
511471508
108567610
37825405
425939400
121695665
73385177
40820537
244302441
59194572
171409558
631174201
34886805
290640943
37660036
71906253
190446334
66653261
449957565
226156776
209702531
130578409
97908213
745343968
665377355
33378882
108759687
687146542
241048155
110726
71279992
13043834
87330503
268158168
686330554
123786340
112661205
111722275
387698249
162114802
284429304
353074692
37226845
29014599
377107468
152677760
560394881
17174343
16055327
157003032
488071410
963582191
144988388
378813608
15916224
469132606
68050386
43599611
150163256
334846873
5491375
310786406
165469500
771642635
5896972
608646685
556183296
1813118
525400657
360178053
259767004
68353842
51728848
612193422
136214629
19843584
525553247
160387844
43667700
200548702
856265655
95210471
827885527
108006313
191129400
41942328
28096608
98662088
71186460
677648219
62933260
471905425
22073935
711235511
61649140
70707079
625376757
1909029
177071009
31409111
15670486
55115972
391229081
299927647
772989928
893980094
34567351
439653179
109451327
571889771
97667742
105766312
600335084
130114644
336424365
154857390
286359801
30647293
2818580
51135296
373426950
463013035
15082146
383617535
383408045
123566662
124347503
76400254
24697793
461172817
228648254
433654099
293300434
715846747
659579826
38511265
694338605
369522763
149597458
607820979
786299422
318678036
94978345
634267936
790459675
27045204
378480625
12791578
184629896
737640678
389092265
219840053
95191524
954641331
37138608
35528216
6724643
93746560
94340252
213745192
97316264
62527
222328590
77555936
672785942
69609588
394209
435355096
4682825
395648610
318686474
250402199
23191943
220064
661365185
975604189
25435344
556562194
77023291
446725968
222593363
742074627
45261756
813670691
551546576
544243099
129505538
237330967
251718165
64438500
283712158
85987852
181132293
43220923
20054918
68681704
456043602
23571566
30886776
16033264
9081191
794744208
548755445
114416563
362482946
518288494
410051360
214943832
238180247
182805373
710408189
391311877
60537144
703604771
39161456
10135140
44121395
10494872
162238002
556509759
8389181
145227392
101818894
57623750
171458764
84719600
175985856
545365356
298639305
78226814
394999331
137781689
500372058
214953505
19321266
118863216
99449867
24200217
299367117
23975205
52100273
66967719
257803378
6662976
396112943
83693791
48187062
121502220
58884510
570249609
5681407
564088720
295010581
20619208
9492987
428422057
276846973
179909915
763155676
574555892
786082477
586955200
945798
564769043
553592368
594826641
246520902
149034120
32640531
227444238
8461210
293883081
102283322
128166231
629829434
557133750
30103333
750371
62535724
19660038
8070460
14899700
48536576
14478945
296492701
159050430
570210617
479594603
13718763
198068107
33833766
230299252
46118357
508644134
417892969
316866116
96801733
332062744
86288551
709904088
541417734
914365400
362277
15906267
63587944
102841212
165660479
365078347
215839827
485066366
149495555
64952920
902276735
182606071
776751077
18000587
29699320
78036824
332692166
162579401
929291170
283535116
441586868
170966717
218107856
10982797
91592917
421003062
134243069
502289646
317985766
739862989
628923759
13240998
115297765
575096124
344774430
51280976
58893886
758966851
25865780
361175050
109591826
608737719
419991622
69410582
3524383
25921576
745062091
16600598
12964480
998947350
55719698
947592429
491788868
184902236
392289495
241207819
56248472
379638654
150701292
415129597
329912590
282504958
5709343
25517463
36459156
472452548
35968131
727126237
179370232
278852763
80310001
22359396
263228577
2506929
49645686
411160675
72698880
339547202
25373196
11538783
631503657
6828828
304108953
159930613
188251169
259691107
284100898
29043606
58785963
230821002
41223040
110120640
28452272
201695438
212095191
80733682
53065125
261884210
98806469
3201652
2485182
13597410
6017638
70674468
127546316
58831370
551365162
181613657
6711850
624999970
4125176
6747779
119691786
310931628
475589989
8397508
145753682
233573876
324018981
306073993
283822330
288222548
601372764
248865460
274417078
65753545
88104720
119167028
1003856880
350536568
163377557
706392330
353596262
67417929
555950024
406884544
394152082
28576802
116146360
488835300
275107595
176732581
71791620
636869853
17145842
53133234
18647028
238588478
139390965
105850607
344271994
715908600
99890214
43547912
164803488
532901551
205721704
173332818
75820030
686680619
15536808
97178933
57354476
349009624
381595882
379100358
36793316
843295602
14046238
271415230
46168886
187953183
108219206
497466804
213368092
863946172
61935076
685237489
136210768
56356409
50958365
439445277
636752547
294290797
624212417
594593056
57688646
26832696
172178017
29640914
330795952
166563552
400106650
81065849
96659465
23317752
181594460
29000986
282351823
180144051
50368712
21580237
95958475
131044358
77280714
8629273
367997289
345318057
7559621
506820670
538818794
54415639
311474734
142341318
328829862
376553807
15476371
469534048
54293980
262289418
619758406
645061860
298767879
330011120
100427294
170698362
115931782
218791762
24142534
115066756
132536340
105129098
25582894
3014198
394060491
120334840
67695730
51829517
30614877
218121167
550652611
352259431
30886690
487531457
279475714
403719977
212215633
16852784
128630098
266699479
87399387
65817079
456261352
31315164
293497380
513720828
327821725
108138928
624781313
26492470
290200537
78787524
305246542
584343951
103507708
63636966
115068473
46560852
246785548
101309089
206238528
42907894
155423215
348297755
194194179
51220085
220158108
136670591
119583926
758472725
212721968
494898525
912575298
203687103
103126334
4074715
12085406
199693452
504094025
36144070
175584405
1004436775
22938390
126776419
207432348
126235552
23092887
357973556
11988744
4229003
21965656
357991816
192708014
808742522
21400795
13136172
37063213
112446454
41793118
373161610
236549026
108433184
123016429
265483561
476424309
12099546
284464977
8124671
180924756
191392402
397320341
434960740
440065093
15280004
513747310
69503086
501243676
301621525
997675754
297058287
71848305
902183248
334093020
730402735
12727798
322266080
47904506
83223285
170757333
92698003
578532123
128896877
110955457
244056335
528423156
410950841
300167038
665722071
107936647
377896420
153715838
68976372
30159637
293409867
184692406
222008030
287209065
11161837
191975348
33122156
271720530
26685086
637349
72442598
544540588
15738433
369122417
216777763
141306161
732484803
390404019
79636624
174758618
149418429
203336644
67123099
427271525
43090706
14253520
77764744
33364767
44283551
839919686
351393922
46688171
158113631
9494523
154121776
109475283
393256
63970413
222629759
19634711
576337759
102559392
17284146
156697509
449458188
59911390
414413964
317724394
754291411
266372479
179103938
476456537
579093723
715567558
136786070
187271874
199421197
313849520
911891440
640348266
23764647
512010084
196077179
590590790
725697215
413132518
151214251
149808132
419239127
134703316
205382901
131538924
151287697
127385342
28031551
278676468
917209794
10161872
23205309
23465404
141423108
290080835
56748636
62868088
503039929
93925625
81802753
85406962
781046546
238906080
456172638
839878319
106490080
780426809
326438766
104918945
208202883
151910812
228304198
95407666
75609133
34149437
605270336
372949517
594227425
153147849
61023277
85246213
39116518
119903190
475791473
20297408
109231160
5523820
309171559
33315654
234918244
2754653
105491968
22452247
163802347
8912820
54236112
172953706
128940875
340345560
188981723
361095828
107414701
122500369
26890805
557260857
624827546
390052898
112923346
195265871
153292480
176910646
84308737
299011862
66521325
3004495
605149950
788921643
36083629
35421554
106433755
7312088
32650553
114016735
38480344
317933883
3144503
243216918
427689543
131628220
70752234
20780268
487084175
73696860
753874612
153355297
20858965
165092993
84796179
412338499
689504778
202057624
338480871
39762262
102362904
293403012
268013921
5507603
117572
101456325
46398173
506019729
58689350
529569600
288121419
18178123
902107122
338845581
323375795
71712421
349372890
60195878
188590917
282340692
171083886
32117125
624197802
6088363
353989059
425462520
58640532
40714438
41360158
3973373
62860404
455096112
205789463
171318
9450794
26055616
520894401
747036225
123330641
418579394
726061932
10992464
193676362
169597018
352224549
541393
689805243
429772039
338161456
194602602
56547066
789124992
787536344
642916340
749025980
99995925
116922916
3453674
251040845
234797977
116086083
730982653
635370851
520944192
1499521
37051932
92386893
181412881
92944991
378450308
127650782
265089311
4825465
67777393
27565372
163780169
10621467
222018085
330593781
50593005
60767444
325842325
169680108
317305075
251167490
122298797
307368133
434678470
283778356
343898406
145819293
39459282
426482848
13512741
238808857
549987456
451297180
189369742
371368814
18501715
159988880
396762878
28158508
570008431
5326422
203967792
175492372
44790361
37776126
442026413
66786143
55867029
117938794
48413297
20691024
367483031
983314657
129695263
762041872
15429768
623621229
19985043
637587761
121618572
611199038
360359401
309596064
32529019
143346809
368997028
190139012
116705071
295702437
490736192
207979772
253955568
147635135
204338901
187098501
124011816
171281785
484925019
417221581
4613707
94299229
665845517
182073669
149266027
36737000
324992180
241634667
396461498
141414000
65573704
498754681
68199177
240927773
393177592
2120599
849007385
33882835
259889634
183722658
130311014
10265977
424024224
8934763
59591472
907080979
826409216
609130332
3059137
313048978
184903137
68967594
3364604
473006
504286729
218886553
104850043
11233332
788553503
574618807
360151016
177794700
70529184
68372670
520521314
860477888
485383374
70365915
540532530
388965720
29852151
17566420
982224052
250327271
61330423
667570705
59749411
453077683
293345573
418796842
26526981
32777542
58457513
47063039
23494460
61845228
909835522
32567883
125666063
203970335
398781994
420528440
69880517
259924553
3303036
354179615
335856226
349067232
84333179
27527030
312053400
42643080
127283728
191660707
154609135
105236310
516586370
148236688
24226152
622379822
85958954
969900320
347539366
79201231
350617869
151055105
8280577
28515643
100878063
230690297
271264307
129972185
353668145
79656237
415617997
599872264
334496023
407885126
333783103
111074261
160140504
155948045
514081990
525725445
55698713
70382161
481088020
437755453
222899866
263109497
168893461
755004168
206430481
333561863
173475310
184425684
477947185
250877198
147153062
3420800
44832520
811227905
318266630
47970662
127356688
48404874
116947618
70665447
17559323
142082886
315748557
261988563
117090078
254692416
320780041
18338777
527250979
387774156
323657770
724313845
17408775
76492695
615433684
215862649
208573773
85673543
200382963
672323106
254429873
138377
130924936
102041904
75313358
191570132
192697806
256462523
325068546
470018008
365004137
13839746
346433161
598875953
813076389
146361144
17097862
38641309
6363557
310529521
407891164
30713067
27656332
499584714
257121162
338993390
46721781
71817725
68473020
23368868
824378467
274788929
889306645
497183256
3730958
718573664
211188782
330465608
156357116
905583454
39554208
37817458
263961910
355282813
21790677
24091434
263765593
262397971
6520275
18188913
84949620
564974446
41346807
633695215
312372794
100941479
195578819
117247324
18313564
1019147424
5630740
712397659
254935044
30305341
310972266
267453344
302616447
186254709
3083661
436681531
430262028
308535767
396249526
81648996
184348141
22558996
271814823
239892246
216697435
281710472
626452587
624450501
118125794
125665235
11673109
189627100
176937393
95319521
155138078
143740156
429166900
127984250
695830877
811064122
78724241
37508110
23265476
514465782
236459549
125125323
338092031
73404451
138208616
220084926
370008604
42246639
674517501
114541911
186066327
51802668
261990725
63913636
745036055
27476138
491648870
635103806
111994072
640148203
121958653
20295925
8146890
98714699
22036548
319058925
617812217
772766578
159657115
599376292
41695290
661952649
272549988
569091811
4117168
144264489
35030208
701139613
111401137
308242962
191505149
123005602
621392180
317091934
172153303
291456320
45392076
585166250
955320620
691297679
704419099
7091948
612274864
124369641
33846037
108476513
57325108
15002769
808821988
79948864
12582168
26850177
252413340
52443991
154564112
320184614
458877014
491382256
499577717
35014803
612108511
244413776
547599375
557999727
88471965
166007619
133782691
41260160
576318135
679653287
183974859
21169687
314096614
234494626
96264611
272279696
58134719
172634526
21805554
466475386
214899548
12434263
39032453
1846298
286127443
531619910
466743005
240297358
31590902
296451248
475330916
778620741
606217320
324497311
278336322
210411367
79274723
282062479
4149379
107423521
627321911
251950109
836106177
176562321
391140594
330667574
414467562
349051459
150715080
543979448
98160183
7384881
819624521
547687999
753145447
217107314
576166262
24247464
344502144
99897079
234608220
226290934
7690483
433164783
61922598
106320548
416811428
333748658
17456151
240887437
52102688
649570762
430755203
464803480
669801287
802440018
611204302
61075826
214711624
424414438
687079220
62797659
194929400
511253575
164159093
41471527
174989849
55078252
225629551
494091733
180097252
247971259
671315949
131231597
178249893
108880081
18763712
420940275
189125738
300159445
831179897
253222205
565577565
40829176
835923809
23437839
398304818
56133665
48832789
63489557
357493164
147723868
77104534
219548419
253627901
17603780
485432947
517329745
54785989
92346297
467177983
248875660
542913664
265036047
323351796
232609630
407582718
317451304
625053611
133512518
240639211
104981422
792121286
398508390
13955031
21937496
17669958
548810130
1911642
523483659
672803231
510043298
934446942
104348612
519129856
339319331
701225280
106649582
609230158
27424576
943216299
310361604
405502031
228848221
32117230
610906758
176140560
16213435
96559466
120408304
252584901
51945966
147838604
439957170
116960787
847973149
352631407
589861189
166059342
838442785
335585484
83826882
198729934
194885147
115599694
47988204
172869348
934718353
113073991
28443523
472288621
593421177
338282230
57758472
43128211
467217900
84302530
290011301
56185899
397919384
5001523
60740661
697984576
686758454
170873695
116462667
113030489
197602380
136758473
156266912
178713033
664038675
142675512
169410911
320100837
62771445
27054826
596015230
53386451
249597151
454847195
104080414
64293108
138538667
170138126
141241392
79557221
361427799
40332411
5727210
580674123
252891309
701427546
251972331
168248626
38978389
44581127
304586829
132842236
834152790
75424569
420960599
348171858
377306932
275590993
68284413
558396769
11917553
100154254
27026747
475680704
103872755
85910447
254923388
86483622
417358224
139416575
527681566
17920836
278605116
3737576
9877911
688459151
620489655
6659817
666192474
23456985
332591184
52078617
81712615
23062745
112467352
24388407
145623977
187032646
64893223
57935047
66907530
353858391
709051531
400729134
123790295
172440992
60419495
1335917
54953163
485689673
90592601
85050650
739312431
39090276
79424765
2116453
74383008
93337005
36168734
308410814
231898267
291690619
963870790
289806499
572293972
167568022
39379314
130456444
656666248
480395
5426586
173957716
399367823
393520170
189786071
127726530
404045336
233804417
5082941
127590573
36287060
405297126
101863222
397438705
470946
513246075
988658096
206193632
4650107
439073516
654088156
182080967
830381118
96300957
121237879
255187786
314894961
136082186
611527964
422029969
255838848
160752487
496308475
132152499
52796472
381210444
31502286
353513271
25272707
252639532
113722566
40401114
254850542
70576567
389582605
171971728
338264388
83549068
551016452
201450060
120792660
384062848
165375784
13485984
123578675
27409887
413031980
256239311
114279908
34388961
180813708
288711356
315332923
321986856
253016675
10474259
10047842
196147584
69898849
313275216
73006274
428034560
10935245
328217635
71849943
21273271
27027663
710952480
334638162
143764070
131533938
135166116
59302013
417129591
24912111
183441787
57755346
23284
266275564
11240043
486340436
275697612
257939587
483835593
25019164
337632572
465694517
181419832
252400001
149625664
84376211
247705890
233997571
71813186
183877768
592163111
274183802
274098749
126333785
48753288
656088278
66094830
193672968
650863753
38080136
258489312
30566028
175833397
148380128
34759729
22761171
152245383
544559130
211489179
57514920
31655875
194182071
76745478
181348698
194243479
462849387
262214325
101781973
222296233
199648591
158175976
6009223
21729706
77994468
382629355
16236757
364784051
109367933
446239657
317964513
119595456
563223387
540253746
17644985
452593154
54270179
528843120
224994643
217173771
30005878
306137139
4366105
439700676
885512323
88203695
613881271
176375751
433839587
420748911
643241824
65326706
875047236
387033572
132914667
100361637
41383753
651665798
375044933
700517916
323623686
457272236
157889998
73004621
457514632
21801780
11339
295302675
270147192
10327668
36406457
234087320
77458876
236119726
68509722
80801580
40586441
9481168
141935438
117033433
476578926
157289446
48259035
487897276
646956828
240444030
130232173
718846463
690280447
572246964
216638893
400151380
145104684
116462529
239188011
277837751
55424665
32564032
278072691
19349342
303507814
36248321
602251772
116745721
2398044
124053658
87741334
33046589
117720865
303825356
51150607
527092648
84989690
938529304
171391369
392115564
66753543
822483292
583946467
458432854
136536715
208670740
26642457
99271954
227622680
54215524
175576793
105080318
219246824
589051172
143079432
16639310
895444661
274554138
227891568
361904327
335713530
680638230
109472759
287224576
466461930
113204192
432114723
100122214
308278581
159501569
64516446
156560298
956211595
456573658
323554754
438871687
84782313
667029756
138983650
298546699
143779969
15508857
1971207
86379351
352621493
95808836
216032403
10440278
687209884
309630098
515489791
13373756
312158904
179836211
174709417
45197406
9154670
56300843
368676305
54189095
415394771
55447198
443716409
285151918
122316647
222082530
177069263
336615220
83305586
172973960
314180092
24222209
633955135
501784742
517533581
7229730
669858409
96061682
292431316
446372966
100279495
6308630
346257534
33324006
287989817
418927478
734975687
984043404
38881862
9736715
496578060
356154281
440223060
716246977
202366645
584686288
485014272
429589890
448738679
526684399
254793958
391656260
709270515
634386370
542058986
74548291
1597736
69766198
571523195
101824719
416988515
530247403
188717836
207715351
53902988
10700724
9044186
7893462
91076918
240510728
290697022
200177820
247695312
717321912
448553100
167255250
493246170
875553216
12040416
207626829
403011149
164435272
577815455
789728592
207318074
241824596
185701358
114712588
41409226
514683778
234656912
139940472
872243860
449935685
428990498
228450528
67191674
348570352
866059400
119804631
250261296
798779414
340488303
179862433
50284967
225352820
669571722
218310080
238277420
148438163
175567044
99784177
238696574
68182340
72941328
470505024
332752394
633267804
115583885
319395609
92716307
112255538
387159391
170662865
200118948
850316483
24470893
24012730
74789218
254143147
184947313
749356163
3457410
199606623
39556046
103468860
17311714
138767069
