44935909
85074533
74343544
7822183
7676496
39736369
165422245
2176191
8154757
827312
384039
358926110
20586146
2811017
126541254
200134663
18398701
6117779
196107279
39140223
5503805
1366862
121806924
13011286
2880783
20312460
64391763
6196828
108284698
5361120
142351922
21270301
309060996
15817836
33203484
30140073
93049893
129086899
649078
88414213
1652293
59368059
100595149
115437634
10628409
90982908
13254514
161769038
178792342
11403140
119362682
8623843
128276376
27739635
24473263
56518617
16900026
34685954
73699146
6359601
57764454
151685770
76693756
135828085
21287770
22397850
52628602
3181176
113479857
48329979
12134962
33245845
93277310
56711423
16466434
232007558
749591
174324710
122096853
190614718
43156934
260179404
23451958
234041854
52590491
86634978
11597166
12156541
37025478
173180368
85094631
13829296
2394368
24933914
68964730
11524013
8209888
27435496
13197629
186242299
69127916
33117132
69425903
40584128
8752125
4401601
10221278
18448223
42744181
57100329
63256195
156043020
95712421
88357258
266014
13149097
20890533
608366
139258383
80437685
301245171
101869532
3185874
8979522
10432592
108045747
69915055
114110213
5421598
41094157
34637191
16443888
6049281
5026895
6248874
158100241
154307190
168054404
15914037
15616461
239251712
20277685
21565405
32534416
70507513
3571144
52208819
1585026
10415122
3335260
16285075
30737330
18788018
50386837
78325952
205786592
70532777
14835384
43956857
261437780
154106397
87348310
44520388
33869541
78972059
74714615
15223394
5756200
99134048
14066511
81061784
241904708
140568239
14941675
24225046
184416407
21977185
23692687
168469860
13272580
13844969
248914071
79978928
46826684
49049849
24688695
13310636
67865810
54096943
158244309
77911468
130477624
128926205
137278808
6593822
65417622
39411349
14538458
19367757
160980928
8836065
5962430
29258032
143028882
23222976
118845703
31454598
56779176
57613867
114769410
96198006
46028647
122749976
130331931
98516951
73258565
99918300
37229676
10330376
29987826
98346387
12929944
48848770
77778881
160988193
30492892
16688348
14081334
283946550
37856513
234259270
6451055
116151587
77017195
32675380
44014372
235733737
5132540
52795688
3123462
54992
16817476
125801847
64067961
12574061
53095351
92131196
97874183
20770238
345893618
42929703
46779270
10657768
26812627
75401800
15256364
140848645
11365538
117962058
21942141
19877233
5500564
8657881
6680782
5901025
66019617
105835536
82849065
70795034
16527740
125409940
10662211
25967338
196297662
46678950
47487927
95176901
39011261
68584542
85906558
63478151
115501285
43735921
19445903
6031232
527705
222876
12423486
84944326
110502006
98249370
17645787
6978473
1655418
16868463
24034640
7953477
67408461
153064577
138419
27979129
244010030
99574247
59398825
80397734
36199531
4866773
10904183
98742923
17837664
30128237
15894554
25627740
111889548
169779790
32431616
137663496
183953104
19596914
77832626
35299135
90895464
15200358
24536294
78597369
92608887
59600106
36160988
130259353
14890555
14888353
2083230
25808866
101726325
144539865
295424154
21675256
10059344
73126711
244797384
163025376
145848478
45525459
12400843
44696849
207826912
47407498
2670458
67496282
196305563
31164064
90499398
163435863
73137870
2035950
191587253
132394675
30439283
6214208
10157566
92702543
2551080
12236016
121968158
46128477
74438346
11833536
20287348
54625722
81724106
182366077
410761
12702011
119867884
74691479
343722169
53085264
20464601
216065180
22639427
20770427
18290358
147697108
119341209
18871331
68561529
139401292
74202040
11483370
6947401
99854980
47525651
209807564
36144500
59132751
35082457
14538207
12901151
77460391
18807816
13038933
12809250
60336380
133087
21415752
80291140
85753797
1942016
108126383
23617136
81415509
19255266
111315187
156740562
80447755
21978199
147419963
45959680
66439776
125540653
81475202
58325992
102098890
351125370
14006294
61803763
94955845
55201076
34675083
1215333
12309819
2225680
35647232
118502688
156036758
182894
98764586
77960498
1874558
28497995
146612462
327614421
140282265
103521072
104445180
47434439
116874041
6619119
80038197
279910971
115925763
84926397
82618305
26844719
4637849
610267
126756076
38458669
55490919
73811898
3505695
95658581
84375882
12562428
3263286
1170776
29739297
64814026
28435145
33466334
67244109
51975885
25790036
18299078
256706000
16706398
312697214
43541952
5358088
51461095
134025435
6463197
94922176
109533427
28418115
49657624
15040331
64572204
70244566
169587925
31518804
40667687
85429567
306523977
4431207
27619713
21125546
162201084
208566860
23445629
98618813
3905982
42938086
194806660
57203649
59471276
108653251
34216723
125149691
2579851
96464578
10363620
11837164
92492122
181178708
15472100
141489825
27477041
17086959
59413560
16449694
6879942
17267713
5828828
375337226
27834630
34267435
76773370
24112387
61509379
18995836
5300488
13549780
19806039
67668627
28780140
22506868
1485750
181088882
12639935
77941216
105711397
5109744
77080059
104922687
84835019
131638881
64473560
202203086
188473604
135403863
64253271
32269242
217556813
185499830
70782404
56357133
66245842
72966716
20700084
156031778
17602716
190259330
236461689
54715540
19821315
74451591
81619524
47999306
38658410
46737068
4781161
119978816
211046244
158094171
53697402
99814105
34232619
29256898
87079500
7991407
188509778
2218660
45670288
65133279
172916124
86534377
185023503
40250656
142145660
15301992
213187830
59421838
146613634
67110924
208197514
101650848
21225425
53013126
21035325
16186638
162559218
15380331
50416925
107674666
118157228
183310319
199722384
29922534
17186318
63638100
9630576
195260428
85026746
138686860
121447093
353317607
123516849
6288177
54617587
47972236
76993404
135149294
90391769
172520017
21819026
955955
54118142
142943146
52154059
33137004
106923220
27302362
5955507
16900208
22182260
1881766
28964286
191740730
84620388
33264786
60261601
51504253
60622235
132245639
59080880
186199276
228369807
43476528
35867538
8996409
11100600
19510981
51243820
42866561
8691475
505578
3349804
131016186
131063262
37575502
60813753
111159605
49206189
113865677
115016151
30743434
91689889
68376856
1388992
30215023
31223626
354511633
73271564
42209214
37911023
2530121
91670839
5917227
77652368
40248890
79723
30372183
50011119
5503689
5949192
197618075
4370429
36323065
55017809
55596039
158803074
4877996
8550554
98807818
49586533
17829693
20576868
73187471
62206740
32462775
12013279
2514593
269907297
97259442
175149185
4732509
44575535
125430303
63230868
39978891
112046837
40356395
9168132
159981713
62469279
67517285
44405272
88877546
6938183
15135600
83898822
95598627
67823118
8259802
70502156
120246040
3321073
24101098
39361530
59174034
3623164
77739913
21622380
11600725
192278679
64611451
75236390
197358813
81747720
93672301
22304292
11399727
185495226
4313303
49849797
150740573
91870167
98742939
953131
237988579
116047758
50295614
12485993
8916897
199432310
96551408
23933850
6664840
7300283
2881054
103671875
45574168
12024008
90372640
107206396
175333587
11761581
34503866
1180254
2724017
33351653
58850517
207934092
73002040
242305080
45914676
21253885
4354096
202260353
23023474
64604915
102125
103291617
42028687
285328881
29495975
16736836
40972941
4138441
3751304
19040480
331187291
34467838
157824052
128318850
256633018
248837307
132041336
66596127
31152442
7877187
58738348
182945581
62075894
34483891
3807296
71130321
5638607
83035878
43050128
293281721
26234599
96122007
27532949
179057122
49196739
85911079
82941806
46546657
63874157
1767639
5238623
3260392
52105228
32077
185574946
70708200
19943745
67420511
113880479
28307830
260485928
69419175
19090838
104231678
30878775
39374367
163604411
43204936
5169187
3510198
34216103
279659316
221548633
38390767
113965455
35548040
40190462
19353614
85251875
180960910
62972532
183313321
64228975
15312012
14748482
141649173
82095
4256923
3606532
29273709
79805304
68169932
38081728
48299254
153351397
259610721
55722689
52150818
47429578
103260235
73581496
37810882
7497222
76307814
89418059
31041402
63569288
73434924
7974209
92763646
129306411
83143524
3831024
190287815
11301333
71373846
4416304
15691979
9974419
384557114
81357604
42503270
139913564
24849165
143858391
121686776
56724297
76183287
167591315
14188608
43648893
15248344
30705129
22815058
95318157
32836942
21358246
301871975
179586355
89247240
20678500
30838075
102037833
108238779
94136639
75937159
57051031
112630855
20694774
39953811
74378835
2410959
109407941
41776083
135696
45926305
337515288
102257242
147459303
161630897
65913002
55988879
16432618
151873146
99686686
5143857
13809770
60789936
47914138
26903817
8601363
107832446
122884412
37717463
101081452
46670882
897778
29387692
88635252
99315660
27450070
59981397
4080683
30464169
91110379
12639626
151421453
50071757
2688601
301391977
18951260
14934734
2631360
82176248
211654223
93806340
30024395
18533966
177294838
31881483
30985032
176357689
87887199
23479057
10824089
11821664
84358827
66670632
2403410
234067866
50910024
49095146
121731446
2220217
124837112
329592406
18634142
26816724
20566385
29621727
69508761
1701330
12017343
18695486
127225617
179963364
31755984
96191478
237645565
99402903
12124232
2150932
5291337
10611370
55905957
45076165
66718215
116770764
214351376
179954498
24175321
132321681
100345717
93179041
124235665
223892760
103710850
134425756
45387583
86818434
12059305
36847288
203578495
125916417
56401434
1789258
67010253
7668713
593980
11425961
235837408
220653219
171078073
194332797
22898192
125963675
83869760
17575503
79473231
210781234
18046102
2811841
72631435
130208337
31438610
24783313
28172515
23936173
10748065
223696968
107238561
46798887
61204317
102787161
86623005
57329328
17596751
33652224
95159624
54169456
74677632
518449
75046674
30797180
22311776
127483646
126677095
49159406
45170021
65107145
197158333
47478750
24851529
59445086
37436223
199712640
2301247
11675983
32839494
64101749
104003113
17419671
132454776
248107270
99726803
71083136
20950049
69952857
28447905
231845490
5451927
87999940
127971252
14596917
5506585
539272
38863070
118409211
66076978
6457887
222472783
143253276
80857504
33894925
57992408
4710420
25725018
129380202
90164013
81083925
44324389
136195344
92619376
98048028
14821502
156765712
11170800
129599793
61856935
40763896
209954443
49445214
80205719
21889544
68282656
47096570
16225455
90472629
154366945
176448669
174856948
5318991
35951010
138414452
167785223
5619097
49619505
127820581
54271196
33343216
46707973
166210947
190035965
272063721
43569728
98437413
139080280
11248096
243387717
85566019
137641478
40354896
80466174
96533767
5212384
112013163
101421822
69341465
12229124
60754094
8193271
6773231
46628978
927632
2495042
48422911
12582176
103803645
1250790
511034
5788995
150879575
132947451
35494899
70063153
152622029
205644061
62499378
7231193
240304825
51674502
47058365
116500429
11469979
78719745
40361152
2322538
11070852
102289373
115761187
244934851
21548848
6270137
52112857
67370158
38727975
70107011
94185140
1601139
10017828
30860031
78404800
11529736
27153680
31817739
14473822
121214134
133106386
6041221
110029316
1402401
60628396
23787032
42932208
133714322
164376200
29967070
130268262
89198144
248941547
4167209
7814401
24407589
203885554
84075348
35841221
38270420
24643074
89221041
4999581
6305607
138957906
80701380
57245879
131507512
116991839
111939567
127117945
38229980
5849659
11363722
148169886
68296162
2980389
2295369
312656226
51728214
92574410
31325452
41552320
21834409
13026983
62200800
139333240
288135605
157932585
219622936
59879080
76211223
103887960
37272641
153187165
49022937
42285529
5726733
61186391
57763171
12179829
8626660
81558429
63341023
6461858
26981252
10566217
14543562
14469884
10099039
81763408
100743241
22861944
58442461
37609999
112381187
14167565
27691964
2073436
22494421
204023533
899374
86038383
204877371
115012704
3485036
4452954
6305881
2773403
43826058
216147158
103606287
985869
98770800
69172390
26254211
63949908
36939349
118384766
17890195
196556399
20843002
19792553
54982245
38297456
18474498
203972213
91927178
20056867
279031562
93655999
12893612
1123037
107869168
53103996
61115599
9785815
69014916
340458200
969133
124985589
141348648
70155900
141707456
139215311
33212752
25448606
177720141
5170403
73209780
127277403
132707498
9453808
42704866
10459314
49206020
8488387
124676717
118951048
14252254
48152117
158368318
20657217
10023780
52353841
22048804
18129459
40551446
108891875
4541752
256554432
172196394
17481720
287323661
10521598
834538
200444209
233948416
94678130
4090662
99434409
107211231
46325578
115505868
3152493
152443124
1336709
25714467
28508766
61257955
345008050
6245391
62035638
137168446
253936726
1196791
26542549
146023102
4455221
4786589
224638709
37642810
4032211
31463955
120102714
167880609
21634521
36826960
239500805
479450
42066312
58604789
10228790
860352
45551312
131638651
9360384
178414168
31798567
46627131
63396942
344906165
983296
24264473
349981433
24424944
5659249
48974791
198898605
260162609
23259037
70474689
50981242
20099746
130276131
31069606
100284252
75252063
48542046
155035482
8347781
9473016
27129079
67931834
71961314
295845708
77629360
68443648
47104096
8455029
6680413
105346594
51682401
10690933
33414004
707610
54321233
31397937
8320719
134042820
210287271
21969154
83086702
2498448
288765647
104160780
81186597
162991844
135372350
164577815
12618305
20449662
2618490
92069315
9894015
12071407
82460036
97833240
1162489
28905073
223029780
4022251
47834652
30825870
88273817
8529836
29051001
90323132
77556659
100594142
79564630
121013789
65485312
50425334
47391173
141187552
81120367
120171166
3327956
274652422
126255598
236621354
49422221
28770582
48208294
166571
73384982
93120695
26399040
187339706
105538189
26855972
260062543
15456042
50011978
2573977
93255475
6439631
12070642
86479699
73318527
13424532
114147434
32894700
87565482
3331740
124606441
47157705
74893786
47970356
58263524
3003212
18531078
45764189
65731770
22133609
81826290
77949216
47046578
88631546
104805539
18578954
49391541
18844129
87281457
29855540
12424904
244212661
235559703
266602128
102276585
16053714
259605785
51498712
283262956
73178434
56183330
127436212
86328621
145915137
61347978
60806490
26723666
2295383
106004243
239416906
18597092
90001070
147739464
97111580
53721216
101534807
13512615
107381126
29026919
57326085
127397624
152701997
13089830
226816612
40350572
11143176
108654195
69108215
17587444
38350683
99260290
13638484
35054956
110448750
140694391
4911464
8336936
17266421
109148808
42972072
15213219
109334200
133438768
28760331
220203714
36022327
11517883
155768741
11279117
2699760
4831398
7671699
22294836
229414582
22999586
54742570
12478718
83501445
5088465
20121635
58781938
10610497
9552181
156840069
56748747
63863214
54260898
41590722
12377208
156902534
11789824
20003007
60648360
48117691
8134131
93701380
15595604
67530735
51970457
2805536
56757660
177022695
26860911
53038146
109791967
136113323
158161354
25614100
262863035
114831336
102127468
10688420
4662189
5328530
106352999
76207102
27466831
1795011
176232485
1964683
52344611
167286508
9396092
6679360
9577142
140852732
22664901
63355720
184351283
61729615
112942840
41092109
42847606
6008037
94951537
11546868
43114224
73073273
117697305
184887972
84178799
82819487
9699691
34896462
178441510
127412601
122130177
29833407
35587909
41537386
39933995
13328356
78340521
151269987
131919497
101570470
5831113
2021510
37336381
7109093
80186936
1996644
50955911
2137778
366705360
12219654
11197122
11162564
86162395
264948330
65043270
103900472
80054906
366905468
218146183
57821502
34844479
45060387
19228581
9215448
228818312
93212748
91102692
141316325
154703901
96166155
424487
61749038
271852305
29909325
165319778
28467065
11260408
9456190
1014684
5458903
19930
83170096
11311793
79173624
596364
9075209
128759260
28330641
28929053
6890740
141921955
6846456
31677470
112354618
32156536
109214373
28391480
19933848
134830
118213110
80248802
92208306
19978854
23542540
82598782
36496098
45467301
188556756
33170886
79508867
148192698
198061181
6087543
2524081
91302744
36326640
28198734
150425108
28646141
25164250
22556346
116815358
31487362
328482224
112162719
121078177
21673785
58469740
27146534
112422021
37183363
56258532
34490134
1920449
24453423
50136250
329808575
31179222
142919536
59857559
68421510
20041894
16322251
244010415
171313118
84988800
1326
90844119
24104154
44559736
148977612
198277607
148994667
33474747
121233526
92904043
40666074
11666449
20989309
44069044
10538569
6081732
21146021
114021933
172898691
16985419
29157025
76327599
144318315
228189990
125089098
14324919
45328108
276689468
61349836
1549252
81617808
50846828
115004075
3852917
21320175
29010948
24753204
246241215
3687324
71476072
98748427
31017102
5488982
259198115
64828185
11100093
9492232
79263053
85054317
117868407
69164407
5755602
14109788
21555768
109818166
1647875
64102648
12487751
31033440
44495087
75569909
78279744
65720217
7159577
790888
5885208
251774970
6131801
218659601
8130409
139121770
17564016
250739723
17532626
139693552
87916637
4262216
1733397
121732
23832026
2188399
10867895
53385107
34671402
15982052
95549740
118928765
102960894
14954634
584734
2491573
45501912
43755535
38470300
7203420
15376177
7879513
115492762
15227512
30792326
101777611
46032266
116880097
98675026
3642450
120740569
8040094
60054093
124092366
66216245
101538586
17436624
115073789
8503247
34979379
371001
1498497
40508124
82946807
10976169
44914147
60622407
15843621
31235928
23442882
76627044
40303822
157348748
4863409
982090
267313316
181446176
2917015
863864
53157382
112627777
46542392
28422377
150104503
14712345
58965682
8597727
46806778
46257337
166993525
25947500
91053154
197024096
193946171
120639174
24419187
131149355
116953623
20394386
7078762
65790299
40689186
171814
50552386
39916688
2439603
33607829
37866566
31259985
2831494
269042348
144591464
122361205
122605542
29422969
160724398
144377080
34136487
1006276
39730771
76609320
91692611
86244275
89264823
19671561
84940817
10413900
63987590
57792264
30910339
113914810
100601112
33364532
82600475
229719465
39501469
19165029
14516282
79705
14202138
162447069
3010937
88717980
100687220
7713678
111234267
26684835
100192759
42245677
10821994
22987250
27137310
14653836
16817939
137199682
148385878
33979165
34741674
5835947
43566739
180672478
3507
210076269
55206610
162630348
190487599
718977
32515664
7078485
29861296
41120127
14567243
33604521
169721838
101439648
286957714
45654726
2074025
23067244
24133970
127556935
7736198
5439594
78796367
15891399
76032615
6648669
23925403
71419833
7166125
92197143
104898852
72942098
15757720
21121113
144140754
39166626
134423556
17905845
3308739
29070348
39631925
102999722
38362102
24226364
127533373
47911352
51191543
103715453
15899421
107711071
64907488
178059099
131879180
37131724
84482803
175837202
22852866
100001721
72860
118802934
11199839
125320618
247033
85647778
26313451
76233587
19500765
30927556
8002167
16554922
69309001
32450650
71459262
1284270
38247685
508994
91527099
6919044
26794141
73850978
85536942
92767020
111355199
49633260
69605670
67257489
54678753
384046175
30468243
45137464
5354369
128812604
65523920
915898
45349594
1017317
64042312
150286375
206202948
3211176
745430
138506645
44900218
3873341
94499238
85967892
112445616
5569555
26897286
11521879
64372522
130259145
81219121
96290796
128389875
30688616
43909462
3827989
4571787
20795471
1700757
3469846
195727894
137594098
50657980
15867566
26677776
35554431
15563263
20019339
5143884
2103540
37249840
64807150
43277858
128849437
6530605
34058846
40146762
123224126
160323798
239521202
55022038
5407258
186771830
62463234
223351017
127746908
2264202
108995433
66079649
106606741
92021212
263026652
21520936
787824
38027281
182987342
183531944
16756689
64659129
21311864
17923613
45937078
18197098
22307468
16184776
243967550
48304416
48047726
5755860
250646180
151774538
117777335
35345892
9860380
76370227
10373704
173109985
2367854
112086556
162039276
7335977
242481837
125940531
14209019
5042493
119464469
173277264
119364253
47218241
13324965
73518098
98609638
41587283
45136684
27944458
39803525
343464428
192595
119090730
51534
6697074
13368868
119143708
92500
72692809
32636144
109083607
119559263
568015
17892756
48209136
118634250
25867242
174319414
135742011
65325202
140689771
58072651
86056729
112550066
22532989
84621337
92843204
152405767
92977974
82692904
8394031
21676366
19802505
238525027
25694144
47562561
118125827
84606695
27202088
298589025
46788970
23786020
23730443
75015074
17833185
363367
359404528
1732549
4657484
38843188
37708859
8213485
8932
8240054
3874946
197085259
39191738
618426
2589841
1546659
175291352
89338586
1359238
84571422
155407929
11993600
21327006
13478790
55645553
109967967
103355980
121580304
7963578
24170787
124209348
80297529
19955370
1950974
223201071
137718760
169717866
11973311
4669960
68186188
33368792
83488869
111842855
105057056
1986269
2334477
241192
123424038
45171967
18169580
212003453
209868238
29478433
142448
31483102
24549494
93291373
34660065
20495530
48019057
9677773
18446284
72121095
13323224
17731193
37575662
20443822
21895100
83137068
52412899
1333940
24645617
90649318
14076134
39287693
115179390
212273040
27831135
243752876
26039934
34184185
59880428
14479767
8034760
151181855
173368251
2057062
128106899
63053070
58799402
1755129
208912917
34737480
31100962
7190363
8567616
16412560
105272206
59999276
217557743
172464173
98513598
143173675
53044928
246495024
18739147
86479200
34503989
27573984
17242161
90270165
17590471
4310877
3183488
88496965
45749579
95229633
84307405
41435109
87526484
10971112
40287104
1513243
5133081
9265653
5674231
74421169
47120802
43538684
217721313
88379298
170863806
92394055
21971562
45099630
124716405
7973193
24681223
63515110
10390922
59415944
116844435
22713804
41206561
12904073
77810549
1020877
8277870
214863416
10487274
34332056
34915635
141583819
31536344
55660061
81451093
69268356
103220130
33504746
178704224
74882216
149541083
52334560
1337871
97944088
10222576
112354980
36349919
43957425
2560305
13305361
50768592
113373785
15828630
247693323
183622110
12677144
77493631
41898551
12922368
124049026
65225660
3690911
21968167
207184871
87308683
224332252
20274021
205078076
819456
104876
51752577
46914689
63920392
21543229
9357160
65663600
5284239
81485
3760241
74682807
108583
1134541
109648911
23270235
21268877
66799741
1041766
29344551
218153975
242535873
48013990
29779775
12849216
461363
40574597
1179810
130601730
318856366
55861140
314409
5013288
11281513
55401819
13495229
180044294
8480948
32637229
15338231
190146991
25919411
594789
222844366
281088368
13745543
57368819
2322560
149131464
210410553
26768838
43840758
74800442
12036479
6828915
2970446
4617342
6039789
52511655
85489027
167594694
27063354
336426125
9032936
15631285
31923647
41666135
16656150
33198718
26952142
149385338
21294470
25095965
64485012
2415183
30755510
61720478
14984629
25296240
4769190
4944827
5442983
91482625
89080112
116793075
51086225
47872156
73645257
186340071
182709550
2531420
80675355
93004506
103120562
35081357
36920704
31120033
212202496
2038903
189355
9121145
182224535
32508914
6068014
99207225
2844500
161108619
35276767
62390031
148563565
24841135
74473637
14865833
130371407
96345895
52128498
56928904
6519473
27262143
600029
19336439
19813709
22923472
354536693
13562668
341624092
8385592
4056894
4795098
3617026
87391952
89258355
112893560
62588944
29989211
167906595
33996763
97948032
200419380
352360282
147462821
134358615
43565379
6055631
4464438
31547369
11937924
16487298
6013674
82776714
21962725
71364802
26419477
81194024
97625748
30544326
3145695
122454729
163048250
67030821
95203131
70094010
123083560
106373780
22579826
66348003
102389666
30593113
12102774
4712419
41923553
29585435
18172009
1801909
9322745
197055692
41319014
34727078
37645393
42956930
120762287
58734849
80902679
59833734
21233883
22831148
50163958
176078350
86436253
20988053
36996420
16274891
34447295
54259338
237005812
213153087
156565385
114784077
60993948
5409952
156488196
173676575
2440049
50168461
32671158
23541841
95435173
81291700
25193864
27429842
32810718
47381535
50094587
15784292
16880735
16777053
26848473
26348573
97517222
3964642
8717429
212013428
30318145
62128802
4216595
1498374
21225194
100698802
98229035
37403733
40791106
187010010
170660902
513685
7171103
29625586
22427673
45190582
97517565
21448767
182058594
104057694
31659264
110364994
744534
59046475
99760615
52827030
11459237
13872410
42920341
115776357
235222557
40204769
324528855
3240840
10526262
207970258
80952746
105279070
77928057
261119870
158965667
81082758
151027490
280773903
140862051
35079048
280053660
88106513
130819637
3968553
6965034
4127447
88128627
108993
68049579
198343504
1448787
101738415
103428126
128487851
44161093
53712517
2371562
34008567
16365617
230656718
18014194
45642865
83169135
192527675
94268105
38136686
21991463
7712092
157986110
68031494
108365763
14240733
12908300
73653347
106051025
680672
10136659
55565144
12913118
34395910
11160410
31448817
58702477
23429021
27170139
264767
237293521
131357044
13010219
140284877
142374412
30428974
24247047
14902087
188888658
133527536
11590151
178074912
40585670
174438316
5058906
67933688
27463256
6110242
1426656
39276396
166647050
75388492
113703156
8916095
48874144
156894952
90837120
4916180
44518383
108402335
44344440
5523383
103572680
49892290
157776639
4977468
266906902
32235
334186
8154567
69706532
58268415
43618267
72273162
2129831
75206586
60255927
31220513
165217014
65207155
40681148
142427804
1933723
226889107
14336335
18366079
195302594
2579990
80610
5771846
22589843
144369684
122462461
6827996
28506584
17949831
134262
97166024
17161515
51309278
40934259
198478264
211823794
122861721
72796040
47991607
5473284
53745438
1711453
5752760
95181667
192134138
34613608
286638734
5115941
68921172
3332233
461675
31063579
10686433
201472343
29751257
52290386
20314679
29192097
164718522
134831337
13669719
27583393
97681110
16276932
61311969
39494078
70096674
136606074
113786579
3717649
7738546
122403466
521632
12371139
96645625
49439
98368874
17706289
10396084
10199766
12444829
143773893
21307803
2778950
47905331
136327212
39522035
21192701
121981241
39540585
116635851
65344536
179188
69667476
225185365
1400711
14132438
38570328
13746417
3966383
20736562
295713212
96693232
7386098
8562648
135124387
20301673
1218463
26043499
115843206
87503872
51127792
71855952
24052239
42581638
42844866
101135444
32156208
35034188
8014419
5251261
34493807
12796608
83806718
748170
57487856
11338403
33858181
4288271
196540288
16360300
91679845
59555112
1263274
35586396
78507835
43941548
68314325
10494130
5731563
71599829
42410035
4787006
102859042
401943
13095085
10008569
35460053
246789456
4657998
28490944
271661064
122047606
63803032
143779924
123615294
84689801
164381207
3541203
70093772
46501560
5442761
55220488
292332684
5004081
44981178
108205183
10765155
171266788
30368843
13082515
59759626
8730076
182340142
240012853
10280800
152571239
119405734
114655517
44388680
128921656
69240456
35365188
23750446
24821397
43356308
5869682
165626855
27513900
34080778
95091313
54258358
106600117
28141450
112698519
26668371
211331857
75768479
110970781
41929375
119010801
9599402
3330466
59240885
82289200
182424574
108177330
60701002
132281564
136112239
9219298
14730010
1346397
73897401
8658179
42007078
1935247
171572361
80869771
111505248
54312068
115585465
147823350
195596219
10551054
138060933
96235668
69245472
130484308
168579005
3979594
56107465
16521762
9609871
60748341
220323899
25811015
128534503
137663647
6138598
114419230
74238651
7769977
127578111
98649272
8032744
665121
11455979
79052379
98135702
70121170
6093022
34014933
50377311
22941408
32291733
26443537
2622423
13423806
1089580
6268983
25791642
43361663
116482404
156795018
149682140
1887995
54337632
3385616
14814887
77389682
171687765
76346534
89230482
56088023
21272350
23579864
80845506
88702892
126686642
53026831
205460494
34449847
142299526
21205482
118650881
66667207
301104780
67425002
31530079
26917784
14655637
6329542
44317283
121707775
15172984
53156877
40091209
23087737
140266941
70542381
17283676
23877167
123296307
26702330
71603927
65080018
27667169
76760376
158171226
6400625
68062759
5762327
82658852
1564067
15487534
153992360
39530893
84444930
24083123
78796499
326512581
75901151
6897168
60115175
158229573
8578192
203108334
72087591
219163149
248145258
64578795
11937584
123647719
126428179
187612091
19921010
65710347
116437373
32701246
220228843
14311808
22386591
103900344
35023961
42259641
76148962
60839826
52621191
9901534
315590760
215194564
17256715
55696806
17778605
341292
28659494
69481440
100410886
3662578
8776198
129371710
25761025
33661445
13074806
8995015
128842144
20678409
29631887
241846286
56677371
23357920
63612913
163812918
34361350
64596429
51262827
17311735
25691898
84944822
17708666
14595057
43865915
11407544
66965998
72606041
24910681
143634353
280073926
7458835
19227858
1559026
56544431
108641933
40565417
65291010
180853072
29192169
26200542
147670172
27870970
27962554
43769019
46366980
88705338
334009
163215098
50858350
2488374
18684630
44306263
30559577
98689848
77667558
117096674
54809135
55795932
14209479
15753259
5155226
149996339
51554645
31519331
226288860
15953643
18718285
111757707
37571888
3933102
9658457
3520228
53259395
17605750
51830822
14438567
8044758
73858842
31244926
172575942
42822965
1601308
85452117
223192920
11634070
6617232
69192184
101500072
85365299
43879958
9222363
105320616
47283703
140953315
37300285
83000150
14714500
34889242
18757609
99586625
16448163
10627288
41762329
35310169
59605648
183628511
133262302
155566268
23205925
33122240
86596541
255027394
2000825
212776288
6436937
897832
45964319
7305884
131431474
4944223
63536790
191530946
16928636
813598
117188571
4499732
144867178
37214730
107297033
68235011
79549874
157406081
46180936
1297336
65818260
12368762
2171168
4884486
136688939
14141030
44401853
77654308
42507826
32337773
19390580
68621
81800937
52602939
19401609
10083806
13221181
11324500
11573451
12365281
1323486
5798688
117093124
86760385
67010485
6591416
42760639
1228589
622288
3843846
77851834
7701077
59064761
54289982
13129457
35689627
275957653
148334643
117181687
122711275
210156
1192992
85155294
34319685
2675601
29224596
7524852
131770642
128807407
82096334
77084423
263072348
32000664
38924507
2853725
194563802
30128604
3688964
25728146
12327716
41762075
9888114
134676544
123416961
44530626
40965911
81922810
2360828
5969330
16641129
18142095
12427825
28207916
349842212
20982272
27336074
19844049
72097819
184047512
191947143
61516447
81270431
166085695
2323248
21386217
83692019
30615354
18313370
43075408
165691
48418679
24576046
244679843
7468564
69250286
56514530
1740854
976901
15833126
39840980
63369252
57556067
25044624
193193789
102190305
5053583
49138627
4427398
7449141
65033698
54173790
133897034
23987367
21491400
113673229
70488023
205681063
30488679
3983109
48659206
196728109
139639245
138301259
106696512
49089365
93481
26168826
11202788
10841180
152473410
6503720
3328274
67084947
72098603
3319853
20559359
46068872
77850514
17826415
615444
74420150
2783505
91000497
206906680
23515897
56067778
47200347
4656065
9172972
54932886
1463451
176807970
11580744
46863509
94789543
5818671
169159873
29843081
249478840
57523226
21629499
52798473
4054797
207661281
33619140
4121860
2212319
12034225
1906580
16880077
131892999
250300174
56684016
167591501
32983083
30792205
129746770
138851791
33160176
58103806
7645972
18111511
183868536
18637953
104876810
86242569
7846083
28006596
9222223
160875733
976192
39477050
12559881
55898748
106239310
48471893
553388
26222622
11639718
96476578
107794806
10612326
86610037
55680798
74663162
19978000
47147607
78180397
38782531
84300636
83345509
116552769
3268467
368160700
82830447
52425647
192084468
202364859
28719092
36102228
72707320
63970605
7493405
4460211
23676360
32721860
1845520
361074402
1301438
295673
84713758
174487209
20626699
169881363
122091509
11505473
24471084
61094942
104305986
21429910
67303028
362071
133169319
24945440
109255801
607144
253642488
31734875
27659082
52440966
41024765
236745121
131530411
91394892
209690827
190405818
11392348
153619407
84095989
63603568
2280057
16996589
63872290
17390845
81072824
36430604
15686671
52760319
48591096
24324708
51054249
3160295
90099001
5042970
18095511
30037710
173624059
14281349
119236634
28612555
54290233
14335497
33637168
84331011
94054336
3349791
75234282
182165410
133193653
181868476
11620339
90258989
21437241
60702898
125668771
116393097
10348510
4770198
2523394
52792555
112982787
181270100
14892143
92248640
59966764
33401978
128791208
255744512
45182537
1440332
208867947
88097048
20444602
4462299
121920202
7670500
76706260
69354465
120385661
103038719
61961391
44774452
12180088
610733
13148783
2236576
93770990
136794036
79323179
37833320
67017268
134233622
15809491
6430395
61684527
9198137
391242700
58274092
9865815
17286535
14425294
30829502
46295178
17986627
103297216
149007138
24274076
38717770
80676802
85275076
20812798
11277172
23916126
59286696
97294311
14925212
754926
158247196
130321667
3373491
11589861
91613036
168522110
37814324
351168
10774041
66887828
31859733
1595737
35563560
42776637
8340656
122659352
119871779
160296822
134680556
34297361
92362751
13499820
62535370
69042230
58636945
36307420
57183099
64158106
26253415
10117700
66851664
87317050
86876457
11154582
17953584
125467758
40792689
44931114
21971121
156011432
222291389
56124731
220602037
164152410
67594986
115669217
11981578
101204625
27154148
203619120
23807871
112567023
128550773
56319570
106541296
9578064
84284722
1485434
114076282
15256076
36525917
167238339
74806337
14647447
188083660
25614685
17913220
79833980
81017617
41283366
70015703
8862972
55301803
132795790
123620944
126866316
5234730
253744231
80430448
37663954
36434900
27203804
283721844
90135270
130545947
68396205
23339214
11024316
6964613
110475215
166339444
22797218
175600880
16056338
13867260
11435218
19863055
34143977
32429333
121998196
78867366
14471119
88113612
59519232
64762116
48482029
41834188
95908647
109033771
25704293
116891714
43197392
27545325
304983751
51825505
30390887
302309702
72904126
70042160
78502660
64749602
34009123
662104
13489377
121086679
112394438
90307733
4568998
210408295
57447944
52709138
36667726
88421112
20076782
23430846
109729713
7541792
21747203
4936498
31506401
30517131
17028921
13827591
38992842
41200757
93402843
20014016
17888567
4407718
51671121
7925323
52618339
146436263
42506212
258598043
92297097
17845763
2296453
185437301
44153272
13523370
197461303
36630777
107256730
51995967
15546214
220569460
3992737
66846310
112425930
226840620
84841180
114155036
66238788
10246664
180021328
18910324
153709920
184520723
91895703
40301569
48821016
68361770
280245213
40272838
110797991
63551347
67472291
106612822
138746839
26751119
58807797
165932208
37522221
1250828
34147799
245020224
51246465
53807530
48551548
210938095
20985729
124856309
37860473
81615277
7833285
44141166
166639771
243424063
92621160
3929554
183863242
153000500
25842306
215869567
102265558
117195012
269284158
100317575
67376305
84469143
198912229
58587984
47790260
6851790
7390709
11974907
7716512
16138923
74854098
14830458
337642787
58798313
190660916
57654526
37806758
143684709
57462001
39009123
20150298
192769497
61637734
48066065
168964848
6569183
63597280
57434861
66350718
42749518
9807230
44072601
56336288
6581143
139148870
57965662
65714300
34475829
73162806
21081873
21539484
211395686
8425702
156601252
127939427
182087516
152838728
241105683
69810306
8107371
173169593
103883895
3285365
47661791
122394687
18041583
22766980
32101468
178914900
74969814
163762131
5982627
228793872
17244942
96112030
101541672
50141794
21942887
17051457
98399957
132329
5109720
5033790
310792
100786324
15325685
25214384
31451423
859133
17388644
46407133
8297415
58070085
8625740
8750561
39439759
133910028
44613206
78018383
175391037
2540315
13067634
1038024
457884
24050832
116394209
4499159
57343677
9595213
228205092
3115048
88458585
113690137
4583985
79341538
25499738
7652764
304197924
1112303
179545896
64227051
2619360
49877552
82264717
71159433
31504085
156368309
131073350
83349454
49576860
78593654
59097073
241665213
108128244
3213829
96015210
69060829
34672740
73175250
27214584
47947311
60048748
7561255
84618715
42335142
155337363
301743252
21595014
327883
75656477
21459179
89496412
71065823
85192324
149290678
226924074
1672198
81366791
146282625
41869620
21937579
80550281
3422325
39230279
22100183
16170078
4289820
3426515
40281307
1311977
106031673
19891607
7908100
32301824
141208750
69779406
137454921
2886034
199796607
25073740
22652994
62206830
17802662
132312516
28723102
185495422
1919757
30758527
62942490
45422979
53699174
3326111
6225864
48255440
37907167
185037252
102318697
4615603
62116027
19538256
106885681
219889063
36578547
193600044
152116835
75924008
142407397
205066
5904713
7040720
228264987
32220834
29017039
40736957
93723499
58684751
3165002
222215731
24997783
155378600
31568375
80587754
22718257
64989608
88501148
40167632
11328766
5175336
31048497
71483968
275801864
4119349
226388836
186316741
227792455
72603294
173941065
48481593
65638979
29992249
67067593
39690180
141688206
107324560
1385339
136926752
239921880
54603616
94099552
246391973
43558795
22899113
61141518
28536609
3436992
76288666
85892697
13148905
111582
50664930
243589988
16549174
242823729
111698921
20802419
12395063
264365621
26541877
80318614
9363486
132771294
22140809
112610969
175697085
163189002
8248902
18805395
6076986
90912123
1037177
12356679
179682514
2177804
119835690
77063954
810736
49888065
210442601
233124816
48437920
324514043
44969926
133120503
43075334
79164527
92360867
66564529
4029988
11034790
70225137
25284247
43382824
18553428
4350161
16366379
3368169
13776287
109558592
64630973
14113765
109589728
120234257
131766906
111595851
199038424
144993291
78649696
23348787
125103039
33027662
13581048
16701608
4468550
165453967
156454738
58302341
96263038
99038736
5618569
32379232
121096892
21802439
12100075
197949598
58643930
16926367
146719070
185785529
40638737
10324265
108086148
6069375
67277814
19070702
74247418
145043386
19559319
35565997
197147214
95631
31140024
10092558
147860598
12956515
83710304
233436965
120729287
92975856
25482988
9766189
22423230
700917
5862803
18303322
4434683
25054497
7267339
16326814
34880995
192157327
176131360
32389445
21990435
58938277
6424681
33833313
68460372
31743779
247172781
11335692
23785408
915065
3113069
271271052
114997292
94484411
5849521
110858343
12127148
11318181
169063878
44196098
107101831
3698014
125039402
61603814
133153728
162600960
57803112
24721146
284961782
22392719
92717205
76420833
7729535
2244677
4636045
111625433
127873244
52666189
74203453
34573495
201896270
56065893
52933136
280153701
121927848
250309147
24603673
10785652
123069757
1787661
8581391
7549441
20801301
17488916
34977661
12152357
43474819
9377150
26918889
12677238
31462366
87332391
53864023
114427918
173392726
192556826
8502314
47493927
19237142
17828469
51439860
10763174
83284837
25418441
59307093
24696310
49331420
37965117
8403920
114435530
19193238
99009566
4207706
69263224
69017366
31636926
16656167
7022967
147772076
74092690
37056619
79150960
13109634
35867140
20214058
8561079
13637136
22079975
7875642
52893170
180259270
52850341
99449197
29117516
34144487
90274185
192727862
853728
79289787
5239008
108931471
175875479
214702040
26596052
94786979
4345984
18478947
31962482
52063876
115903374
7002297
3407706
171995499
18476950
14402162
6578789
64781725
55848085
9740588
8995413
5649373
46577684
5650906
90165848
157031275
79318593
24637323
4862266
37843260
42142266
50210977
154022369
8588006
78204887
30492645
82571938
91184420
126388920
43527945
224610681
4763728
129836753
72824
41694615
2365332
82490351
71561700
30942470
174069698
102143600
11482804
103769934
90788516
9659075
65515266
528592
32429200
19292104
49848018
12065
198427796
7685660
253992
8267203
2838116
74281119
67840702
92157972
47448717
66445902
22912921
62025863
80024927
7263216
20522536
193390762
1239867
62197707
65338765
112820917
28615978
146698178
235387184
68034820
22605758
89454377
80668756
32689570
247558939
11835466
55914013
43384664
642893
70817170
36736543
21978621
18441425
36587164
75859778
98062074
65121668
39868401
43858056
72041931
3624119
225645589
11560719
205573682
6285512
30906076
320561796
180145429
86397719
5597236
119013781
8534042
19951619
43564796
163834311
222210258
157102676
223460294
15719099
107901012
56475548
49171984
38372110
3522999
147886363
96835483
125538794
12428406
199369721
3008945
43450554
74450950
84984067
64643667
130058243
77540764
76098289
57459909
90727370
14826928
22420990
13667504
6571219
58511067
15176014
12704728
44982080
31063318
22840949
68777838
93590826
90041540
29840530
3071105
54653241
40235401
31968054
348318190
3602728
27774434
197157681
151463284
4937949
42273826
20016448
146565
151358956
94008082
23571004
2599494
16725254
9104943
60275887
154951721
45329070
248494336
2538849
21640740
61667425
3041600
5465900
24349691
29515819
13219509
48819319
22832861
100944296
51797856
3063834
135149149
63552820
2511183
194170427
75699172
63547934
8946456
247370771
106859522
74088037
43817257
184298438
43715065
176031920
60379848
93563879
10683173
85472642
39201165
297243792
25776938
53200484
34744933
105932920
45031767
153268626
17449457
17803212
216647913
43925082
26270722
80007923
106606527
2179341
96380950
52214050
135485553
33667885
20688239
243532837
40121811
316619675
1830154
68470065
131904150
54672249
48374434
5499686
1241858
109210372
7636390
47240307
232727456
134070848
21859935
12518843
6773609
19538144
3362686
62715069
276667941
4492861
4528124
71425734
193966600
69948937
31886000
4215945
128201288
3731621
187589442
159064164
3618003
89967215
17201862
100233482
38060554
111735425
121233478
45801592
16690350
177442
24377120
9729200
103928506
7544176
90718630
50705911
51497238
142258002
91649242
110627738
14190980
69219058
86248800
44906581
11678116
12049111
138623008
55353840
11941448
120905731
25855801
120771314
155940356
53737255
161073329
19347216
117311292
27970433
56894316
131797453
70747960
28250834
186805621
98697880
129656568
66441659
146683031
119813119
231775358
322542621
16170014
141123170
188764790
42505325
16367751
32546533
85196610
164543128
97912535
133957239
25518413
30823208
288203031
10540107
48549334
238869764
17594054
17761106
110232467
112636377
3028269
5939132
63528486
320529
14302686
19167686
19131076
75834967
80098956
101856388
19063365
46350046
36780379
66536360
82337266
176749082
116605345
97741795
6062552
96664537
168138107
106993289
52054230
1162158
39904716
35054072
19862287
1262555
1368933
20752492
4801076
4398328
73810657
35288208
7626465
30834309
19237272
133664088
20213595
54022937
56861349
101232869
122255224
2952157
45673379
47909186
8800291
1293564
5157042
29126460
657999
83221107
33367483
78312763
109304125
89435307
115735560
237802115
52609315
84940062
94570467
40355649
1939193
91576320
113338333
209338228
189143274
166496243
218187986
6111694
13556938
149076805
26498377
2413617
50659034
35530038
29476151
96981959
56013543
2604067
2426072
10435137
80631322
96084450
1496635
58302221
4369838
43309201
151684777
124515813
99311091
57468561
212039415
2761816
29335168
170157975
112954637
142880748
159004350
86843942
71618154
6768999
296442598
10258742
21828364
186725061
146755867
65612472
13657137
44594268
38577592
220406932
160522445
9220355
25524347
92548738
42280923
2618746
195191383
28614991
98975023
1048532
5989961
101360022
63803662
84631820
191618928
238341052
174494495
94744316
28409839
30540829
31013318
109126275
221793255
42600700
91171400
132356894
120509555
34517750
390805959
15950479
20669036
215569983
52921275
14966316
77771966
22203532
48489832
1890349
991948
21923475
133304427
56006284
27329958
76076775
26103456
14224750
31278196
112738701
12889095
119545785
97565052
69867868
36181037
110472280
76944616
8649915
40608245
7059765
118399425
14210842
87849319
45692829
6999754
162351830
2974936
85800660
632534
85944354
35901502
19384792
38667651
277028561
105217056
715360
64300124
50332517
61179921
59623967
4356502
110874308
111537066
161463981
75457730
8276685
77881366
76818328
79455452
198809750
53040223
9137718
123032552
102168545
240518086
21899138
21469500
1168997
22101102
18647172
5331486
41153728
4803201
39355113
2369448
223004781
30679769
206118276
6561954
5076992
231540522
105578382
6765476
16872137
101645249
21599883
2849312
19018941
247686591
6890677
10123678
44746627
70244672
151449823
97023604
6631398
226709291
1380597
145811799
21638390
60578842
251651943
115372611
101232211
56756776
41536161
8863504
56137840
152458639
11805213
39483531
69878503
149703443
144569468
46515194
11982258
79781760
875958
106054867
1698892
28926424
17577785
89044658
42292058
4952653
20731288
62763149
160332059
101570100
109645169
12397452
96033462
154444111
51309619
27992481
18787363
44797580
58325661
8460877
26104618
116957836
1076819
104210958
87439812
156886587
23497664
4572186
30502619
142394222
134164542
40617498
48640629
47991567
41022503
37921520
240806521
171953350
78341664
79746058
24929872
169507449
89185703
23544643
32590235
19447104
22502394
14838121
14733825
43795088
68626650
39996044
51312679
116024940
846394
156772860
4311835
34766771
21105187
95748799
35183013
13137806
71059751
14718447
149133247
180554
11446615
25490018
63968020
25179058
143629405
8810742
42541951
49861914
18065558
80050684
944259
65294804
54226242
88177850
