10872025
115934525
36807022
10351505
1554447
46911363
40241679
39780125
3067947
9089291
128051258
40184010
60506360
106722644
85021571
36557925
1829195
1077887
34970286
55142405
24182490
38928947
3378073
3107470
269924
59878528
20339251
47469037
14088062
5626542
31958360
29774250
34754542
6563743
12405217
14397097
30310489
1225651
124876903
10350533
23409514
78990605
51637031
90395410
79445100
26044444
125686788
31143552
12065026
25254440
31055346
34986468
29713253
41601197
169200899
92798712
36788497
35624278
6984406
25637072
62931668
34779606
111681931
24371987
2846884
57436297
132753582
17318227
10734169
16039854
55522450
9171954
42697200
84048858
31600410
8791599
34790487
45131526
5428935
53114225
33321015
28456743
29301822
54903301
30446949
53037339
6715935
19364859
30428866
13912288
6924178
8150540
1592160
148343929
9878520
26315324
60590381
47175425
11662579
30259934
1518079
71407227
2845637
2275249
48879048
7876501
5965872
74561811
52003511
42892792
186062216
64589235
75744362
9211902
11141974
21613747
38175415
914878
13040141
93715903
17949324
231973718
50950863
134713297
53867452
31886618
6782379
27200740
19297489
5508788
73017048
113929225
50925321
1144684
36805541
81991334
123250888
481020
12725788
32300824
5778674
200208768
90574552
4569715
51156150
23505679
6542460
39087036
21640882
133633007
26115231
20323215
3171718
10415549
9958525
1002404
60043691
185072609
33281142
32887443
330067
6712641
31741808
8391751
71594857
55971578
9306409
18348683
48088928
9148529
8549512
173192761
3562769
27736113
19015153
43986125
7181910
3536546
46884769
92405688
23677855
70085940
58716840
7206668
129973278
44849868
49971627
89235453
1440780
131035601
43973552
15123418
91035699
28650046
5110493
4149887
119655771
2271198
47313264
85779894
90312601
112721968
119473849
2908107
45571064
151988823
245934
10318218
19937518
71710038
8556092
28652
15118228
604331
30513991
24702226
15688783
15590205
4063678
46354039
22830734
13703110
71344849
50316912
140052195
8415312
18190074
8049449
20666595
40309992
35927445
50717171
28743553
4220915
8896878
42515046
207403619
91129701
133325837
24218709
3655124
13271496
61158921
48450452
12981916
368111
49930826
12000604
2791542
30169708
5939584
56998114
74278072
91345123
90868283
97970415
27637634
139282089
86771933
6708308
1267363
36202405
53659714
5072176
77666369
27840446
113599506
29247654
1636074
8057632
74209395
13286533
52507549
205151500
87869733
6429952
4433498
512835
25093936
17794746
54923405
120899950
90498728
456387
24866084
49940278
28124292
13050859
34188157
12758654
86065563
1718050
59806546
71490810
15201128
42936278
124783157
134455016
42690756
36457892
58769068
5366551
40501340
117471857
50397576
1706393
5907026
141402277
6740402
7072501
59058481
4172715
52125806
95219082
152430003
55552475
1109455
14164027
155221067
13624506
73040911
5084540
48989653
17325221
19409201
9880606
15778128
152959272
1335563
172356104
76753158
2121363
50510620
10800742
21460588
22462375
54008870
4458317
1037798
53291789
3103109
76792498
69695976
47962609
33124235
14030736
73369456
8835134
106248137
73555036
88290204
95906313
32235629
11835124
403594
133774036
45776512
86897829
104917324
12302435
2147149
28147441
50340498
1991368
36418057
14555327
32922319
8353865
20587047
97243728
40279940
5241790
70664397
3158664
48485802
842188
42953170
5787643
13915668
9666235
17661405
6128531
37445775
6002242
69081679
62137050
29843688
25077458
25315258
16737363
6425384
27817703
63147082
4837901
58658494
3621493
39399964
57484396
5718324
13333155
111995472
73867523
73139215
75085848
4805206
16280853
16123262
148825150
41608758
76712182
35464070
35323991
67660393
41744384
59661300
73176539
5154612
6362329
6241586
28755306
169136741
16731276
683596
33362286
1759762
78391144
51332796
1664090
7556081
50369989
86984524
17468314
61831305
802130
120364482
85985872
14128923
97124257
169894924
81524431
9780304
47529234
20664985
50213492
12719257
73345667
8980644
3593255
57153864
11384396
29953487
8651314
9031431
95706515
22299881
21516715
192089348
115438980
3504349
101016983
68525033
35573761
18037115
4597781
2061056
8433894
40480196
51738403
2624041
78941973
8699621
69622089
65172297
11199865
78950196
3883411
36764512
80519212
117542035
33039209
15944616
16663805
21127807
83339394
38339122
64095674
17679763
6984563
31698099
76116689
2027564
4939628
1567142
3327227
62594409
53185113
72240726
2498003
2962175
7163965
35542555
86143839
7751623
7732426
17959117
35770809
25866549
94199403
97780471
13762556
75669116
6803061
121127012
45004254
331422
61379594
33190867
8959031
35706906
18242875
20191468
55704192
114496485
4104298
171281070
18602023
20283161
4917012
39084691
2797675
728897
17056206
220096060
60829341
69120705
1949504
42413973
42851281
7709625
8356612
76189474
18437764
87549452
20216078
43179970
101763949
31318614
23326899
39763620
22510358
33544733
56788
71405390
64338624
25659131
81433407
18783458
25516603
56932694
13096863
35484740
49810597
71603972
79545903
126544880
70687352
107379443
41278072
7528720
47592126
34736155
29088365
86850778
23479772
90510728
4792216
6514916
45634336
14425623
34529236
95415781
4519104
32917913
3725314
45785846
10758377
53586668
43147820
59631088
10410687
46807976
158503035
42435560
55234102
21814880
118487425
146861864
58678589
22957
93683965
60125
37134538
446159
15028307
1675680
5703036
40663881
15018902
2884681
5283290
6444139
98840307
60498450
68627606
78888603
89138164
50069931
31399897
67785656
35553282
44085086
113510954
21802575
70892867
13890340
38319378
55195156
791307
2017474
55787366
29903076
29044768
7338375
25195064
48631369
132187774
97720496
195597842
139621663
97366087
196106012
163682376
52471535
59196127
3903935
72840375
35438680
116415240
20516748
79204
102681785
40141794
274902
70072270
2917430
77927
77609039
29307756
39323
87423177
39981947
36276614
9620303
37658790
69342177
20149137
34040311
36738750
4057335
19856632
5386553
57570641
5357611
66510324
10933291
206083492
39031720
99351251
19082406
30575145
45278367
10811303
119696548
11553148
10087516
22028915
6316210
50239934
58966352
10739898
1394742
35314909
18191676
27537851
34680307
124456569
4216322
26641760
23472163
12755132
47326877
27880299
63118428
841874
523436
2953432
104241606
35866061
100060481
118530752
35259114
10647137
38396595
111445760
56731076
84693210
48639426
56897795
34461013
607070
63899309
103044607
40787515
20581876
66294686
72989481
93573767
42556824
17522686
1764956
9583207
63564799
93600385
37026294
86291043
27862271
90819585
19478101
11384354
29206655
5518480
45060790
2620882
57323717
72880170
218363040
70507299
2305451
31878766
15762865
58796321
33535581
1037349
125582772
98942612
476402
46357436
34223991
13401603
66415051
13205381
10429241
41615967
34608321
88791590
33107412
8571270
41003158
130509030
16720233
2314680
45641941
44456727
61560886
98776815
59840778
91637333
20685033
89153024
26041855
4584438
44636301
30234005
5819896
179049894
59500774
302001
14711069
107681530
74078093
26989045
9853155
42280793
27258762
126292864
164135145
10541492
29845350
82126571
12447168
13434496
25855871
121720704
1971256
70599727
4703799
126861683
90296991
7701394
97170255
37605727
9070384
10300099
61894273
26249102
57295294
65314767
10659241
36855391
60205101
156331529
9785505
132873805
77239955
214767
38903608
15799753
41012819
40542616
3081134
17045600
1509945
47047360
15564478
37930385
13224142
52482853
97594461
25954182
76425413
22693120
6142779
61846497
10916354
34613019
65057113
46601422
22532467
6954828
1191674
81840273
6750087
70915804
96960784
37489807
64991866
125394739
36493432
20633704
48979522
19325036
76597257
55734286
11667696
109907989
1347123
8643069
18120647
170123236
57551237
46761995
36249023
33816180
71699952
938315
10062934
33719534
11753747
41249660
3920187
17425143
9600159
42575198
3635373
27833406
9754434
24583092
18571895
7961976
134447425
4041323
86398894
85929325
95604494
66432276
3313887
85424409
50348242
21842082
97353306
14446274
30001581
127442709
18610713
13685886
55943494
60953791
24297107
85952
13314190
33674568
33501004
17958198
13553496
14789703
12515496
17962178
12981917
10931934
41147557
60674392
37063344
3993500
36550000
7812484
33074071
48983232
6034718
50806972
101967272
78529505
15653
2183750
33907600
10144954
120312297
2391037
61870741
10849522
23698849
105956936
6012022
11486209
22903139
8238017
321828
43006238
5401254
50514852
2731244
15761305
10537709
934070
66776211
26761479
10641901
7066413
53535836
44503203
50395934
26522978
16289212
4949695
36045383
53688864
60562729
149487994
1660516
93750337
62183235
22505367
5754664
3885244
24372721
76715766
76972078
79695036
38258448
49050216
122760533
60608651
56817563
1713666
12443723
73107
40477328
10066475
76608638
21192006
169687
22639080
97373874
23137954
16142011
118517236
143650203
53837140
23152104
13907452
44485727
1896818
58401212
133407615
41205172
51826873
38412606
18560604
21773006
138810
99414121
1240374
38525327
20025779
12129984
8896268
170142926
31834920
63883804
126595553
4256361
25276186
931358
1913501
30009554
42190782
37947871
22193285
129728808
37944438
58032768
43416290
49870608
3505510
88382144
8737568
8509515
32328385
67297258
2709536
64217030
57178194
17539433
128707706
8643747
119266854
31139593
19908966
43503186
28455587
9733441
5620617
16921552
151355367
27514991
19948941
205400
29240075
21900834
19869625
42200714
47114696
7828488
77806430
13174835
54399928
141332399
13107295
16021282
60899981
50107939
27320904
100015596
26491837
8278919
206771014
16362798
155475313
94695302
2830490
29071738
2385649
62523181
8205674
22326923
24636676
12261409
27527980
630368
31478716
5329995
146594435
16103304
12428005
49948392
110086082
32141243
227668474
5116722
23089939
57136462
41053025
94744677
81025632
19054222
83223472
193647509
14765386
5233591
118939091
3230331
1692835
60235976
60744586
139533807
7492014
137066367
47731461
51595364
58122754
186300025
44737977
10642123
122408072
5770626
15553967
142476001
3427980
4872114
29139761
24816111
8908432
2208458
6931159
21053322
42284935
111554635
12880048
12913129
21424048
20802031
15218899
35686352
32145
4194464
5646835
97084640
7247325
4403389
8765886
189553014
89098220
66892614
37483322
1377499
10316259
142326213
94931943
54927539
74421532
15626856
61940265
2083773
17755902
98613489
74285113
91099514
25291119
55653297
42411390
5565425
16831576
53683820
1410053
98685065
145705288
36545144
34578769
103318242
15436617
21261059
67122429
26453880
33950201
50031595
8139044
15635472
40540387
8639672
3142948
154960810
1562569
124414256
2542378
777953
92033498
27443047
92597143
149702991
93230274
111285402
62983585
48430864
91715167
82831027
54594038
41542330
48652624
38336083
42543976
32304118
11311
21582503
10619550
83015910
53446753
93859976
3392859
73367101
53413590
92008998
26504635
2565693
67336587
74361409
25630325
29591805
54047062
19227567
6783830
18741954
66578623
110262085
66780996
24985687
140933129
4311531
141483572
16581927
124458226
11734451
17692659
51952455
317300
46877887
9674022
12368192
4867726
41531003
78369377
24174683
10990084
5385162
45233002
50539002
13094451
25490496
2873957
28363503
72439476
25847456
51239669
123838591
16577854
35224083
23018043
22816250
65055594
20413216
26093726
39283809
133056426
92733125
41191101
12465511
36139543
7541437
68692935
16971054
89754328
40405344
42695491
210273435
18450715
288136
40414673
42076247
44367249
57031084
10341294
85948595
37695111
2845436
2297802
263984
22054416
139821599
15275279
19925362
173888417
6163391
188056893
79684553
14980748
305451
72900046
737297
64191413
99806604
3009619
16446701
31026698
70291270
89574303
5664733
24622734
2516150
369321
82634609
83096739
91998616
12217799
71044196
37879299
648810
82278295
5061532
95896321
351039
24083701
31773265
49945306
20077859
138807858
149366523
72363404
8706303
65945418
12483104
9532866
30224112
11630909
12711166
17986977
73919213
5993782
89459224
8583649
54560384
118183591
137003196
7372386
5092642
142284051
155102659
2164337
42507826
160516553
12890503
6092432
52464549
34898288
33164109
108041444
19867673
144097079
55279003
26434737
41871970
246410
28601381
83626789
6046986
14938312
673395
4279216
39004142
61883456
19025361
18708641
18760841
49882062
86162973
46049929
32776656
107243748
8975984
4944720
4241080
17256840
28099670
120839412
18958268
26130308
154246113
9660388
60334819
69335044
49042755
29479085
56247863
5677643
24147356
95888523
86528258
258087
12105189
1305961
20059089
7034492
79795662
9613015
20589631
110014919
6135903
106114695
24911147
48605539
5913467
182043171
19636716
2521171
106737845
30836271
67586702
180078354
40259043
38302209
2085778
2525566
19705999
80837130
19318063
46973441
108364908
90440810
51762011
134809822
57346175
67035417
45755621
9927965
2127028
65775789
1039703
97704711
14345453
2127807
78707940
100616972
75455135
87880862
17237723
108339663
44164641
15751984
60279974
109345524
5060974
85845324
46422704
41471774
83040739
41255052
3934726
72260550
55419002
25787354
34422957
1586653
49586533
80013312
46888070
8650313
27670513
223748898
100170805
65714665
17983491
5934606
14196655
18322939
18347867
16006924
21757027
1903111
79974765
7066244
46226169
19616543
143975530
71194088
23422728
395328
357500
67176236
25605262
107284390
38453802
49039157
10590285
12451962
6772522
20465325
70707549
9555986
38610570
22573169
19166653
13616414
109376041
15920648
57373432
53000453
85539335
3133955
95608831
81278070
35965464
30951958
77834940
36356471
148741053
1625040
101410471
28297757
38276556
45925215
28807633
71333594
47219015
30045171
4786214
4121979
38035523
7915968
37756040
52407312
12698363
25459233
237432558
58755366
6863189
43582847
52610485
44288296
31308545
79312254
52985615
1610354
54808176
3505255
8056664
30039546
45386209
27472806
16589031
9702230
21529445
52055087
93973929
1436895
14810774
70682135
108498804
97698456
11537008
12137942
7506005
26836909
58266000
2361304
57983303
1170343
31226784
39007597
4086445
6895336
30660276
7766090
12856608
107338747
68270873
60504654
47647276
1695462
28585529
25128531
63802608
113627039
17776449
20657242
65789476
74276358
91540104
69646217
52295209
201582385
15127916
3514878
1044484
3673719
2722300
9771680
66134420
196617503
82095
13371525
154833453
90624150
55470243
44792799
21808515
76063346
24030223
53512867
9999792
1716584
212662878
48804417
17484457
4253575
16060697
105977563
354976
111593658
22301
26465860
16712012
16571620
32472101
16758012
29146397
157365887
11420175
40039648
133773414
4961026
106801510
12146752
70937240
10669054
34722445
6780045
27296905
10967006
121896587
47697382
8574124
5684080
60714781
35320334
66240496
54388412
44058681
180718088
2194137
80100754
25403230
17892885
2063851
72877613
22650048
7436662
38919887
59479434
27609573
73928362
55563289
4776906
13111769
41065927
43776396
52983113
104339272
39134104
1357933
1954091
2477839
33232460
11294586
719935
25543134
113427878
124487805
1700110
190630851
749001
11776189
13553125
180367314
39390135
81512046
62596843
764766
153499402
20663369
3567907
89475528
32582445
21020867
10056525
16053339
22681247
308057
46929436
17727438
10891076
9542730
34354165
7493800
26073083
11056457
39115981
35066737
20320859
11986072
14632012
29052264
7464371
4704235
6201943
4531783
72921245
68466005
174262999
13646513
21298025
22134835
18789334
7373921
5176807
192207789
52419549
36595813
139407326
25311464
19928375
58972013
111538058
57528306
41044975
98314448
97004892
11095685
62556394
2529117
12575189
162903217
154779577
1303748
32479586
122335630
60664010
41523487
1912874
1555803
9542422
56168778
25737935
36591008
49917962
71592370
6327684
47731371
19665813
145047037
51899
8356184
1161780
2092885
41483550
70066557
1053545
5665934
17345073
3438310
13429863
9828086
17557848
18017644
16342484
109059902
46935152
54403126
19465898
48915208
119119556
26162892
212393576
97442634
4504741
106227368
107304
46333732
1141199
23593214
38820696
5540632
201284243
123496762
30318470
1228267
33496906
9174840
7587935
37193821
14938209
78979
9653710
44907532
45894185
190693420
10581968
34273220
50374823
6703066
90702289
13976767
10629936
57990716
105828224
10409812
12341696
49006909
5797184
41437383
10347022
10280122
423313
98731383
22844482
8094692
8217461
221069
21721559
47539386
43452954
54918671
74257642
2505296
42594311
8441278
107852854
1930406
79589324
1836845
139491031
4927529
11003309
92847594
123996921
39526879
14647835
39847018
6546483
31924656
10661713
66101207
174851560
140010008
8866628
23457660
220845988
54311039
141837978
72696782
28282067
99734472
38741591
20743426
978686
57204824
43176566
68713596
45784419
114725389
14799030
106921404
63633306
133338994
125465889
27590516
67091526
1987195
47223860
45704948
1087752
2193912
71954043
4447022
71514110
37579080
193602986
92363846
223281681
45340372
23321392
49748248
94539826
101625079
54860191
1487829
45034436
33409058
26307168
11756138
16218505
9756453
1348616
24471628
42843654
1075249
1598531
7794104
33967622
12123992
78877896
28108488
10596694
15947839
7368112
550059
26232983
105527077
9301115
126085371
15965631
90870130
47758409
2184995
73134413
33282694
36909708
60821017
46302480
18353872
2736062
122725817
180548325
4791157
66671843
29305193
75773743
2281390
35062133
65881541
8064538
209193433
68185138
1269132
7957355
13926421
1802969
9481361
3070639
4943283
19434367
97866896
63177880
4856885
55576595
745007
48108877
40395143
23809584
50774173
110712426
18921291
22276137
23336413
38127937
13164447
117507275
36075457
25558
2354633
207665330
65133348
8254964
100095221
158198206
28355
63507790
60477148
236106
35613620
59728412
2181314
63984880
16308184
31981007
51296399
65796470
19430081
22419130
91957585
1962522
11254719
46116914
8097505
2555722
14376075
8354736
317060
15065777
60868775
70770988
36320826
18692696
82593798
1132801
10948936
97655582
16472794
83435450
1236338
229345
75448568
36471219
564735
47628041
1881406
221178926
5859799
16250105
1212652
23967299
1708516
1406029
28939933
26401741
180782
8316083
85139801
23663994
197252589
86994189
20420281
28675452
49826186
144579756
101937380
7672635
2783999
17350092
98457753
21911789
53127049
656829
11909415
115985687
18666968
214848
14168832
73857692
59465201
104088928
42443724
24007286
44654762
153459811
95662210
2363171
175369296
52677068
185840689
358922
61474952
14914719
158628052
25471761
9503085
27932972
30842128
54782504
146044
42331167
18068980
44296564
10801880
198421773
8490391
69302158
4669942
66296227
7890697
33919547
3191929
10022292
37812243
1551030
108357548
7277298
86945863
5215203
2754797
6033412
20376672
44893607
14715357
28823167
10009782
21386298
76635605
94699544
1250618
96285
27278999
23696155
17135105
40764222
584483
55031206
7185389
4018483
15818906
7980567
13705754
10263313
48836491
5720194
1871647
16945326
32151717
53100282
58681081
132596678
23441283
34877087
81233923
30723294
67639761
10424848
6912869
563954
10848381
21988549
29705024
34585842
349087
17629477
6759518
29628894
4830190
22775661
73881512
42358860
53700551
61523325
22311
10125692
1409968
42348890
24424409
48883624
20838469
10698587
80184601
93072683
244270
75363031
11611363
64895346
15537308
119765512
13088053
4459575
2528275
17836774
130635383
21944066
52723189
7821289
58367354
59545226
39314232
72623442
7049839
235212409
372304
16143440
51738378
9259424
78153039
49111320
41582184
130277548
5673326
14991640
37782758
22474447
182269535
56360399
77654526
19033790
48513304
84695913
7217193
19126489
11402156
11662059
57502814
10174169
182668993
148696529
10788550
59754125
69959268
67910374
40073231
30457575
3235693
52224081
11309682
50464722
70217676
521938
48740235
24554241
871080
102873006
125317020
21002809
10268734
62381156
11166292
41470393
23519481
59777017
12855111
25109240
3501584
19200311
58963234
191425697
14279153
67411320
80340553
16223172
9815051
24084904
16088994
53291857
8975137
9251899
86763810
2230883
23069560
572539
98235645
23489066
26377595
21357667
20817766
95612243
21548700
8173785
7292463
76363227
7768472
7233229
17580024
3797887
67459443
22637124
45752269
66385401
18245559
7139825
189158303
10031
44084584
14025844
81835637
101259578
36362565
118833025
41808749
1754962
403784
58442871
17389379
18603782
67004380
25780161
1738079
52887120
61397515
92585743
9055764
23815457
55918240
13302108
5402233
59845706
101483957
50659224
58919280
38453418
4376322
3442256
81247460
130112471
28608130
9692311
128718923
34896566
91904810
30695057
8334713
15915190
35789902
59450962
466147
36714990
40307594
27673956
1433889
926925
24108892
18899617
173122187
6756050
20291769
10069760
49148883
76663441
59416128
4885980
45709529
11416690
18493537
105539
40666927
11922521
48778159
34346498
12042923
10117707
25740823
2147232
3207908
17394230
205141144
27375393
161008849
12255084
221973
14205555
64913503
29372311
11314997
131426835
35028592
29725627
20444828
58183844
11396804
15141910
4120848
9386415
73391689
97832141
78041447
203819158
68167871
43518774
32056819
85279159
55159494
104713434
41270023
29213011
56914108
44859583
36437388
22415132
41987188
48000709
178987392
13371357
2918572
59783632
33903169
82335560
76078891
95761180
64638329
44962112
193135831
141885758
40215314
34455928
70363245
50891571
103326417
31337431
3547672
110354678
101253661
13471118
12565281
19078488
40364966
1387187
76369722
8599347
4259749
1645503
82012901
67963948
69161466
17756800
44538188
31776628
7008365
85641865
71231279
33572264
61036466
8586625
153956758
5585322
8976394
127172326
52059533
6588567
38741306
11415601
77232894
134641308
1325458
1872627
22244689
23608930
10367294
16677532
47407265
834713
38039418
15422362
54399741
29523720
23955715
41666299
17537692
46517487
20509697
9528665
95997708
59236375
3587463
1175942
26734104
38764501
66717235
37829881
43257272
49432963
30097124
15277391
27934220
79456753
81679370
231182
198839202
161023902
10587994
178138920
10385609
115775193
127525792
8509228
494110
11193086
48741352
14928574
18952327
27812996
53105988
61932470
67827452
22012585
89181428
85027707
2477487
27944384
113533155
19528722
2589956
29328743
15034512
1660770
50164622
11850328
10204066
1332379
76780465
6783245
39358517
4486026
26979600
51814330
20621734
84623583
4963201
78619582
12961837
13946020
20226809
5083152
36225127
2750921
29552612
23004881
10810676
72255559
4779603
9123235
43100042
12006566
58241527
148920943
30200847
4525200
147363588
55745767
36513019
13680670
25743133
63468756
11809475
17800605
16822
30913809
6686627
6928206
33220665
11269189
45998750
19143142
22637811
10386875
22188726
1372490
26028270
35585532
102362785
6419560
37731822
63595254
28414197
20899218
101687126
11290658
3894095
133706465
64071949
14812719
25568386
80658906
60466025
95032309
18749828
19726936
65622414
4414980
33792275
30951055
41169224
11970147
68213760
4259819
41613438
48643213
21490581
73304708
2901450
5256560
31682973
63568278
34154468
54636057
30014396
4492933
204481562
91142368
227811498
92537364
6334473
87928111
12840056
67220930
60586697
109602097
22849152
80538006
14161859
20782595
6975915
2821887
14286864
7048898
19198033
25337974
14997917
20603372
50731254
21373484
73180469
18003192
131415695
147667901
6499511
43669200
96065254
82434450
34755702
189492344
49615908
203004
106990562
209242041
21435783
28397725
4715573
2923768
26876296
52652439
40911191
133729464
38755369
969122
30650317
22000
136856471
35951108
3183126
2748693
16031918
39995428
9400821
106892480
52700836
18779348
63437890
11521467
26694046
59575401
17361
50457178
28680928
83230333
45729521
2440206
36010662
3142298
20241184
36723840
56674122
76323073
92035656
20230390
73604275
53055702
23593922
39733106
138894585
40019855
198224305
28434697
71647317
99025466
10790611
5901942
130488207
79594678
4781640
84332035
33671656
30597090
143060972
80675678
62259963
14873379
67465214
134436027
36743740
63252769
62927727
5943215
32039517
104791850
4688418
48887603
9343638
1997737
208277794
157989342
82766189
156581297
71256318
35388819
60787161
45881888
161151818
13810484
20255301
4794362
49715091
19010720
195659698
28318021
13643533
36146395
117627767
32645935
6339591
37037106
51584882
30944702
30015940
154595832
8438856
4151148
24091291
77597635
13210799
41900621
60663135
68620604
7327739
862706
187848739
48070346
18567614
114996181
16646995
67835246
54773212
173702052
49420127
27192403
29290897
23994428
57174233
1381285
23144498
12118857
2734276
4031091
44715089
40817389
79408069
57824652
10904164
18032285
7352493
25273312
22515435
21877626
49616234
137145283
1421518
3498086
43185279
1363126
37085443
17636770
63084764
24688416
1117244
3769753
63007746
42793828
29479666
93566335
38294796
11027550
53105524
49765178
5091263
80712517
21958879
811141
138289
86702588
118538300
1164914
4964199
30792631
111590307
74865635
144581
9566835
40678381
69344357
39141735
127183418
44732422
8862607
5702427
27722365
27815487
127207166
147555748
18455995
27330992
39762843
1113101
21470462
30949243
29262737
82476001
30752689
58020964
17631201
17878189
3110496
47272167
9330944
12977475
43478055
129206354
29154930
10314844
61428590
66019173
39850540
154922927
1096742
127679573
1676837
97361290
45750252
4254161
36931219
171153452
8092051
75502892
62117497
14367519
483239
88971490
8263397
1482409
16154042
1821199
25710979
13444601
23370655
42923292
181739792
6612829
35113303
83413666
5869330
6549895
58949901
116629290
9807240
58521825
43675295
2842373
82827931
34427666
146116665
101045059
3629507
64897350
5251218
38133959
59986679
3672215
14568515
58576439
36493496
14029986
70410706
64539939
6992282
17779410
24056343
3116426
23481679
35173421
32183458
168356085
54890785
41253935
13401553
81411872
451462
17570218
2354187
52515798
812985
42989937
4871685
26939632
16773744
74031843
95217311
16553239
32238427
9586539
19414020
7891432
86610870
53280311
694973
39950191
8620820
74795657
22448272
29400804
80186392
119852018
12308644
35977590
18884304
5368814
52038678
60489255
6804033
121483597
61758701
29040899
174762031
21303000
60037720
22309398
135459740
8675059
48165832
28020999
13779943
14502970
84245002
7320947
44125760
166570
8329054
27612153
154294352
64765797
46643072
65321844
47877529
31060665
50860344
10233680
108126656
50471900
121472384
2365669
48859036
44348158
30357210
377642
12599193
77905203
20672091
43472454
67628603
4615281
70911112
76638736
5661771
27765141
10260138
8997364
96651023
33763007
6649905
35114681
14392633
4898707
168125469
10388884
9289934
91465751
93214021
8945535
150681940
3608340
64420638
114682991
100642667
5264704
50316677
58186745
43716259
21124790
3684486
35520034
18284622
69824388
10764716
56160354
88697453
19136432
114989783
54938192
22174643
3820094
2123195
59475927
30731390
7611571
17273103
25200040
25556530
341213
35274772
103053727
447289
1404504
74605567
786273
57890237
50756656
13108955
23509137
1301161
24669798
144754561
9672751
28438206
69682979
26532261
18972796
41556325
1711646
383010
3372221
142368752
3605572
43501995
12127921
6687756
33633
76128384
110438519
26934082
52246083
47155502
502981
100935807
32908797
101070487
29477880
15343165
33125479
5964283
7800416
2292914
104829113
48803152
102901555
11784202
77681597
64283027
89812467
133112684
48906565
9813921
7300783
21326504
91550831
3080162
77916950
3833431
21862138
54214297
107124820
105904839
84903178
3978803
33543671
33585916
9977692
131307854
2091898
139263579
3707893
3153547
25681404
33399705
74631519
51455414
8964476
92829246
19737359
22756390
10705620
142320704
68146838
52124395
42752624
28411963
112697130
42042350
175611546
1409153
2914976
2810816
5485384
93210674
3305470
127995731
55348739
50654459
71298838
9121302
104153120
100064766
32087298
21790375
8120041
20815355
10519658
9523231
74456708
42624764
139305121
23899617
130685961
6754089
29309639
3643360
11831170
471709
6873444
9768103
140652811
33708103
54464192
24770229
39401283
36002694
13960506
4429671
29155812
111446342
32031293
62326344
62518818
1946400
8379967
58336091
92918329
12029343
17543281
20171905
39176663
7175288
59584749
1964056
70319283
153350564
74819948
7918117
22575943
83570810
1030719
2499885
46280075
20906756
77878175
53784753
171416080
54721771
112783146
54181934
157568306
2570986
31483223
95256192
12085821
16524661
19191397
14082013
2592182
110914834
18407607
33647460
74085745
15181940
14933624
2225744
54553212
62914586
45731767
693356
4463440
11664715
9639921
13329229
11974834
81580984
50561707
76841974
14423414
7785583
89791820
24760693
132405025
78243191
41013222
94364507
101029612
56226769
21425723
33402678
12075563
5344445
3145094
1880816
8756758
7872896
28944402
11262349
29754373
11899237
48862912
67142453
136356276
53607406
8078587
139046677
15002522
81814018
33560557
31925204
839890
55636114
174790643
27821067
58808693
2894052
161049802
38477876
28116250
2523383
56227356
1541021
80198641
46914459
2095713
86631443
22391425
58267227
12467026
50247561
23922465
461904
22359110
14471165
25319094
104600687
11902271
13933303
58686780
20983544
78882106
3465521
86540018
6797902
107373017
11043683
2109592
36304736
1090067
40954386
23885522
134784397
42999464
90121233
48988114
59996601
19713616
64770177
40937467
130410774
26787689
2887499
13753026
9727309
68381068
54618822
40657248
375273
8065800
57764449
108371040
55456330
63990589
4134921
36978086
4429070
52239204
17364304
9014283
20079407
27302550
65836626
11766588
230887
119672540
56576912
8598415
4778779
16596878
184457561
30438289
31760594
36791881
71925249
67870890
77925780
55597333
6993686
10599293
34422110
11637204
5285246
63135016
4592732
200086253
31598896
59054347
3489200
74136457
74901239
54973460
41402528
19415797
29810947
7961226
95925213
67150275
5411230
29155100
10072776
72341974
6008382
48855274
139154126
92829609
29497
25507666
26811811
23958258
6739278
2364996
99320366
100720
33398695
14383159
47652614
9025164
83436
6976207
3526014
103394748
41785935
21939285
184854864
119617709
101402735
70587447
20027620
40543944
7409807
5520853
79420151
126702489
2583096
90525553
45798170
3629646
89508357
63476472
2060750
6124237
215939
4970826
22561943
36767987
8088017
12440935
109583600
23653394
51768063
51359370
23495549
102500582
35520761
20842413
57806468
106809286
770863
72988205
5489170
23875569
11114087
12546225
27222213
39324440
2430927
8668336
1767484
18609230
79199902
68564368
114011969
9091836
43332557
2372991
8305735
49660921
3266559
55401152
36445268
182050241
567327
8672
45250245
19824330
57021778
105896870
83778527
44890117
3773344
64420030
131863414
53540379
6507715
26201242
9117728
24525517
21888936
17787136
29484372
19943188
28120145
37716761
165311539
50337335
202033055
102920256
73256383
36077877
5981758
57949574
170321085
2185651
4568607
55204778
6665201
63918847
30884134
26395833
96502019
135494378
5154056
6861902
946438
101042363
44243711
42233770
2931319
63543845
1996170
1329652
25933419
9336126
40992035
2086420
25297491
62781483
29482884
28464437
57836815
51031189
136844330
25059730
6576734
25689022
1122756
69707263
887492
14210779
25086992
23389792
49214998
47847196
62242506
48880682
3055982
115682801
45246855
21860131
109327326
3655312
57766888
17208796
38413428
34712576
123082027
23216395
51219777
71148700
17192278
25319242
13418492
126991157
49348983
3942767
11975450
12439384
82993835
39742251
38313868
54688948
42284779
1725140
5115606
34613098
198945
60403857
61126282
3227600
1359635
29469965
78838208
676317
64118763
27170555
36284579
256244
22369339
6865574
756941
491993
6585324
3623088
69884916
21116002
4676679
205448862
128402669
1853063
59902467
1336039
51149549
13513200
48491342
11701485
139217019
30459387
129405035
34628807
97142189
4486781
76720750
18266862
10987481
114245100
28256192
47404928
140060869
26583737
15682750
20224531
47629379
9722803
32725757
5742820
7858787
2621439
160007023
48938676
29586342
56630204
50957950
4810116
30507029
20426238
117099847
51397819
26416144
48539679
29096308
109543927
40233918
17571654
3048180
13339253
52099746
997613
34199297
136610211
32913178
32706596
94200746
45265386
61386015
2978402
16030038
34183453
86115542
61666208
167741059
15128916
2203161
80265
146620341
18422804
162086009
76834042
86471861
92972022
31084875
151435045
79380896
31808089
109124789
10808646
13644557
16695447
6544006
52665807
108465512
42582487
9649908
116888649
65165468
80591725
16926032
987316
27365366
156728438
10028630
13879781
35257134
136780384
4397053
41143423
78108417
15511121
47817854
25901572
40906766
146211861
778759
70076548
2557447
64383163
43847368
18994660
5937611
98170160
34221033
5823429
97602104
30885766
82609151
84354889
7419548
122468929
89821576
89992075
15953651
23783713
69741572
11845093
76218415
24037173
105820281
89897177
71808
73517950
22256862
78623493
48393324
210968
26980132
75107150
8925270
11818116
10849513
128053675
34310842
48073881
13111440
20261352
84449579
93862771
139090972
6046365
95446511
3381359
175877168
28389485
10649716
82270960
35170223
48965504
19274567
1229621
7924199
61990278
114850167
30196940
113497501
43167117
54963352
29866055
9943453
10672718
28294423
19539377
5398701
103280481
18623902
12466512
35858445
5431577
59419006
95068329
202561473
26731624
102730576
29561783
9009067
18891853
632679
95655912
14391827
55952067
39992696
89275468
16330926
1711148
54380565
168911967
12054681
6122828
793312
220421445
77557942
142176034
7693085
13776119
112428231
114731406
28210371
49892754
7144059
24443001
104825002
39023983
5195160
9199230
58696814
114546176
12102828
16056972
102458624
9359188
49028862
74419026
180741845
8407567
24769077
112589923
2241613
71661324
39065248
79570000
184731895
31723395
80877734
368023
53503624
136801215
47436439
57711851
67785246
44912178
58976331
100300903
45046573
139839300
44032312
3539740
7187269
4847290
20043742
18746643
5466614
21826725
18756656
15600572
22052811
172168068
100996720
5748377
18981092
20805247
11936621
151819721
16846702
71082025
25238319
1424079
6372622
33253170
74264589
11190714
5847590
47841276
34724364
8999512
19741397
13744849
13390817
56857341
4232353
65482070
14838845
1072915
80609161
42465607
29755854
156537394
34031703
159557156
6171345
1330034
20968832
14644150
31460739
3118740
11369080
78771123
38823298
46972417
116794306
10504968
10231551
103453315
27617813
164937530
18712091
70764627
17425445
48445388
3412728
50206429
23356266
103018596
22459101
99525459
96307404
95002280
67218130
409679
117022297
30984119
109055742
182089747
50442028
1429775
15868480
5286794
50641345
11516733
18045267
35660926
235354310
144882615
26146533
4799766
42809190
17186938
1883096
24107022
48044698
1007142
78270000
106059949
1663485
19768119
63661262
102379642
20913460
84709604
68379130
25760418
205453472
3731176
29926146
51575898
107062267
47898551
19883842
20670
155014234
150525433
18022725
134308617
108319645
24480268
39792388
2255442
48237046
51609141
33768536
27452561
4795014
10412451
14468091
46530716
34546647
9544616
7220444
105384308
78271527
32860945
38893781
108241778
87559262
36098638
12770885
3866969
117892069
14480848
2232195
58600924
2811667
22919208
19171756
98011410
96791987
63310302
183329434
101749895
41793569
12782785
42513
16255938
101046430
11815687
9070996
15952030
56503082
53975990
47947466
43850390
39492304
18496238
5592058
41700899
3295475
45735248
7416890
2335956
42500782
86034865
23512242
140412175
135385002
55754082
18341680
91878816
62692527
21786720
20386964
23537420
33865883
7161896
35184175
76973617
6299246
68934047
49162697
1279791
4890483
414584
10974158
56682170
40829714
11399286
163364
93939014
43741902
8077475
17243569
9300523
10352560
52445913
768496
2293547
5424799
16605077
2607210
74492255
13224814
148814469
4059100
4498646
25455914
100887243
52287381
5627074
47951961
57620674
65566894
171971867
20816105
1800726
1067162
1235227
6951814
31591251
79223008
29273959
25643925
36589857
44466278
73019304
1058520
18429572
95550012
77016635
5073510
60799744
127694568
2045482
68206554
33463718
19231338
40528934
76229465
41981746
25888699
1865391
106282886
183498196
17747013
30341494
29758062
12441476
125087488
203751
88955352
37283612
42721678
3317503
34108326
53220407
38377869
21266974
75779393
168275008
44905508
109126722
29489749
39306461
3669490
44189323
18298825
57605807
16415829
6797669
6002083
47886247
49666906
3104177
32014752
87616377
103515444
30516567
29007813
14089652
22961335
13569678
68114128
121127819
142240083
16553162
48818726
27480482
36896985
1950277
2056992
19064772
40650142
13034224
117576815
13692144
10468793
54365877
32004034
39319282
612639
17599816
91813567
11895622
42646130
25705947
90035287
21679370
49067407
18156011
32576404
1604490
2397665
18794680
23090363
37671883
3150209
47955864
198303468
21328410
316964
2723421
32628447
36924441
16794363
1721122
43487239
55375267
1399635
95266465
67004891
87533553
35609092
16729116
76604768
220986354
46543414
71240412
388183
146170
196194745
66071103
74370054
151049997
64913541
41755999
13296758
26567377
39426879
10719162
9846613
7849417
61395703
604291
9703277
45992427
3595614
35796099
21116142
199335863
34357827
208048020
10574950
21497837
82710442
27119203
472480
53033020
28101848
54831680
14790651
25185974
106408735
47582336
47070543
19869915
3818824
74600629
1093728
150599924
145960086
17785561
30604611
95321830
24252673
73803347
3237983
59894311
4624967
74294686
9037487
17354750
10181272
9873569
111267918
138121920
948830
41658926
19533112
16741008
16496915
29185316
29366005
52701107
81735606
57130727
24423596
13780839
55678757
89203695
190406540
9922166
16029988
28156852
63373124
92947752
31448401
68513604
2630881
14005911
111424679
37929165
18241387
37671899
16225749
37666020
25883677
12553
60947516
99711890
3575708
10902212
38289983
132558226
6278094
13862823
3390882
66094614
81409249
2714941
90830603
70666701
52876992
153836261
6683618
38288766
186623618
110650829
201667372
28463386
82944471
78006459
72982768
89136297
12282117
84980665
36763392
30027669
36623504
1462209
24575132
194501197
37428144
1910285
52846248
2894992
45246459
832803
10752379
113524306
48547593
39304529
22759337
4206110
14062136
111487890
799798
65181444
79476139
87479433
72659910
339561
6422678
113967511
14175749
74760694
111325265
81503498
53685161
564331
85982008
8569232
11594734
18504271
37817727
40151075
50504406
90982558
106959606
14277374
19593679
14931148
45655428
59113531
33162556
48037490
29487550
118969584
41371953
20903701
48277865
26257144
82502535
47967276
35489631
1031801
16955056
8767727
23256853
2054610
8240342
3062503
130302868
26864957
10329441
50690134
167725323
26725293
149320117
29926205
45060339
18235360
3283540
63295682
12518057
27353504
75557840
1832518
28781049
105133733
5142338
49936067
20476749
25958001
5695290
122713011
35305646
72157854
32521936
17240680
17310845
7586049
9231420
3647335
22657418
56279917
51445334
44050824
30867626
55813573
79072355
68762545
48487625
47365219
17924832
34191974
67573053
62737041
14770464
5536701
152890193
25140667
35824109
111575551
64175388
26042556
84901153
46749261
27971751
104079273
20678364
1078400
39656688
66060618
29204402
1260586
116730091
41523643
50781161
3809020
33612270
7733205
865724
69911770
4891844
2360885
5332904
29566570
38004422
86167703
10954492
27232586
961008
21967219
16029047
14155506
50243899
83098955
196888
133073284
26342317
81102161
94969179
5652626
3581039
22269532
20252075
150916633
98612122
44004260
41223933
107966170
34710880
3173177
6029546
368570
54002771
26310953
12027918
3931972
36612458
184289975
95287208
22581099
47426813
4754747
40757547
987435
9610786
143858116
2044240
21921746
33613941
55482415
1054013
31189101
65647366
9692393
61338152
10260121
119325166
1509257
168493095
8488115
47724956
33832246
44472211
7029140
87158221
27896706
1557272
7675294
3256202
85644642
70408086
42958991
49383656
236155161
128939011
39807243
7166493
10789071
16698367
119185385
9489876
80867264
9888158
18103272
11139483
13454459
18914841
38327087
87647231
51324835
82359786
49207547
4515975
76386775
11735482
22732188
1968474
3302836
37078523
114307338
22143758
963513
48195001
136193761
7904467
35607782
29258248
72152223
72481747
24042062
57218863
41036094
3397531
161597621
6308929
99288419
65916495
34003921
58898445
206955633
46596318
48705644
143602541
69374152
6365
19317066
18006020
34987
13979806
54947723
86627228
33051975
47055814
21329962
51579614
24708266
19374977
30537879
44548954
103375171
70311664
5363912
155797329
45874790
96841769
63967057
45872494
29242040
64612099
689000
5002614
1196293
19755430
33100828
5720321
41799330
24403288
20153264
45436292
24135663
3830620
226639
58759593
52269324
18092412
37418882
3422933
36427369
11464288
4756609
1535877
48562383
16464286
81176869
7704302
6423863
48062888
79695664
166290
40553911
58952162
36315491
29519041
69236900
81889052
36393933
51942351
187025298
10730069
44628801
12485509
40655431
158636698
72559626
199864358
161463369
29652162
70850988
6401129
76963387
67020054
36698447
66433510
20247651
103346519
1916248
5159048
53598157
100902474
22912765
19688167
7437520
3144528
20820604
41684606
6725323
11451376
94820574
61243005
20786495
13062047
16741522
65677459
655493
30312752
17944578
393895
8927943
306970
46557895
2448933
64294754
11642386
5451636
33110792
98603145
122883345
49608779
30438571
4205090
10213
38488350
79927
21281904
12382891
24339261
164778067
59938438
21941864
23616228
55970722
46401361
6074920
68401324
46650015
57168238
11798004
90227799
2654323
32928755
48280935
66198037
63147170
14352267
51060204
64953812
100387642
14951326
17102935
24554431
27378239
5072904
161162913
41537322
541048
66973928
11658032
495794
34910716
25416272
56638358
28579658
50086051
780041
129590558
148688632
107538274
5210342
24095584
12988325
14644356
2810730
14929791
67599108
43758504
17629909
6803809
16468657
133405757
50192368
53356148
94192236
162814693
119930827
79188719
13991378
83888055
3939425
2010875
35235826
30282130
15472458
103350377
25296870
50652231
23516008
18760938
6709745
71973065
966751
24038098
79249271
155758099
31578517
74818766
23435521
216475080
12146580
15731342
2195924
2864542
31507613
15252441
51318629
42816170
59109944
13327906
61986169
2079352
24243279
102689314
598362
19993109
2301510
14708507
16182693
19168489
23834997
91199727
25499114
29966904
2809453
13738621
104635801
27826125
56464459
13294034
62272591
11005960
48391233
13856402
22912934
14131947
16523642
3248836
23715663
1404794
89790604
13439921
78854211
31601947
73171288
13947556
98821301
27908657
5602144
18345286
8652566
45499095
63448347
47040498
5334216
89947604
107744773
4867157
49070423
56905968
17769582
2180888
48746777
20849487
13628357
44656091
54791053
24523096
2436894
61840560
657533
13284448
49921040
1180648
108953
67730074
23570147
40190354
63049707
5801712
70664506
98967376
6738160
63215609
8630159
169259595
58359605
70171809
6663057
22303729
49236815
23598313
17120597
33388905
75970287
18638576
67047039
10523402
2166700
53186605
59775564
171020818
28937147
13928263
6628465
16415110
499566
55261043
69363451
91487571
69895414
5718504
66475735
41279404
62734186
13440490
43082892
39748550
11743644
64476589
4752129
2325243
1096785
18183115
47343028
20901964
104211916
1567174
2574860
57663858
27900144
108246768
3358980
38326559
120480667
45565260
48543847
105882244
72656181
54826862
88414226
5925699
33750131
119630474
41834510
68091571
7822070
75385556
3011879
35730635
81167338
11940424
63720468
761072
41978649
142020757
126582795
679690
10956911
109950803
11028702
11208196
14055922
10606322
43505473
60362617
47441144
8910244
21066989
59426585
50660327
45352220
17523145
11450007
52524703
34926002
8832289
130835179
13859212
74714218
136544451
119661468
128684952
6149300
30728022
4029296
104673517
148945024
56160293
57224453
18936205
12749191
232997
78169158
118135841
162325143
13500710
138789177
138700097
10027261
19546662
16275905
16854186
21532157
4514203
17345024
19454526
20846918
35066879
4477764
25386284
8392438
1100200
825479
81327218
23188222
10200215
99923811
44036259
53551187
16617465
133634
51061575
4491191
14452927
17923959
3234778
39511683
10962809
1374881
5390536
50645345
116166366
130564527
29242721
71610118
22009439
127409150
2932011
15709933
1970385
57223262
60897035
3541183
9347942
56330380
29626352
50659549
35269041
60167244
9350628
7415401
28257356
52179903
2010304
71552074
23688
60065646
17465411
86367773
41814921
16603170
41562839
6405942
37011862
53074508
137595103
54260584
11135504
8352952
36345407
