388877616
151971443
770854365
425332094
300702456
550906451
3261644
12844709
220161470
103552362
180779801
134263392
761378084
472889959
636938397
211092532
519985748
236065304
13973565
135186703
171592628
272691376
287112453
121906307
807276268
205592692
48956929
184740906
737942477
55504422
756631690
371178029
107192655
24046542
655055116
184262166
69844641
718780141
44901879
267098697
342812592
128490695
682560126
315870641
198289986
10979025
52204468
249982864
23109869
20956967
299653620
309401896
141886621
45071966
108543557
228768281
809643446
254971677
847574417
583038081
210904214
148879889
24431
385132318
540501119
367636753
261607343
67947214
696240184
40048191
116902600
238213147
283536886
560430172
643701141
336198802
134256144
611599879
413044315
90632245
203366258
538886123
682675834
2045605
651090161
154056076
25159800
480467371
298776777
70379506
153203226
28290472
20768235
48422879
321471626
186220230
428758998
30876133
126743040
548970929
121221584
669653405
127549392
141003984
491723009
67608721
188093530
698497253
294702797
301500861
182753326
306755232
158620136
336039647
16350857
459055352
195252493
120175133
626296553
137372442
494304546
29099606
113426962
137708972
437831197
6521402
126797140
87846171
41973918
458615254
627450195
8396536
18799484
28842437
48934330
580667325
133631750
81739140
232763080
309255418
12288949
540891122
646914369
597653679
237594078
173639634
202836347
57181605
50936918
547619260
528260988
702434948
13856141
4939189
8178787
95983680
331828289
91918933
663041026
29019589
22222917
91162848
711662930
459925692
139384786
119606718
258106682
608932485
79890123
555755992
26238539
22832856
538364907
476630931
144430966
87729789
48249725
111189365
595037951
36058602
86936059
182205463
323536109
158397894
49565323
360960068
282241492
27515910
48542063
298172046
344882550
303224000
36153998
66690780
26580211
76832179
167979494
485054547
14124063
152329457
604839500
165892648
88669145
297738609
114262196
31403229
261752791
673273206
14802081
47881674
112498004
233985881
344889945
141643538
263407339
76478629
315144174
417418642
266632764
842062959
181996727
179769063
139795245
161587973
307675534
86436947
220271560
628613640
699079128
306838136
518732852
186647380
317782663
12926464
877136
143837988
186771251
38795064
175717684
69937177
123575576
11788761
100681078
560071868
552006423
58127798
321419680
43232745
397146623
214376714
488410827
10318839
361638091
367112199
148991431
469080041
65329161
291850098
484502370
474651029
46600780
99166128
657073799
53980591
215988649
175012722
28204309
953772245
58520535
243568972
257340183
148661588
118446907
479703654
201044120
203225754
113257060
566362608
202135653
2684133
152524925
174306140
619655853
131938929
147941234
510566337
57772134
556241554
89978190
414437030
445006677
59480358
201150109
52163898
524906298
87904494
312667201
204936625
57957937
46477421
294465837
107759096
162069405
9330837
49590509
378706453
473057097
137402785
23724599
51956341
493532559
211014183
189425987
170107181
679874645
611013233
310700453
425099226
14320811
324668362
795447850
63222709
698815843
786497187
47409657
431852512
279226906
32510442
262933238
36197444
757729812
507618264
101696296
201703377
101425275
381410820
219922818
677252906
619664982
1491414
28217923
398017637
135105443
35627066
321319292
624917626
173228108
429528275
374072994
750709853
104544985
308416597
776138406
745938529
81123462
174495138
162020636
401419637
125607510
546838740
82743368
174152582
254986098
44441460
31825552
88799191
3754761
77965075
119313302
320898848
58324691
4831086
256225023
278711219
697737832
528683966
119383020
77738588
365371907
253348277
159145526
285170166
113560699
6397317
63276639
4014848
95832619
30189108
670159396
190734415
268326030
42464074
550206100
503337435
126085196
298870745
48522801
9268627
205029916
406722732
138673856
182087143
324394816
64165556
62379930
197168180
806300560
132970196
105166407
245951944
539045092
28935027
389086396
13120707
55485896
276587807
13375103
99809897
111282948
431626197
854991600
347179632
96672065
339367168
31386468
361410583
487851683
96597941
190785734
110290144
20213467
269542196
724639786
5623540
118010235
84779720
7701678
123834866
617806188
451239856
246195585
303356524
489501994
6129468
67251575
45288654
292403141
488352983
164325274
62718389
243146225
16845931
128988395
176203574
9810338
669892908
244027297
23092201
849118255
402231784
483011681
242339775
517995
185430401
172162085
188791239
503029799
101679796
337070246
586522074
1022261
640400708
346991905
193487544
461774370
235086031
124508628
902379364
164469205
189920528
425989103
135880323
231266110
374632128
546870316
663803798
53179273
691783242
296869801
530872394
419671329
861854192
243917255
49672441
423813262
23905037
597697549
800563017
128524654
467792850
26327879
452331121
137089494
407535404
80708238
140791212
52975351
73344637
261131680
269205637
297701118
426806297
725308195
193487885
920058339
176123435
533391396
201935999
393998544
144380993
1988448
3904396
389000992
309754401
279523591
7561395
4910842
704094673
89218762
55256749
159090000
562039898
80833121
399613663
158160166
333859658
75366532
268070301
335740757
277352653
194282169
2044501
591427423
8943321
519229827
191459867
95955602
287538332
164672891
711445917
401654156
486941734
585428152
442614270
30870700
843892531
188373495
47622310
683505352
14912531
305553638
119586645
466803344
183182205
359077708
273543306
540512974
198906634
561192908
993610426
38357674
639468434
51696206
37755193
640167788
91562946
461372265
33513036
115716064
39896049
96999710
70489238
170520393
68150730
348142854
96816721
73622170
667247384
129577652
13594641
18707017
425188116
61974967
431470684
307628958
98755969
94886691
15179412
96664218
638818323
288434479
12307010
807328187
301202939
22200979
503314426
418959465
379399345
125191542
103338407
301094037
755903358
5930802
411318747
252674843
386646300
441280330
82734675
337606747
362295785
70062483
59420028
157110394
420512680
757426382
212361441
480834203
250262643
542644605
128849286
249262054
529464997
236988370
17377493
195241917
390714432
119118759
318956743
192648107
591299031
120498338
429269250
416039794
88612366
357004005
60443550
966754742
362154611
432845184
471088647
86074941
472101904
35566783
184848182
299615916
60393921
331316608
356458471
447360923
108456620
222912854
252679873
488449783
476416100
630747993
10333861
15351558
984191470
39675906
369020712
433596621
445350060
103101973
273167806
371231557
121401700
386010300
385928398
819013272
344941911
413440297
337528654
38147516
200352303
27937035
6209867
636763049
1153067
26117149
41426002
40891140
279678994
408641545
5855863
299849391
178191291
44114326
12454907
210686622
17525995
115464816
993446872
86832010
294903925
866013003
10271832
407168891
289783435
792959812
120101861
161372595
110346320
74556550
241570377
277326663
482124246
175738184
225262928
79508497
156721013
141012882
233083189
93244051
162590688
710322900
665166271
725712976
6255818
478501751
53405393
42888418
417857523
273768236
32571100
168717013
27751775
319887147
652364446
881715943
15771534
162878910
253997296
6753339
92301926
18365828
13008435
558445297
693173795
412716208
111273923
562136923
124122881
58130183
823799545
393301149
72904166
24937461
223645551
979463484
197435224
415216059
213819892
126600041
633907559
98242436
66795765
265989998
240472180
37603388
171468286
145741558
206487726
157872000
359061301
219431318
65788971
68580350
127278122
154589303
209492011
155340027
6050372
30655631
307472018
78044004
368811600
120001947
122675566
62464239
589996054
359878645
461471847
471848856
492850324
241739146
301410552
249786157
230213021
288758512
1061104614
78383318
305792875
621942172
123144047
82995167
348111337
22341905
560017231
264976880
163539402
101760932
308907577
239565625
37886536
527964008
769048236
18429264
200218562
185555245
547253961
450782974
485248097
132899816
559433924
304403543
321563887
48944283
13149301
101984138
87018609
120308334
343985040
4833285
50544668
344710217
92907364
75807745
288180489
32194410
132745118
481067833
95074125
217428252
53504190
732510333
755769402
202548922
1424981
408221576
765619025
352166228
105206109
15485959
62615528
149657564
229932159
604493446
261149412
22669314
812204257
428958388
138517326
132133231
270503905
55361990
441024312
310602669
172878496
31579500
758710069
298025279
548849484
345911772
49479588
351428187
270809616
331396549
272946744
282413912
39429907
214314697
355336807
124441961
340496378
269996368
71929246
120909241
710901319
206665706
253190612
112156489
658434619
66673265
29327018
652991727
672404304
516636952
92864401
568007580
211489224
448460942
661228658
280693874
280437721
525075332
273230226
410222231
696813910
124515809
29469506
282087046
345284893
480156275
9677286
94015596
197615808
72511951
525763980
415614442
256657069
21516344
6591986
196226267
53527881
555444220
159638144
454009859
488679709
350265708
96841605
4040782
134378221
288605001
524885217
127452216
459429057
45616776
13662142
716729084
348456521
846276569
526401839
262356263
244402272
245683482
555975050
23779977
17516832
56580809
795100171
342902639
185897565
308243657
578542467
461082345
376099550
408875830
341391373
24318230
170307429
23525961
217111127
371827477
94717391
379944633
328036378
449137313
262389204
526741916
57742697
28480788
91625732
394939658
199970744
675952436
30184582
122913605
72370173
609006447
193457804
613108940
226598479
38985453
541944914
823438036
27708855
514338879
9999830
199180464
328324332
814869459
613203867
70671330
264979796
182765377
183887195
719957229
43333024
275373132
111197020
42001064
306300744
77617734
19488661
315857939
685410637
82252765
62790229
38055671
514589587
617160184
665111880
513161056
21644580
414054100
785996493
145830520
447080448
277513655
474580920
498661782
806478631
99281904
12039269
97624171
335701161
389289750
603007877
2536330
33511577
566287746
616329379
491907846
483678900
864482260
12089028
10972605
372988998
12218605
414959409
11804298
359278270
121442833
45460963
73467550
243732404
204298419
780563283
449436364
111725256
828909510
481614
317661332
3011617
120737710
523173974
137252821
234295020
197141848
280843238
52330849
5824563
45240132
5313348
40970341
44807586
164928194
14200435
172136998
464173968
209583892
152079029
603966727
780814644
215240752
2190002
283399692
3818917
591813349
268906870
57751074
47837460
676642500
713595378
128806068
337969514
88902113
341706468
128187110
3455162
38958125
17114141
98787143
339456553
426236124
413730757
171768348
461399619
68656503
230886815
621671183
114751465
153124406
184929401
520542773
6815345
872533840
21790272
499966456
267218518
492312722
752345234
269964028
49851350
148941465
642245404
486872620
109597995
198509936
17093831
158225962
655990074
43849353
189331038
194654256
55296592
290114582
26472348
339378096
316504106
52680532
833986198
15930279
41666940
147082364
48734076
417014884
11864915
63892108
18127537
56008273
222861770
52148948
290439036
753594336
474439252
712094543
169747697
391342043
79265902
809675605
490910625
115051649
911450415
336024061
138241601
208184541
187828833
570976074
176252063
122685831
661887809
404982209
186399679
185888269
138962815
212253797
423254213
252486486
214679410
217520769
397204573
244979634
6013069
51745911
182665910
552966153
127278251
412355029
74326301
23625960
21221665
415165454
179165930
120152687
802385362
281041354
435225536
35624345
261371071
721452900
26369824
140317260
591251031
216890432
63392969
224730025
627802583
666889367
1015674046
12168089
697998105
66332265
632236416
68119026
119641103
666922684
461400214
407325181
165001380
191339514
166319985
22159785
480742409
476969869
105037182
571207137
192144372
69415048
658315752
342697747
63986823
129348461
86149195
641963894
1018297251
4959012
180623999
78518077
592646589
492146140
6798034
455418151
147947079
104557478
2585502
148342490
244153768
667551386
94837766
303431369
72225772
107970651
115270140
4556097
15484744
491102114
625172680
285331120
143904690
226516935
118120198
957854941
986513595
276189747
437987866
379711330
59654242
176789199
23508443
26218424
565911324
549404028
97093861
7344274
32564224
449702396
233676494
207068032
91891196
237270438
175350410
267452086
879488774
577107635
287535959
275124377
467949195
481659311
56436227
231160924
47336571
434400843
14010190
70584488
200641236
130453424
102975591
279920772
324369254
767333886
751829648
286177718
233726860
213705742
403401182
516712831
67343559
110056185
103981164
113051942
268010323
800846091
402393985
75929103
263013139
630409707
160439923
339987303
264092564
240332173
684528235
38860160
482039145
270168671
69258452
171885019
518839011
22199633
472402921
664835105
9732564
276678972
84129545
20249887
96763508
403209821
53024482
6638283
280479230
43092578
199567398
234147815
332740236
602298332
274613621
272378244
107886087
4944104
71238217
92667209
486409461
577048426
262656732
814803969
212383484
325518632
350062400
41281708
73200190
135573957
213859421
621620792
935840968
221380077
379719549
17346201
31838414
54327524
31496657
413600065
4706515
290810341
41444951
266563762
454162584
288335384
23916908
803809307
302069015
238572413
47110519
37096920
282670538
207149819
188118549
229588300
563812111
225074909
25308836
66240564
112873024
30189787
52960452
7152551
39503906
891310792
92434580
457527070
134913633
156126005
336166361
284507595
171163524
19881010
257923745
13211159
113952841
73962012
167571528
110106420
886088617
76844801
154336057
117211573
336919181
112489641
139592674
21423712
43491045
716342347
130213004
75353351
744054019
322507
486338443
156332615
116980186
8778875
847013
242037047
236217140
537717931
315810991
512148855
412273443
55144330
443613575
57048729
35413312
28180670
275298179
69000285
107122936
124820852
76082069
492124593
206117493
99378541
9628607
81824037
278770666
17239049
442005151
489443010
221307429
33452290
549780615
347403485
198352350
302987679
215553567
493244121
73328690
93902691
717998893
603204156
488480659
284687089
164453780
118245067
206822390
345195936
133751304
36135018
528504305
131472685
455405192
539278085
496354919
190587371
102000974
37725750
612763251
124704240
221956869
378116883
147593418
46335754
51800228
100002597
302449866
246306066
227861777
170251853
91006390
225225559
50271649
62010741
225378211
31706898
166582759
63655892
14220250
303660548
410364236
365578420
84480118
25194156
396032228
242403007
2963996
862063193
343676377
195924250
45850818
543673516
793250738
41292172
28897658
80635320
159332673
326148636
350164219
301530070
241241459
17103333
219643386
164989404
487846868
194822096
80869815
687547036
111882048
236628167
866124059
203057914
393001800
418551873
22836375
108415270
241947803
9135890
107186494
860123395
686254144
131177946
646314826
236873985
4875981
163568576
14914531
30936816
319885576
391888234
39031
740595309
221283047
58076638
143512026
34813935
264287380
469282878
323546017
321092598
293739300
194305239
297558854
347095979
329398872
113181918
196890863
51713953
393756506
228952845
36345381
266261058
615501911
185321004
87832480
693344434
312006455
416203314
377496596
82129453
335718807
85304037
390402056
76901376
230808957
493996939
33152019
479261724
233110240
51909620
412410054
908333114
1090278
170690456
38544051
80504998
268878672
20870467
56436952
57060002
85043213
180140202
32954459
161970432
898529568
19586867
586562029
514502967
319866137
52223363
5277051
248689896
256768586
25294093
626800781
25104420
484746636
248018270
132298771
138906766
376377766
975980964
697742132
180574114
222114612
283551852
30929780
371004242
161236548
27477135
490576488
6326833
5496066
368882411
70649535
162991802
5399805
197741866
176394255
59770994
407888175
37271067
382391807
276889065
31702537
772240189
129758495
389609913
75714271
971648860
119545313
38159562
173257791
53630690
271052123
17545845
105470178
105355599
221683136
29756000
119368397
273606737
50443410
610711015
607508301
482864758
51521652
654073083
469354572
382820755
197165896
659641230
204169476
23199937
169329732
3662430
218416420
121706276
16284545
234297199
442891291
71786736
304705162
139942191
52037001
121771490
344785697
798273901
111267365
132016617
272060165
16042630
55803824
191244893
484812770
385379545
203704166
367180064
325692095
50484526
276391040
198769645
224353380
449896123
134152749
59833612
5791985
52302410
35081812
98016588
481008561
103584054
444020116
46388540
316274139
110317946
327069793
386156200
137319177
135332
189809247
945680708
825197105
344319351
181204232
109808592
139907521
525097267
114809796
46849623
433066683
133408992
233820832
156446744
181040946
317931347
266110778
13246282
590364867
26598650
52686617
399534505
395043859
774974398
20070076
276416984
44344408
468719648
66886259
569927573
40269005
48892623
446399811
221850662
214707193
55513632
238547698
260256167
161422734
533713045
650129967
257826342
476982550
197637085
122507643
11204880
4799074
547467597
212532927
35392465
285026354
66935906
235167410
1527286
250759134
20411594
253620833
560673241
160807843
729897498
153134433
169879684
175624821
25446318
18857250
39844086
342025196
6781985
33515697
747246604
207996794
49266915
835687289
307012774
417753426
113462
24823541
19788522
161708850
8957230
393029436
22022735
330309832
177013244
862528823
645535537
227549020
799115278
5451707
340463857
465857024
138562776
604537622
222153943
452008730
312722112
84986887
2462536
123583076
74970045
532047630
555954564
944336584
689714851
444969900
223963041
703699264
335863334
12384725
127304562
412846214
20971345
196839069
422354498
497618806
151144628
17698496
138663263
454656281
328230700
558151437
274535040
93939333
511774190
595897214
415685080
125812536
34946948
56051447
232434373
158347961
525367174
75088503
134772859
381381016
328998703
182853409
206808135
388633594
39039750
420100849
111090858
91225714
427720777
531965494
243308386
568063368
450852104
388422069
25976669
512428072
249289171
111052608
40859820
19281367
21180903
567924794
376084683
620814360
298117528
318328272
385981874
98467410
805343174
17067015
124462772
775856287
528875052
315913240
356495037
7856989
323250587
136870118
488681056
12197013
152728516
54028097
8590291
278041816
186234030
35458891
20631247
225488236
64438155
539837317
496833005
241010975
200615406
230264831
206195259
26564731
263266335
145399515
376783132
2577089
123767051
166402510
123511285
282216530
49115130
35233620
162510009
189542503
392270630
666926
13735433
135513581
249995541
408699902
18367425
4752096
817473837
43164954
115692324
259499604
15149838
64061575
50181849
389507168
23273880
280855694
231964717
506891101
551072829
824602254
528675356
242051868
83810402
38566638
158931234
483203618
86902601
124758018
364501503
19992326
94932304
216870604
138034976
653571532
84230639
229603732
492394657
38652894
471117691
642764590
103526154
133202019
279802238
651992750
168616994
270383052
173336334
480907460
421491767
30203721
725761038
725167175
345419109
948173069
660439366
33137646
390080003
193273980
197667896
71331494
560772226
327074334
118552754
123902864
461667878
97000319
51675145
63585953
71186730
485978970
434983563
186436928
27938132
789056850
26153890
47271799
449904987
763570376
733286799
490877257
286720686
91901268
814547762
282360784
62691641
220015105
224627398
469521640
464510665
521641779
401989576
211133926
170318225
613012746
279361432
316083629
161094359
346037964
193570761
648711202
413980470
22549524
2285806
555362313
4084401
64756615
274579707
198056556
533820637
395643016
162362306
123716551
627677813
449369726
286949944
376515727
450545139
1182243
126293190
727632148
333170262
172173533
271727796
2619616
641544678
636327444
312310258
22712349
64603900
84288818
300247860
204086333
688815595
397049513
67918408
779588513
159950914
8040617
931013126
533286324
39480845
169261427
1398495
103072081
333418238
440659882
135265808
17247122
3194538
263811324
35242512
188628922
363218410
171308632
109327277
24181886
156763795
72394715
220898841
88892712
139094757
776884334
607187880
342418714
867292127
93495949
891264854
672661030
543712861
542320527
415208395
178915877
31639063
231744130
346794705
679107684
27701267
292431982
285409002
5053072
58764414
274978075
576717734
46991723
518834055
154589188
71215425
238217481
215160582
209684269
57319153
18511650
171678194
18313898
145033289
376114947
242333124
150415824
231527355
842422386
136875959
4438938
114637679
198769685
597952619
438972843
43790765
364017380
215720098
283481408
363780390
140839169
524428527
164371327
553066761
261456042
239129095
304945845
190275304
229279494
254512252
161475328
213970877
504410045
128633411
421989
951467768
91064685
615772005
672559718
501198425
97294763
247291110
635289599
315935164
430330863
11088859
220156214
296510158
7476679
32832295
16711985
448404133
17893171
40878694
19598772
106236943
88895245
452247307
167748503
770948120
303834819
378523642
215603800
27791458
497032907
139357239
60583571
294935810
284999186
802317335
324810860
558488887
138558136
121246995
509149463
510258815
23338691
88370620
232303843
522154206
444764200
43586820
24305772
150086560
379560675
575067450
19362317
261678566
178807543
45450314
508376668
41104129
8848090
7174963
647644664
214220746
161734056
85738324
174476986
210551697
622641849
636549521
681369475
466110840
303525148
952550271
106890433
70753832
47130336
272531825
206504707
29373078
466260860
84128879
580864432
79643496
107800044
119094870
513238902
341333939
415244972
108732912
14876572
352121238
154628170
26376536
63416598
595278888
16885427
407689848
8593321
248799493
572668926
28450647
663034547
281777646
100964363
168657613
420425467
247813334
7281660
13511394
917640163
796327258
109505601
20006916
84930529
600201528
687436599
187301238
477903127
37089834
103136590
98668390
91834809
378370521
416197898
45690542
53191908
242274343
3901233
7104471
880508274
448534007
18617415
456952718
847803579
238743454
253310918
114642521
246025592
811065035
49923587
26063592
67527448
3858633
42607985
118768739
365645535
282008690
58990845
712695989
183851952
219911530
46875020
173302151
186430679
109883278
555813676
158218299
695451864
118111487
316402853
558090033
303134406
36604228
252749698
52371767
144127873
125210369
6121002
106407729
397844028
212562491
119778586
26246292
241257788
360774314
94116573
291081714
10130637
185878813
60670902
3955964
186903187
146143055
82349248
223240361
112778210
963757039
52068026
710162196
167421261
583472914
82922043
367508079
25632810
203314952
9202351
122875480
809905570
180001044
9243152
232105985
64899370
287059190
5286397
54661260
152129756
65770338
42500092
50812429
23336371
264599117
292001996
497822969
852073086
133208019
32942030
314871734
133541471
128648133
160733598
174909760
688722860
190873174
428298940
190649122
25136762
550902
45991633
6275244
42614185
234516352
640309155
5032296
40261927
36900949
217288144
263745990
261289596
541356534
40536988
905050174
453301960
775411977
130540657
58781939
58380440
10963567
177558164
82755802
943512959
17056560
19731690
129644648
32299278
276881897
206464976
11765325
30893025
33838743
138168707
40795871
445930108
309983047
74461836
206484229
5264005
170813440
8356622
271225811
813576351
277319715
43752619
551815652
81953657
317381407
461727005
128266317
713941980
637538455
536847546
349736461
168434738
83884873
59268717
95887185
367686556
49728458
262859129
619218127
196470141
172178325
46744058
622002014
583087270
28376088
1999633
17529075
712721521
467331712
271727719
796029364
247504832
14878301
349805372
261995264
63048005
60210149
1181946
145471244
205360345
257875917
155000225
104320616
653461442
344934145
216061479
69425033
616817817
338198463
89905275
228974658
736769770
516291776
693005635
181664745
314976611
643345842
146149014
5772060
2917592
397621921
48247368
962703
18723143
199027197
95450709
640763004
157827415
642883224
436191295
233968258
335244726
204432891
906082057
191925135
923421009
329444693
61720194
332890951
487838048
245769132
98613882
147529309
37682286
550363592
221412565
534301248
373342204
436673016
610976915
170612342
138874516
12660508
89503104
380402224
144775020
96767023
438032643
551035523
177792293
1817259
364883341
590461919
281880919
354786580
14104269
471461450
94365212
207873349
87941782
457414040
61375517
48498985
167986284
212974457
313859342
268932299
518901027
886202684
158654637
197875094
874423856
15355500
352254959
458938805
734645440
192455804
130948301
378856
34481001
86250268
42266079
147779001
657775984
503512029
45342698
7038349
478815400
265702918
178323421
540103852
485447060
414814261
57463216
25493420
291595153
65801431
227667780
443902291
729696151
405493913
41388508
128147919
540127769
620631614
218242687
481647222
8564453
370557147
532871714
97637878
89375687
189722247
129822217
77529203
420106668
342970768
824475263
639463929
623415660
314321003
384778735
1084137
693197306
5042030
140559661
8781758
118513542
610771582
513044523
25993868
358034226
100790868
60042938
20687108
269070932
131937630
362750862
150135031
709140990
129629902
257726230
406702086
308300523
224086349
175010596
622103821
28716282
183321812
937927008
508177262
704492650
2939191
293561844
41417223
299120825
43540017
350005221
29295312
328035629
6602708
89751524
476171350
342073390
501377513
21348084
13955199
651103323
91048302
768999345
7500186
39504776
107721706
574447289
356215621
152606766
391766411
299420642
161934706
66166900
130264971
578922499
137773
469768675
10583446
436595715
152696035
755792972
23625696
143472204
548943856
33718567
236370642
90146601
39074148
154700244
664669977
55874283
300783720
634810507
270717601
1125770
522385603
235773598
49186656
536891302
173616620
55626127
83551032
23752168
106809016
316318581
189567725
378983459
50047130
72184033
39590957
21300232
343209562
985974483
98024955
419149237
314554109
12476639
127484152
899466594
325091278
515592007
70887409
366794750
229203045
147360427
489652777
743078852
123825091
336567
617483409
13784136
327407050
944077785
255806060
24485393
356526266
159235573
136295368
122544646
12956844
128183601
237838084
113037904
221968719
75590476
45255512
498088358
12277215
240122450
189159849
343692686
16402755
378749012
17773140
9096249
310154698
5630643
38643736
50359484
183334159
185382492
298230239
59175623
549166313
91073700
274608233
794653929
180196209
483986880
41464406
648714128
593943914
122749293
248341352
127145397
303317108
450032848
271596860
72405726
465175016
143163754
43612800
346914729
978955
276336324
245468171
319971403
68114770
777403381
329785054
145359156
90688635
463495837
613871348
1193312
480006774
4874231
317286357
439909980
27582569
963576369
10467698
482622507
14824738
6787669
2096073
27710319
231294929
244217305
262399596
517363452
2790404
520642524
577993599
243022856
477938748
46321353
137570666
194325268
366040858
123690666
212125092
40832208
14975
39541754
142490221
1538997
88667932
153466616
604478231
41854128
241903595
102094731
740792114
26122555
895054404
283623876
254987146
7592071
415714406
14483366
34851066
134081641
7597535
204658552
528769318
216690704
215973369
133735638
23190
278864247
38834138
356934901
36403612
62426795
85702822
401526748
72519865
702970316
757250434
161113078
9396757
869495472
140906192
632952999
24555870
201193908
56063726
114971246
14196850
34178035
574436437
821805312
91788123
74568335
240601091
26197684
537381226
158032620
403863778
345233972
901633614
135567924
258493905
377137394
294025358
127007174
682264855
285508420
621301294
5868600
654050573
605730972
808028703
169469824
106325584
9759680
59833266
478707882
450994350
336555350
595197710
20151656
296265106
325542681
349355674
79408048
35508059
666768248
822157535
457528075
601531073
44469268
737630850
238350505
189854588
195767863
53033377
292289083
136619651
790185238
9367089
945178813
189031484
559368644
397463553
44418554
50191040
433434091
262891379
187815408
16959966
133698307
233285846
655772973
28480158
82288925
223549241
57547622
43899368
444914020
690102820
448762908
177259611
54844228
371996713
572778
3049622
146406029
58598850
106893944
394918146
245542033
21441242
313192005
53452983
192405602
108729240
160975110
718318999
6070052
32637467
517423771
143134900
115720796
756110061
38352157
60176231
21343991
423514489
280503520
116340652
66735421
344485688
496954956
190967936
20562363
35122730
241722182
706591285
88036663
248209436
110944039
506365315
656901946
369120452
8624376
136980790
10260741
129830221
31477705
20689307
81030591
426394870
97434181
200516422
588366156
39757152
468931011
852782571
382908433
293740304
343004291
720605126
138693924
146279124
276442697
538451978
1198135
119587401
650179270
254779986
216710518
459510142
965622261
126203
415870911
7006766
380895013
730262770
36652420
390218927
399743277
843465920
231068630
140593023
275016477
312700984
202832447
38124248
43972526
451628759
104610604
145143309
331806549
16746387
683639940
593571389
25872445
109259932
86971272
12757569
59075990
31589718
153563944
51328174
97616363
602069310
700074633
618409508
729000452
22763600
13172670
87998004
300727611
353686822
172299114
829988
181594107
8791890
542428203
324241722
69388312
485061258
257001126
45948913
332546950
93580856
172559324
61783191
56891462
7384508
429365655
309971424
412654557
711505447
398922509
169600145
53435591
209368987
36212353
756913226
3249428
734421769
370298143
957311422
61632744
807437583
287878461
30083260
665507989
142950848
132073331
76519336
633439631
245283812
159660083
166372174
585325536
10329254
500506883
469509756
17052504
274083517
58378546
109272960
511676
38271524
6562647
168807485
30650111
286009539
71938189
155363177
747965961
360365811
546466670
20251388
383458495
92560587
496063425
214029214
138692667
28895024
350721304
334268817
305027771
827024269
207670389
61209669
263258652
389707649
369894032
216571647
807782518
407399058
74456714
95668489
65531131
282905413
100968432
13865761
12659959
36002969
49009305
256145223
81861786
114253512
103444161
506530461
250772661
2229093
90144888
254054228
310052882
114542553
205143210
126166665
205873027
844764690
44238875
278427833
94718459
306624147
149119560
112531105
16517250
15780903
20024403
79400394
345895081
898494016
539061316
132616942
568088356
217189973
140754716
61052418
347727194
477547690
94926235
204223152
775952612
145238628
14632703
133792159
24778000
860666
93073376
373521229
700673016
307967960
57307170
718790677
286438953
291934808
59148050
712054008
118676046
1550126
495227085
436920895
1360224
4345366
241286533
320700443
9846940
87391396
203488814
219344557
650229530
23922636
233042970
88275005
180529113
625259
467749664
19040905
118438348
586764408
520040868
350638945
202970514
67227297
752893469
30920901
105323004
137156251
579041705
301874668
82023891
456705179
810325602
451506913
75238813
747874752
145573562
22415156
231259105
1644620
206178588
226215427
11790161
2865277
524179026
405657904
1741032
240164319
10804001
369536289
61944239
161283505
84786953
233241385
221969067
789917091
192212484
132111293
141200400
350083253
260614604
293281726
214924378
163314885
151709504
112695487
399816773
1470488
783275904
310372827
381843053
87852544
757365336
282936947
47557333
659098309
216657737
3148512
594899640
405703919
112484555
460360004
325916856
290343802
403775820
506471
150085355
46216641
719644387
566478855
574986585
480261090
267023697
19171823
199066458
194240390
694281046
157778426
527290108
756737762
542683385
318436437
20891790
545137992
223596121
583800167
15905646
425621608
87504541
99720141
44868802
9948694
9885801
166663159
145207466
19686039
62621155
426042591
465890370
630559420
101255885
414149520
132736139
202036501
209889388
602596459
92641666
150427842
65789400
148770217
909770489
511968832
11823750
346179955
41815338
819861052
503941478
427979736
338313902
5518767
312388765
91908397
131081808
315209399
62595089
517742587
282107617
170588095
368082067
434081165
291258833
322473413
250697022
315782495
328754280
108483207
800867970
296720092
18896736
60201381
36544063
35768533
8068642
76152997
510797136
454310923
396686790
53013258
897178596
54616673
64778219
72815425
610900160
341915713
469707909
265473895
769866994
233584501
123970333
19966306
186973794
15608090
17661651
458958970
260643440
11265328
156062030
379775795
576768554
406501445
462334493
47479227
497213215
118115086
11582649
525077732
352032960
72008086
59704485
329060985
55592046
49261946
22386036
40728266
7354392
111101027
96353480
630213467
561662050
148008068
560050137
299029409
51034845
5391522
463146167
23214237
679124557
115633209
55841815
347136816
866646297
21825522
636686062
96647408
627865449
133217019
674560673
3305937
310007053
183595789
402393739
268009877
471777626
186554390
421475439
107545760
299137944
39104079
9802307
641403323
52494255
119312486
109583203
175653237
130039180
71692858
169368487
159726053
502927105
412993873
37168108
21054094
577048521
37501520
56559699
220453746
234838892
127542803
298474625
229381908
147233724
6591940
83291266
245540969
28544794
158661788
230664760
18834531
57027097
83600103
77245532
418755111
87209474
22579344
48002708
506092412
423308347
972966707
57161972
573267271
227232720
94545990
376399112
459643597
206898719
32598439
15505941
396425270
369045221
451476848
618294822
290507762
297999288
146006733
60841746
28778977
180562
693951150
297623565
424851862
50002843
491515459
662200944
380962691
45107699
1715440
36416150
207882882
153549643
207585657
96265056
78379590
605238247
5524196
442738979
568021123
78386525
312172822
54998168
459767833
138832555
187492018
558424777
129050287
608985723
449029135
732943170
49649490
3814742
128019066
69454044
21369984
49434793
145095343
8286272
431789419
63462340
424059087
784016386
430300102
228627324
44368759
55692855
842932522
14106402
407950290
38834277
356566295
666115255
868190892
69438945
556388607
236182463
813221180
704961536
250625905
848962086
223671882
9841143
71888493
390009621
32001422
176282073
54599513
21041814
54296929
570971988
877151280
1846265
6958899
391082862
532001164
14749773
133927324
1029978181
126631215
349539852
184872778
12498486
130481880
16154664
307909782
598110912
154150164
880401
449624
180291531
619620042
762726080
52097477
1805188
124273946
481787244
205536251
254472936
51670081
209906621
151505331
88995340
269168252
25009420
184743013
420211944
729856488
75349354
155956934
145804642
268335073
177340758
434542097
188760638
21169903
131579042
75866981
139601442
134456699
469558106
34855875
135443955
128847289
63454495
79594258
353894557
316643438
352536309
133813508
526734720
88444335
455127482
32424654
290465648
312777689
43417337
35123287
380049772
361400385
116660098
979841373
611293255
191777080
5395511
744656076
348796474
122010848
566337567
11268229
19558524
577583
99535094
187252523
276375138
305741479
12440504
574497010
32888567
396508182
446891728
144496642
244378892
432002145
397156608
411915033
116488521
22043985
175351473
37733715
88889491
2990677
267300406
60877780
280953089
439704399
825813827
72975543
209016657
735646052
22320167
762048757
311864303
63126674
507092136
70722479
30341627
60411600
485353181
489187187
146183470
150706184
17462859
22660301
457360486
11032405
18172298
64540368
18422551
106697210
208862030
607268997
502884187
42147703
188703864
280895254
207644803
85001468
433988982
155134112
322241954
332700284
103606520
135316864
13844871
24811272
167266666
212195722
546036758
361263636
245089284
52235739
416169568
105131539
32014740
328172553
410844633
217278457
554475489
290442835
133998955
197546482
405337966
15388370
177457486
86681484
437698434
149641628
35378663
234959232
4024121
902010603
196166533
892511425
75784406
93881042
192860881
104555288
1543972
485271315
497078494
142750521
75884328
415741043
301114298
142052622
647593517
230707761
45310097
517165509
322044445
6269307
714233495
101508359
242734444
10984271
318372222
83235273
133381822
144362744
347846001
883512923
215918353
51433622
750008632
104137123
230681
410825788
613395126
217966800
724833283
49377965
97016629
649228255
72867264
663749009
414464055
561712939
84723912
188709094
32843608
282325086
299416289
332370321
56959573
961713785
181179459
770452264
55235465
211482987
174207850
148999553
4421537
203895518
60024822
194477788
35636114
203205802
34385432
100495649
95396488
54272916
322564530
364613798
222403140
95085120
264171261
319748487
377356241
117007154
89449605
237088077
545852802
561731116
41882116
86743648
310847438
76742490
93995640
432161313
182854374
14247235
599930045
458842177
20397057
9232482
421858514
4145989
622624862
131466082
21944340
534638546
255613007
529661781
2399475
197123212
3939634
214682945
61702525
263069623
342452625
748481316
9329864
64812162
774877944
15885900
483087521
414154702
15146264
31724073
229008584
350572413
32632125
32686284
463677742
309790440
574050888
370501867
143299592
461787569
422767344
57247623
711464120
58567958
362795948
860707614
372788124
762511335
26548309
221796605
42596800
140554222
477163778
175677476
54099024
343910268
233304553
77293737
13717692
16318886
6340864
803953650
124283009
587353307
297240861
11736474
358331200
188069509
35505745
38086445
14084829
251345990
43598257
55676468
354955580
193572548
524936760
32185871
99899767
52335896
9188604
150093381
558157256
10214363
82287417
441103208
116210624
263040477
21663691
216844574
7213250
422759742
29848891
167720110
99009954
90899113
2276457
23119130
78247332
622769747
126228798
4205276
135889665
351938250
194823229
68325186
281543714
807418214
447310162
125316544
786711304
706048969
826286278
634453610
767114424
328351927
210929976
373727718
163073117
778139247
367684480
748457764
20091367
44723567
159699399
61595810
306956635
434909734
17861540
136406836
87373712
24424713
688006751
23115395
284135221
439707668
18438217
72796780
116286234
134811096
78457720
407732842
566140491
24212822
963338024
858356456
342229703
299996165
143654275
161842457
134873827
384322281
431832880
298186173
170604376
244347570
35720347
12059531
686392329
20518906
560500145
418852180
119824190
173893200
376417360
93577734
196802538
178364402
631099777
297250745
84167778
954525647
83363427
162656980
72450117
163874744
18056436
818926139
766647152
47414696
920665329
106252131
130987973
86314328
636494361
395181662
59012551
130697223
443881582
431285387
133509754
506359852
17354667
46539441
85923185
9833944
545562376
82764706
98894509
342733681
103952749
645954828
277529076
6793984
320232442
358707587
149989788
25795816
914489778
806873842
955548967
257935304
231747678
647503028
276881691
108180757
53214352
10579992
648522562
270203328
55690848
297250088
562821465
74184671
818951453
148641788
49145584
958496865
273441665
597143478
98821072
43785326
3239232
466663433
15168636
967074894
199970955
42772100
104101558
270289092
3681558
156977411
52430234
412742380
121282224
183477897
148803046
229826889
859152280
471160681
481373496
18018230
667103469
156278658
653007074
675909000
344039882
36826321
680657075
286761605
156540567
82114808
297080269
143058552
820123738
25177630
83614036
488541205
186511618
115462899
433400361
334609870
196434432
11647317
360531964
6110226
191232631
78511068
304455442
314458862
5081977
588867760
2611284
433525936
871817185
692012265
216545116
99372202
331175476
63219876
518668115
413649422
512485812
511974106
79791594
50048572
121470774
381350376
381697565
575108081
243399794
353342268
325838730
990538725
2440804
3062756
50584279
90981800
106912649
74342296
31701978
360498100
122833287
52961938
208652695
116372111
38640395
173658302
108989762
4385158
493508479
221340290
9724247
527459499
62858155
10609820
18840183
116218794
83115414
120768884
929301769
533234282
19004355
365880473
584868
640515603
887781340
559447390
79045450
583094487
156515166
519376528
367513243
455449890
794285179
448327533
152442944
14555927
153513564
829887849
273677105
130621140
592847738
100499448
674094430
167193870
954899280
160079040
318778931
766511223
28949013
37748921
380119420
21338146
220133855
141219450
33670879
309883025
522449013
188136618
448939744
40213806
267792666
1509500
388016517
5836460
238213484
539776555
309138939
2937554
33262088
590638975
158066642
292683445
738275581
496513250
78803330
111480742
341453624
58182598
300408027
97474777
125980165
688384302
307805065
844537398
534213105
797987349
9190260
333630357
30821250
759077987
55505072
51583422
447000841
293874919
156553582
216167314
538242215
223279751
85327898
18029885
535315164
365042512
17060332
633656056
10897492
330156845
451605310
313443005
258303119
500471492
5414434
240877158
943525978
342150727
870251589
63926365
130422311
65291940
32966930
897543258
489943751
234780887
159608574
402216441
770628069
553639428
14828034
306074829
652413607
20814
206723744
274464267
102068520
395791342
80636912
248508027
99662918
30544826
105436835
109309164
47859384
314639176
34833497
69858956
7260808
475223226
7522729
570288
71898305
32652189
477591475
310017095
6596227
350802142
42539598
136184740
101466124
3852221
582980662
309032266
2343835
85347964
710004635
128320891
151445073
65965386
15388016
985485472
23099189
96920997
349127627
319626357
352485583
149640710
5495870
10538212
452164139
48677828
430221126
58869723
43883585
815761785
134549852
436389759
603793721
40924651
396900719
109453232
19313710
343330427
12171016
31730680
290051184
256679852
41725125
5754483
75631110
203819810
285052490
480875952
68977500
639932015
6895859
5305196
81528836
248336432
601532215
150058589
82615982
156443317
150236688
163549395
88586259
15889287
65278893
513397523
295403578
166634197
98874020
203781020
314123413
241682354
418307459
71790894
58932280
361678591
99319473
335344628
81858198
21118482
52640449
644688180
110335640
515040016
727876041
739769663
337906478
62233987
14154604
498467081
72766614
593335
85425453
278418546
102298497
321417669
566381859
95151589
101693451
92212883
536963
265854035
281213417
477850189
318214266
235025478
244942484
277891058
529974479
480060613
129405715
425775276
269382959
9614713
166798407
741339788
11021954
228322223
119617090
253477751
134562979
375564
665290
177248642
376067102
83749087
230513293
305214943
238583091
234461936
140559800
1970865
48798409
147850278
7533938
660578723
117668939
22274835
69994153
32791618
31647163
103594482
327331292
454224005
244840495
8982437
434272752
121521871
738468038
390505908
232297418
347604499
1569395
228627333
720316638
444394983
487165325
128928610
80873762
92976601
974408755
5801651
49445525
32163234
369980228
81589394
154581153
73084326
116113394
354549009
79601648
272569032
846834221
45539179
129784756
691011048
368692355
349928940
26733292
273816148
111271714
133532878
16617224
621068332
108754799
273165949
147647415
378107039
171328906
448386505
33255
855542114
72175290
715243501
342349120
199241989
602524216
302343127
265116535
440017661
108262590
245379579
502987431
46481677
969860
154591332
33489756
761001185
100553576
28682464
102205257
279096405
385104430
665987859
479904502
303668312
164315826
190908558
1769109
223247667
628464297
998132587
128461602
201676051
230232858
274585066
68256467
127317139
280328334
381278258
77479581
434985902
673449840
136224561
67080477
73354604
205753138
43784981
621084366
35356040
126774470
331255906
116893577
247507897
273434016
438316137
198864497
21256337
406529141
77752568
362178570
35404200
173536806
274164661
36698488
103792973
56888921
417300461
118206813
302990792
462081863
662854279
57439440
153345101
191979000
302965992
189524943
334077675
55919555
412072765
349181341
230119696
442520726
98930888
30372561
685446212
229944411
79716074
25790528
675702042
268013144
535902687
149732899
734590694
784646105
128781607
78183526
107569104
36624960
338701592
368877567
349220033
277624991
592192038
13045351
606224655
709219292
47462701
374046909
550007161
522687734
154143226
280893569
263916312
274056843
57560149
58436152
164122336
5683185
500562100
24940709
78460008
213357390
63023424
70589430
386595862
11176206
555750702
220586255
128665413
321979236
185734231
91775810
379946318
71770316
299124044
659473995
373098470
281329655
234699007
289102451
938311210
532416556
117315317
365528614
369184599
77309970
83755278
427372270
1267973
308528000
268704260
132001617
128233280
751243980
513518134
342702026
197261000
125591444
14854920
183525039
767798726
1805667
802788629
750004889
528805597
715243876
88543375
397674889
348188747
583224648
279844975
364608217
591200585
327287299
749137039
432569385
208930342
124475362
224214685
216142577
201462190
92433685
757559548
157679097
178891022
34017439
498988410
227026824
324691252
364834351
15951577
879824236
702260218
480492398
138554060
371569136
201957668
668886096
329418765
72392771
53558191
3741787
32548552
278103889
51708895
41356069
3157309
189725328
556416765
46706326
363045979
512876210
352155680
144522809
29791781
274179609
342925893
44875007
46686915
21560816
2413168
356215215
249857478
735368045
852414819
58487642
165359444
60050928
290575864
250246648
9162708
619014299
384966114
85272311
11557509
23431039
515426274
161888207
16227882
754221004
14863747
725625
77135731
53508668
310533663
171942143
286794169
153884940
713347955
1111521
488970837
139217382
396088119
12495984
559398592
377836335
499082531
166909198
13015532
518048902
66548704
41126463
167584349
924833888
30673520
13615954
248252095
4007638
327839113
17268647
128251333
68064639
781483149
49318389
16408853
16778857
245553172
477557714
438091969
27268144
323477447
2708193
85235264
206126498
99641582
141592045
217673202
1910991
90276428
88270929
235728655
579597852
80264309
168526977
375125681
862936917
301941643
208089951
266828311
207932905
226712867
72949454
98705628
351697560
221061738
499603554
110059065
65175096
176419819
191328847
349708957
332771047
155423682
250856132
431155125
357172249
13845464
482527167
6538238
303376010
44480080
9445820
263293505
70683960
11498258
530935131
121842799
248197864
389510026
344020140
2186652
45148626
208205836
326523661
18748981
295101933
2275044
573065106
162657625
35079
608668846
336762162
611443915
710520185
280000438
128157692
148905566
645044154
416958373
143954154
33427180
60875068
302528063
77096201
1951625
29322862
307384707
52033280
21138814
199157977
91277613
207118069
229169121
351668135
126978023
81489765
318595690
40887018
541591013
602524783
313991388
228623058
655653765
58294111
118703703
23375325
8671104
6723574
153580594
80432504
509888308
454610097
64633822
350859182
767345196
130623680
10880713
47539280
150786942
3637233
544956617
152942238
574960092
313954347
478778836
542048155
440026835
281898807
220900307
559462294
456614092
352515735
759288535
5654436
590463478
178521668
130795449
251114960
542347070
59439531
24981558
1760130
175554623
48356915
271348192
132118659
57661266
413729022
404268305
345413663
20845062
524914010
408775050
215020175
243908526
207467872
77400494
165958692
857204049
969117293
123256057
125659585
137730021
6355249
179009386
425278424
564532204
108158362
86334415
21660199
803726314
4022092
48996820
136519951
33014163
289332667
185952510
363071128
138823133
401056920
23963042
239878756
42335305
535151443
107722355
93185466
334238471
723129220
183514391
270811478
599542349
300107930
220421564
10385906
210971962
35576758
124671703
201880959
74688453
669886949
103313470
665958005
569759513
34813774
108930666
157570104
340483784
125515635
212768478
545492171
62769306
4767315
813657395
750738269
685265382
48324315
784593390
149483874
63809551
522209260
568566440
129189009
699798248
6497147
294625588
338390879
397615469
376148980
520983308
112522817
484579766
693497908
352234652
75150125
91795296
278187694
40096442
704303653
83087849
408790628
534368746
274665001
717239036
76056914
128275039
170578006
518476145
195143585
175664133
179477933
190595006
819931364
74724624
150264565
488989998
154259456
362925576
1418661
449450119
38551917
307967273
108694539
103731153
150825900
233923355
243318013
147418030
137000090
706521540
326176924
246724946
15886129
111895109
71869503
332265554
65844868
456911120
115141195
172091898
46457418
