1511978968
3372857289
810618496
238189998
777031991
3060713677
944282221
4142116285
2461026913
2932832043
1977148845
2703953868
548850884
3901990847
2511972439
2920157923
3863201190
2964121992
3070327032
2322847537
1747748998
2309292747
3849258168
3157639890
3316832377
1872786739
1620807829
2832018767
3918428044
4048810661
1215795200
3211588686
974881099
2213021417
2865820018
2191648416
3773559318
3161555509
3414369517
2823303126
4029556594
795745705
2652777990
2807906349
3831141078
2163579552
102977232
838274800
4127869094
3031518278
3305482340
3203189528
4063137995
1824753346
1103639378
2229019573
907821586
722635208
2675320594
470690463
211979488
127040357
1603642997
1521214538
1742083384
0
3144359591
434414774
1207820416
272016117
1821713135
3679413035
2494951689
3807364359
681067624
2737092809
2235221305
0
2212985319
396673880
2161662627
1190195952
347751823
86464176
3905485178
140141265
1112062332
1932380119
1999417850
1221225722
246593548
74567891
2636014647
2344250487
3121750468
1739348758
3971231676
4024441052
1529149690
3307407289
3178227754
1233632102
1484241413
3712625659
3220251400
74760608
3254426218
1822814508
4264806692
1926084460
483856950
3814616935
3007760583
939441725
2321798832
2310049788
2677400952
969190855
1277253053
3412596373
3767052190
2332285739
1481350592
3665293213
4262454750
1152125494
1636012275
1490894303
693321524
3049051175
1770813027
3854615726
3017436615
2303743117
4018979739
379949093
2305769561
1804795424
1910646068
1987950126
222414028
2423291771
2092008452
3997639425
418799390
3121243756
527041753
2526384115
1527421072
1340968776
804959556
598419940
2192055935
2509112007
3309987165
1372434711
2720988381
3277307370
1538723055
3375945160
1318812600
3864594828
2188192575
1180250602
1348934930
2450754139
1576612482
1201124495
2208578479
1955584680
1755871572
779082206
2095502301
2715673448
1091467389
1802557782
897028286
4253888631
18594303
3826483368
770003864
1010378827
1229620797
3170752850
2583824109
2222300003
3617312775
4031906731
2899281557
1575156927
326587576
3204649787
348878111
354916598
1354026744
2081379330
2722500943
70114987
3529414860
2679810813
255671030
1006274140
1938412094
1331524327
2358462875
3385786547
3770513514
3912898973
2720269401
611210415
2502570785
2205565738
2119645269
3622116263
45972126
2966651020
3830429100
1160458021
3818332172
1168816393
2103331351
4140830847
2867984074
1387560535
3762946349
3265936812
2959557662
1575401890
84549337
49550073
544482826
2339330138
3828192493
820286150
1932613319
4125886486
2860744147
3190146248
1929993573
2168922485
3753344481
715599610
1310755154
1881472694
68334323
2580819912
2999009816
2621809807
2477158476
3289985388
2546879582
3471326317
178838527
1942197925
4111143675
2693089392
1690360302
1439983476
4288373335
1137271063
3346382079
3608935366
1650125761
3220580900
3563754578
3442962535
3607408847
295539909
3818179233
46219068
3377155202
2961356795
2788930207
1838822191
3971239493
3102099459
186291991
3998624314
295972330
2287884434
1973480335
3002029300
2825039601
2216774000
2656198038
1247471209
3173468254
2230187793
2887872031
1621642091
1512785939
3605465610
2363435628
139307514
222190299
1055401609
3353917762
1879383750
3355268355
2343006561
1119088580
506036257
1678608036
2690499167
350958554
2860862662
4008681777
1328178389
2253031643
892349993
2685460809
3843570045
1889605664
1159474947
4218027679
3720723277
1699719305
1387037354
1570829485
3794936821
603805822
2685786688
1956971024
3749880327
3403882370
4101496617
424706367
819222061
1356112787
4254198161
3589934816
1359468560
576454256
2123397098
2346232112
2030459358
2142137483
3889033656
28275615
2922013873
2202427273
1479730461
408808142
3213347649
1401975534
769417292
1632440359
2521052735
4006953562
553602850
3412644263
2730385928
978968363
19850570
3814187590
1780636628
450786990
3790474351
1206811554
2052507534
4266774808
792584573
2034264548
3437439362
1615862455
695682079
1747787383
383330296
3896068812
1374653265
1534920234
24034059
2910107733
1695504769
3887052615
2362956234
1820454204
3652101850
1501607068
1083275091
1401345642
3299008641
18061778
4229046341
2499211322
1126357720
2589726199
4178828467
651755618
1190033646
3358176460
821811372
595595298
763182094
2819552607
1228749193
1019325286
2667412704
741542495
1856889861
13427629
2000120977
2568671618
506856708
1190787252
3694855154
546490487
2601591628
3172841894
625077625
2995036384
2728871077
1780619761
2035952819
1205623059
2210794509
3468866760
1426581559
2857959701
1064914984
3538012206
4263673113
568634275
3600733387
3358877294
2881350809
1534640010
2536323494
1325015723
3820568105
3146352316
2569422499
2987417867
1258175812
1385658523
3400435443
3707922083
8561138
1406904610
2961724436
2257017303
610358716
1992854994
2498752045
3255873765
3445302857
2622178539
1127686086
2498526480
354457307
4006818226
2300749731
2882318493
1443596507
2394622412
673520170
384870830
3322500379
4241132909
1385327979
1221694603
1025353161
3828106054
2402821013
3046427789
1180971343
1350699872
453639908
3422211607
1208969655
2079895950
1224574403
60749831
3771355282
912997887
1879407328
730795552
2750748199
287661907
4071397755
1949701776
716489691
739838335
3830505237
0
1528315511
681856840
269480266
1501102651
3043965498
3559411396
782066311
3317336862
912153104
770031845
680056802
206117636
2342593670
444925710
1271110254
2817296935
1061775601
4285287059
2636511810
1275155865
1168157431
4095284906
3162909428
1919674433
4249200172
3954328997
651225248
2782175382
875945518
2139816573
1090943979
110576862
3876876733
3671910959
1212212888
1674117114
1916576377
1637820107
3680259176
3852325978
2904500123
564370562
1285114904
1768106043
757354962
296997592
1450793027
166223005
3104997904
2188278179
1958115298
1005517136
1083737833
3210985959
3397961613
2256314515
849147228
810442329
693383602
4183356023
1189938385
307821660
2815470176
1533614692
1174547151
1098525734
1120369746
1645390008
577117843
168508051
1147318323
1336873490
3326978127
3010020028
3205205295
3036054030
3637791376
2854507614
105727130
1263668163
198541255
4162925833
1108500978
1383197065
3353785715
4138923463
2287775391
4217355772
3917791165
3388902964
3815610071
1810332515
3121480886
3365834466
287638428
3050624565
3442861002
3024264188
4083953967
2913967236
860613681
3774196156
1705593575
2521432016
4288769896
3061907178
3635586311
409613598
3718027599
866298903
4028203040
4004574457
1261958896
2659424061
3975816692
3166405286
3314348100
2688854184
1131461263
1460897670
3613605282
3943560624
0
2951995103
3036505173
3431480077
4199823205
1486081205
1169980407
3403553118
2826788741
2602969418
3828952644
2665461696
1170860985
1512936853
430919076
2301656509
2194718826
176407533
3375032957
1785792495
3849843148
1513942620
1956324236
836523301
1263406923
1811865210
2502078259
1585437466
3390036386
1436091256
3664928542
4141822321
3117871184
82850470
3072915367
2267763732
1167636877
742857949
3391293929
895264428
1142952549
549510723
308651145
358808145
904566103
3468781798
203424415
1076407115
4293338357
3180761572
2874329934
1598885590
2613329673
803920520
2855151879
3893213604
1229372326
3518288504
199473194
237887743
3190741591
2597532685
1256792683
359284238
2370996652
2378567627
1696949646
4242958773
2533066410
591142831
1142863173
883178427
2831252699
3863838670
185301259
3845666635
229090348
774371363
2916038448
2435753830
1144445569
2187050891
1368949992
1480320373
3825601435
2192829876
1221451773
2036548696
322067074
2466879074
3467507946
2361569518
982498994
591937988
1511860691
2909345074
3747573829
1827426922
1198746565
4018573044
276214487
3255995477
1213039771
4178168474
2157211585
2304228930
3620588356
1712102094
3291711852
2002670343
111678111
3551415940
3953623661
1883088736
1432441947
3174072406
21032412
4173323557
2178754858
0
2365190738
2841676661
260958277
309442029
715599610
2270524506
846085857
907093237
439101787
3156331367
312455358
3717994929
1011381615
572799902
3791283571
2121697981
2383912527
2657945326
1586555118
1571957215
338338000
3174435111
1812883107
1732412538
3963332990
2722184152
2595724723
635152408
3862012862
665042066
99770729
2750797983
2488920069
3828549644
314521679
1691882763
3879580204
919965972
3967765961
1122409077
2188216488
2320158027
2348567949
2588928507
2244575853
1896126662
208511009
1312116048
2398581279
1269375037
1276706494
3039630298
1437633605
3399296133
1242396500
4067794340
3935682778
2309883714
205910270
4259778068
3379616360
975338137
3697033699
3424121565
4157572080
1394150422
3334551315
2095379929
3882845823
3371125843
775077214
1943005078
83489579
3231006885
1960355205
460210543
808873220
3617174528
765490818
2897801388
2733751552
1484842971
3975796758
3158084408
2986871919
3490451081
213122357
3868201994
1123738352
1022061322
795641489
4055542260
1586746682
1113743488
3957081770
2356899517
3885975595
1161279313
4014600151
4039550799
1478028338
1390537312
1982293241
481572809
3931603373
1247312530
2585276564
667725903
2194936526
352538238
2083267696
4276024028
2585639457
2722709893
312059524
871105722
4049342833
2123702455
55651823
2216887758
2432870265
350769259
658542880
2187762892
1199910059
1810688343
2202852753
2162033926
1115653468
1309027391
4024899884
4211248573
4251690038
1302192955
3639402627
3874676759
8606398
2435654056
3592677206
2591471459
578366546
1649450424
1939167963
1228933856
2738517368
2191160423
2307892253
2296223522
2541493828
3571720841
1534466712
1178077088
2509810442
2441697978
468654607
584537183
966005495
3748141187
3185604634
141610244
3827542381
2835404732
2723939476
2115887512
381371150
3835405246
1500009598
2537389587
2507199726
1823456671
2372444576
2021480112
4116558593
2010335395
1433647571
3755350142
1149329395
3418724554
3104403768
4201450968
1247097078
917197428
1091315780
342792320
3257928060
3344132451
2382986684
2157773637
2167630670
455072415
2343221551
215661865
2995346851
1823011743
407502877
417765363
3009093385
2165060732
1465405991
1695821975
4049747439
1972177023
758781567
1589319398
3361136430
535547310
310415163
188775329
676827292
4261952805
3515018955
858521890
326682857
299587902
2903138509
31443832
3939677115
947954294
1698768229
1663610973
2044017079
4277156337
1402299808
4265049862
280615828
2789657503
2654674626
2119552780
664372920
2097956046
562020908
3781049785
1639379621
4044064118
3462752243
163586218
2587065972
375806386
3672325480
1282315877
1207551502
4017113651
246786503
1863367684
860679344
1744469821
2247354981
2758614851
1493112953
2164299653
4197515487
2575213254
37810998
3864310532
327605631
597384606
2726036556
293453983
1021977973
4294052561
1359492270
3065558261
469697089
2623562118
1345296061
2749220131
1365324696
2910524953
2282527040
3484417288
2459448975
2532251339
2276200059
