3265720322
530085801
2412912052
903252500
148126142
1656809248
1772651488
2911266282
1578876562
1316700509
2518468722
4139035702
1674709957
1182313443
1833997914
2378089522
3778139766
3052920070
1227380770
2164339711
422893602
1629372488
3209132238
270272860
4113400756
1983045026
1769918930
1432138246
3010134936
401408490
2128818538
1319285974
3775028056
3464916828
1637126830
1562399082
2329231356
629023094
3645158193
4008834121
2289004209
1141961744
399319618
3066116853
1265066951
2488438274
2370922570
3822601174
1505227585
2792590270
3183631140
3162632880
3911284744
489883652
2482370754
1561269726
2020268117
1973706100
3538189388
3869904450
1969437512
1992676217
2462889084
3062290474
2595058892
2226794784
634290946
597062098
716567915
810048970
1453691289
179321590
4293802035
1064889643
3644518922
4169588617
2466120819
946176296
2535760498
3676939034
3473023602
1751541942
3411982470
2639525088
1324246216
2531799700
2602079616
344242712
3335040512
4189297866
3046436660
2018063190
1428748610
1380220404
412203216
1440454888
467793804
1314908177
4075163628
3075539066
1040328134
513141496
3348131616
884871188
2355868533
168911102
915545938
3530952885
333703806
1307194773
4120468354
2286140880
3649430623
2119691568
1598264203
2813862219
2586299064
55913082
3800677502
3158079380
3654063883
233103572
4239521696
3389093257
2102853992
2601613104
637978070
782472108
4167939332
489144076
110598550
4010608800
2561690670
2847436985
2800617444
1855563691
1440882338
1905287213
3459431703
2732184654
1621137318
4126128524
1460762798
991355215
2425621620
3698249053
1521708886
3113937576
3847465866
476151034
176634127
2799049810
507892530
2887708426
217867778
4078494881
3008382030
3222936126
3472507490
812226002
1020102510
1834089980
2460634894
1118371015
1312290038
4184122404
1092758434
699232762
2746455483
3628334018
2924275542
1359716157
2939413539
2711094274
732942370
2347931388
4276438911
2712139138
2440169441
349045411
2833768180
2825850031
1441055278
2540191956
4181914496
1319307557
53801696
2966264646
3487933998
2280206766
2575499330
312273607
3101019884
2622822645
4079448748
3435196490
312607056
2568339583
796754789
2078796678
3325197602
4099876344
3900196978
4073593170
2337456660
3870481394
2647112080
1606980661
1714100632
786625214
3214325837
794349586
1210012494
1511257002
1985548190
74920644
4063158038
1807133052
452747376
2116193165
372369695
341736417
155049040
2837905556
2306656416
3824366848
2444885167
1022603259
3672509924
251707170
4187363400
2513198683
3330298730
2438918414
3815241239
2403671913
1380494844
3313215602
2290276492
3562535034
41161544
1700154877
3499545427
2954914248
1556946552
3561598398
1501595110
1108908691
2840985190
3455579600
2603352691
755986272
2609116445
107003164
1628052340
53460594
968983984
4121412928
1117293400
1833995800
2812045484
54428744
3692116962
3304978294
1314357540
1727578010
2195698481
655539388
1317229622
3132668390
2755980321
2411360367
2521975038
1265868822
303354701
2489717806
183355329
1415352770
57494704
3893758286
1355696818
273507856
3506320141
1604526560
1609270090
3572958924
2769101506
2172033090
2189913646
2382198809
3421313113
2165965268
3347206204
1400665703
3775227639
4154220914
1824431532
1268525021
2425265592
1079700376
1212392436
3488112836
2819115495
1131052335
1301732124
3487223797
759766164
1282989934
1458469562
1802236206
3553185690
2063321694
1674518370
2166064746
2638397334
2977877096
2472444417
4145852476
1308247286
4251681761
4209592614
913177953
1207670273
1538715546
2446641945
206731368
225308341
3791265554
3242467728
1557649836
4088389043
2366873838
2782556338
2802331618
1801774322
4156788644
2836306024
1925733586
162161590
3394687456
1559026387
3718926799
3647979590
1460745826
3615406324
1110831086
302237158
1544414056
2454696530
1004293304
1350328888
1945871270
2114417321
165139794
2625051815
2006037716
2904309680
1375099574
2978340604
467927368
3047856108
462214258
3173444481
56538498
1353857962
1307542273
3698712581
2415700396
477197775
869933202
2541327588
3973493035
3029166075
1841572110
365594797
3579020787
1223130488
713891262
534637094
3578389706
335648156
2106705817
2799252148
209319450
3355392478
3179614848
3733351615
1349593092
344078477
1372915524
2327837178
974524828
3338646564
58885276
3608073554
2355754474
3076593046
1817444989
1361432878
3901415284
3323253722
221860796
1889702245
661611662
3622747177
1279118384
2836645198
1021874008
3462094744
1198851490
703218845
327080815
3871784524
2211827946
966012624
1963161382
3607788227
1560575772
3098880505
1864991841
205192716
1199488181
932675328
2421218794
4254639052
844251100
2353901887
1949244687
2208231558
310018015
3136623712
2848667154
957372162
2173254270
398955132
1669900276
2789624719
2764514868
1871600870
1874794325
3534324158
666163728
3174220780
3481812676
1755179296
3103644872
886585747
1393776314
3778446118
1878043902
3213818628
2736550226
3941549398
2204070756
1504412065
1393565862
2213797446
461955344
1105731444
3239598156
3978727077
4156492174
3539140595
391293546
992227934
1037753274
741387526
1415062718
1029171406
895917248
2897891009
1524624509
2995764222
2257431395
732481254
4058643366
4181641268
3890149132
3674865112
3435368022
916963056
1430273482
1437058673
2440809343
3562496920
2576744462
3131936590
745449460
239893746
4010933708
1877486514
2185622166
3530194845
2920377670
895866482
661473238
1508804448
3971906617
313917774
2086918902
3402005371
3128567549
3588252479
4286985065
581318026
502668592
4253944746
195365162
1110871343
2157312530
3526764008
1008140110
1208075890
4000466046
2248880582
2045335231
1649378978
705370802
3652290409
3782544692
3212138614
344703794
3670989197
742778785
1822495286
869210044
2072432682
2794232638
4014463002
3098758426
1354444840
2951346322
1439884487
1838565506
1781937069
980095948
615850366
257380876
3744917628
661926180
1918017806
3915563344
2709338448
1294854838
444870806
2666266439
3931243636
1097809015
588628947
821512370
183230506
667018786
3465471148
3809371246
932521635
3402039539
3816009256
3821843008
3503728460
3445802104
2249642101
3768906122
734434497
3997595271
1484336732
4051043191
3956650077
802659833
2667504314
437464611
1048753234
4229085784
739934768
738494224
4066288142
3579279743
2342955036
1659277316
1413416715
42970668
3502225324
3361574218
2535231246
1639243560
3360905732
1363234952
3721553421
4040181656
449006802
4242076484
2134884190
3067854025
2737809597
1509649154
351702026
3152255754
2395991558
2555832879
282486512
2023286114
2066847000
2998322914
298670375
4221788844
522166656
2848761328
286191110
1693662602
2428730045
3425693586
2483276541
2169318807
3805631874
4180888559
259712839
520533867
911523640
584901164
3294167122
2376111662
2676202859
546250365
1224144336
95612826
2723034442
200935456
330240971
3047081910
828474002
3814611566
4232399364
3870482762
659494870
3040691200
2355827825
1639673162
4273707590
1036398594
4110814638
3805076628
973390005
265378676
2189161924
872450676
1357517534
2897444810
3313218131
4160310322
2094956845
697862416
1134167178
1021268238
3259240248
606808996
970920828
1671667696
4154985970
3869062180
1870086460
95461950
3232020024
1748859229
2275542063
750473853
52330484
1034346738
1728942576
3339326993
3359342293
1255706754
1510944725
3465350275
3435158441
1854700663
2055854338
2217529608
3657655257
2771888219
1122405252
1878252567
2993782330
3596280944
3523503989
0
1329244530
2522729583
402242257
2010297558
4120448642
3278232036
1436691571
274120858
1721013210
565850262
3375409660
1327181905
1354487131
1527675642
3970327708
2160598606
1379344791
2330199316
523817064
1653113823
781936694
1399135970
3526778100
300101301
4119550162
701282446
2978038477
1631552282
110472822
3319621157
3415966439
193466479
101262086
1379497328
1713658536
257295069
1840783928
3265728144
1600058514
128172680
1903021015
1940471119
1490194188
1228640754
1527279091
3434508640
1993459978
2139308429
3699823598
1523941654
1519305178
3159088104
911640482
4064810360
874848781
2380330262
1069983204
2779102860
2614275284
3141813276
2321243841
1080200890
1067134690
3434149914
2466631445
3050259310
2022168211
3897907812
440776656
1228018356
254680696
2102838532
2552715838
3435301004
3663683950
3050133674
1160423824
2749384075
3683833710
739567314
3900700594
1782868362
3182219652
3284530990
3803629285
1254614517
3698139494
3986641891
0
2707982515
2830950792
2672179252
503843246
3471416530
2048991404
846913698
2190882036
734351946
4026226471
2115778237
129387858
1261249954
3412254331
2636089892
4256761622
338382685
0
2967608410
1620103260
744733934
706607878
4114223316
2901716250
3932414864
2240473406
2335758716
826250389
3818067264
504635277
4280174238
1210584952
2462702124
3796210234
1875790088
2045719298
871541386
2944923306
2110153056
838521187
30415540
2153216220
4278227767
854077004
2573154197
1781016034
974087882
224716502
129198174
3272948142
4003296230
2774017930
180954148
70222999
1179872854
4144698464
1558380810
458287483
1273567976
1192680894
4210550008
626667495
230530525
2908034935
173810488
3506983477
2558056670
525438884
400775968
3462285792
1150739538
3881675304
952669202
1275793134
3823324576
2778859968
2803796948
3710340549
3443044909
747179279
2192788412
3388509661
2158051648
308633720
3174722108
4073913026
4249128184
425242864
634041820
3902523902
2737544140
1003471734
3524659438
181991184
1438700228
1121379034
1703099818
2684885134
830806726
3170411077
3418179934
1401431846
909125178
1928675900
2643744864
1892064905
1935722923
1525592267
2593919260
3302150540
2307525886
847385196
1148876006
1136915686
1467377046
3471279498
922823756
515505254
2976091086
3662089730
2586581393
2355378248
1080447366
2741599364
3423186994
216825282
3937775312
2427074765
2087468911
3799153736
364730436
1252932447
1695307728
3602045708
1058059224
2968015860
3805127585
2207909187
4281832918
1941829531
2613976794
647658186
87859572
3577520029
2837088415
667765324
1932313643
2098166261
3881575592
846330246
540126957
1322598805
2174064345
2664980517
1532940999
1429636066
674808588
1709563313
2400080260
2027492603
1808339918
0
892928850
1695685690
3022193707
1062670950
2132418327
1962992001
2332760052
2310996472
2135050849
3345583686
2629416694
3955548458
2200271088
3114866844
3592465696
802206200
2308219362
2787794400
3680431742
831863534
3086799652
231938465
3675485835
145296195
1839279173
253998392
191855997
2655761032
365369122
1628808652
1905715538
1649336237
4000783537
3152231690
3902155648
2530101948
558370550
1771321412
2818252390
3791076671
4162115298
2451273124
3530199894
1352617966
2278859881
1505674520
1541070334
3821960638
3500349068
3380250154
3033272828
1687376744
1078344357
1293698740
2920062509
2290402166
948478050
3915267059
1529650442
2227882538
2241465924
1691003494
2028442857
1732451144
2353624885
