226994238
258865397
765168481
517255553
628404918
694886728
204903457
368586425
500588675
488152830
626409527
107447222
409855743
234462411
538018087
436399491
507387911
107419965
49597563
831872779
641011588
72254153
539811059
173484180
770598885
548151891
484991896
605797201
661860078
761770469
406647199
858553694
855149560
694623579
741991210
435323316
240774829
506072780
926251399
141926534
251527532
175237871
474778766
783019200
125332785
634835530
250620927
862274577
383357662
551547941
459418269
344495557
511048523
571012730
926013118
143288035
517502888
664429385
375389673
125054633
617250529
247002559
104693086
539484567
505507320
421466622
131845427
484253555
276321751
608537331
893986355
593034437
189384410
855908836
444309161
544512465
54054691
407902638
341816686
790223776
104590625
306732275
694448109
125691580
516782045
152568968
242482366
23980682
995480647
138827090
258471317
162445492
613756991
10104635
208242465
522578599
339288508
532671932
503160416
374837400
315497342
425072297
539469175
285546161
236127856
756039314
184028540
30414898
429657944
457830108
378028997
543512448
956867894
95821856
375171510
126539185
574879136
346263844
741073701
606259138
93411246
619498762
357928456
614101125
66590529
299396792
82489016
803234197
291204907
85228538
628360358
542902274
761047499
125807844
943850002
163251190
544164154
457223091
659399929
900052110
179500791
476092494
433589554
120091459
702394775
661467538
2568838
700695121
789975837
720252396
728791701
10355847
105057565
782583985
329155973
711694319
440209769
462120761
766264968
75522777
151086037
990241775
858688017
721651523
1358646
511726473
967622538
326981658
334940640
727731617
977864931
613080062
440572631
61191791
884238223
209101807
100593525
977593489
643143613
755621709
906912358
712317537
159284611
161654691
33017047
631104690
115805764
532768197
778603955
288629617
217380482
222952763
167549010
983043625
980558323
222048216
274230816
160165069
31369300
198078760
564282006
615801137
493556797
324612782
913688902
917041734
540709274
331981643
183388787
184733798
265403390
436656907
829414601
957577444
223854
462684900
242444373
408884433
250805997
847093981
396051096
770236798
990625018
6205042
932895735
181601196
35358235
396976914
537766281
196969269
537749096
985601572
306381477
647792456
119562305
566334579
909916436
270994502
313969700
779219766
650532434
26114889
403175447
461340657
815510871
48255674
448889366
288588082
806596988
382359554
49308702
754520411
979287092
975110646
900473052
471248078
592492877
646667422
739449096
551611302
869458001
23736305
781639784
874376780
638533075
50596696
469457598
661129810
174498266
967514106
724328691
576158611
930157672
907655265
828386684
834833348
165663906
14258056
454829758
941790306
404765774
981763750
238101091
83642059
550854809
719065976
88645895
310347541
17213284
630175044
301800268
686607693
851215401
125154085
889034279
987777689
72358438
95125027
333419199
395956795
538733531
533274616
354486159
769985505
301509216
288492119
147321683
72049562
772372587
487921879
168139782
480261664
374207762
791408556
519717867
107418068
171685795
316891386
318940970
112303817
84787764
980331131
997551364
745558042
781997113
24493102
609866944
354866996
434384832
704746298
25055663
431673714
317276779
330921394
981873407
37657543
369723970
156404525
78938520
188763395
655216571
351271709
276484360
8421848
51508222
246956720
507596567
661020880
290472417
57443538
854526119
391086042
910575482
979994762
540835380
467720966
680890992
439047765
813713408
712670524
316409853
901103888
288925257
871446280
632952753
790586627
577870914
828687810
204975787
709808806
250917563
610529850
301528584
624163163
513530950
501245272
521520567
494530558
132403943
508180692
152773566
508775507
777311748
19981732
873217486
257470155
980250114
211171384
99810017
422713256
190406350
206357732
178745909
776833374
796684364
222069136
777333007
867533517
638175448
43961012
369482783
434777271
704933392
363995784
613698171
423087149
319761310
685569371
719901894
18668765
179025380
610411337
543913807
948244668
849127818
800823321
645534829
415142715
54848980
131768260
955180481
432955524
862161500
291465705
58990589
96737941
633974970
62416198
181375919
706192104
824178702
642627253
739389086
82743880
249211169
972631880
630441518
792985073
125367102
613658328
608147803
214219009
97767486
229262689
340670111
614666612
614457735
359960210
114326937
473577977
88470736
163215401
506266121
567687191
616479999
525697499
492742388
994885504
45534076
362230489
763197219
371589172
956028820
704959123
433216168
956189896
97826675
861778964
204072647
878263194
810885303
66031973
862024662
672686358
96088462
403162400
242345501
443959379
