589743869
972028407
921305015
803626560
966797
422331824
231892410
259151456
365137776
672446785
434433251
185220411
339063462
294999023
378326023
176152917
890985297
512702867
741983888
824831941
1687075
948851086
534326658
223444888
599325850
844692774
354128198
28548637
271362548
441285755
871337806
370782182
329097451
632257834
444774746
252907997
399627986
45310282
295136714
242911478
522639005
190870392
690122185
667921850
769853099
158514166
648698086
639391648
765982528
917488761
732865224
685488930
457878720
131999618
499071036
107186891
883233238
958621073
479717254
675681848
776745665
139423368
33362203
824296439
950440798
411517979
581988338
415213814
986876628
137269946
428765101
863742804
638891867
15257149
516827016
694984122
771717972
615860966
971530339
180019053
508300249
646786391
880376512
33971266
918619481
941768806
817863305
643093858
32780876
930537889
152950063
619986060
907852196
539721231
124964486
42608894
490587087
171926522
715441133
237421648
169705714
38132950
327017799
864918456
347983066
899558466
533053190
320848506
134171031
702449611
826402577
191904750
811536007
600681889
125836725
925454152
445720862
675304668
785598315
603200186
185983576
504659098
879166286
326693714
880970509
638429890
54703380
980844892
132889876
366616232
723640929
313428483
323425304
958410132
783392022
93051826
635968185
357248419
945832931
922223565
492368094
364974484
2563761
572880424
130743223
284448056
403608529
752952241
894332763
246406676
344793176
140846368
517406911
694027547
605632570
952403215
941121419
189761070
235261347
888819189
74173168
156836218
355172431
254998711
920091518
538354404
986239503
327238804
296689811
486570711
13310910
36981641
484116388
314789568
948865909
302164833
864848751
40542966
548855482
891466076
118515961
623438255
829414347
493683568
143146707
106699901
862699161
839268306
842621695
192058294
245543015
623533986
453715035
143380872
49806969
984370557
895924719
178514888
600440183
337488604
891105217
647907744
489948956
136824806
158075481
553259879
991352524
309161981
764857167
480589134
669423219
932343383
733905874
790228524
338093191
561474043
840171369
514857577
879801123
114072906
265218127
842385069
655131387
664625079
446271942
404078959
896540869
386355443
204566594
289965858
976607817
937377023
356957153
306710116
364377818
270256739
712894410
751075596
157034343
75307721
637963737
397773312
132357748
903175111
843441835
658260309
883381722
737574787
887430927
393602966
319405576
26904907
2079457
219460803
503232117
121018516
124336048
704666054
967341373
854265364
183970738
214775455
571907363
897496014
452781568
730137328
517544001
308524199
799397364
406394505
499915827
261962801
42880975
259404415
842627522
941100519
169241169
558943917
121808393
139634321
191327641
173633404
792879987
957497578
413715262
523251836
466137235
728753366
591071266
551899642
32232304
306430624
446049272
23540254
168403398
537244762
942680042
676337345
381654082
732515379
537969875
434902860
467839386
319437856
818549386
462917700
780228755
48398278
889608569
435619731
182849983
460242071
537941178
324256689
69393186
590539277
872489922
59290389
129969939
393094916
531786948
760146624
881249935
781950708
542522814
51879248
764254470
244197663
689223827
878153481
476221907
378947872
866231029
255006612
941580099
475934619
323699295
402202291
993572801
176481637
496082786
192928647
509472409
546670816
442207709
446103513
460685128
820281723
714164118
498513468
39313897
991294886
719085681
703771602
730592138
259287696
985784973
909919657
128927806
62652220
684212618
245464410
460516847
927204043
651379267
906828488
510797750
758027686
912060665
75038977
555126152
746647174
370362308
49573080
822846163
773132677
7052813
603028484
707486292
184327074
505527668
136390591
277231456
105657162
315880434
293897400
51629262
200594665
522483104
385210640
654338461
535433550
671849082
539416711
137939491
462140273
29485034
919708509
109850722
680366050
612274600
480150878
303660416
248159515
116294097
414046109
910843033
240754489
384242530
75241820
374861558
528428564
469423339
914504191
843363130
29163634
719282011
722738351
206095566
956127706
639627039
144973612
217902805
550174175
452948093
863310313
271607000
237033050
75197965
192880348
910902031
104477543
966808630
769915256
345198637
491739498
652798842
921675169
397768255
562695896
701792934
899676785
931521844
177772154
654968008
812454383
190608721
630522966
647249045
406913191
659416385
810348496
924194028
183356719
616158717
970740134
743878546
67087103
14174700
797108074
835894780
180258090
599135637
851210213
638147263
221621798
756628524
242998120
353806617
415802486
305365700
327642686
645245203
708296777
431309497
807523522
163799861
756388323
473905313
363445622
897460235
571527103
232534415
453468855
573264834
507936821
206285372
283892665
48789272
875144636
622237421
732241627
421732158
594026622
737142820
679379944
279423310
350225831
251491726
946449421
713527479
497393203
305157945
283019643
29362472
825480394
219195045
501310643
160433133
41706788
32812702
442731346
263710918
818042790
283041245
170087298
719312351
116857039
