4999
4 22
25 27
45 56
42 82
20 90
19 94
83 96
21 100
46 101
35 104
84 110
41 122
97 126
31 152
28 155
123 161
57 163
118 167
69 174
30 179
154 185
92 187
47 197
99 199
59 202
29 205
40 208
132 212
168 214
213 216
7 226
162 228
222 234
64 237
136 238
63 239
11 241
120 256
15 261
6 262
182 268
93 278
137 280
33 287
250 288
209 291
85 292
232 296
73 302
127 303
236 313
98 314
113 325
315 326
196 331
38 332
146 333
330 335
221 336
210 340
140 346
55 347
308 356
39 359
147 360
115 361
355 362
61 364
329 370
322 371
18 374
263 377
177 379
60 382
264 384
195 385
53 386
271 391
183 394
160 395
135 406
312 408
133 409
404 414
44 418
383 420
398 425
198 426
74 427
129 430
284 433
225 435
203 438
131 441
348 446
54 451
447 455
416 456
116 458
233 459
178 460
220 462
180 465
252 466
125 469
282 470
454 472
143 475
449 482
317 488
289 489
412 491
350 493
109 494
423 500
201 502
175 504
70 505
242 506
304 509
165 513
189 515
453 517
76 522
77 523
273 527
272 528
388 529
12 531
181 532
108 534
112 537
114 542
544 549
270 550
139 552
321 557
403 559
328 563
52 566
352 569
496 580
176 583
392 586
533 589
119 590
387 592
471 593
448 594
218 596
300 599
124 602
87 604
193 610
8 611
66 614
479 618
259 620
546 621
574 631
619 635
16 637
436 639
548 655
597 658
538 660
107 661
652 663
400 664
207 665
622 674
307 675
407 677
634 683
577 686
344 688
520 690
450 691
231 692
372 693
474 697
306 700
358 704
310 707
595 708
526 709
230 714
551 715
148 718
633 720
354 724
50 726
645 727
564 730
703 733
608 735
337 737
603 738
676 739
616 741
86 743
432 747
657 748
309 749
711 756
638 757
467 758
461 762
763 766
648 767
626 769
682 770
684 772
612 774
62 775
338 777
511 778
173 781
477 783
224 784
393 786
476 787
277 788
375 789
138 790
324 791
283 793
192 799
760 800
36 801
732 803
712 805
780 806
444 808
319 809
687 810
172 816
518 817
744 818
276 821
516 824
524 826
745 828
480 829
623 830
811 832
510 834
560 839
490 842
473 843
512 844
260 845
247 847
831 849
405 852
710 858
429 860
13 866
235 869
499 874
266 877
79 878
798 879
629 880
519 881
543 883
584 884
153 887
258 888
525 897
484 900
95 908
486 913
376 914
89 916
892 918
678 926
771 927
166 930
591 932
920 933
640 942
345 949
689 953
530 956
170 957
443 958
924 959
627 962
204 966
150 967
651 970
169 971
836 972
249 974
717 975
399 980
483 981
442 984
867 990
853 991
911 993
468 994
986 996
26 998
653 1000
142 1006
437 1008
931 1011
547 1012
1009 1016
275 1017
269 1024
478 1026
606 1028
751 1029
997 1030
947 1032
670 1033
695 1034
992 1035
357 1037
585 1040
10 1043
297 1044
34 1045
837 1048
342 1050
570 1051
274 1052
672 1058
378 1060
680 1062
1057 1063
1022 1066
813 1072
943 1073
848 1074
713 1075
902 1077
501 1078
963 1081
701 1082
401 1084
646 1085
1025 1088
91 1093
285 1095
540 1099
1089 1100
868 1103
579 1104
508 1107
785 1108
1019 1111
1065 1112
1010 1113
861 1114
80 1116
934 1122
541 1123
244 1124
982 1126
598 1129
578 1136
1067 1137
941 1141
607 1142
719 1143
440 1145
88 1146
1047 1151
141 1154
855 1155
81 1158
944 1161
894 1164
937 1165
716 1166
761 1168
698 1171
320 1172
822 1174
679 1178
65 1179
1042 1180
1055 1181
349 1183
725 1189
647 1192
171 1193
23 1201
188 1202
1102 1203
721 1205
776 1207
103 1208
901 1209
814 1212
870 1213
323 1217
899 1221
1184 1225
587 1227
1222 1230
895 1232
1002 1234
859 1235
390 1236
752 1240
1170 1241
673 1242
995 1247
1200 1248
381 1249
144 1250
246 1252
1015 1253
556 1255
206 1256
792 1257
72 1259
841 1260
983 1261
299 1263
1027 1268
158 1269
1039 1271
1218 1272
1246 1273
369 1274
630 1275
873 1279
363 1283
1228 1284
912 1290
1068 1292
78 1294
1224 1296
819 1298
17 1300
891 1301
159 1302
217 1303
1199 1305
1053 1306
2 1308
1167 1309
694 1311
987 1314
671 1316
1056 1319
1086 1325
184 1326
521 1327
1014 1329
572 1331
32 1333
1287 1336
327 1337
1185 1339
1276 1342
1117 1343
1340 1346
955 1348
51 1349
128 1350
969 1352
1163 1354
668 1355
906 1356
1293 1358
1133 1359
1076 1361
985 1362
1334 1363
1152 1364
950 1365
1357 1367
539 1368
872 1370
1210 1371
555 1375
1049 1378
840 1381
428 1383
854 1385
1374 1387
215 1389
240 1390
915 1393
1070 1395
1244 1398
1046 1399
1090 1402
111 1403
928 1405
827 1408
1226 1409
366 1410
1001 1412
1262 1413
1096 1415
1335 1419
948 1423
411 1424
835 1426
514 1428
1291 1429
649 1430
106 1432
654 1437
105 1438
1188 1439
1382 1440
1434 1442
909 1443
1196 1444
567 1446
936 1447
380 1448
1265 1449
1097 1450
1079 1451
145 1453
1109 1454
753 1460
1258 1461
1186 1462
628 1467
1175 1468
929 1470
1369 1471
736 1472
1465 1473
746 1476
624 1477
729 1479
568 1481
1118 1486
562 1488
318 1491
815 1492
1341 1496
1366 1498
1140 1499
960 1501
925 1504
219 1506
794 1509
755 1511
976 1514
1135 1519
1312 1521
1411 1522
305 1523
846 1525
573 1526
804 1527
862 1530
457 1531
536 1533
351 1534
1482 1536
417 1539
130 1540
487 1544
1150 1545
988 1551
402 1553
1138 1555
245 1556
1092 1559
1267 1561
1003 1562
945 1565
889 1566
1436 1568
1567 1570
977 1575
968 1576
281 1577
410 1578
865 1582
935 1584
979 1585
316 1586
857 1588
1407 1589
1299 1595
1195 1597
151 1599
1591 1603
1031 1604
1469 1605
1229 1607
795 1608
1286 1609
5 1615
728 1617
373 1618
1372 1620
1332 1622
1321 1623
576 1625
1593 1627
1400 1628
1317 1629
1552 1632
1480 1633
650 1635
1554 1636
923 1640
1330 1642
617 1643
662 1647
1489 1649
1579 1651
1644 1654
554 1656
1414 1657
919 1659
1087 1661
734 1662
833 1664
1285 1666
1663 1667
9 1668
1219 1670
485 1671
1007 1673
149 1674
37 1676
1360 1681
1169 1685
1177 1687
251 1689
1338 1692
605 1695
1503 1696
1211 1699
431 1701
1611 1704
1071 1708
248 1709
802 1710
1537 1712
1266 1714
1693 1717
1023 1718
481 1719
702 1721
1351 1722
1347 1724
424 1725
1483 1728
823 1731
295 1732
1700 1734
396 1736
1678 1737
825 1739
334 1742
1160 1745
1688 1750
659 1752
1658 1753
1013 1756
1119 1757
946 1761
1289 1763
1377 1764
1583 1765
1384 1766
1705 1770
1353 1771
1529 1773
535 1774
1386 1775
1297 1776
1594 1778
1672 1782
1581 1783
1328 1784
1197 1785
243 1786
807 1787
904 1788
1560 1791
1694 1796
191 1797
1243 1798
903 1799
1760 1802
1691 1803
1512 1805
1238 1808
157 1809
1520 1810
1660 1816
463 1818
1741 1823
759 1825
1624 1828
999 1829
1004 1832
1452 1836
863 1837
850 1840
1834 1841
699 1843
1792 1844
609 1847
851 1848
1431 1852
615 1854
1811 1857
1162 1858
1634 1860
1464 1864
1812 1868
1173 1870
1422 1872
117 1876
1394 1878
1723 1879
1277 1880
722 1881
1795 1885
1573 1886
1859 1887
1682 1890
1726 1891
636 1892
353 1893
565 1902
600 1903
1278 1904
742 1906
1282 1907
1813 1909
820 1910
1655 1912
1827 1915
1547 1916
415 1919
750 1921
625 1923
1549 1924
1307 1925
134 1926
1459 1928
1587 1930
1590 1935
669 1937
1592 1939
1638 1942
954 1949
1853 1950
1748 1952
940 1953
1510 1955
1280 1956
921 1958
1866 1959
1487 1962
723 1964
211 1969
632 1971
1441 1973
1606 1975
1936 1976
1392 1978
265 1979
1532 1980
368 1982
1869 1985
75 1987
1435 1991
1838 1993
571 2001
1318 2006
1130 2008
1927 2009
1707 2012
1458 2014
1759 2015
1819 2017
1946 2018
588 2020
71 2022
1650 2025
1098 2027
1684 2036
1621 2037
1494 2038
2011 2040
48 2041
1474 2043
43 2045
1516 2046
910 2047
1515 2048
1110 2049
875 2051
1574 2054
1790 2055
1616 2056
876 2058
1645 2061
1417 2063
1323 2065
1944 2066
2067 2068
1867 2069
2030 2070
1772 2071
1934 2073
1490 2075
1610 2076
14 2077
1239 2078
1851 2079
1281 2080
706 2082
1839 2084
1793 2086
939 2087
768 2088
2016 2089
1391 2090
495 2094
856 2101
1877 2102
1933 2103
796 2105
1445 2107
1379 2108
1998 2110
561 2112
938 2114
1630 2115
2029 2118
965 2120
1191 2123
1149 2124
156 2125
1727 2127
2099 2128
2057 2130
1550 2131
1995 2133
49 2134
2026 2135
2021 2136
1245 2138
1397 2140
1455 2141
1751 2145
294 2146
1600 2148
1884 2154
1777 2155
1572 2156
1194 2157
890 2158
2052 2159
1711 2161
1613 2165
1310 2167
2034 2171
2113 2172
2007 2174
1814 2176
2117 2179
1821 2180
1156 2181
2050 2182
2024 2186
2100 2187
1677 2188
1427 2189
1157 2190
1639 2191
1204 2192
186 2197
1295 2198
613 2200
731 2201
1304 2203
1619 2205
1779 2212
227 2214
1018 2215
2031 2218
2033 2220
1420 2221
1743 2223
293 2224
1485 2226
1713 2227
2166 2228
2093 2231
1288 2233
1917 2235
1983 2238
1997 2240
2142 2242
1738 2243
1038 2244
2072 2245
1992 2249
1602 2252
2225 2253
1380 2254
2206 2255
2236 2257
1896 2258
298 2260
1767 2261
1344 2265
1404 2266
1842 2268
2234 2269
3 2272
644 2274
1128 2275
1502 2276
1641 2280
1888 2282
2229 2283
1968 2284
952 2286
2147 2289
764 2290
1679 2293
2003 2294
1159 2299
1626 2300
1637 2301
951 2304
1508 2308
1518 2309
905 2310
301 2311
1495 2312
1148 2313
812 2315
102 2316
2177 2317
341 2318
1669 2320
1115 2323
2297 2328
498 2329
2325 2331
1729 2334
2213 2335
1789 2337
1144 2338
1831 2339
898 2341
2064 2342
1061 2346
434 2352
1680 2356
2194 2357
2122 2358
2116 2359
2327 2360
2273 2362
2349 2363
1466 2364
1999 2365
1972 2366
1121 2369
1981 2370
1147 2371
2295 2374
1373 2379
1957 2380
2193 2383
1905 2384
2153 2387
1132 2388
1264 2389
2298 2390
1690 2397
1806 2398
2106 2402
893 2403
2322 2405
2199 2408
1720 2409
2340 2413
2368 2414
1862 2416
1875 2417
917 2420
601 2422
1153 2423
2091 2424
1913 2425
2059 2428
2246 2429
1580 2431
2152 2432
1569 2436
1716 2440
1804 2448
1977 2452
1557 2456
419 2458
121 2460
1897 2461
2002 2462
1270 2463
2406 2474
2219 2476
2411 2478
2092 2479
1005 2480
1091 2481
1873 2483
1251 2484
1517 2485
886 2486
2039 2488
1223 2489
2345 2490
1388 2491
286 2492
1824 2493
1324 2494
503 2496
1941 2498
1698 2500
2239 2501
2028 2504
2168 2505
1125 2506
2209 2507
2348 2509
2324 2511
2096 2512
1231 2513
2169 2514
2303 2515
2467 2516
1237 2520
2426 2522
2333 2524
2391 2527
2296 2528
1120 2530
2470 2533
439 2541
2445 2542
2453 2544
2164 2545
2381 2546
2410 2547
223 2548
2347 2551
1849 2557
1817 2558
2151 2559
2288 2562
1233 2563
2270 2569
2566 2570
2434 2571
1686 2572
2170 2573
1733 2578
2392 2583
1214 2584
2472 2588
666 2589
1216 2595
2382 2596
1020 2597
2121 2599
507 2600
2475 2602
2000 2603
1571 2604
2393 2607
2083 2611
1871 2613
2536 2614
2278 2617
2277 2618
1475 2621
2549 2624
2438 2625
1990 2627
1702 2633
2510 2634
2622 2636
2568 2637
2377 2638
2376 2639
2394 2644
2271 2645
1801 2646
2526 2647
2195 2649
838 2651
2361 2652
1922 2655
2451 2657
2126 2658
2216 2659
1845 2661
2019 2662
2287 2663
1064 2666
2444 2667
1988 2669
2437 2671
1780 2672
2060 2677
1021 2680
2668 2681
2641 2684
2208 2685
2263 2688
2251 2689
1986 2691
922 2692
1652 2694
2321 2695
2455 2696
2464 2698
1749 2699
2372 2701
1996 2702
2640 2704
2534 2705
1564 2706
389 2710
2554 2711
2690 2712
2591 2714
2175 2716
2469 2718
2675 2719
2443 2722
2581 2724
2326 2726
2543 2727
1846 2728
989 2731
2609 2732
2004 2736
343 2743
2623 2746
1920 2751
2733 2752
2737 2753
2642 2754
1614 2756
1190 2757
1041 2759
367 2761
2367 2763
2626 2764
2466 2765
2587 2766
2758 2767
1945 2768
973 2769
1970 2772
864 2774
1054 2775
2717 2776
2553 2779
255 2782
1938 2783
1961 2789
2592 2790
1206 2792
1484 2798
2306 2799
1535 2806
2628 2809
290 2810
1500 2811
2468 2812
2519 2813
2185 2820
2508 2822
1320 2824
2523 2826
1376 2830
1396 2831
2817 2832
2285 2833
1601 2836
497 2838
2827 2839
2109 2842
2679 2844
2843 2845
2497 2846
2137 2848
492 2850
1768 2852
1 2854
2355 2858
2307 2860
2700 2861
1703 2862
797 2863
740 2868
2828 2869
2162 2870
2032 2872
2351 2875
2183 2877
2734 2883
1908 2884
2823 2889
2477 2890
2886 2892
1861 2894
2095 2898
1127 2900
2053 2901
365 2902
1683 2905
1543 2907
2749 2908
2531 2910
2807 2911
2427 2914
2730 2917
2256 2922
1994 2924
2660 2926
779 2927
2615 2930
2267 2931
765 2934
2555 2936
2670 2939
1665 2943
2682 2944
1254 2945
2686 2948
2857 2950
2760 2951
1744 2958
2949 2959
642 2960
1882 2964
2665 2965
2580 2967
2457 2968
1505 2970
1820 2971
2343 2973
2248 2977
2676 2978
2539 2980
2196 2981
2473 2983
2880 2984
2518 2987
2793 2988
2330 2990
2912 2992
2739 2993
2920 2994
2250 2995
1101 2996
2788 2997
2292 3000
2715 3003
2635 3004
2482 3006
2915 3007
2654 3008
2439 3009
2412 3011
1914 3012
2801 3014
421 3016
2632 3018
2593 3020
2709 3022
2495 3024
896 3026
2956 3028
2819 3029
2023 3030
2556 3033
2897 3034
2210 3035
2895 3036
2561 3037
2899 3038
1835 3041
2976 3042
2540 3044
2773 3045
1036 3046
2081 3047
2610 3049
2085 3050
1943 3054
2471 3055
2867 3058
2222 3059
2961 3060
2385 3061
2532 3062
1948 3065
871 3067
254 3069
2703 3070
2903 3071
2442 3072
2876 3073
2418 3078
2808 3079
3010 3084
2785 3085
2332 3087
3053 3088
2893 3090
2918 3092
2631 3093
1758 3095
3032 3096
2741 3101
2211 3102
1612 3104
1315 3105
3107 3109
2804 3110
2435 3112
2784 3114
1697 3115
3057 3116
1762 3117
1456 3118
2853 3121
2957 3127
2013 3129
641 3130
2750 3131
1528 3132
1598 3133
1463 3135
2770 3139
2991 3146
2132 3148
2864 3149
2954 3151
2780 3152
2564 3160
2847 3161
2816 3165
445 3167
2035 3168
3125 3169
3154 3170
2738 3174
2005 3175
3120 3176
2825 3178
3099 3180
3142 3182
3100 3184
1548 3185
3183 3187
3040 3189
2601 3190
2353 3192
3031 3193
2873 3195
3002 3196
1401 3198
2865 3199
3039 3201
1322 3202
2837 3203
1747 3204
3068 3205
964 3209
1960 3210
3186 3212
2487 3216
2656 3218
3083 3219
2259 3220
685 3227
2217 3228
2921 3231
2441 3232
545 3233
3150 3234
2941 3235
1901 3236
2708 3240
2829 3242
2648 3247
2729 3249
2575 3253
1069 3255
2851 3259
3144 3260
2184 3262
3123 3265
3089 3269
2969 3270
1313 3271
3005 3272
1954 3275
2586 3276
2042 3277
1900 3278
1538 3279
3246 3280
3229 3285
1833 3289
3243 3296
3052 3298
68 3303
3284 3305
3239 3306
3056 3308
2885 3309
3299 3310
2010 3311
3283 3312
2139 3313
3238 3314
978 3316
1856 3318
2395 3322
2401 3323
2129 3324
3237 3325
2896 3327
2104 3329
3214 3334
2721 3335
2740 3337
2447 3338
397 3339
2725 3340
2849 3343
2421 3344
2882 3345
3124 3347
2881 3348
1963 3350
3208 3352
1967 3353
3221 3356
2574 3359
2173 3360
2459 3366
2373 3368
3257 3371
3301 3373
2247 3374
3019 3375
3141 3378
2262 3379
3200 3381
3194 3383
3140 3386
2821 3387
3081 3388
1918 3389
3191 3391
3159 3397
2742 3399
1850 3401
2720 3402
3113 3404
3331 3405
681 3408
3023 3409
3293 3411
3400 3413
2375 3419
2454 3423
3341 3425
1457 3426
2678 3427
1507 3428
1951 3429
3372 3430
3264 3433
2230 3434
3432 3435
1596 3438
3380 3439
2465 3440
2279 3443
2707 3444
2525 3446
3091 3448
1898 3449
2879 3451
2748 3454
2904 3455
3282 3457
3172 3460
2163 3465
2499 3466
1105 3469
2955 3470
2962 3471
3287 3472
2502 3473
3181 3474
3252 3475
2818 3478
2796 3479
2619 3483
1894 3485
3302 3486
3396 3488
2947 3490
2781 3491
2856 3495
3013 3496
1932 3497
3332 3498
2446 3500
3294 3501
2585 3502
2630 3504
3452 3505
2797 3508
2608 3510
2940 3511
2999 3512
3364 3513
3188 3516
2791 3520
1822 3521
2887 3523
3268 3526
2683 3529
3447 3531
1746 3532
3361 3533
3291 3535
2535 3536
3094 3538
3077 3540
2998 3541
3043 3542
2803 3543
3111 3544
3333 3547
3525 3548
3549 3550
3319 3552
2576 3553
885 3558
2449 3559
3143 3560
3555 3563
1182 3565
3080 3566
3561 3567
2815 3570
3290 3571
2178 3572
194 3573
3147 3574
3017 3575
1524 3576
1406 3578
1989 3579
2643 3580
3074 3583
3517 3584
3126 3585
3436 3586
3588 3590
1220 3591
3357 3593
3418 3594
1974 3595
3215 3600
3367 3604
2835 3606
3568 3609
1083 3611
3258 3612
2594 3615
2616 3616
3358 3618
3119 3621
3266 3623
2336 3624
3577 3625
3390 3628
1094 3631
3461 3632
3562 3635
2935 3636
2590 3640
2755 3641
3602 3642
3128 3643
3370 3644
3608 3645
3346 3648
2986 3651
3153 3652
2871 3656
3137 3657
2805 3660
3596 3661
1513 3663
2232 3666
3522 3668
3421 3671
2777 3676
3138 3678
3393 3679
3493 3680
2650 3683
3292 3684
3481 3686
3273 3689
2204 3690
3664 3697
3692 3700
3415 3701
3416 3703
3569 3705
3487 3707
3263 3708
2062 3709
2241 3712
1478 3714
3445 3716
3646 3717
3075 3720
3217 3723
2098 3724
3307 3726
2745 3730
1198 3733
2963 3735
3295 3737
2937 3738
3459 3740
3403 3745
3394 3746
2859 3747
3066 3749
3304 3754
2302 3755
3718 3760
3750 3761
3407 3762
2989 3763
1080 3765
2111 3767
3441 3770
3330 3771
3422 3773
2430 3776
3637 3780
1883 3784
3241 3788
3048 3789
3527 3790
2552 3791
3691 3792
2916 3793
3211 3794
3021 3795
2878 3796
2664 3797
3764 3798
229 3799
3197 3800
3484 3801
2237 3806
3809 3813
3392 3816
656 3817
2598 3818
3725 3819
3245 3821
3122 3825
2723 3826
3223 3828
3772 3829
3064 3831
3414 3832
1830 3836
3727 3839
3156 3841
3802 3845
1563 3846
2202 3848
3534 3854
3226 3856
3453 3858
2407 3860
3376 3862
2612 3864
3785 3865
3820 3868
3336 3870
3766 3873
2396 3878
2953 3880
1794 3882
1187 3883
3613 3885
3601 3887
3480 3889
3872 3891
3530 3894
3892 3897
3482 3898
3694 3902
2891 3903
3895 3904
3653 3905
3592 3906
2923 3907
2744 3909
1715 3910
2560 3911
3662 3912
3477 3913
3807 3916
3630 3917
3546 3919
3515 3920
2795 3921
1421 3924
3879 3925
2450 3931
3915 3932
3742 3936
3869 3940
3342 3941
3317 3942
3248 3943
3528 3945
3855 3948
3731 3951
3355 3954
3719 3956
2344 3959
1653 3961
3627 3962
1631 3964
3222 3967
3756 3968
3781 3969
3702 3970
3136 3971
3177 3972
3893 3973
1911 3975
3840 3976
3753 3977
3369 3978
3145 3979
3603 3980
2913 3982
2979 3983
2794 3984
3362 3986
3758 3988
3908 3990
3787 3996
2802 3998
1648 4000
3213 4001
3863 4002
2653 4004
3614 4005
58 4006
3814 4007
3681 4008
3106 4010
190 4011
3876 4013
3866 4015
3861 4016
2919 4020
3713 4022
3638 4023
3741 4026
3950 4027
3729 4029
413 4032
3384 4034
3179 4035
3922 4036
3935 4037
2771 4039
3097 4040
3704 4041
3900 4042
3999 4045
1754 4050
3251 4051
3051 4054
3958 4056
3673 4058
3867 4060
3658 4061
3499 4062
3782 4063
3267 4065
2840 4067
1947 4070
1497 4071
4030 4072
3775 4073
2762 4074
3554 4076
3519 4078
3354 4079
2582 4082
2503 4084
3514 4087
3286 4090
3823 4091
3842 4092
3672 4099
3748 4101
3363 4102
3027 4103
1984 4105
3937 4108
3225 4109
3711 4112
3901 4117
3803 4118
782 4119
3328 4122
907 4126
2579 4128
3693 4131
4113 4133
3669 4134
4021 4136
4025 4138
3424 4141
3134 4146
3682 4147
3207 4148
3985 4149
3769 4151
3930 4154
3824 4155
3250 4156
3670 4161
3812 4165
2119 4167
1895 4169
3462 4170
3589 4172
3896 4173
4075 4175
4168 4176
3888 4177
4140 4187
3674 4188
4086 4189
2946 4190
3849 4191
4159 4194
4044 4196
3398 4199
3450 4203
3581 4204
3838 4206
3833 4209
3732 4211
3351 4215
2404 4217
2097 4218
3926 4220
4200 4222
4048 4223
3605 4224
3744 4227
4221 4229
3224 4230
4228 4231
2577 4236
3914 4237
2975 4238
4043 4240
3687 4241
4171 4244
2620 4246
4019 4248
3649 4250
1131 4253
2673 4256
1176 4261
2150 4263
4094 4266
3991 4267
3933 4268
3850 4269
4265 4270
3025 4271
2074 4274
3965 4275
3779 4278
3946 4279
4144 4281
3315 4282
3706 4286
4233 4287
3886 4291
4179 4292
2909 4294
2143 4295
4123 4297
3158 4298
4143 4300
4186 4301
3274 4305
4066 4309
4166 4313
4085 4314
3960 4315
3938 4318
4213 4320
4185 4322
3827 4325
4212 4326
2693 4330
1874 4331
3647 4332
1418 4333
4243 4334
3464 4336
4245 4338
4080 4340
4055 4341
3082 4343
3837 4344
4247 4348
2747 4349
4121 4350
3698 4354
2888 4356
4234 4358
4285 4359
2350 4364
3949 4366
4335 4368
4153 4370
705 4373
3957 4374
4152 4380
3524 4381
4242 4383
4353 4385
4181 4386
1730 4387
2778 4388
4375 4397
2942 4400
4077 4401
4049 4405
3468 4410
3927 4411
4412 4417
4210 4421
4362 4422
3721 4423
3685 4424
4135 4426
4272 4428
4413 4431
2537 4432
3410 4434
3108 4435
3626 4436
3966 4438
3620 4439
2787 4440
3699 4441
3992 4442
3929 4445
4339 4448
3098 4450
4150 4452
4311 4453
3431 4456
4433 4458
4337 4459
3582 4461
4317 4462
3974 4464
4053 4465
4407 4466
4384 4467
3944 4468
1863 4471
3847 4473
464 4474
3599 4475
4276 4476
4357 4477
4396 4480
3783 4482
3843 4483
2538 4484
4260 4485
2207 4488
4455 4490
4106 4491
4347 4492
164 4495
4429 4496
4205 4497
3281 4501
4098 4503
4107 4504
3757 4506
3254 4507
4302 4511
4031 4513
4514 4517
4419 4518
4460 4522
3899 4527
4273 4528
4321 4533
4183 4535
4530 4536
3320 4538
4129 4539
4395 4541
4114 4542
2925 4543
4415 4544
4430 4545
4289 4548
3759 4550
2305 4553
4160 4554
4125 4556
2841 4557
2160 4561
3173 4562
3507 4564
4293 4565
4093 4566
4258 4567
4081 4570
3777 4573
4017 4574
3952 4577
1542 4582
3677 4585
1965 4587
1541 4588
4540 4590
4382 4591
2529 4595
4132 4596
4531 4597
2687 4598
4398 4599
4251 4600
4414 4601
3086 4602
3607 4603
4592 4604
3551 4607
4454 4610
4472 4612
4505 4614
4583 4617
4257 4619
2735 4620
4057 4621
4393 4627
3939 4628
1781 4640
3171 4641
4391 4643
3166 4644
4521 4647
4510 4648
4399 4650
4579 4651
4137 4653
4361 4656
4207 4657
3506 4659
3503 4661
3155 4663
4516 4665
3015 4669
3162 4670
4666 4672
2932 4674
4609 4678
3874 4681
2929 4686
4675 4687
3877 4688
4638 4689
3947 4690
4316 4691
4068 4692
3852 4693
4633 4697
4611 4698
4636 4699
3206 4700
3859 4706
3395 4707
4225 4713
3830 4715
3995 4716
2433 4717
4249 4721
4703 4725
4572 4727
4089 4729
4478 4730
4637 4733
3778 4734
4631 4736
4635 4738
4437 4742
4519 4743
3617 4745
4676 4746
4593 4749
4033 4750
3463 4752
4709 4753
2565 4754
4615 4755
4100 4758
4682 4762
3556 4763
4038 4769
4551 4770
3288 4771
4418 4772
4193 4773
3884 4774
3786 4775
4363 4776
4655 4778
4606 4779
4649 4781
4164 4782
4712 4784
4372 4785
2550 4786
4765 4788
4139 4790
4202 4791
4469 4795
961 4796
3844 4797
4673 4798
452 4801
4499 4804
4526 4805
4793 4809
4360 4810
4142 4811
2697 4813
4683 4816
3752 4818
4277 4825
1139 4826
4626 4827
2866 4829
4632 4830
3811 4833
4594 4834
1769 4835
4571 4837
4560 4840
4787 4842
3545 4843
4371 4847
3261 4848
4808 4850
4310 4851
2400 4852
3297 4855
4569 4856
4817 4858
3875 4860
3157 4865
4014 4866
3420 4868
1755 4869
4157 4870
4319 4873
3349 4874
1966 4875
3518 4876
4862 4877
4639 4879
2521 4880
4481 4882
4208 4885
3804 4887
4708 4891
3675 4895
3890 4896
3835 4897
4389 4899
4446 4900
4586 4902
3633 4904
4264 4905
4427 4907
3736 4908
4184 4910
3382 4912
4819 4913
4059 4914
4254 4917
4552 4918
200 4919
4861 4921
3437 4924
2874 4925
4884 4926
4403 4927
4182 4928
1106 4929
4757 4930
4894 4939
4549 4942
4280 4945
4799 4946
4731 4947
4052 4951
4764 4952
4777 4954
3739 4956
4823 4957
4812 4958
4420 4959
4547 4960
4718 4962
4308 4963
3244 4964
4789 4971
4214 4974
4605 4982
3857 4987
4487 4992
3406 4996
4936 5002
4130 5003
4836 5004
4841 5005
4646 5006
4923 5007
4935 5008
4761 5013
1940 5014
4097 5016
4938 5019
4115 5020
4800 5023
3597 5025
2044 5026
4704 5028
4955 5029
2399 5032
4290 5034
558 5042
4991 5043
3710 5044
4714 5045
1215 5047
5039 5050
4534 5053
4652 5054
4667 5055
4976 5059
4915 5060
4463 5061
4509 5063
5021 5064
4262 5066
4046 5067
4756 5068
4376 5069
3537 5070
2354 5071
5000 5073
4705 5074
4524 5077
4886 5083
4622 5084
4355 5085
4881 5087
4028 5091
4327 5094
4658 5095
3634 5096
4824 5098
5101 5104
4192 5105
4986 5108
3659 5109
4219 5110
3377 5111
3001 5113
5056 5114
3458 5115
4949 5116
1889 5117
4684 5118
5037 5119
4104 5120
3667 5122
4920 5124
4696 5127
4815 5128
4737 5129
4944 5130
4351 5131
4584 5132
4110 5136
5086 5142
4345 5143
5080 5145
4844 5148
4948 5151
4378 5153
4953 5154
4937 5155
4838 5156
5022 5157
1931 5160
2415 5166
2938 5167
5106 5172
1740 5177
4575 5178
4394 5179
4083 5180
5165 5181
3164 5182
5038 5185
4162 5190
4732 5192
4500 5193
5159 5195
3696 5197
4854 5199
4720 5200
4990 5201
4303 5202
4299 5203
4409 5207
4859 5212
4807 5213
5121 5215
3987 5217
5146 5219
4872 5222
5141 5223
3412 5224
253 5226
4581 5228
4197 5229
2982 5234
4623 5235
4685 5236
4163 5237
4853 5240
4625 5243
4654 5244
5017 5248
5196 5249
4794 5253
5208 5254
4981 5255
4120 5257
2933 5258
2966 5259
4498 5260
4748 5261
4747 5262
4304 5263
5093 5267
5204 5268
4710 5269
5102 5275
5049 5278
4216 5279
4984 5282
4694 5285
5233 5289
5150 5291
5251 5293
4803 5296
5097 5298
4578 5300
5264 5302
3881 5303
5092 5305
4864 5306
5065 5311
5274 5312
4523 5313
4724 5314
4235 5315
4741 5317
4898 5319
2814 5321
5186 5322
3509 5327
4608 5333
4546 5334
4012 5335
5158 5336
5272 5338
257 5341
4312 5342
5295 5345
4195 5346
4679 5348
5301 5350
4767 5353
4839 5355
5330 5356
5188 5358
1558 5359
5304 5360
3655 5361
3851 5362
5184 5363
4323 5365
3853 5366
2314 5367
3442 5368
4329 5369
3639 5370
4284 5372
5326 5376
5364 5377
4940 5378
5299 5379
5031 5380
4932 5385
4645 5388
5015 5389
5374 5391
4406 5392
5079 5394
4529 5396
5163 5398
5239 5399
3230 5402
1425 5404
4857 5405
4977 5407
4950 5410
5103 5411
3650 5412
5218 5414
2928 5416
5035 5417
643 5419
1800 5422
5082 5423
3467 5424
5337 5425
4916 5427
4906 5429
3815 5430
4680 5431
4780 5434
4449 5435
4909 5436
4180 5438
4630 5439
5198 5440
4616 5441
3365 5442
4768 5443
5210 5444
3695 5447
4559 5448
4404 5449
4695 5450
3326 5453
5406 5455
4980 5456
4719 5458
5176 5459
3963 5462
4111 5465
5252 5466
4888 5470
5413 5472
5062 5474
4849 5479
5287 5480
5478 5481
5266 5484
5051 5485
4392 5486
5246 5488
5477 5493
3997 5494
4978 5495
1807 5497
2419 5500
5174 5501
5277 5502
4969 5503
5161 5504
3622 5505
4486 5506
4662 5514
3934 5516
4997 5517
3103 5518
3557 5524
5390 5525
5286 5527
4934 5529
5175 5531
4502 5532
4563 5537
4973 5539
5318 5540
5168 5541
5373 5542
4979 5560
4878 5562
5446 5566
5191 5568
5393 5570
4766 5574
4863 5575
3417 5579
2834 5580
5401 5581
5558 5582
4822 5589
5325 5592
5382 5593
5375 5598
5476 5600
5536 5601
5565 5604
5599 5605
2906 5607
4613 5608
4871 5613
5489 5614
3715 5616
5371 5617
5347 5618
4283 5620
5344 5623
4967 5624
4520 5626
2855 5629
4555 5630
4408 5631
4589 5632
4494 5636
5609 5638
5469 5640
5464 5642
4069 5645
4994 5646
5572 5648
5189 5649
5076 5650
5133 5653
3994 5660
2517 5662
4965 5663
5123 5666
5635 5669
5596 5670
5247 5674
5546 5679
3928 5681
4846 5682
5216 5683
5340 5684
5265 5687
5194 5688
4814 5691
4145 5692
4723 5693
5556 5694
3321 5696
5510 5698
5533 5699
4096 5706
5316 5708
5667 5710
5586 5711
5343 5713
4390 5714
5602 5715
5647 5722
4232 5726
3587 5728
4820 5729
5487 5732
5162 5735
5112 5738
5597 5740
5507 5745
5408 5751
4671 5754
5627 5756
5331 5758
4127 5760
4759 5761
5349 5762
4783 5765
5276 5766
5547 5771
5027 5772
4095 5773
5587 5775
5550 5776
5409 5778
5508 5779
4889 5780
5052 5784
4226 5786
5513 5787
5675 5788
5475 5791
5511 5792
2974 5793
5657 5794
5471 5796
5100 5797
4961 5802
4975 5804
5009 5805
5551 5806
3923 5807
5048 5808
5680 5812
5595 5814
5583 5815
5671 5817
4377 5818
4993 5819
5578 5821
5741 5823
4792 5825
5308 5826
5205 5831
5033 5832
5206 5833
5749 5836
5816 5837
1646 5838
5089 5840
5795 5844
5810 5846
5088 5847
5307 5849
4379 5850
5712 5852
5798 5853
5573 5854
5292 5856
5526 5857
2629 5859
4903 5860
5245 5861
5782 5863
5519 5864
5746 5867
4451 5870
5137 5871
3722 5875
5521 5876
5790 5878
5801 5879
5557 5881
5220 5882
5036 5884
5752 5885
3728 5890
3688 5891
5273 5896
5764 5897
5716 5901
5783 5902
5748 5910
5904 5911
5820 5914
5134 5915
3598 5919
5457 5920
3871 5921
4532 5924
5673 5927
5747 5928
5329 5930
5742 5932
5665 5933
5169 5934
5654 5935
4933 5937
5862 5938
5894 5939
5858 5940
5721 5941
5561 5945
5655 5946
3300 5948
4845 5950
5731 5952
5652 5954
5951 5956
5173 5958
5880 5959
5718 5963
5689 5965
4447 5967
5238 5969
5686 5970
4018 5971
5400 5972
4677 5973
4728 5974
3953 5977
5957 5978
5869 5980
5777 5981
4911 5983
5460 5984
5522 5985
5492 5987
5678 5988
5639 5989
5877 5991
5571 5996
5621 5997
5211 6002
5230 6006
5944 6009
5515 6010
4624 6011
5452 6012
5889 6013
4972 6014
4259 6016
5214 6019
6015 6022
5841 6024
4568 6028
5909 6029
2952 6030
5603 6031
5024 6032
5842 6034
5824 6035
5986 6036
5072 6041
5090 6044
4828 6045
5943 6051
5415 6054
5702 6056
3256 6058
5953 6059
4493 6060
5426 6061
5432 6064
5677 6065
2567 6066
5428 6069
5955 6070
4998 6071
5908 6073
4806 6078
5606 6079
5433 6080
5707 6081
5661 6082
3629 6083
5830 6089
5803 6090
5227 6092
5931 6093
3456 6095
4988 6099
5280 6100
5994 6102
5736 6107
5905 6109
4702 6112
4892 6113
5827 6117
6068 6118
5888 6119
5975 6120
5395 6121
5676 6122
6088 6125
4512 6127
6076 6128
3981 6132
4425 6137
5724 6138
5232 6141
4893 6142
5851 6143
6075 6144
5960 6147
6048 6148
5473 6153
5739 6158
5534 6161
5913 6162
5421 6164
6047 6167
5725 6168
6001 6169
6062 6173
5873 6174
6074 6181
6042 6185
6023 6186
4989 6189
5496 6192
4760 6193
5454 6196
5895 6197
3063 6200
4537 6202
3665 6204
6195 6206
1815 6208
5549 6209
5809 6212
5576 6215
5018 6216
6021 6220
6115 6221
3768 6223
5672 6229
5138 6232
5283 6233
5081 6236
6160 6237
4739 6240
3539 6241
5744 6243
6049 6249
5332 6250
6114 6251
6170 6252
5701 6253
5942 6254
5437 6255
5554 6257
6207 6259
6108 6261
5147 6263
6172 6264
5995 6265
5990 6266
6244 6267
6238 6269
6055 6270
5590 6271
5351 6272
6203 6273
4009 6275
6050 6277
5467 6278
6084 6281
5530 6282
4634 6288
5610 6289
6149 6290
4966 6291
5874 6292
6094 6293
6176 6299
5483 6300
5658 6301
6280 6306
4508 6307
5271 6313
5612 6314
5828 6317
4890 6320
6318 6321
4307 6323
6000 6324
4970 6325
5383 6327
5800 6330
5753 6331
5594 6332
5936 6333
2606 6339
1865 6341
5170 6342
3989 6347
5242 6351
6157 6352
5463 6353
5866 6355
6246 6357
6198 6358
6152 6359
5926 6363
5917 6364
6097 6365
6150 6366
6228 6367
5998 6368
5384 6370
6145 6372
6217 6374
5294 6375
6295 6376
5559 6378
5743 6379
5386 6382
5538 6383
6345 6384
4328 6385
5535 6387
6230 6391
5964 6392
5328 6393
6135 6395
5498 6396
5982 6397
5843 6399
6309 6400
6361 6401
5544 6402
5611 6403
5755 6407
5668 6409
5633 6411
4642 6412
4722 6414
6408 6415
5231 6417
5763 6418
5968 6419
6053 6420
5892 6424
5813 6427
6091 6431
6018 6433
6178 6435
5700 6436
5010 6437
4342 6438
4444 6439
6426 6440
6005 6444
6423 6450
6201 6451
6258 6454
6350 6456
5324 6457
5865 6458
6020 6459
6008 6464
6210 6465
4088 6466
5461 6467
5690 6468
6329 6471
5403 6473
6283 6474
6184 6475
6003 6479
2985 6483
6222 6484
5717 6486
6154 6490
2291 6492
5872 6493
6394 6494
3774 6495
4346 6496
5734 6499
6441 6500
6335 6502
6087 6503
6165 6504
3822 6506
6406 6508
5209 6509
6134 6510
6470 6511
6390 6512
4515 6515
6268 6516
5704 6517
5284 6519
6297 6521
5709 6522
6111 6523
5297 6528
6460 6529
6139 6532
6007 6533
6428 6535
6461 6536
5125 6538
5966 6539
6103 6540
6213 6541
5139 6542
6337 6543
5855 6545
5323 6546
5822 6547
5126 6548
6462 6549
4306 6551
6096 6552
6316 6553
5591 6555
1675 6556
5381 6557
6296 6558
6422 6559
3918 6560
5918 6561
6312 6562
6319 6563
5925 6565
4802 6566
6179 6569
4668 6570
4701 6571
5720 6573
6033 6575
6124 6576
6188 6577
5886 6580
6432 6583
6455 6585
5923 6590
5585 6592
4576 6593
5499 6594
6334 6598
6276 6601
5947 6606
5750 6607
6046 6612
6072 6615
6177 6616
4931 6618
6298 6622
5057 6623
6190 6625
6581 6629
5075 6631
4832 6632
5520 6634
6248 6635
6453 6636
4968 6639
1855 6643
5288 6644
6567 6646
6219 6647
6537 6648
5149 6652
6489 6653
4664 6655
5643 6657
6377 6658
5651 6659
5619 6663
6369 6664
6328 6665
6477 6666
5523 6669
6443 6671
6326 6675
6478 6679
6187 6682
4201 6683
6348 6685
6235 6687
553 6688
4985 6691
6067 6692
5221 6695
6485 6698
5548 6702
5270 6707
3734 6708
6610 6709
4324 6710
4288 6714
5893 6715
6380 6719
5545 6721
6614 6722
5949 6724
6469 6725
5992 6726
6194 6728
5685 6729
3610 6732
6591 6734
5628 6735
6718 6739
6110 6741
6308 6744
6674 6745
5887 6747
6039 6748
6564 6749
6239 6750
6703 6752
3808 6754
6425 6756
4941 6758
6227 6759
6582 6760
6388 6761
6211 6762
5420 6764
5900 6765
6452 6767
5418 6768
882 6769
6740 6770
6605 6771
5845 6774
6613 6775
6302 6780
6667 6781
5759 6783
4158 6786
5993 6787
6287 6791
5512 6793
5644 6794
6362 6795
6225 6797
3489 6801
5001 6802
6694 6803
6656 6806
4525 6807
5553 6811
5552 6813
6804 6814
6596 6815
6649 6816
6578 6818
1493 6819
5868 6823
6733 6830
5099 6831
6640 6832
6599 6837
6588 6838
6841 6842
6789 6843
6827 6844
6777 6846
6784 6849
5634 6852
3654 6853
5256 6854
5839 6855
5912 6860
5543 6861
6779 6867
5445 6868
5768 6872
5695 6873
5309 6875
6723 6876
6833 6879
6226 6880
6673 6882
6311 6883
6645 6884
6619 6893
5135 6898
6699 6899
4995 6901
6360 6902
6338 6903
6234 6904
6742 6905
6574 6906
5584 6907
6686 6908
5387 6909
5730 6910
5737 6911
6809 6912
6782 6913
5569 6914
6183 6915
5528 6916
3492 6917
6731 6918
6738 6920
6870 6923
6524 6924
6398 6925
5012 6929
4178 6932
6716 6935
6668 6936
6304 6940
5615 6942
5320 6945
6874 6946
6611 6950
6344 6951
6753 6954
6862 6959
6156 6960
6712 6961
6840 6962
6824 6963
6704 6964
5770 6965
5577 6975
5588 6976
5811 6977
4239 6980
6405 6981
6586 6989
6525 6990
6982 6991
6445 6992
6166 6997
6847 6998
5922 7000
6858 7001
6349 7002
6845 7003
5078 7004
6584 7009
3955 7012
6798 7014
6835 7015
6978 7017
6927 7019
6839 7020
2605 7021
3751 7022
5733 7023
2713 7025
6256 7030
5625 7032
6245 7034
6865 7035
7016 7037
6040 7038
6994 7040
6315 7041
5564 7042
4883 7043
5397 7046
6700 7047
6828 7048
6449 7049
6513 7050
7008 7052
6498 7054
6885 7056
6133 7057
6568 7060
6825 7062
4024 7067
6371 7069
3564 7071
3743 7072
7036 7073
6866 7080
6966 7081
7077 7083
6199 7087
4740 7090
6896 7095
5703 7097
7089 7099
5906 7100
6821 7102
6952 7104
6488 7105
6878 7108
6608 7110
6949 7111
6654 7113
6788 7114
6491 7117
7093 7119
6957 7125
6941 7126
3993 7132
6247 7133
6105 7134
6680 7136
7112 7138
7107 7139
6755 7141
6604 7144
6123 7147
6336 7148
6052 7150
6191 7154
6638 7157
6554 7161
7152 7162
6934 7164
6943 7166
6890 7169
6684 7171
5357 7173
6661 7184
5290 7185
5659 7187
4660 7188
6180 7189
7178 7190
6310 7192
7127 7196
2386 7197
6746 7199
7005 7200
6104 7204
7151 7206
7076 7207
6900 7208
6507 7211
7026 7212
6696 7213
6381 7214
6242 7215
6717 7216
581 7219
6651 7220
6155 7222
6404 7224
6106 7225
6579 7226
6956 7232
7028 7233
6778 7234
7007 7239
5152 7240
6805 7241
5781 7243
5899 7244
6772 7245
7055 7248
6627 7249
2674 7252
7186 7253
6472 7254
6260 7255
6926 7257
6356 7260
4618 7262
6603 7263
5785 7264
5799 7268
6027 7270
7238 7271
6812 7274
7120 7275
6151 7277
4402 7280
6043 7284
7223 7287
7250 7288
7085 7289
5310 7292
6690 7293
7031 7294
5451 7296
6354 7299
7247 7301
7297 7302
7129 7305
7218 7306
6971 7307
4252 7308
7158 7311
6751 7312
6430 7313
6922 7314
2281 7316
1929 7319
7269 7321
6701 7323
6447 7324
5697 7326
7156 7328
7082 7329
6995 7331
7068 7333
5567 7336
6476 7337
6214 7338
5107 7339
6987 7342
7122 7343
7044 7344
6810 7346
6101 7347
7182 7348
7103 7350
7279 7351
5555 7353
7265 7354
5656 7355
2378 7357
5907 7358
7191 7361
6527 7362
7011 7366
6967 7367
7205 7372
3476 7373
6944 7377
7168 7378
6672 7379
5187 7380
6077 7384
6711 7385
6448 7387
7258 7388
4726 7390
7145 7391
6955 7392
5834 7396
7291 7397
6822 7398
4711 7400
7131 7401
7174 7402
6550 7403
6869 7405
6130 7406
5929 7407
6970 7409
7084 7411
6544 7413
7356 7414
6766 7416
6085 7417
4479 7418
6434 7422
7198 7423
7281 7427
7181 7432
7146 7433
6303 7434
7137 7435
7256 7438
6930 7439
7065 7440
7363 7442
7179 7443
5468 7445
5011 7446
6892 7447
6597 7450
7165 7451
7167 7452
7101 7457
4744 7458
7300 7459
6983 7461
6026 7462
7286 7463
5705 7465
6589 7469
6881 7470
4174 7471
7172 7473
6678 7474
773 7475
7453 7476
7229 7478
7230 7480
3619 7481
7128 7482
5774 7483
6689 7484
6939 7485
7267 7486
7078 7489
7091 7490
6958 7497
5898 7498
7010 7499
7149 7500
6505 7501
6446 7502
7315 7503
6624 7504
7278 7507
7051 7508
6993 7509
7075 7511
6888 7512
6231 7514
6126 7515
7374 7519
7027 7520
7290 7521
6763 7522
4198 7525
7335 7526
6808 7530
5835 7531
6487 7532
7053 7533
7006 7535
7153 7537
7209 7538
6630 7539
6931 7541
7472 7543
5829 7545
6938 7547
5719 7548
7304 7550
6973 7552
7371 7555
7364 7562
6037 7563
7449 7566
6871 7567
7201 7568
5509 7571
7092 7572
7536 7573
7285 7574
6526 7576
7217 7577
3076 7578
7235 7581
7518 7584
7495 7585
6834 7590
5491 7591
6720 7592
6463 7594
5664 7595
7193 7597
7332 7599
6620 7600
7487 7601
7123 7604
7094 7606
7266 7609
7088 7610
6284 7611
6953 7614
6413 7615
6974 7616
3810 7617
5789 7620
7425 7621
6017 7623
6676 7625
6274 7628
6988 7631
4867 7634
6224 7638
7045 7641
6889 7643
6416 7644
5140 7645
7468 7646
6799 7648
7589 7653
6737 7655
6218 7656
6969 7658
7488 7659
7259 7661
6999 7662
5046 7663
7283 7664
7605 7666
7159 7667
6343 7669
7587 7672
6131 7675
7603 7676
7106 7680
7341 7682
7575 7683
7272 7685
1826 7687
7273 7689
7598 7691
7227 7692
1345 7695
6285 7699
6621 7701
5339 7705
7059 7708
5962 7709
4922 7710
5976 7711
6497 7714
7183 7715
6705 7718
7303 7720
7061 7721
7276 7722
7561 7725
7231 7726
6534 7730
7679 7732
7170 7733
6792 7734
7639 7735
7251 7736
7124 7738
6937 7740
7420 7741
4943 7744
5281 7745
7448 7747
7160 7755
7551 7761
7582 7762
7707 7765
7029 7770
7527 7771
7684 7772
7754 7776
7322 7778
7424 7779
4352 7783
6850 7785
5241 7786
7665 7787
7626 7793
6004 7794
7246 7795
7586 7798
6129 7799
7596 7800
6968 7802
7386 7803
6501 7804
7493 7805
6531 7806
7758 7810
7441 7812
7781 7813
6530 7814
7013 7816
7074 7817
7698 7818
7456 7820
6891 7821
6520 7822
7697 7828
5041 7829
5250 7830
7195 7831
6386 7832
7613 7835
7033 7836
4255 7837
7116 7838
7731 7840
6979 7844
7834 7845
7242 7847
7494 7849
7716 7851
7850 7852
7764 7853
6136 7856
6736 7857
4629 7858
7717 7859
7079 7861
6677 7862
7389 7863
7513 7866
7773 7867
6897 7868
7824 7873
7756 7878
5723 7880
7775 7883
6727 7885
6836 7887
7365 7888
7140 7889
6706 7891
7528 7893
5979 7894
6098 7896
7890 7899
7668 7903
6984 7904
7410 7905
6595 7909
7826 7911
7869 7912
4369 7913
7860 7917
6617 7919
7579 7921
7630 7923
7854 7925
7194 7928
1899 7930
7907 7931
7282 7933
7763 7934
6660 7935
7723 7936
6877 7938
7876 7941
7703 7947
7393 7948
6895 7950
4751 7951
7759 7953
7881 7954
6670 7955
7884 7959
7228 7960
7724 7963
7086 7967
7415 7970
7558 7971
7782 7972
7864 7974
7382 7976
5767 7977
7918 7978
7454 7979
7540 7981
6697 7982
7436 7986
7640 7987
7608 7989
6480 7990
6175 7991
7944 7995
7674 8000
7118 8001
7058 8002
7924 8006
7394 8009
7549 8012
7973 8016
7790 8018
6894 8020
6776 8022
7657 8023
7997 8024
7870 8025
7968 8028
7517 8030
6637 8034
7221 8035
7983 8038
7914 8041
7018 8042
6730 8044
7984 8045
7580 8046
6996 8048
7750 8050
5961 8052
7142 8053
7612 8054
6985 8055
6373 8056
7927 8057
4999 8059
6482 8061
7330 8064
7325 8065
7670 8066
4116 8067
7544 8070
7729 8073
7842 8075
8047 8077
7992 8078
7985 8082
7807 8084
7872 8085
6681 8087
7774 8088
7593 8090
7993 8091
7964 8098
7368 8099
7505 8101
6848 8102
7737 8103
6063 8107
7999 8108
8100 8111
6948 8112
7660 8113
7553 8116
8072 8119
7070 8120
8033 8121
7529 8127
6693 8128
7777 8129
6773 8131
7719 8133
8029 8134
7318 8136
7949 8137
7317 8139
7945 8140
7843 8143
7827 8146
6851 8147
8014 8149
7430 8150
7618 8153
8144 8154
4443 8155
7789 8156
7619 8157
2800 8159
8122 8161
7922 8162
6442 8164
7467 8165
7637 8168
8013 8169
4296 8170
7690 8173
7327 8176
7900 8177
8130 8183
7757 8184
7143 8185
8096 8186
6641 8187
8151 8189
7808 8190
8188 8191
8118 8193
6919 8195
5490 8196
7693 8198
7652 8200
7796 8208
5916 8210
8007 8211
7915 8214
7942 8217
7892 8218
6038 8219
7421 8221
8132 8223
8109 8224
6820 8227
5637 8230
7375 8233
7823 8234
7696 8237
4901 8239
8079 8244
7943 8247
2972 8252
7376 8255
8201 8256
582 8260
6785 8261
7534 8262
7320 8266
7901 8268
7671 8269
8051 8270
1134 8271
7524 8273
7570 8277
6086 8283
8216 8286
8226 8287
8258 8289
6182 8290
8205 8292
8263 8293
7681 8294
6514 8295
8253 8296
8008 8298
7588 8299
6628 8302
8280 8305
6856 8306
7651 8307
6662 8308
7559 8312
7203 8313
8213 8315
7686 8317
7624 8318
7654 8321
7419 8324
7180 8326
8135 8327
6986 8328
7236 8330
7429 8332
7712 8333
4047 8335
7966 8336
7929 8338
7455 8339
8206 8345
7560 8347
7937 8348
8106 8350
6572 8351
8152 8352
7946 8356
7345 8357
8015 8358
8304 8359
8360 8361
7412 8363
7632 8365
8158 8366
7175 8367
7569 8371
8311 8372
6262 8373
696 8376
8236 8377
8071 8379
7713 8383
7694 8384
8058 8385
8004 8386
8245 8387
8123 8391
8229 8393
8138 8394
7994 8395
8249 8400
7742 8401
7969 8403
8300 8404
8180 8405
7063 8406
8276 8407
7811 8408
6642 8410
6346 8411
8355 8413
8278 8414
8364 8416
7906 8418
8093 8419
7583 8421
6743 8422
8342 8424
5354 8425
7848 8426
8199 8427
8043 8429
7649 8433
6159 8435
6410 8436
8209 8440
8346 8441
6587 8442
7908 8443
7957 8446
8081 8448
7121 8451
8074 8454
6429 8455
7491 8456
7846 8457
8040 8459
7542 8463
7516 8466
5883 8467
8202 8468
5225 8474
6796 8476
7428 8477
6857 8478
8182 8479
8267 8482
8402 8483
8238 8486
8197 8487
4558 8488
7839 8491
8412 8492
4124 8493
7464 8494
6826 8496
8285 8501
8337 8502
8011 8503
7833 8504
8160 8505
7426 8509
8362 8512
8215 8513
8470 8516
8329 8517
7135 8519
7753 8527
7855 8528
8083 8530
8235 8531
5727 8532
4470 8534
7926 8535
7210 8536
7155 8542
8480 8545
8381 8546
8089 8547
6933 8549
7635 8550
8178 8551
7650 8552
7369 8557
7202 8558
7627 8560
4821 8563
7788 8565
7702 8568
8243 8570
8434 8571
7780 8575
7546 8577
7460 8581
7479 8584
7874 8585
8564 8586
6481 8588
5999 8589
8458 8590
8010 8591
7932 8592
8344 8593
3385 8594
8485 8595
6886 8596
8232 8599
8489 8600
7706 8603
7897 8605
8553 8606
8141 8610
8445 8613
7749 8615
6633 8624
7437 8625
7898 8632
8462 8634
7677 8635
7564 8637
8580 8638
8583 8640
8204 8644
8608 8645
7477 8646
7916 8647
8220 8650
8036 8651
8254 8652
8437 8653
7879 8654
1735 8656
8612 8657
7841 8660
7748 8661
7444 8663
8648 8664
7752 8665
7408 8666
8282 8667
8481 8670
8389 8671
7988 8674
8602 8676
8628 8678
8105 8680
8659 8681
7728 8683
8497 8684
7865 8685
7298 8686
8104 8687
8472 8688
8037 8689
8521 8692
8526 8693
8288 8695
8566 8696
8284 8698
4457 8702
7767 8704
7673 8705
8484 8706
8559 8709
7556 8712
8017 8713
8039 8714
339 8715
8518 8717
7629 8719
4367 8720
8668 8721
8374 8722
8388 8724
7098 8725
8500 8726
8471 8727
6609 8728
8461 8730
8700 8732
7381 8734
7877 8735
8620 8736
7340 8737
8544 8739
5030 8741
8626 8742
7792 8745
6146 8747
8609 8753
8694 8758
8115 8759
6171 8760
8673 8762
8003 8763
7940 8764
8322 8766
8117 8771
8507 8772
8167 8774
8320 8780
8192 8782
8432 8783
8749 8784
7704 8789
311 8791
8525 8792
8524 8794
8617 8795
8538 8798
7962 8801
8738 8802
8353 8803
7261 8804
8473 8805
8781 8808
8175 8810
7510 8811
8800 8813
7678 8814
8069 8815
8533 8817
8212 8819
8265 8820
8541 8821
8241 8822
2144 8823
8621 8825
8796 8828
8572 8830
8699 8832
8095 8834
5040 8835
7506 8837
7309 8839
8495 8841
8574 8843
7797 8844
8537 8848
8672 8851
8166 8852
8340 8853
7109 8854
6421 8856
8368 8858
5164 8859
5171 8860
5769 8861
8752 8862
7399 8863
8250 8864
8639 8867
8510 8868
8785 8870
8021 8875
7727 8877
8874 8878
4064 8879
7163 8882
8669 8884
8275 8886
6928 8888
6305 8889
8880 8891
3163 8896
7958 8900
8375 8901
8824 8905
8397 8907
8894 8909
8460 8910
8631 8912
8604 8913
8060 8917
8257 8918
8005 8919
8806 8920
8623 8921
7383 8922
8465 8923
7895 8925
8890 8926
5641 8928
8076 8929
8562 8930
8618 8931
6972 8932
8555 8933
8576 8934
7902 8935
6294 8936
8396 8938
8898 8940
5183 8942
8881 8950
8777 8951
8556 8952
8787 8953
8773 8954
8899 8955
8767 8959
8958 8960
8895 8961
8850 8962
8914 8963
8523 8965
8775 8966
8409 8969
8779 8970
8174 8974
8846 8975
7496 8976
8222 8980
8818 8981
8679 8988
8125 8990
7602 8991
8750 8995
7739 8996
8972 8997
8522 9000
8529 9001
8908 9002
8251 9003
8323 9005
8829 9006
8378 9007
8949 9010
8809 9011
6713 9012
8641 9014
8849 9015
8172 9018
6279 9023
8259 9025
6600 9026
6947 9027
8937 9028
8765 9029
8633 9030
8836 9031
6025 9033
7176 9034
7622 9037
8231 9038
8392 9039
7431 9041
8398 9042
7633 9045
8865 9046
9020 9047
8582 9052
8649 9054
8242 9055
8967 9056
8984 9058
8987 9059
8614 9061
6757 9062
8994 9063
8756 9064
8985 9066
8731 9069
8301 9071
8417 9072
8334 9073
9051 9075
8019 9076
8892 9078
8733 9083
8982 9085
8893 9086
8092 9089
5058 9093
9077 9094
8110 9095
8807 9098
8751 9100
8452 9101
5352 9102
8543 9103
8453 9105
8992 9108
7961 9110
8415 9111
8939 9113
8682 9114
8703 9116
8124 9117
7647 9119
1059 9120
7096 9124
8062 9126
9092 9128
9053 9129
6921 9130
8948 9131
8769 9133
7952 9134
8511 9135
8498 9136
7882 9137
8716 9138
8816 9140
8971 9141
8755 9143
8548 9145
8636 9146
9115 9147
9079 9149
8662 9150
7746 9151
7039 9154
8449 9155
9125 9159
4580 9160
7237 9161
8430 9162
8707 9164
9022 9165
8026 9169
8272 9171
6286 9173
8729 9174
8675 9175
8708 9178
7066 9179
8655 9180
8114 9181
9142 9182
8748 9183
24 9189
6389 9190
8520 9191
8869 9192
8799 9193
8978 9194
6817 9195
7760 9196
8622 9197
6650 9198
8897 9200
7557 9204
8812 9205
8354 9207
8873 9208
9185 9210
7956 9211
9199 9214
9032 9219
3834 9221
8643 9222
8597 9224
8701 9226
9172 9228
7998 9230
9156 9232
8475 9234
7565 9235
8957 9237
8423 9238
9009 9239
8569 9248
7370 9250
8790 9251
7875 9255
8711 9256
9040 9257
7768 9260
6829 9261
8148 9262
9013 9263
9236 9265
9080 9266
9019 9267
9081 9268
8743 9269
8768 9272
7801 9273
8788 9276
8281 9277
8968 9278
6864 9280
8601 9282
2786 9283
8325 9284
8842 9285
9060 9286
9109 9288
8341 9289
9176 9293
8274 9294
9088 9296
8979 9298
9087 9299
9107 9303
7980 9304
9186 9306
6790 9308
9206 9309
9270 9310
8757 9313
9213 9316
7920 9319
9305 9322
8094 9323
8049 9324
7404 9325
6863 9326
9212 9327
6518 9328
7466 9330
5563 9331
9163 9332
6887 9333
7359 9334
9070 9335
9016 9338
9099 9339
9246 9340
8866 9341
2149 9342
7554 9345
7809 9346
9302 9347
8303 9348
9084 9351
8142 9352
9315 9353
9123 9355
8450 9356
8986 9358
9024 9359
8499 9360
8993 9362
8573 9366
7636 9367
754 9370
4983 9371
7130 9373
6340 9374
9307 9376
8927 9379
7642 9380
9297 9385
7360 9389
8833 9391
8876 9392
9381 9396
6322 9400
8847 9401
5622 9402
9104 9403
9017 9404
9320 9405
9349 9408
8508 9409
8515 9412
8945 9413
8793 9414
1433 9415
9187 9417
9247 9419
9410 9421
7965 9422
9291 9423
7871 9424
5144 9425
5757 9426
9314 9427
8989 9428
9317 9429
9388 9431
9057 9434
9043 9435
9127 9437
8611 9438
7024 9441
8399 9442
8349 9444
9337 9445
8145 9447
9217 9449
8718 9450
422 9451
9106 9456
9387 9457
9390 9459
8740 9460
9044 9461
8840 9462
8380 9464
8658 9465
7825 9467
9384 9468
7784 9469
8031 9470
9122 9471
9418 9473
9365 9474
5903 9476
9036 9478
8924 9480
9050 9482
8956 9483
8390 9485
7751 9486
8506 9488
9223 9489
9184 9490
8677 9491
9229 9492
9487 9493
8578 9494
9209 9495
7177 9496
9139 9497
9244 9498
9201 9500
8983 9502
9430 9503
8786 9504
9158 9506
8207 9507
8872 9509
9090 9510
8063 9513
9383 9514
9329 9518
8857 9519
9501 9520
9157 9521
4416 9522
8642 9523
9393 9530
8598 9531
9241 9532
8977 9535
9455 9536
9177 9537
8316 9539
9225 9540
9220 9542
6626 9543
9369 9544
7492 9545
9153 9547
9395 9549
9407 9551
9416 9553
8607 9554
9452 9557
9512 9558
3494 9559
9048 9560
9382 9561
9508 9563
9249 9565
8916 9566
9096 9568
9533 9569
9406 9570
9168 9571
9453 9572
9538 9573
9290 9574
8027 9575
9432 9577
9292 9578
8086 9579
9279 9580
9344 9581
8369 9583
9515 9584
9311 9585
6116 9586
1706 9587
8903 9588
9049 9590
8447 9592
8973 9593
8797 9594
9484 9595
8906 9596
9589 9597
9399 9598
8126 9599
9144 9600
8761 9601
8627 9603
9411 9604
8567 9607
9254 9608
9375 9609
8319 9610
9287 9613
9439 9616
8246 9617
7688 9619
9479 9621
8248 9622
9526 9623
9245 9624
7939 9625
7766 9626
7743 9627
9091 9628
9368 9631
9354 9632
9420 9633
8514 9634
5482 9635
9216 9638
8902 9639
8944 9640
9253 9641
7523 9643
7607 9645
7310 9646
6859 9647
9433 9648
4003 9649
6140 9650
8228 9651
9398 9652
9218 9655
9118 9656
9636 9658
9357 9659
4831 9661
8770 9662
7295 9663
9097 9664
9386 9665
9524 9668
6205 9671
8032 9673
9252 9674
8469 9675
8097 9678
9466 9679
8999 9682
9681 9685
9669 9686
9361 9687
9548 9689
8587 9690
9505 9691
8943 9692
8826 9693
8181 9694
8778 9695
9637 9696
8579 9697
8710 9699
9576 9700
9243 9701
8776 9703
8314 9704
8382 9706
9517 9707
9378 9708
8490 9709
7815 9710
9705 9711
9233 9713
8561 9714
9653 9715
5848 9716
9629 9717
8438 9718
9529 9719
9443 9720
8310 9721
9394 9723
9068 9725
8885 9726
7996 9727
8370 9728
8343 9729
9440 9730
9454 9731
9555 9732
9605 9733
8331 9734
8554 9735
9620 9736
9516 9737
8297 9738
8068 9740
9546 9742
9680 9744
9448 9745
9336 9746
8240 9747
8264 9748
9564 9749
9499 9750
8279 9751
8690 9754
8171 9755
9550 9756
9481 9758
8420 9760
9264 9761
4365 9765
8838 9766
8904 9767
9259 9768
8697 9769
9065 9770
7349 9771
9528 9772
9660 9773
8203 9775
9188 9776
9615 9777
9525 9778
8539 9779
9753 9780
9759 9781
9534 9782
8629 9784
8855 9785
8225 9787
9739 9788
8428 9789
4735 9791
9684 9793
9463 9795
9611 9796
9630 9797
9763 9798
9258 9799
8464 9800
8630 9801
9274 9802
9786 9803
9752 9804
9702 9805
9712 9806
7395 9808
9215 9809
9240 9812
9792 9813
8964 9814
9654 9815
9121 9816
9472 9817
9783 9818
9166 9819
7769 9821
9657 9822
9672 9823
3805 9824
8887 9825
9810 9826
9318 9827
9202 9828
9475 9829
9167 9831
8444 9832
9762 9833
9666 9834
9511 9835
9152 9837
8827 9838
9477 9840
9811 9841
9541 9843
9820 9845
9527 9846
9275 9848
8723 9849
9008 9850
8291 9851
8309 9852
8754 9853
9614 9854
8831 9857
6163 9858
9683 9859
9612 9861
9582 9862
8946 9864
9458 9865
9035 9867
6800 9868
9757 9869
9688 9870
9856 9873
9556 9874
7791 9875
9321 9877
9839 9878
8179 9879
9552 9880
9855 9881
9295 9882
9642 9883
8619 9884
9132 9885
7352 9886
9836 9887
8616 9889
8883 9891
7819 9892
9764 9893
8746 9894
8941 9895
9281 9896
8915 9897
9562 9899
2264 9901
9082 9902
6057 9903
9231 9906
7700 9907
7886 9909
9743 9910
9618 9911
9724 9912
9888 9913
9676 9914
9644 9915
9847 9916
8439 9917
8744 9918
9908 9919
6602 9921
9677 9922
9074 9923
9667 9924
9842 9925
9860 9926
9363 9927
9670 9928
9741 9929
9271 9930
9397 9931
8080 9932
8911 9933
9876 9934
9863 9935
8431 9936
9591 9937
9343 9938
8845 9939
9312 9940
9112 9941
9602 9942
9436 9943
7975 9944
8871 9945
9722 9946
9698 9947
9900 9948
7115 9949
9890 9950
9844 9951
8163 9952
9904 9953
4489 9955
9301 9956
9920 9957
7064 9958
9898 9961
7334 9962
9790 9963
8691 9964
9021 9965
9446 9967
9300 9968
9606 9970
9567 9971
8998 9972
9969 9973
9872 9974
9170 9975
9004 9976
9807 9977
9372 9978
9364 9979
9871 9980
8540 9981
9905 9982
9377 9983
9067 9984
9954 9985
9227 9986
9242 9987
8194 9988
9960 9989
7910 9990
9203 9991
9350 9992
9148 9993
9830 9994
9959 9995
9794 9996
9966 9997
2319 9998
9866 9999
8947 10000
