24157817 267914296 291568826
14930352 39088169 48513655
48513655 290670744 291568826
48513655 290670744 291568826
244749085 290670744 291568826
244749085 290670744 291568826
244749085 290670744 416489977
178628773 244749085 290670744
177216547 244749085 290670744
177216547 244749085 290670744
177216547 244749085 290670744
177216547 244749085 290670744
177216547 244749085 290670744
177216547 244749085 290670744
177216547 244749085 290670744
177216547 244749085 290670744
177216547 244749085 290670744
177216547 244749085 290670744
177216547 244749085 290670744
177216547 244749085 290670744
33465199 262031680 290670744
33465199 262031680 290670744
33465199 262031680 290670744
45238096 254030617 290670744
45238096 254030617 290670744
45238096 254030617 290670744
290670744 526315676 557803141
290670744 526315676 557803141
290670744 526315676 557803141
290670744 526315676 557803141
290670744 526315676 557803141
290670744 526315676 557803141
290670744 526315676 557803141
290670744 526315676 557803141
290670744 526315676 557803141
290670744 526315676 557803141
290670744 526315676 557803141
290670744 526315676 557803141
290670744 526315676 557803141
290670744 526315676 557803141
290670744 526315676 557803141
290670744 526315676 557803141
290670744 526315676 557803141
290670744 526315676 557803141
290670744 526315676 557803141
290670744 526315676 557803141
290670744 526315676 557803141
290670744 526315676 557803141
290670744 526315676 557803141
290670744 526315676 557803141
290670744 526315676 557803141
290670744 526315676 557803141
290670744 526315676 557803141
290670744 526315676 557803141
290670744 526315676 557803141
290670744 526315676 557803141
290670744 526315676 557803141
290670744 526315676 557803141
290670744 526315676 557803141
290670744 526315676 557803141
290670744 526315676 557803141
290670744 526315676 557803141
290670744 526315676 557803141
290670744 526315676 557803141
290670744 526315676 557803141
290670744 526315676 557803141
290670744 526315676 557803141
290670744 526315676 557803141
290670744 526315676 557803141
290670744 526315676 557803141
290670744 526315676 557803141
290670744 526315676 557803141
290670744 526315676 557803141
290670744 526315676 557803141
290670744 526315676 557803141
290670744 526315676 557803141
290670744 526315676 557803141
290670744 526315676 557803141
290670744 526315676 557803141
290670744 526315676 557803141
290670744 526315676 557803141
290670744 526315676 557803141
290670744 526315676 557803141
33465199 95765473 119607302
33465199 95765473 119607302
33465199 95765473 119607302
33465199 95765473 119607302
33465199 95765473 119607302
33465199 95765473 119607302
33465199 74582818 95765473
33465199 74582818 95765473
33465199 74582818 95765473
33465199 74582818 95765473
290670744 714884801 932938469
290670744 714884801 932938469
290670744 714884801 932938469
290670744 714884801 932938469
290670744 714884801 932938469
290670744 714884801 932938469
290670744 714884801 932938469
290670744 714884801 932938469
290670744 714884801 932938469
290670744 714884801 932938469
290670744 714884801 932938469
290670744 714884801 932938469
290670744 714884801 932938469
290670744 714884801 932938469
290670744 714884801 932938469
290670744 714884801 932938469
290670744 714884801 932938469
290670744 714884801 932938469
78638665 266720412 290670744
78638665 266720412 290670744
78638665 266720412 290670744
78638665 266720412 290670744
78638665 266720412 290670744
78638665 266720412 290670744
78638665 266720412 290670744
78638665 266720412 290670744
78638665 266720412 290670744
78638665 266720412 290670744
78638665 266720412 290670744
78638665 266720412 290670744
78638665 266720412 290670744
78638665 266720412 290670744
78638665 290670744 307923886
78638665 290670744 307923886
78638665 290670744 307923886
78638665 290670744 307923886
78638665 290670744 307923886
78638665 290670744 307923886
78638665 290670744 307923886
78638665 290670744 307923886
290670744 349336986 378780241
290670744 349336986 378780241
290670744 349336986 378780241
290670744 349336986 378780241
290670744 349336986 411825729
290670744 349336986 411825729
290670744 349336986 411825729
290670744 349336986 411825729
290670744 349336986 411825729
290670744 349336986 411825729
290670744 349336986 411825729
290670744 349336986 411825729
290670744 349336986 411825729
290670744 349336986 411825729
290670744 349336986 411825729
290670744 349336986 411825729
290670744 349336986 411825729
290670744 349336986 411825729
290670744 349336986 411825729
290670744 349336986 411825729
290670744 349336986 411825729
290670744 349336986 411825729
290670744 349336986 411825729
214348833 290670744 411825729
214348833 290670744 411825729
214348833 290670744 411825729
214348833 290670744 411825729
214348833 290670744 411825729
214348833 290670744 411825729
214348833 290670744 411825729
214348833 290670744 411825729
38251025 46649905 60613786
38251025 46649905 60613786
38251025 46649905 60613786
24509801 38251025 46649905
24509801 38251025 46649905
24509801 38251025 46649905
24509801 38251025 46649905
201063745 290670744 342351911
201063745 290670744 342351911
201063745 290670744 342351911
85942891 290670744 342351911
85942891 290670744 342351911
85942891 290670744 342351911
85942891 290670744 342351911
85942891 290670744 342351911
85942891 290670744 342351911
85942891 290670744 342351911
85942891 290670744 342351911
85942891 290670744 342351911
85942891 290670744 342351911
290670744 790379777 838372419
290670744 790379777 838372419
24509801 290670744 302147308
24509801 290670744 302147308
24509801 290670744 302147308
24509801 290670744 302147308
24509801 290670744 302147308
24509801 38251025 40645876
24509801 38251025 40645876
24509801 38251025 40645876
24509801 38251025 40645876
24509801 38251025 40645876
24509801 38251025 40645876
24509801 38251025 40645876
24509801 38251025 40645876
24509801 38251025 40645876
24509801 38251025 40645876
24509801 38251025 40645876
24509801 38251025 40645876
24509801 38251025 40645876
24509801 38251025 40645876
24509801 38251025 40645876
24509801 38251025 40645876
24509801 38251025 40645876
24509801 38251025 40645876
24509801 38251025 40645876
24509801 38251025 40645876
24509801 38251025 40645876
24509801 38251025 40645876
24509801 38251025 40645876
24509801 38251025 40645876
24509801 38251025 40645876
24509801 38251025 40645876
24509801 38251025 40645876
24509801 38251025 40645876
24509801 38251025 40645876
24509801 38251025 40645876
24509801 38251025 40645876
24509801 38251025 40645876
24509801 38251025 40645876
24509801 38251025 40645876
24509801 38251025 40645876
24509801 38251025 40645876
24509801 38251025 40645876
24509801 38251025 40645876
24509801 38251025 40645876
24509801 290670744 302147308
128904513 290670744 302147308
128904513 290670744 302147308
128904513 290670744 302147308
128904513 290670744 302147308
128904513 290670744 302147308
128904513 290670744 302147308
128904513 290670744 302147308
128904513 290670744 302147308
128904513 290670744 302147308
290670744 518635729 757312555
290670744 518635729 757312555
290670744 518635729 757312555
290670744 518635729 757312555
290670744 518635729 757312555
290670744 755285800 757312555
290670744 755285800 757312555
290670744 755285800 757312555
290670744 755285800 757312555
290670744 755285800 757312555
290670744 755285800 757312555
290670744 755285800 757312555
290670744 421819973 444069257
290670744 421819973 444069257
