10492701 11613186 15051720
10492701 11613186 15051720
10492701 11613186 15051720
10492701 11613186 15051720
10492701 13943797 15051720
10492701 13943797 15051720
10492701 13943797 15051720
10492701 13943797 15051720
4599871 10492701 15051720
4599871 10647066 15051720
10647066 15051720 17642096
10647066 15051720 17642096
10647066 15051720 17642096
10647066 15051720 17642096
10647066 15051720 17642096
10647066 15051720 17642096
10647066 15051720 17642096
6821194 10647066 15051720
10647066 11818809 15051720
10647066 11818809 15051720
1553697 10647066 11818809
1553697 10647066 11818809
1553697 10647066 11818809
1553697 10647066 11818809
8729566 10647066 17449217
8729566 10647066 17449217
8729566 10647066 17449217
8729566 10647066 17449217
10647066 17186461 17449217
10647066 17186461 17449217
10647066 17186461 17449217
10647066 17186461 17449217
10647066 17186461 17449217
10647066 17186461 17449217
10647066 17186461 17449217
10647066 17186461 17449217
10647066 13642785 17123928
10647066 13642785 17123928
10647066 13642785 17123928
6914465 10647066 13642785
6914465 10647066 13642785
6914465 10647066 13642785
6914465 10647066 13642785
6914465 10647066 13642785
6914465 10647066 13642785
6914465 10647066 13642785
6914465 10647066 13642785
6914465 10647066 13642785
6914465 10647066 13642785
6914465 10647066 13642785
6914465 10647066 13642785
6914465 10647066 13642785
6914465 10647066 13642785
6914465 10647066 13642785
6914465 10647066 13642785
6914465 10647066 13642785
6914465 10647066 13642785
6914465 10647066 13642785
6914465 10647066 13642785
6914465 10647066 13642785
6914465 10647066 13642785
6914465 10647066 13642785
6914465 10647066 13642785
6914465 10647066 13642785
6914465 10647066 13642785
6914465 10647066 13642785
6914465 10647066 13642785
6914465 10647066 13642785
10647066 12588295 13642785
10647066 12588295 13642785
10647066 12588295 13642785
10647066 12588295 13642785
7733026 10647066 12588295
7733026 10647066 12588295
7733026 10647066 12588295
7733026 10647066 12588295
7733026 10647066 16952413
7733026 10647066 16952413
7733026 10647066 16952413
7733026 10647066 16952413
7733026 10647066 16952413
7733026 10647066 16952413
7733026 10647066 16952413
7733026 10647066 16952413
7733026 10647066 16952413
7733026 10647066 16952413
7733026 10647066 16952413
7733026 10647066 16952413
7733026 10647066 16952413
7733026 10647066 16952413
7733026 10647066 16952413
7733026 10647066 16952413
7733026 10647066 16952413
7733026 10647066 16952413
7733026 10647066 16952413
7733026 10647066 16952413
7733026 10647066 13820115
7733026 10647066 13820115
7733026 10647066 13820115
7733026 10647066 13820115
7733026 10647066 13820115
7733026 10647066 13820115
7733026 10647066 13820115
7733026 10647066 13820115
7733026 10647066 13820115
7733026 10647066 12480457
7733026 10647066 12480457
7733026 10647066 12480457
7733026 10647066 13734915
7733026 10647066 13734915
7733026 8546185 10647066
7733026 8546185 10647066
7733026 8546185 10647066
7733026 8546185 10647066
7733026 8546185 10647066
7733026 8546185 10647066
7733026 8546185 10647066
7733026 8546185 10647066
7733026 8546185 10647066
7733026 8546185 10647066
7733026 8546185 10647066
7733026 8546185 10647066
7733026 8546185 10647066
7733026 8546185 10647066
7733026 8546185 10647066
7733026 8546185 10647066
7733026 8546185 10647066
2451576 8546185 10647066
2451576 8546185 10647066
2451576 8546185 10647066
2451576 8546185 10647066
2451576 8546185 10647066
2451576 8546185 10647066
2283819 8546185 10647066
2283819 8546185 10647066
2283819 8546185 10647066
2283819 8546185 10647066
2283819 8415571 10647066
2283819 8415571 10647066
2283819 8415571 10647066
2283819 8415571 10647066
2283819 8415571 10647066
2283819 8415571 10647066
2283819 8415571 10647066
2283819 8415571 10647066
2283819 8415571 10647066
2283819 8415571 10647066
2283819 8415571 10647066
2283819 8415571 10647066
2283819 8415571 10647066
2283819 7733026 8885874
2283819 7733026 8885874
2283819 7733026 8885874
2283819 7733026 8885874
2283819 7733026 8885874
2283819 7733026 8885874
2283819 7733026 8885874
2283819 7733026 8885874
2283819 7733026 8885874
2283819 8415571 8885874
2283819 8415571 8885874
2283819 8415571 8885874
2283819 8415571 8885874
2283819 8415571 8885874
2283819 8415571 8885874
2283819 8415571 8885874
2283819 8415571 8885874
2283819 8415571 8885874
2283819 8415571 8885874
2283819 8415571 8885874
2283819 8415571 8885874
2283819 8415571 8885874
2283819 8415571 8885874
2283819 8415571 8885874
2283819 8415571 8885874
812801 8415571 8885874
812801 8415571 8885874
812801 8415571 8885874
812801 8415571 8885874
812801 8415571 8885874
812801 8415571 8885874
812801 8415571 8885874
812801 8415571 8885874
8885874 13663866 18735989
8885874 13663866 18735989
8885874 13663866 18735989
8885874 13663866 18735989
5056238 8415571 8885874
5056238 8415571 8885874
5056238 8415571 8885874
5056238 8415571 8885874
8885874 13016846 18735989
8885874 13016846 18735989
8885874 13016846 18735989
8885874 13016846 18735989
8885874 13016846 18735989
8885874 13016846 18735989
8885874 13016846 18735989
8415571 8885874 13016846
8415571 8885874 13016846
8415571 8885874 13016846
8415571 8885874 13016846
8415571 8885874 13016846
8415571 8885874 13016846
8415571 8885874 13016846
8415571 8885874 13016846
8415571 8885874 13016846
8415571 8885874 13016846
8415571 8885874 13016846
8415571 8885874 13016846
8415571 8885874 13016846
8415571 8885874 13016846
8415571 8885874 13016846
8415571 8885874 13016846
8415571 8885874 13016846
8415571 8885874 13016846
8885874 13016846 17752559
8885874 13016846 17752559
8885874 13016846 17752559
7985945 8885874 11701569
