737101 1557387 1733877
737101 1557387 1733877
737101 1573837 1733877
737101 1573837 1733877
737101 1573837 1733877
737101 1573837 1733877
737101 1573837 1733877
737101 1573837 1733877
737101 1573837 1733877
737101 1573837 1733877
737101 1573837 1733877
737101 1573837 1733877
342921 1733877 1944013
342921 1733877 1944013
342921 1733877 1944013
342921 1733877 1944013
342921 1733877 1944013
342921 1733877 1944013
342921 1733877 1944013
342921 1733877 1944013
342921 1733877 1944013
342921 1733877 1944013
342921 1733877 1944013
342921 1733877 1944013
342921 1733877 1944013
342921 1733877 1944013
342921 1733877 1944013
342921 1733877 1944013
342921 1733877 1944013
342921 1733877 1944013
342921 1733877 1944013
342921 1733877 1944013
342921 1733877 1944013
342921 1733877 1944013
342921 1733877 1944013
342921 1733877 1944013
342921 1733877 1944013
342921 1733877 1944013
342921 1733877 1944013
342921 1733877 1944013
342921 1733877 1944013
342921 1733877 1944013
342921 577639 737101
342921 577639 737101
342921 577639 737101
342921 577639 737101
342921 577639 737101
342921 577639 737101
342921 577639 737101
342921 577639 737101
342921 577639 737101
342921 577639 737101
342921 577639 737101
342921 577639 737101
342921 577639 737101
342921 577639 737101
342921 577639 737101
342921 577639 737101
577639 737101 1193691
577639 737101 1193691
577639 737101 1193691
577639 737101 1193691
577639 737101 1193691
577639 737101 1193691
577639 737101 1193691
577639 737101 1193691
577639 737101 1193691
577639 737101 1193691
577639 737101 1193691
577639 737101 1193691
577639 737101 1193691
577639 737101 1193691
577639 737101 1193691
577639 737101 1193691
577639 737101 1193691
577639 737101 1193691
577639 737101 1193691
577639 737101 1193691
577639 737101 1193691
577639 737101 1193691
577639 737101 1193691
737101 865416 1240856
737101 865416 1240856
737101 1240856 1944013
737101 1240856 1944013
737101 1240856 1944013
737101 1240856 1944013
737101 1240856 1944013
737101 1240856 1944013
737101 1240856 1944013
737101 1240856 1944013
737101 1240856 1944013
737101 1240856 1944013
737101 1240856 1944013
737101 1240856 1944013
737101 1240856 1944013
737101 1240856 1944013
737101 1686141 1944013
737101 1686141 1944013
737101 1549161 1686141
737101 1549161 1686141
737101 1549161 1686141
737101 1549161 1686141
737101 1549161 1686141
737101 1549161 1686141
737101 1549161 1686141
737101 1549161 1686141
737101 1549161 1686141
737101 1549161 1686141
737101 1549161 1686141
737101 1028751 1173251
737101 1028751 1173251
737101 1028751 1173251
737101 1028751 1173251
737101 1028751 1173251
737101 1028751 1173251
737101 1028751 1173251
737101 1028751 1173251
737101 1028751 1173251
737101 1028751 1173251
737101 1028751 1173251
737101 1028751 1173251
737101 1173251 1391451
671425 737101 1173251
671425 737101 1173251
671425 737101 1173251
671425 737101 1173251
671425 737101 1173251
671425 737101 1173251
671425 737101 1173251
671425 737101 1173251
671425 737101 1173251
737101 973993 1173251
737101 973993 1173251
737101 973993 1173251
737101 973993 1173251
737101 973993 1173251
737101 973993 1173251
737101 973993 1173251
737101 973993 1173251
737101 973993 1173251
737101 1023089 1173251
737101 1023089 1173251
737101 1023089 1173251
737101 1023089 1173251
737101 1023089 1173251
737101 1023089 1173251
737101 1023089 1173251
737101 1023089 1173251
737101 1023089 1173251
737101 1023089 1173251
737101 1023089 1173251
737101 1023089 1173251
737101 1023089 1173251
737101 1023089 1173251
737101 1023089 1173251
737101 1023089 1173251
737101 1023089 1173251
737101 1023089 1173251
737101 1023089 1173251
737101 1023089 1173251
737101 1023089 1173251
737101 1023089 1173251
737101 1023089 1173251
737101 1023089 1173251
737101 1023089 1173251
737101 1023089 1173251
737101 1023089 1173251
737101 1023089 1173251
737101 1023089 1173251
737101 1023089 1173251
737101 1023089 1173251
737101 1023089 1173251
737101 1023089 1173251
737101 1173251 1412194
737101 1173251 1412194
737101 1173251 1412194
737101 1173251 1412194
737101 1173251 1412194
737101 1173251 1412194
737101 1173251 1412194
737101 1173251 1412194
737101 1173251 1412194
737101 1173251 1412194
737101 1173251 1412194
737101 1173251 1412194
737101 1173251 1412194
737101 1173251 1412194
737101 1173251 1412194
737101 1173251 1412194
737101 1173251 1412194
737101 1173251 1412194
737101 1173251 1412194
737101 1173251 1412194
737101 1173251 1412194
737101 1173251 1412194
737101 1173251 1325867
737101 1173251 1325867
737101 1173251 1325867
737101 1173251 1325867
737101 1173251 1325867
737101 1173251 1325867
737101 1173251 1325867
737101 1173251 1325867
737101 1173251 1325867
316471 737101 763777
152172 737101 763777
152172 737101 763777
152172 737101 777164
152172 737101 777164
152172 737101 777164
152172 737101 777164
152172 737101 777164
152172 737101 777164
668615 737101 1173251
668615 737101 1173251
668615 737101 1173251
668615 737101 1173251
668615 1685189 1944013
668615 1685189 1944013
668615 1685189 1944013
668615 1685189 1944013
668615 1685189 1944013
668615 1685189 1944013
668615 1685189 1944013
668615 1685189 1944013
668615 1685189 1944013
668615 1685189 1944013
737101 1613537 1685189
737101 1613537 1685189
737101 1613537 1685189
737101 1613537 1685189
737101 1613537 1685189
737101 1613537 1685189
737101 1613537 1685189
737101 1613537 1685189
737101 1613537 1685189
737101 1613537 1685189
785093 1685189 1894981
785093 1685189 1894981
785093 1685189 1894981
785093 1685189 1894981
785093 1685189 1894981
