19280 106957 118480
19280 106957 118480
19280 106957 118480
106957 118480 186899
106957 118480 186899
106957 118480 186899
106957 118480 186899
106957 118480 186899
106957 118480 186899
106957 118480 186899
106957 118480 186899
106957 118480 186899
100720 106957 186899
100720 106957 186899
100720 106957 186899
100720 106957 186899
100720 106957 186899
100720 106957 186899
100720 106957 186899
100720 106957 186899
100720 106957 186899
100720 106957 186899
42641 100720 106957
42641 100720 106957
42641 100720 106957
42641 100720 106957
42641 100720 106957
42641 100720 106957
100720 106957 161401
100720 106957 161401
100720 106957 161401
100720 106957 161401
100720 106957 161401
100720 106957 161401
100720 106957 161401
100720 106957 161401
100720 106957 161401
100720 106957 161401
100720 106957 161401
100720 106957 161401
100720 106957 161401
100720 106957 161401
100720 106957 161401
100720 106957 161401
100720 106957 161401
100720 106957 161401
100720 106957 161401
100720 106957 161401
100720 106957 161401
100720 106957 161401
100720 106957 161401
100720 106957 161401
100720 106957 161401
100720 106957 161401
100720 106957 130650
100720 106957 130650
100720 106957 130650
100720 106957 130650
100720 106957 130650
100720 106957 130650
100720 106957 130650
100720 106957 130650
100720 106957 130650
100720 106957 130650
100720 106957 130650
100720 106957 130650
100720 106957 130650
100720 106957 130650
100720 106957 130650
100720 106957 130650
100720 106957 130650
100720 106957 130650
100720 106957 130650
100720 106957 130650
100720 106957 130650
100720 106957 130650
100720 106957 130650
100720 106957 130650
93073 100720 106957
93073 100720 106957
93073 100720 106957
93073 100720 106957
93073 100720 106957
93073 100720 106957
93073 100720 106957
93073 100720 106957
93073 100720 106957
93073 100720 106957
93073 100720 106957
93073 100720 106957
93073 100720 106957
93073 100720 106957
93073 100720 106957
93073 100720 106957
93073 100720 106957
93073 100720 106957
93073 100720 106957
93073 100720 106957
93073 100720 106957
93073 100720 106957
93073 100720 106957
93073 100720 106957
93073 100720 106957
93073 100720 106957
93073 100720 106957
93073 100720 106957
93073 100720 106957
93073 100720 106957
93073 100720 106957
93073 100720 106957
93073 100720 106957
93073 100720 106957
17901 100720 106957
17901 100720 106957
17901 100720 106957
17901 100720 106957
73062 100720 106957
73062 100720 106957
73062 100720 106957
73062 100720 106957
73062 100720 106957
73062 100720 106957
73062 100720 106957
73062 100720 106957
73062 100720 106957
73062 100720 106957
50858 73062 106957
50858 73062 106957
50858 73062 106957
100720 106957 169001
100720 106957 169001
100720 106957 169001
100720 106957 169001
100720 106957 169001
100720 106957 169001
100720 106957 169001
64153 106957 169001
64153 106957 169001
100720 106957 171631
106957 156931 171631
106957 156931 171631
106957 156931 171631
106957 156931 171631
106957 156931 171631
106957 156931 171631
106957 156931 171631
106957 156931 171631
106957 156931 171631
106957 156931 171631
106957 156931 171631
106957 156931 171631
106957 156931 171631
106957 156931 171631
106957 156931 171631
59286 64153 106957
59286 64153 106957
59286 64153 106957
59286 64153 106957
59286 64153 106957
59286 64153 106957
59286 64153 106957
59286 64153 106957
59286 64153 106957
59286 64153 106957
59286 64153 106957
59286 64153 106957
59286 64153 106957
59286 64153 106957
59286 64153 106957
59286 64153 106957
59286 64153 106957
59286 64153 106957
59286 64153 106957
59286 64153 106957
59286 64153 106957
59286 64153 106957
59286 64153 106957
59286 64153 106957
59286 64153 106957
59286 64153 106957
59286 64153 106957
59286 64153 106957
59286 64153 106957
59286 64153 106957
59286 64153 106957
59286 64153 106957
59286 64153 106957
59286 64153 106957
59286 64153 106957
59286 64153 106957
59286 64153 106957
59286 64153 106957
59286 64153 106957
59286 64153 106957
59286 64153 106957
59286 64153 106957
59286 64153 106957
59286 64153 106957
106957 156931 197448
106957 156931 197448
106957 156931 197448
106957 156931 197448
106957 156931 197448
106957 156931 197448
106957 156931 197448
106957 156931 197448
106957 156931 197448
106957 156931 197448
106957 156931 197448
106957 156931 197448
106957 156931 197448
106957 156931 197448
106957 156931 197448
106957 156931 197448
106957 156931 197448
106957 156931 197448
106957 156931 179021
106957 156931 179021
106957 156931 179021
64153 106957 156931
64153 106957 156931
64153 106957 156931
64153 106957 156931
64153 106957 156931
64153 106957 156931
64153 106957 156931
64153 106957 156931
64153 106957 156931
64153 106957 156931
64153 106957 156931
64153 106957 156931
64153 106957 156931
64153 106957 156931
64153 106957 156931
40089 125673 156931
40089 125673 156931
40089 125673 156931
40089 125673 156931
40089 125673 156931
40089 125673 156931
40089 125673 156931
34417 125673 156931
34417 125673 156931
34417 125673 156931
34417 125673 156931
34417 125673 156931
34417 125673 156931
34417 125673 156931
34417 125673 156931
34417 125673 156931
34417 125673 156931
34417 125673 156931
34417 125673 156931
34417 125673 156931
