14930352 701408733 713847451
63245986 102334155 164618401
63245986 102334155 164618401
63245986 102334155 164618401
63245986 102334155 164618401
164618401 595674529 684279896
216556891 503935549 684279896
216556891 503935549 684279896
216556891 503935549 684279896
164618401 503935549 586394227
164618401 503935549 586394227
102522251 586394227 684279896
102522251 586394227 684279896
102522251 586394227 684279896
420904873 586394227 684279896
420904873 586394227 684279896
34729311 36779421 39084256
34729311 36779421 39084256
34729311 36779421 39084256
34729311 153733777 164618401
34729311 153733777 164618401
34729311 153733777 164618401
328296021 420904873 586394227
328296021 420904873 586394227
328296021 420904873 586394227
328296021 420904873 586394227
328296021 420904873 586394227
328296021 420904873 586394227
328296021 420904873 586394227
328296021 420904873 586394227
328296021 420904873 586394227
328296021 420904873 586394227
328296021 420904873 586394227
328296021 420904873 586394227
328296021 420904873 586394227
328296021 420904873 586394227
328296021 420904873 586394227
328296021 420904873 586394227
328296021 420904873 586394227
34729311 583396815 586394227
34729311 583396815 586394227
34729311 583396815 586394227
34729311 583396815 586394227
34729311 583396815 586394227
34729311 583396815 586394227
34729311 583396815 586394227
34729311 583396815 586394227
328296021 477279906 586394227
180656631 328296021 477279906
180656631 328296021 477279906
34729311 39084256 59432401
34729311 39084256 59432401
34729311 39084256 59432401
34729311 39084256 59432401
34729311 34896934 39084256
34729311 34896934 39084256
34729311 34896934 39084256
34729311 39084256 43803761
34729311 39084256 43803761
34729311 39084256 43803761
34729311 59432401 75429046
34729311 59432401 75429046
34729311 59432401 75429046
34729311 59432401 75429046
34729311 59432401 75429046
34729311 59432401 75429046
34729311 59432401 75429046
34729311 59432401 75429046
34729311 59432401 75429046
34729311 59432401 75429046
34729311 59432401 75429046
34729311 59432401 75429046
34729311 59432401 75429046
34729311 59432401 75429046
34729311 59432401 75429046
34729311 59432401 75429046
34729311 39084256 59432401
34729311 39084256 59432401
34729311 39084256 59432401
34729311 39084256 59432401
34729311 39084256 59432401
34729311 39084256 59432401
34729311 39084256 59432401
34729311 39084256 59432401
34729311 39084256 59432401
34729311 39084256 59432401
34729311 39084256 59432401
34729311 39084256 59432401
34729311 39084256 59432401
34729311 39084256 59432401
34729311 39084256 59432401
34729311 39084256 59432401
378033889 525838111 701791501
378033889 525838111 701791501
139092777 525838111 597071229
139092777 378033889 505996151
139092777 378033889 505996151
139092777 378033889 505996151
139092777 378033889 505996151
139092777 378033889 505996151
139092777 378033889 505996151
139092777 378033889 505996151
139092777 378033889 505996151
139092777 378033889 505996151
139092777 378033889 505996151
139092777 378033889 505996151
139092777 378033889 505996151
139092777 378033889 505996151
34729311 39084256 53873623
34729311 39084256 53873623
34729311 39084256 53873623
34729311 39084256 53873623
34729311 39084256 53873623
34729311 39084256 53873623
34729311 39084256 53873623
34729311 39084256 53873623
34729311 39084256 53873623
34729311 39084256 53873623
31375085 34729311 39084256
31375085 34729311 39084256
31375085 34729311 39084256
182948104 343004053 378033889
182948104 343004053 378033889
182948104 343004053 378033889
182948104 343004053 378033889
182948104 343004053 378033889
182948104 343004053 378033889
182948104 266817628 378033889
182948104 266817628 378033889
182948104 266817628 378033889
182948104 266817628 378033889
182948104 266817628 378033889
182948104 266817628 378033889
182948104 266817628 378033889
182948104 266817628 378033889
182948104 266817628 378033889
182948104 266817628 378033889
182948104 266817628 378033889
182948104 266817628 378033889
34729311 266817628 282046675
198414279 266817628 282046675
198414279 266817628 282046675
198414279 266817628 282046675
198414279 266817628 282046675
198414279 266817628 282046675
198414279 266817628 282046675
198414279 266817628 282046675
198414279 266817628 282046675
198414279 266817628 282046675
198414279 266817628 282046675
198414279 266817628 282046675
198414279 266817628 376043600
198414279 266817628 376043600
198414279 266817628 376043600
198414279 266817628 376043600
251615443 266817628 376043600
251615443 266817628 376043600
251615443 266817628 376043600
251615443 266817628 376043600
251615443 266817628 376043600
251615443 266817628 376043600
251615443 266817628 376043600
251615443 266817628 376043600
251615443 266817628 376043600
251615443 266817628 376043600
251615443 266817628 376043600
251615443 266817628 376043600
251615443 266817628 376043600
251615443 266817628 376043600
251615443 266817628 376043600
251615443 266817628 376043600
110495077 251615443 266817628
110495077 251615443 266817628
110495077 251615443 266817628
110495077 251615443 266817628
110495077 251615443 266817628
110495077 251615443 266817628
110495077 251615443 266817628
97912541 251615443 266817628
97912541 251615443 266817628
97912541 251615443 266817628
97912541 251615443 266817628
97912541 251615443 266817628
97912541 254339487 266817628
97912541 254339487 266817628
36927562 254339487 266817628
36927562 254339487 266817628
36927562 254339487 266817628
36927562 254339487 266817628
225847897 251615443 266817628
225847897 251615443 266817628
225847897 251615443 266817628
225847897 251615443 266817628
225847897 251615443 266817628
225847897 251615443 266817628
225847897 251615443 266817628
225847897 251615443 266817628
225847897 251615443 266817628
225847897 251615443 266817628
225847897 251615443 266817628
225847897 251615443 266817628
225847897 251615443 266817628
225847897 251615443 266817628
225847897 251615443 266817628
225847897 251615443 266817628
225847897 251615443 266817628
225847897 251615443 266817628
225847897 251615443 266817628
225847897 251615443 266817628
